Test.FtcAuto_Info: Sun Nov 05 13:11:49 PST 2017: ***** Starting autonomous *****
Test.Robot_Info: [0.084]  DEPLOY_JEWEL_ARM: xPos=  0.00/  0.00,yPos=  0.00/  0.00,heading=  -0.1/   0.0,volt=13.92V(13.91V)
Test.Robot_Info: [0.764]       WHACK_JEWEL: xPos=  0.00/  0.00,yPos=  0.00/  0.00,heading=  -0.1/   0.0,volt=13.92V(13.88V)
Test.Robot_Info: [0.953]       WHACK_JEWEL: xPos=  0.00/  0.00,yPos=  0.00/  0.00,heading=  -0.0/   0.0,volt=13.91V(13.88V)
Test.Robot_Info: [1.101]       WHACK_JEWEL: xPos=  0.00/  0.00,yPos=  0.00/  0.00,heading=  -0.1/   0.0,volt=13.92V(13.88V)
Test.Robot_Info: [1.242]       WHACK_JEWEL: xPos=  0.00/  0.00,yPos=  0.00/  0.00,heading=  -0.1/   0.0,volt=13.91V(13.88V)
Test.Robot_Info: [1.398]       WHACK_JEWEL: xPos=  0.00/  0.00,yPos=  0.00/  0.00,heading=  -0.1/   0.0,volt=13.91V(13.88V)
Test.Robot_Info: [1.576]       WHACK_JEWEL: xPos=  0.00/  0.00,yPos=  0.00/  0.00,heading=  -0.1/   0.0,volt=13.92V(13.88V)
Test.Robot_Info: [1.731]       WHACK_JEWEL: xPos=  0.00/  0.00,yPos=  0.00/  0.00,heading=  -0.1/   0.0,volt=13.91V(13.88V)
Test.Robot_Info: [1.910]       WHACK_JEWEL: xPos=  0.00/  0.00,yPos=  0.00/  0.00,heading=  -0.1/   0.0,volt=13.91V(13.88V)
Test.Robot_Info: [2.064]       WHACK_JEWEL: xPos=  0.00/  0.00,yPos=  0.00/  0.00,heading=  -0.1/   0.0,volt=13.92V(13.88V)
Test.Robot_Info: [2.254]       WHACK_JEWEL: xPos=  0.00/  0.00,yPos=  0.00/  0.00,heading=  -0.1/   0.0,volt=13.91V(13.88V)
Test.Robot_Info: [2.409]       WHACK_JEWEL: xPos=  0.00/  0.00,yPos=  0.00/  0.00,heading=  -0.1/   0.0,volt=13.91V(13.88V)
Test.Robot_Info: [2.910] MOVE_JEWEL_ARM_UP: xPos=  0.00/  0.00,yPos=  0.00/  0.00,heading=  -0.1/   0.0,volt=13.92V(13.88V)
Test.Robot_Info: [3.254]   RESET_JEWEL_ARM: xPos=  0.00/  0.00,yPos=  0.00/  0.00,heading=  -0.1/   0.0,volt=13.90V(13.88V)
Test.Robot_Info: [3.749]          DO_DELAY: xPos=  0.00/  0.00,yPos=  0.00/  0.00,heading=  -0.1/   0.0,volt=13.92V(13.88V)
Test.Robot_Info: [3.886]   GRAB_LIFT_GLYPH: xPos=  0.00/  0.00,yPos=  0.00/  0.00,heading=  -0.1/   0.0,volt=13.92V(13.88V)
Test.Robot_Info: [5.198] DRIVE_OFF_PLATFORM: xPos=  0.00/  0.00,yPos=  0.00/ 26.00,heading=  -0.0/   0.0,volt=13.75V(13.53V)
Test.Robot_Info: [7.427] TURN_TO_CRYPTOBOX: xPos=  0.00/  0.00,yPos= 28.20/  0.00,heading=  -4.0/   0.0,volt=13.84V(13.22V)
Test.Robot_Info: [8.262]   ALIGN_CRYPTOBOX: xPos=  0.00/ 12.00,yPos= 28.21/  0.00,heading=  -4.0/   0.0,volt=13.84V(13.22V)
Test.Robot_Info: [10.563]      MOVE_FORWARD: xPos= 11.65/  0.00,yPos= 28.31/  9.00,heading=   2.3/   0.0,volt=13.81V(12.54V)
Test.Robot_Info: [11.696]    SET_DOWN_GLYPH: xPos= 11.56/  0.00,yPos= 30.76/  9.00,heading=   1.8/   0.0,volt=13.82V(12.54V)
Test.Robot_Info: [12.567]     RELEASE_GLYPH: xPos= 11.55/  0.00,yPos= 30.64/  9.00,heading=   2.2/   0.0,volt=13.82V(12.54V)
