TeleOp.FtcAuto_Info: Sun Nov 05 16:00:49 PST 2017: ***** Starting autonomous *****
TeleOp.Robot_Info: [0.174]  DEPLOY_JEWEL_ARM: xPos=  0.00/  0.00,yPos=  0.00/  0.00,heading=   0.1/   0.0,volt=13.67V(13.66V)
TeleOp.Robot_Info: [0.748]       WHACK_JEWEL: xPos=  0.00/  0.00,yPos=  0.00/  0.00,heading=   0.1/   0.0,volt=13.67V(13.66V)
TeleOp.Robot_Info: [0.945]       WHACK_JEWEL: xPos=  0.00/  0.00,yPos=  0.00/  0.00,heading=   0.1/   0.0,volt=13.67V(13.66V)
TeleOp.Robot_Info: [1.108]       WHACK_JEWEL: xPos=  0.00/  0.00,yPos=  0.00/  0.00,heading=   0.1/   0.0,volt=13.67V(13.66V)
TeleOp.Robot_Info: [1.254]       WHACK_JEWEL: xPos=  0.00/  0.00,yPos=  0.00/  0.00,heading=   0.1/   0.0,volt=13.67V(13.66V)
TeleOp.Robot_Info: [1.417]       WHACK_JEWEL: xPos=  0.00/  0.00,yPos=  0.00/  0.00,heading=   0.1/   0.0,volt=13.67V(13.66V)
TeleOp.Robot_Info: [1.597]       WHACK_JEWEL: xPos=  0.00/  0.00,yPos=  0.00/  0.00,heading=   0.1/   0.0,volt=13.67V(13.66V)
TeleOp.Robot_Info: [1.741]       WHACK_JEWEL: xPos=  0.00/  0.00,yPos=  0.00/  0.00,heading=   0.1/   0.0,volt=13.67V(13.66V)
TeleOp.Robot_Info: [1.867]       WHACK_JEWEL: xPos=  0.00/  0.00,yPos=  0.00/  0.00,heading=   0.1/   0.0,volt=13.67V(13.66V)
TeleOp.Robot_Info: [2.019]       WHACK_JEWEL: xPos=  0.00/  0.00,yPos=  0.00/  0.00,heading=   0.1/   0.0,volt=13.67V(13.66V)
TeleOp.Robot_Info: [2.194]       WHACK_JEWEL: xPos=  0.00/  0.00,yPos=  0.00/  0.00,heading=   0.1/   0.0,volt=13.67V(13.66V)
TeleOp.WHACK_JEWEL_Info: [24,0,1]color=NO
TeleOp.Robot_Info: [2.336]       WHACK_JEWEL: xPos=  0.00/  0.00,yPos=  0.00/  0.00,heading=   0.1/   0.0,volt=13.67V(13.66V)
TeleOp.Robot_Info: [2.917] MOVE_JEWEL_ARM_UP: xPos=  0.00/  0.00,yPos=  0.00/  0.00,heading=   0.1/   0.0,volt=13.67V(13.66V)
TeleOp.Robot_Info: [3.216]   RESET_JEWEL_ARM: xPos=  0.00/  0.00,yPos=  0.00/  0.00,heading=   0.1/   0.0,volt=13.67V(13.66V)
TeleOp.Robot_Info: [3.652]          DO_DELAY: xPos=  0.00/  0.00,yPos=  0.00/  0.00,heading=   0.1/   0.0,volt=13.67V(13.66V)
TeleOp.Robot_Info: [3.789]   GRAB_LIFT_GLYPH: xPos=  0.00/  0.00,yPos=  0.00/  0.00,heading=   0.1/   0.0,volt=13.67V(13.66V)
TeleOp.Robot_Info: [5.333] DRIVE_OFF_PLATFORM: xPos=  0.00/  0.00,yPos=  0.00/-22.00,heading=   0.1/   0.0,volt=13.48V(13.25V)
TeleOp.Robot_Info: [7.680] TURN_TO_CRYPTOBOX: xPos=  0.05/  0.00,yPos=-20.40/  0.00,heading=   0.5/ 180.0,volt=13.54V(12.97V)
TeleOp.Robot_Info: [11.116]   ALIGN_CRYPTOBOX: xPos= -2.75/ -4.00,yPos=-25.22/  0.00,heading= 183.2/ 180.0,volt=13.55V(12.97V)
TeleOp.Robot_Info: [12.855]      MOVE_FORWARD: xPos= -6.79/  0.00,yPos=-24.44/ 15.00,heading= 183.4/ 180.0,volt=13.54V(12.57V)
TeleOp.Robot_Info: [14.139]    SET_DOWN_GLYPH: xPos= -7.42/  0.00,yPos=-20.85/ 15.00,heading= 184.1/ 180.0,volt=13.52V(12.57V)
TeleOp.Robot_Info: [15.065]     RELEASE_GLYPH: xPos= -7.43/  0.00,yPos=-21.04/ 15.00,heading= 184.9/ 180.0,volt=13.54V(12.57V)
