Auto.FtcAuto_Info: Sun Dec 17 13:54:17 PST 2017: ***** Starting autonomous *****
Auto.Robot_Info: [0.081] >>>>> DEPLOY_JEWEL_ARM: xPos=  0.00/  0.00,yPos=  0.00/  0.00,heading=  -3.1/   0.0,volt=13.53V(13.53V)
Auto.WHACK_JEWEL_Info: VuMark: UNKNOWN
Auto.WHACK_JEWEL_Info: 0: Color=BLUE, HSV=[206.808517/0.423423/0.435294]
Auto.Robot_Info: [0.645] >>>>> WHACK_JEWEL: xPos=  0.00/  0.00,yPos=  0.00/  0.00,heading=  -3.0/   0.0,volt=13.52V(13.52V)
Auto.Robot_Info: [1.279] >>>>> MOVE_JEWEL_ARM_UP: xPos=  0.00/  0.00,yPos=  0.00/  0.00,heading=  -3.1/   0.0,volt=13.54V(13.48V)
Auto.Robot_Info: [1.584] >>>>> RESET_JEWEL_ARM: xPos=  0.00/  0.00,yPos=  0.00/  0.00,heading=  -3.1/   0.0,volt=13.50V(13.48V)
Auto.DO_DELAY_Info: Delay=0
Auto.Robot_Info: [1.941] >>>>> DO_DELAY: xPos=  0.00/  0.00,yPos=  0.00/  0.00,heading=  -3.0/   0.0,volt=13.53V(13.48V)
Auto.Robot_Info: [2.033] >>>>> GRAB_LIFT_GLYPH: xPos=  0.00/  0.00,yPos=  0.00/  0.00,heading=  -3.1/   0.0,volt=13.53V(13.48V)
Auto.Robot_Info: [4.188] >>>>> DRIVE_OFF_PLATFORM: xPos=  0.00/  0.00,yPos=  0.00/  0.00,heading=  -3.0/   0.0,volt=12.59V(13.03V)
Auto.Robot_Info: [4.982] >>>>> DRIVE_TO_WALL: xPos=  3.44/  0.00,yPos= 11.84/  0.00,heading=  -4.1/   0.0,volt=13.36V(12.68V)
Auto.Robot_Info: [5.127] >>>>> TURN_TO_CRYPTOBOX: xPos=  3.92/  0.00,yPos= 16.06/  0.00,heading=  -4.0/   0.0,volt=13.34V(12.68V)
Auto.Battery_Info: Voltage=13.38V (12.68V)
Auto.Raw Encoder_Info: lf=1299, rf=1458, lr=1, rr=1211
Auto.printPidInfo_Info: [5.127] encoderXPidCtrl: Target=   3.9, Input=   0.0, Error=   0.0, PIDTerms= 0.000/ 0.000/ 0.000/ 0.000, Output= 0.000(-1.000/1.000)
Auto.printPidInfo_Info: [5.127] encoderYPidCtrl: Target=  16.1, Input=   0.0, Error=   0.0, PIDTerms= 0.000/ 0.000/ 0.000/ 0.000, Output= 0.000(-1.000/1.000)
Auto.printPidInfo_Info: [5.127] gyroPidCtrl: Target=   0.0, Input=   0.0, Error=   4.0, PIDTerms= 0.000/ 0.000/ 0.000/ 0.000, Output= 0.000(-0.500/0.500)
Auto.Battery_Info: Voltage=13.35V (12.68V)
Auto.Raw Encoder_Info: lf=1371, rf=1482, lr=1, rr=1221
Auto.printPidInfo_Info: [5.300] encoderXPidCtrl: Target=   3.9, Input=   3.9, Error=   0.0, PIDTerms= 0.000/ 0.000/ 0.000/ 0.000, Output= 0.000(-1.000/1.000)
Auto.printPidInfo_Info: [5.300] encoderYPidCtrl: Target=  16.1, Input=  16.1, Error=   0.0, PIDTerms= 0.000/ 0.000/ 0.000/ 0.000, Output= 0.000(-1.000/1.000)
Auto.printPidInfo_Info: [5.300] gyroPidCtrl: Target=   0.0, Input=  -4.0, Error=   4.0, PIDTerms= 0.072/ 0.000/ 0.000/ 0.000, Output= 0.072(-0.500/0.500)
Auto.Battery_Info: Voltage=13.38V (12.68V)
Auto.Raw Encoder_Info: lf=1405, rf=1482, lr=1, rr=1221
Auto.printPidInfo_Info: [5.444] encoderXPidCtrl: Target=   3.9, Input=   3.8, Error=   0.1, PIDTerms= 0.016/ 0.000/ 0.011/ 0.000, Output= 0.027(-1.000/1.000)
Auto.printPidInfo_Info: [5.444] encoderYPidCtrl: Target=  16.1, Input=  16.6, Error=  -0.5, PIDTerms=-0.010/ 0.000/-0.008/ 0.000, Output=-0.018(-1.000/1.000)
Auto.printPidInfo_Info: [5.444] gyroPidCtrl: Target=   0.0, Input=  -1.7, Error=   1.7, PIDTerms= 0.030/ 0.000/-0.031/ 0.000, Output=-0.001(-0.500/0.500)
Auto.Battery_Info: Voltage=13.32V (12.68V)
Auto.Raw Encoder_Info: lf=1354, rf=1516, lr=1, rr=1221
Auto.printPidInfo_Info: [5.593] encoderXPidCtrl: Target=   3.9, Input=   4.1, Error=  -0.2, PIDTerms=-0.024/ 0.000/-0.029/ 0.000, Output=-0.053(-1.000/1.000)
Auto.printPidInfo_Info: [5.593] encoderYPidCtrl: Target=  16.1, Input=  17.0, Error=  -1.0, PIDTerms=-0.019/ 0.000/-0.007/ 0.000, Output=-0.026(-1.000/1.000)
Auto.printPidInfo_Info: [5.593] gyroPidCtrl: Target=   0.0, Input=   2.6, Error=  -2.6, PIDTerms=-0.047/ 0.000/-0.061/ 0.000, Output=-0.108(-0.500/0.500)
Auto.Battery_Info: Voltage=13.34V (12.68V)
Auto.Raw Encoder_Info: lf=1338, rf=1523, lr=1, rr=1221
Auto.printPidInfo_Info: [5.758] encoderXPidCtrl: Target=   3.9, Input=   4.1, Error=  -0.2, PIDTerms=-0.023/ 0.000/ 0.001/ 0.000, Output=-0.022(-1.000/1.000)
Auto.printPidInfo_Info: [5.758] encoderYPidCtrl: Target=  16.1, Input=  17.0, Error=  -1.0, PIDTerms=-0.020/ 0.000/-0.000/ 0.000, Output=-0.020(-1.000/1.000)
Auto.printPidInfo_Info: [5.758] gyroPidCtrl: Target=   0.0, Input=   3.7, Error=  -3.7, PIDTerms=-0.067/ 0.000/-0.014/ 0.000, Output=-0.080(-0.500/0.500)
Auto.Battery_Info: Voltage=13.35V (12.68V)
Auto.Raw Encoder_Info: lf=1338, rf=1522, lr=1, rr=1240
Auto.printPidInfo_Info: [5.918] encoderXPidCtrl: Target=   3.9, Input=   3.7, Error=   0.2, PIDTerms= 0.030/ 0.000/ 0.033/ 0.000, Output= 0.063(-1.000/1.000)
Auto.printPidInfo_Info: [5.918] encoderYPidCtrl: Target=  16.1, Input=  16.9, Error=  -0.9, PIDTerms=-0.018/ 0.000/ 0.001/ 0.000, Output=-0.016(-1.000/1.000)
Auto.printPidInfo_Info: [5.918] gyroPidCtrl: Target=   0.0, Input=   3.7, Error=  -3.7, PIDTerms=-0.066/ 0.000/ 0.001/ 0.000, Output=-0.065(-0.500/0.500)
Auto.Battery_Info: Voltage=13.37V (12.68V)
Auto.Raw Encoder_Info: lf=1338, rf=1521, lr=1, rr=1245
Auto.printPidInfo_Info: [6.068] encoderXPidCtrl: Target=   3.9, Input=   3.7, Error=   0.2, PIDTerms= 0.031/ 0.000/ 0.001/ 0.000, Output= 0.032(-1.000/1.000)
Auto.printPidInfo_Info: [6.068] encoderYPidCtrl: Target=  16.1, Input=  16.9, Error=  -0.9, PIDTerms=-0.017/ 0.000/ 0.000/ 0.000, Output=-0.017(-1.000/1.000)
Auto.printPidInfo_Info: [6.068] gyroPidCtrl: Target=   0.0, Input=   2.8, Error=  -2.8, PIDTerms=-0.050/ 0.000/ 0.012/ 0.000, Output=-0.038(-0.500/0.500)
Auto.Battery_Info: Voltage=13.37V (12.68V)
Auto.Raw Encoder_Info: lf=1338, rf=1521, lr=1, rr=1245
Auto.printPidInfo_Info: [6.247] encoderXPidCtrl: Target=   3.9, Input=   3.8, Error=   0.1, PIDTerms= 0.019/ 0.000/-0.007/ 0.000, Output= 0.012(-1.000/1.000)
Auto.printPidInfo_Info: [6.247] encoderYPidCtrl: Target=  16.1, Input=  17.0, Error=  -1.0, PIDTerms=-0.019/ 0.000/-0.001/ 0.000, Output=-0.021(-1.000/1.000)
Auto.printPidInfo_Info: [6.247] gyroPidCtrl: Target=   0.0, Input=   2.8, Error=  -2.8, PIDTerms=-0.050/ 0.000/-0.000/ 0.000, Output=-0.051(-0.500/0.500)
Auto.Battery_Info: Voltage=13.34V (12.68V)
Auto.Raw Encoder_Info: lf=1338, rf=1521, lr=1, rr=1245
Auto.printPidInfo_Info: [6.405] encoderXPidCtrl: Target=   3.9, Input=   3.8, Error=   0.1, PIDTerms= 0.018/ 0.000/-0.000/ 0.000, Output= 0.018(-1.000/1.000)
Auto.printPidInfo_Info: [6.405] encoderYPidCtrl: Target=  16.1, Input=  17.0, Error=  -1.0, PIDTerms=-0.019/ 0.000/ 0.000/ 0.000, Output=-0.019(-1.000/1.000)
Auto.printPidInfo_Info: [6.405] gyroPidCtrl: Target=   0.0, Input=   2.6, Error=  -2.6, PIDTerms=-0.047/ 0.000/ 0.003/ 0.000, Output=-0.044(-0.500/0.500)
Auto.Battery_Info: Voltage=13.34V (12.68V)
Auto.Raw Encoder_Info: lf=1338, rf=1521, lr=1, rr=1245
Auto.printPidInfo_Info: [6.553] encoderXPidCtrl: Target=   3.9, Input=   3.8, Error=   0.1, PIDTerms= 0.018/ 0.000/ 0.000/ 0.000, Output= 0.018(-1.000/1.000)
Auto.printPidInfo_Info: [6.553] encoderYPidCtrl: Target=  16.1, Input=  17.0, Error=  -1.0, PIDTerms=-0.019/ 0.000/ 0.000/ 0.000, Output=-0.019(-1.000/1.000)
Auto.printPidInfo_Info: [6.553] gyroPidCtrl: Target=   0.0, Input=   2.6, Error=  -2.6, PIDTerms=-0.046/ 0.000/ 0.000/ 0.000, Output=-0.046(-0.500/0.500)
Auto.CmdAutoFull_Info: Aligning with MR Range sensors.
Auto.CmdAutoFull_Info: Dist. to wall: 12.20, Target inches: 26.00, Adj. inches: 13.80
Auto.Robot_Info: [6.746] >>>>> ALIGN_CRYPTOBOX: xPos=  3.80/ 26.00,yPos= 17.02/  0.00,heading=   2.6/   0.0,volt=13.36V(12.68V)
Auto.Battery_Info: Voltage=13.36V (12.68V)
Auto.Raw Encoder_Info: lf=1338, rf=1521, lr=1, rr=1243
Auto.printPidInfo_Info: [6.746] encoderXPidCtrl: Target=  17.6, Input=   3.8, Error=  13.8, PIDTerms= 0.018/ 0.000/ 0.000/ 0.000, Output= 0.000(-1.000/1.000)
Auto.printPidInfo_Info: [6.746] encoderYPidCtrl: Target=  17.0, Input=  17.0, Error=   0.0, PIDTerms=-0.019/ 0.000/ 0.000/ 0.000, Output= 0.000(-1.000/1.000)
Auto.printPidInfo_Info: [6.746] gyroPidCtrl: Target=   0.0, Input=   2.6, Error=  -2.6, PIDTerms=-0.046/ 0.000/-0.000/ 0.000, Output= 0.000(-0.500/0.500)
Auto.Battery_Info: Voltage=11.99V (12.06V)
Auto.Raw Encoder_Info: lf=1654, rf=1354, lr=1, rr=1528
Auto.printPidInfo_Info: [6.947] encoderXPidCtrl: Target=  17.6, Input=   3.8, Error=  13.8, PIDTerms= 2.069/ 0.000/-0.000/ 0.000, Output= 1.000(-1.000/1.000)
Auto.printPidInfo_Info: [6.947] encoderYPidCtrl: Target=  17.0, Input=  17.0, Error=   0.0, PIDTerms= 0.000/ 0.000/ 0.000/ 0.000, Output= 0.000(-1.000/1.000)
Auto.printPidInfo_Info: [6.947] gyroPidCtrl: Target=   0.0, Input=   2.6, Error=  -2.6, PIDTerms=-0.046/ 0.000/ 0.000/ 0.000, Output=-0.046(-0.500/0.500)
Auto.Battery_Info: Voltage=11.85V (11.86V)
Auto.Raw Encoder_Info: lf=1863, rf=1134, lr=1, rr=1794
Auto.printPidInfo_Info: [7.103] encoderXPidCtrl: Target=  17.6, Input=   4.4, Error=  13.2, PIDTerms= 1.985/ 0.000/-0.045/ 0.000, Output= 1.000(-1.000/1.000)
Auto.printPidInfo_Info: [7.103] encoderYPidCtrl: Target=  17.0, Input=  17.2, Error=  -0.2, PIDTerms=-0.004/ 0.000/-0.002/ 0.000, Output=-0.006(-1.000/1.000)
Auto.printPidInfo_Info: [7.103] gyroPidCtrl: Target=   0.0, Input=   2.6, Error=  -2.6, PIDTerms=-0.046/ 0.000/ 0.000/ 0.000, Output=-0.046(-0.500/0.500)
Auto.Battery_Info: Voltage=11.97V (11.86V)
Auto.Raw Encoder_Info: lf=2075, rf=865, lr=1, rr=2060
Auto.printPidInfo_Info: [7.256] encoderXPidCtrl: Target=  17.6, Input=   7.4, Error=  10.2, PIDTerms= 1.527/ 0.000/-0.348/ 0.000, Output= 1.000(-1.000/1.000)
Auto.printPidInfo_Info: [7.256] encoderYPidCtrl: Target=  17.0, Input=  19.2, Error=  -2.1, PIDTerms=-0.043/ 0.000/-0.033/ 0.000, Output=-0.076(-1.000/1.000)
Auto.printPidInfo_Info: [7.256] gyroPidCtrl: Target=   0.0, Input=   1.9, Error=  -1.9, PIDTerms=-0.035/ 0.000/ 0.010/ 0.000, Output=-0.025(-0.500/0.500)
Auto.Battery_Info: Voltage=12.25V (11.86V)
Auto.Raw Encoder_Info: lf=2351, rf=575, lr=1, rr=2326
Auto.printPidInfo_Info: [7.397] encoderXPidCtrl: Target=  17.6, Input=  10.2, Error=   7.4, PIDTerms= 1.112/ 0.000/-0.266/ 0.000, Output= 0.845(-1.000/1.000)
Auto.printPidInfo_Info: [7.397] encoderYPidCtrl: Target=  17.0, Input=  20.3, Error=  -3.2, PIDTerms=-0.065/ 0.000/-0.015/ 0.000, Output=-0.080(-1.000/1.000)
Auto.printPidInfo_Info: [7.397] gyroPidCtrl: Target=   0.0, Input=   0.3, Error=  -0.3, PIDTerms=-0.005/ 0.000/ 0.021/ 0.000, Output= 0.016(-0.500/0.500)
Auto.Battery_Info: Voltage=12.84V (11.86V)
Auto.Raw Encoder_Info: lf=2572, rf=335, lr=1, rr=2513
Auto.printPidInfo_Info: [7.562] encoderXPidCtrl: Target=  17.6, Input=  12.6, Error=   4.9, PIDTerms= 0.742/ 0.000/-0.228/ 0.000, Output= 0.514(-1.000/1.000)
Auto.printPidInfo_Info: [7.562] encoderYPidCtrl: Target=  17.0, Input=  21.0, Error=  -4.0, PIDTerms=-0.080/ 0.000/-0.010/ 0.000, Output=-0.090(-1.000/1.000)
Auto.printPidInfo_Info: [7.562] gyroPidCtrl: Target=   0.0, Input=  -1.4, Error=   1.4, PIDTerms= 0.026/ 0.000/ 0.021/ 0.000, Output= 0.047(-0.500/0.500)
Auto.Battery_Info: Voltage=13.28V (11.86V)
Auto.Raw Encoder_Info: lf=2597, rf=201, lr=1, rr=2557
Auto.printPidInfo_Info: [7.713] encoderXPidCtrl: Target=  17.6, Input=  15.7, Error=   1.9, PIDTerms= 0.291/ 0.000/-0.309/ 0.000, Output=-0.019(-1.000/1.000)
Auto.printPidInfo_Info: [7.713] encoderYPidCtrl: Target=  17.0, Input=  22.0, Error=  -5.0, PIDTerms=-0.100/ 0.000/-0.015/ 0.000, Output=-0.114(-1.000/1.000)
Auto.printPidInfo_Info: [7.713] gyroPidCtrl: Target=   0.0, Input=   1.3, Error=  -1.3, PIDTerms=-0.023/ 0.000/-0.037/ 0.000, Output=-0.060(-0.500/0.500)
Auto.Battery_Info: Voltage=13.14V (11.86V)
Auto.Raw Encoder_Info: lf=2587, rf=209, lr=1, rr=2543
Auto.printPidInfo_Info: [7.879] encoderXPidCtrl: Target=  17.6, Input=  17.6, Error=   0.0, PIDTerms= 0.000/ 0.000/-0.180/ 0.000, Output=-0.179(-1.000/1.000)
Auto.printPidInfo_Info: [7.879] encoderYPidCtrl: Target=  17.0, Input=  22.5, Error=  -5.5, PIDTerms=-0.110/ 0.000/-0.007/ 0.000, Output=-0.117(-1.000/1.000)
Auto.printPidInfo_Info: [7.879] gyroPidCtrl: Target=   0.0, Input=   1.9, Error=  -1.9, PIDTerms=-0.034/ 0.000/-0.008/ 0.000, Output=-0.042(-0.500/0.500)
Auto.Battery_Info: Voltage=13.27V (11.86V)
Auto.Raw Encoder_Info: lf=2587, rf=215, lr=1, rr=2543
Auto.printPidInfo_Info: [8.029] encoderXPidCtrl: Target=  17.6, Input=  17.7, Error=  -0.1, PIDTerms=-0.021/ 0.000/-0.014/ 0.000, Output=-0.035(-1.000/1.000)
Auto.printPidInfo_Info: [8.029] encoderYPidCtrl: Target=  17.0, Input=  22.1, Error=  -5.1, PIDTerms=-0.102/ 0.000/ 0.006/ 0.000, Output=-0.096(-1.000/1.000)
Auto.printPidInfo_Info: [8.029] gyroPidCtrl: Target=   0.0, Input=   2.4, Error=  -2.4, PIDTerms=-0.043/ 0.000/-0.006/ 0.000, Output=-0.049(-0.500/0.500)
Auto.Battery_Info: Voltage=13.27V (11.86V)
Auto.Raw Encoder_Info: lf=2587, rf=209, lr=1, rr=2546
Auto.printPidInfo_Info: [8.168] encoderXPidCtrl: Target=  17.6, Input=  17.6, Error=   0.0, PIDTerms= 0.003/ 0.000/ 0.016/ 0.000, Output= 0.018(-1.000/1.000)
Auto.printPidInfo_Info: [8.168] encoderYPidCtrl: Target=  17.0, Input=  22.2, Error=  -5.1, PIDTerms=-0.103/ 0.000/-0.001/ 0.000, Output=-0.104(-1.000/1.000)
Auto.printPidInfo_Info: [8.168] gyroPidCtrl: Target=   0.0, Input=   3.0, Error=  -3.0, PIDTerms=-0.053/ 0.000/-0.008/ 0.000, Output=-0.062(-0.500/0.500)
Auto.Battery_Info: Voltage=13.28V (11.86V)
Auto.Raw Encoder_Info: lf=2587, rf=207, lr=1, rr=2546
Auto.printPidInfo_Info: [8.307] encoderXPidCtrl: Target=  17.6, Input=  17.6, Error=   0.0, PIDTerms= 0.001/ 0.000/-0.001/ 0.000, Output= 0.001(-1.000/1.000)
Auto.printPidInfo_Info: [8.307] encoderYPidCtrl: Target=  17.0, Input=  22.2, Error=  -5.1, PIDTerms=-0.103/ 0.000/ 0.000/ 0.000, Output=-0.103(-1.000/1.000)
Auto.printPidInfo_Info: [8.307] gyroPidCtrl: Target=   0.0, Input=   3.1, Error=  -3.1, PIDTerms=-0.056/ 0.000/-0.002/ 0.000, Output=-0.059(-0.500/0.500)
Auto.Battery_Info: Voltage=13.31V (11.86V)
Auto.Raw Encoder_Info: lf=2587, rf=207, lr=1, rr=2546
Auto.printPidInfo_Info: [8.478] encoderXPidCtrl: Target=  17.6, Input=  17.6, Error=  -0.0, PIDTerms=-0.004/ 0.000/-0.004/ 0.000, Output=-0.008(-1.000/1.000)
Auto.printPidInfo_Info: [8.478] encoderYPidCtrl: Target=  17.0, Input=  22.1, Error=  -5.1, PIDTerms=-0.102/ 0.000/ 0.000/ 0.000, Output=-0.102(-1.000/1.000)
Auto.printPidInfo_Info: [8.478] gyroPidCtrl: Target=   0.0, Input=   3.1, Error=  -3.1, PIDTerms=-0.056/ 0.000/ 0.000/ 0.000, Output=-0.056(-0.500/0.500)
Auto.Battery_Info: Voltage=13.31V (11.86V)
Auto.Raw Encoder_Info: lf=2587, rf=206, lr=1, rr=2546
Auto.printPidInfo_Info: [8.622] encoderXPidCtrl: Target=  17.6, Input=  17.6, Error=  -0.0, PIDTerms=-0.004/ 0.000/ 0.000/ 0.000, Output=-0.004(-1.000/1.000)
Auto.printPidInfo_Info: [8.622] encoderYPidCtrl: Target=  17.0, Input=  22.1, Error=  -5.1, PIDTerms=-0.102/ 0.000/ 0.000/ 0.000, Output=-0.102(-1.000/1.000)
Auto.printPidInfo_Info: [8.622] gyroPidCtrl: Target=   0.0, Input=   3.1, Error=  -3.1, PIDTerms=-0.056/ 0.000/ 0.000/ 0.000, Output=-0.056(-0.500/0.500)
Auto.Robot_Info: [8.829] >>>>> SET_DOWN_GLYPH: xPos= 17.62/ 26.00,yPos= 22.14/  0.00,heading=   3.1/   0.0,volt=13.38V(11.86V)
Auto.Robot_Info: [11.022] >>>>> RELEASE_GLYPH: xPos= 17.63/ 26.00,yPos= 22.15/  0.00,heading=   3.2/   0.0,volt=13.38V(11.86V)
Auto.Robot_Info: [11.581] >>>>> PUSH_FORWARD: xPos= 17.63/  0.00,yPos= 22.15/ 16.00,heading=   3.1/   0.0,volt=13.46V(11.86V)
Auto.Battery_Info: Voltage=13.46V (11.86V)
Auto.Raw Encoder_Info: lf=2590, rf=206, lr=1, rr=2546
Auto.printPidInfo_Info: [11.581] encoderXPidCtrl: Target=  17.6, Input=  17.6, Error=   0.0, PIDTerms=-0.004/ 0.000/ 0.000/ 0.000, Output= 0.000(-1.000/1.000)
Auto.printPidInfo_Info: [11.581] encoderYPidCtrl: Target=  38.2, Input=  22.1, Error=  16.0, PIDTerms=-0.102/ 0.000/ 0.000/ 0.000, Output= 0.000(-1.000/1.000)
Auto.printPidInfo_Info: [11.581] gyroPidCtrl: Target=   0.0, Input=   3.1, Error=  -3.1, PIDTerms=-0.056/ 0.000/-0.000/ 0.000, Output= 0.000(-0.500/0.500)
Auto.Battery_Info: Voltage=13.09V (11.86V)
Auto.Raw Encoder_Info: lf=2670, rf=276, lr=1, rr=2638
Auto.printPidInfo_Info: [11.728] encoderXPidCtrl: Target=  17.6, Input=  17.6, Error=   0.0, PIDTerms= 0.000/ 0.000/ 0.000/ 0.000, Output= 0.000(-1.000/1.000)
Auto.printPidInfo_Info: [11.728] encoderYPidCtrl: Target=  38.2, Input=  22.2, Error=  16.0, PIDTerms= 0.320/ 0.000/ 0.000/ 0.000, Output= 0.320(-1.000/1.000)
Auto.printPidInfo_Info: [11.728] gyroPidCtrl: Target=   0.0, Input=   3.1, Error=  -3.1, PIDTerms=-0.057/ 0.000/ 0.000/ 0.000, Output=-0.057(-0.500/0.500)
Auto.Battery_Info: Voltage=13.13V (11.86V)
Auto.Raw Encoder_Info: lf=2749, rf=372, lr=1, rr=2735
Auto.printPidInfo_Info: [11.896] encoderXPidCtrl: Target=  17.6, Input=  17.7, Error=  -0.0, PIDTerms=-0.004/ 0.000/-0.002/ 0.000, Output=-0.007(-1.000/1.000)
Auto.printPidInfo_Info: [11.896] encoderYPidCtrl: Target=  38.2, Input=  22.3, Error=  15.8, PIDTerms= 0.316/ 0.000/-0.002/ 0.000, Output= 0.314(-1.000/1.000)
Auto.printPidInfo_Info: [11.896] gyroPidCtrl: Target=   0.0, Input=   3.1, Error=  -3.1, PIDTerms=-0.057/ 0.000/ 0.000/ 0.000, Output=-0.057(-0.500/0.500)
Auto.Battery_Info: Voltage=13.18V (11.86V)
Auto.Raw Encoder_Info: lf=2838, rf=486, lr=1, rr=2834
Auto.printPidInfo_Info: [12.020] encoderXPidCtrl: Target=  17.6, Input=  18.1, Error=  -0.4, PIDTerms=-0.067/ 0.000/-0.047/ 0.000, Output=-0.114(-1.000/1.000)
Auto.printPidInfo_Info: [12.020] encoderYPidCtrl: Target=  38.2, Input=  23.5, Error=  14.6, PIDTerms= 0.293/ 0.000/-0.020/ 0.000, Output= 0.273(-1.000/1.000)
Auto.printPidInfo_Info: [12.020] gyroPidCtrl: Target=   0.0, Input=   2.7, Error=  -2.7, PIDTerms=-0.048/ 0.000/ 0.007/ 0.000, Output=-0.041(-0.500/0.500)
Auto.Battery_Info: Voltage=13.24V (11.86V)
Auto.Raw Encoder_Info: lf=2950, rf=644, lr=1, rr=2969
Auto.printPidInfo_Info: [12.170] encoderXPidCtrl: Target=  17.6, Input=  18.4, Error=  -0.7, PIDTerms=-0.111/ 0.000/-0.033/ 0.000, Output=-0.144(-1.000/1.000)
Auto.printPidInfo_Info: [12.170] encoderYPidCtrl: Target=  38.2, Input=  24.7, Error=  13.5, PIDTerms= 0.269/ 0.000/-0.019/ 0.000, Output= 0.250(-1.000/1.000)
Auto.printPidInfo_Info: [12.170] gyroPidCtrl: Target=   0.0, Input=   2.1, Error=  -2.1, PIDTerms=-0.037/ 0.000/ 0.009/ 0.000, Output=-0.028(-0.500/0.500)
Auto.Battery_Info: Voltage=13.24V (11.86V)
Auto.Raw Encoder_Info: lf=3031, rf=844, lr=1, rr=3116
Auto.printPidInfo_Info: [12.344] encoderXPidCtrl: Target=  17.6, Input=  18.7, Error=  -1.1, PIDTerms=-0.160/ 0.000/-0.033/ 0.000, Output=-0.192(-1.000/1.000)
Auto.printPidInfo_Info: [12.344] encoderYPidCtrl: Target=  38.2, Input=  26.3, Error=  11.9, PIDTerms= 0.237/ 0.000/-0.023/ 0.000, Output= 0.214(-1.000/1.000)
Auto.printPidInfo_Info: [12.344] gyroPidCtrl: Target=   0.0, Input=   1.7, Error=  -1.7, PIDTerms=-0.030/ 0.000/ 0.006/ 0.000, Output=-0.024(-0.500/0.500)
Auto.Battery_Info: Voltage=13.22V (11.86V)
Auto.Raw Encoder_Info: lf=3070, rf=989, lr=1, rr=3194
Auto.printPidInfo_Info: [12.496] encoderXPidCtrl: Target=  17.6, Input=  18.9, Error=  -1.3, PIDTerms=-0.196/ 0.000/-0.020/ 0.000, Output=-0.217(-1.000/1.000)
Auto.printPidInfo_Info: [12.496] encoderYPidCtrl: Target=  38.2, Input=  28.1, Error=  10.1, PIDTerms= 0.201/ 0.000/-0.022/ 0.000, Output= 0.179(-1.000/1.000)
Auto.printPidInfo_Info: [12.496] gyroPidCtrl: Target=   0.0, Input=   1.0, Error=  -1.0, PIDTerms=-0.017/ 0.000/ 0.008/ 0.000, Output=-0.010(-0.500/0.500)
Auto.Battery_Info: Voltage=13.24V (11.86V)
Auto.Raw Encoder_Info: lf=3101, rf=1072, lr=1, rr=3213
Auto.printPidInfo_Info: [12.619] encoderXPidCtrl: Target=  17.6, Input=  18.9, Error=  -1.3, PIDTerms=-0.197/ 0.000/-0.000/ 0.000, Output=-0.197(-1.000/1.000)
Auto.printPidInfo_Info: [12.619] encoderYPidCtrl: Target=  38.2, Input=  29.6, Error=   8.6, PIDTerms= 0.171/ 0.000/-0.025/ 0.000, Output= 0.146(-1.000/1.000)
Auto.printPidInfo_Info: [12.619] gyroPidCtrl: Target=   0.0, Input=  -0.3, Error=   0.3, PIDTerms= 0.005/ 0.000/ 0.019/ 0.000, Output= 0.024(-0.500/0.500)
Auto.Battery_Info: Voltage=13.24V (11.86V)
Auto.Raw Encoder_Info: lf=3150, rf=1106, lr=1, rr=3215
Auto.printPidInfo_Info: [12.781] encoderXPidCtrl: Target=  17.6, Input=  18.8, Error=  -1.2, PIDTerms=-0.175/ 0.000/ 0.014/ 0.000, Output=-0.161(-1.000/1.000)
Auto.printPidInfo_Info: [12.781] encoderYPidCtrl: Target=  38.2, Input=  30.3, Error=   7.8, PIDTerms= 0.156/ 0.000/-0.011/ 0.000, Output= 0.145(-1.000/1.000)
Auto.printPidInfo_Info: [12.781] gyroPidCtrl: Target=   0.0, Input=  -3.0, Error=   3.0, PIDTerms= 0.053/ 0.000/ 0.035/ 0.000, Output= 0.089(-0.500/0.500)
Auto.Battery_Info: Voltage=13.24V (11.86V)
Auto.Raw Encoder_Info: lf=3212, rf=1136, lr=1, rr=3215
Auto.printPidInfo_Info: [12.934] encoderXPidCtrl: Target=  17.6, Input=  18.7, Error=  -1.1, PIDTerms=-0.166/ 0.000/ 0.006/ 0.000, Output=-0.160(-1.000/1.000)
Auto.printPidInfo_Info: [12.934] encoderYPidCtrl: Target=  38.2, Input=  30.8, Error=   7.4, PIDTerms= 0.147/ 0.000/-0.007/ 0.000, Output= 0.140(-1.000/1.000)
Auto.printPidInfo_Info: [12.934] gyroPidCtrl: Target=   0.0, Input=  -3.6, Error=   3.6, PIDTerms= 0.064/ 0.000/ 0.009/ 0.000, Output= 0.073(-0.500/0.500)
Auto.Battery_Info: Voltage=13.21V (11.86V)
Auto.Raw Encoder_Info: lf=3248, rf=1170, lr=1, rr=3215
Auto.printPidInfo_Info: [13.078] encoderXPidCtrl: Target=  17.6, Input=  18.9, Error=  -1.2, PIDTerms=-0.184/ 0.000/-0.011/ 0.000, Output=-0.195(-1.000/1.000)
Auto.printPidInfo_Info: [13.078] encoderYPidCtrl: Target=  38.2, Input=  31.2, Error=   7.0, PIDTerms= 0.140/ 0.000/-0.005/ 0.000, Output= 0.135(-1.000/1.000)
Auto.printPidInfo_Info: [13.078] gyroPidCtrl: Target=   0.0, Input=  -2.5, Error=   2.5, PIDTerms= 0.044/ 0.000/-0.013/ 0.000, Output= 0.031(-0.500/0.500)
Auto.Battery_Info: Voltage=13.17V (11.86V)
Auto.Raw Encoder_Info: lf=3257, rf=1208, lr=1, rr=3218
Auto.printPidInfo_Info: [13.240] encoderXPidCtrl: Target=  17.6, Input=  18.9, Error=  -1.3, PIDTerms=-0.195/ 0.000/-0.007/ 0.000, Output=-0.202(-1.000/1.000)
Auto.printPidInfo_Info: [13.240] encoderYPidCtrl: Target=  38.2, Input=  31.5, Error=   6.7, PIDTerms= 0.133/ 0.000/-0.004/ 0.000, Output= 0.129(-1.000/1.000)
Auto.printPidInfo_Info: [13.240] gyroPidCtrl: Target=   0.0, Input=  -0.1, Error=   0.1, PIDTerms= 0.001/ 0.000/-0.029/ 0.000, Output=-0.028(-0.500/0.500)
Auto.Battery_Info: Voltage=13.20V (11.86V)
Auto.Raw Encoder_Info: lf=3257, rf=1239, lr=1, rr=3222
Auto.printPidInfo_Info: [13.382] encoderXPidCtrl: Target=  17.6, Input=  18.9, Error=  -1.3, PIDTerms=-0.192/ 0.000/ 0.003/ 0.000, Output=-0.189(-1.000/1.000)
Auto.printPidInfo_Info: [13.382] encoderYPidCtrl: Target=  38.2, Input=  31.7, Error=   6.4, PIDTerms= 0.128/ 0.000/-0.004/ 0.000, Output= 0.124(-1.000/1.000)
Auto.printPidInfo_Info: [13.382] gyroPidCtrl: Target=   0.0, Input=   1.8, Error=  -1.8, PIDTerms=-0.032/ 0.000/-0.027/ 0.000, Output=-0.059(-0.500/0.500)
Auto.Battery_Info: Voltage=13.24V (11.86V)
Auto.Raw Encoder_Info: lf=3257, rf=1288, lr=1, rr=3254
Auto.printPidInfo_Info: [13.539] encoderXPidCtrl: Target=  17.6, Input=  18.8, Error=  -1.2, PIDTerms=-0.173/ 0.000/ 0.015/ 0.000, Output=-0.158(-1.000/1.000)
Auto.printPidInfo_Info: [13.539] encoderYPidCtrl: Target=  38.2, Input=  31.9, Error=   6.2, PIDTerms= 0.125/ 0.000/-0.003/ 0.000, Output= 0.122(-1.000/1.000)
Auto.printPidInfo_Info: [13.539] gyroPidCtrl: Target=   0.0, Input=   2.5, Error=  -2.5, PIDTerms=-0.046/ 0.000/-0.012/ 0.000, Output=-0.058(-0.500/0.500)
Auto.Robot_Info: [13.716] >>>>> BACK_OFF: xPos= 18.69/  0.00,yPos= 32.47/ -7.50,heading=   1.6/   0.0,volt=13.44V(11.86V)
Auto.Battery_Info: Voltage=13.44V (11.86V)
Auto.Raw Encoder_Info: lf=3262, rf=1302, lr=1, rr=3271
Auto.printPidInfo_Info: [13.716] encoderXPidCtrl: Target=  18.7, Input=  18.7, Error=   0.0, PIDTerms=-0.164/ 0.000/ 0.005/ 0.000, Output= 0.000(-1.000/1.000)
Auto.printPidInfo_Info: [13.716] encoderYPidCtrl: Target=  25.0, Input=  32.2, Error=  -7.5, PIDTerms= 0.120/ 0.000/-0.003/ 0.000, Output= 0.000(-1.000/1.000)
Auto.printPidInfo_Info: [13.716] gyroPidCtrl: Target=   0.0, Input=   2.4, Error=  -1.6, PIDTerms=-0.044/ 0.000/ 0.001/ 0.000, Output= 0.000(-0.500/0.500)
Auto.Battery_Info: Voltage=13.35V (11.86V)
Auto.Raw Encoder_Info: lf=3251, rf=1263, lr=1, rr=3255
Auto.printPidInfo_Info: [13.868] encoderXPidCtrl: Target=  18.7, Input=  18.7, Error=   0.0, PIDTerms= 0.000/ 0.000/ 0.000/ 0.000, Output= 0.000(-1.000/1.000)
Auto.printPidInfo_Info: [13.868] encoderYPidCtrl: Target=  25.0, Input=  32.5, Error=  -7.5, PIDTerms=-0.150/ 0.000/ 0.000/ 0.000, Output=-0.150(-1.000/1.000)
Auto.printPidInfo_Info: [13.868] gyroPidCtrl: Target=   0.0, Input=   1.6, Error=  -1.6, PIDTerms=-0.028/ 0.000/ 0.000/ 0.000, Output=-0.028(-0.500/0.500)
Auto.Battery_Info: Voltage=13.32V (11.86V)
Auto.Raw Encoder_Info: lf=3217, rf=1220, lr=1, rr=3222
Auto.printPidInfo_Info: [14.022] encoderXPidCtrl: Target=  18.7, Input=  18.7, Error=  -0.0, PIDTerms=-0.002/ 0.000/-0.001/ 0.000, Output=-0.004(-1.000/1.000)
Auto.printPidInfo_Info: [14.022] encoderYPidCtrl: Target=  25.0, Input=  32.4, Error=  -7.5, PIDTerms=-0.150/ 0.000/ 0.000/ 0.000, Output=-0.149(-1.000/1.000)
Auto.printPidInfo_Info: [14.022] gyroPidCtrl: Target=   0.0, Input=   0.9, Error=  -0.9, PIDTerms=-0.016/ 0.000/ 0.009/ 0.000, Output=-0.007(-0.500/0.500)
Auto.Battery_Info: Voltage=13.36V (11.86V)
Auto.Raw Encoder_Info: lf=3169, rf=1177, lr=1, rr=3174
Auto.printPidInfo_Info: [14.166] encoderXPidCtrl: Target=  18.7, Input=  18.7, Error=  -0.1, PIDTerms=-0.008/ 0.000/-0.004/ 0.000, Output=-0.011(-1.000/1.000)
Auto.printPidInfo_Info: [14.166] encoderYPidCtrl: Target=  25.0, Input=  32.0, Error=  -7.1, PIDTerms=-0.141/ 0.000/ 0.007/ 0.000, Output=-0.135(-1.000/1.000)
Auto.printPidInfo_Info: [14.166] gyroPidCtrl: Target=   0.0, Input=   0.9, Error=  -0.9, PIDTerms=-0.016/ 0.000/ 0.000/ 0.000, Output=-0.016(-0.500/0.500)
Auto.Battery_Info: Voltage=13.38V (11.86V)
Auto.Raw Encoder_Info: lf=3124, rf=1130, lr=1, rr=3136
Auto.printPidInfo_Info: [14.316] encoderXPidCtrl: Target=  18.7, Input=  18.6, Error=   0.1, PIDTerms= 0.014/ 0.000/ 0.014/ 0.000, Output= 0.029(-1.000/1.000)
Auto.printPidInfo_Info: [14.316] encoderYPidCtrl: Target=  25.0, Input=  31.6, Error=  -6.6, PIDTerms=-0.132/ 0.000/ 0.007/ 0.000, Output=-0.125(-1.000/1.000)
Auto.printPidInfo_Info: [14.316] gyroPidCtrl: Target=   0.0, Input=   0.8, Error=  -0.8, PIDTerms=-0.014/ 0.000/ 0.001/ 0.000, Output=-0.013(-0.500/0.500)
Auto.Battery_Info: Voltage=13.35V (11.86V)
Auto.Raw Encoder_Info: lf=3086, rf=1093, lr=1, rr=3110
Auto.printPidInfo_Info: [14.460] encoderXPidCtrl: Target=  18.7, Input=  18.4, Error=   0.3, PIDTerms= 0.038/ 0.000/ 0.015/ 0.000, Output= 0.054(-1.000/1.000)
Auto.printPidInfo_Info: [14.460] encoderYPidCtrl: Target=  25.0, Input=  31.0, Error=  -6.0, PIDTerms=-0.120/ 0.000/ 0.008/ 0.000, Output=-0.111(-1.000/1.000)
Auto.printPidInfo_Info: [14.460] gyroPidCtrl: Target=   0.0, Input=   0.7, Error=  -0.7, PIDTerms=-0.013/ 0.000/ 0.001/ 0.000, Output=-0.012(-0.500/0.500)
Auto.Battery_Info: Voltage=13.38V (11.86V)
Auto.Raw Encoder_Info: lf=3054, rf=1053, lr=1, rr=3090
Auto.printPidInfo_Info: [14.592] encoderXPidCtrl: Target=  18.7, Input=  18.3, Error=   0.4, PIDTerms= 0.059/ 0.000/ 0.017/ 0.000, Output= 0.076(-1.000/1.000)
Auto.printPidInfo_Info: [14.592] encoderYPidCtrl: Target=  25.0, Input=  30.4, Error=  -5.5, PIDTerms=-0.109/ 0.000/ 0.010/ 0.000, Output=-0.100(-1.000/1.000)
Auto.printPidInfo_Info: [14.592] gyroPidCtrl: Target=   0.0, Input=   0.7, Error=  -0.7, PIDTerms=-0.013/ 0.000/-0.000/ 0.000, Output=-0.013(-0.500/0.500)
Auto.Battery_Info: Voltage=13.36V (11.86V)
Auto.Raw Encoder_Info: lf=3037, rf=1025, lr=1, rr=3063
Auto.printPidInfo_Info: [14.750] encoderXPidCtrl: Target=  18.7, Input=  18.3, Error=   0.4, PIDTerms= 0.064/ 0.000/ 0.003/ 0.000, Output= 0.068(-1.000/1.000)
Auto.printPidInfo_Info: [14.750] encoderYPidCtrl: Target=  25.0, Input=  30.1, Error=  -5.1, PIDTerms=-0.102/ 0.000/ 0.005/ 0.000, Output=-0.097(-1.000/1.000)
Auto.printPidInfo_Info: [14.750] gyroPidCtrl: Target=   0.0, Input=   0.7, Error=  -0.7, PIDTerms=-0.012/ 0.000/ 0.001/ 0.000, Output=-0.011(-0.500/0.500)
Auto.Robot_Info: [14.896] >>>>> DONE: xPos= 18.12/  0.00,yPos= 29.46/ -7.50,heading=   0.4/   0.0,volt=13.42V(11.86V)
Auto.FtcOpMode_Info:             Auto: Periodic=0.000002, Continuous=0.006834, SDK=0.000432
Auto.TaskPerformance_Info:     TrcDriveBase: PrePeriodic=NaN, PostPeriodic=NaN, PreContinuous=0.048331, PostContinous=NaN
Auto.TaskPerformance_Info:    elevatorMotor: PrePeriodic=NaN, PostPeriodic=NaN, PreContinuous=0.005325, PostContinous=NaN
Auto.TaskPerformance_Info:    relicArmElbow: PrePeriodic=NaN, PostPeriodic=NaN, PreContinuous=0.005498, PostContinous=NaN
