TeleOp.FtcAuto_Info: Sun Dec 17 12:58:05 PST 2017: ***** Starting autonomous *****
TeleOp.Robot_Info: [0.078] >>>>> DEPLOY_JEWEL_ARM: xPos=  0.00/  0.00,yPos=  0.00/  0.00,heading=  -0.1/   0.0,volt=13.46V(13.46V)
TeleOp.WHACK_JEWEL_Info: VuMark: CENTER
TeleOp.WHACK_JEWEL_Info: 0: Color=BLUE, HSV=[210.000000/0.388889/0.423529]
TeleOp.Robot_Info: [0.633] >>>>> WHACK_JEWEL: xPos=  0.00/  0.00,yPos=  0.00/  0.00,heading=  -0.1/   0.0,volt=13.43V(13.42V)
TeleOp.Robot_Info: [1.270] >>>>> MOVE_JEWEL_ARM_UP: xPos=  0.00/  0.00,yPos=  0.00/  0.00,heading=  -0.1/   0.0,volt=13.46V(13.37V)
TeleOp.Robot_Info: [1.614] >>>>> RESET_JEWEL_ARM: xPos=  0.00/  0.00,yPos=  0.00/  0.00,heading=  -0.1/   0.0,volt=13.40V(13.37V)
TeleOp.DO_DELAY_Info: Delay=0
TeleOp.Robot_Info: [1.986] >>>>> DO_DELAY: xPos=  0.00/  0.00,yPos=  0.00/  0.00,heading=  -0.1/   0.0,volt=13.46V(13.37V)
TeleOp.Robot_Info: [2.062] >>>>> GRAB_LIFT_GLYPH: xPos=  0.00/  0.00,yPos=  0.00/  0.00,heading=  -0.1/   0.0,volt=13.45V(13.37V)
TeleOp.Robot_Info: [4.205] >>>>> DRIVE_OFF_PLATFORM: xPos=  0.00/  0.00,yPos=  0.00/  0.00,heading=  -0.1/   0.0,volt=12.58V(12.88V)
TeleOp.Robot_Info: [5.037] >>>>> DRIVE_TO_WALL: xPos=  3.29/  0.00,yPos= 12.75/  0.00,heading=   1.3/   0.0,volt=13.32V(12.66V)
TeleOp.Robot_Info: [5.172] >>>>> TURN_TO_CRYPTOBOX: xPos=  9.13/  0.00,yPos= 10.26/  0.00,heading=   1.0/ -90.0,volt=13.33V(12.66V)
TeleOp.Battery_Info: Voltage=13.33V (12.66V)
TeleOp.Raw Encoder_Info: lf=1272, rf=1, lr=0, rr=1266
TeleOp.printPidInfo_Info: [5.172] encoderXPidCtrl: Target=   9.1, Input=   0.0, Error=   0.0, PIDTerms= 0.000/ 0.000/ 0.000/ 0.000, Output= 0.000(-1.000/1.000)
TeleOp.printPidInfo_Info: [5.172] encoderYPidCtrl: Target=  10.3, Input=   0.0, Error=   0.0, PIDTerms= 0.000/ 0.000/ 0.000/ 0.000, Output= 0.000(-1.000/1.000)
TeleOp.printPidInfo_Info: [5.172] gyroPidCtrl: Target= -90.0, Input=   0.0, Error= -91.0, PIDTerms= 0.000/ 0.000/ 0.000/ 0.000, Output= 0.000(-0.500/0.500)
TeleOp.Battery_Info: Voltage=12.82V (12.66V)
TeleOp.Raw Encoder_Info: lf=1186, rf=158, lr=0, rr=1396
TeleOp.printPidInfo_Info: [5.363] encoderXPidCtrl: Target=   9.1, Input=   0.0, Error=   0.0, PIDTerms= 0.000/ 0.000/ 0.000/ 0.000, Output= 0.000(-1.000/1.000)
TeleOp.printPidInfo_Info: [5.363] encoderYPidCtrl: Target=  10.3, Input=   0.0, Error=   0.0, PIDTerms= 0.000/ 0.000/ 0.000/ 0.000, Output= 0.000(-1.000/1.000)
TeleOp.printPidInfo_Info: [5.363] gyroPidCtrl: Target= -90.0, Input=   1.0, Error= -91.0, PIDTerms=-1.638/ 0.000/ 0.000/-0.000, Output=-0.500(-0.500/0.500)
TeleOp.Battery_Info: Voltage=12.90V (12.66V)
TeleOp.Raw Encoder_Info: lf=1006, rf=329, lr=0, rr=1555
TeleOp.printPidInfo_Info: [5.486] encoderXPidCtrl: Target=   9.1, Input=   0.0, Error=   0.0, PIDTerms= 0.000/ 0.000/ 0.000/ 0.000, Output= 0.000(-1.000/1.000)
TeleOp.printPidInfo_Info: [5.486] encoderYPidCtrl: Target=  10.3, Input=   0.0, Error=   0.0, PIDTerms= 0.000/ 0.000/ 0.000/ 0.000, Output= 0.000(-1.000/1.000)
TeleOp.printPidInfo_Info: [5.486] gyroPidCtrl: Target= -90.0, Input=   1.8, Error= -91.8, PIDTerms=-1.653/ 0.000/-0.011/-0.000, Output=-0.500(-0.500/0.500)
TeleOp.Battery_Info: Voltage=12.71V (12.66V)
TeleOp.Raw Encoder_Info: lf=836, rf=531, lr=0, rr=1727
TeleOp.printPidInfo_Info: [5.632] encoderXPidCtrl: Target=   9.1, Input=   0.0, Error=   0.0, PIDTerms= 0.000/ 0.000/ 0.000/ 0.000, Output= 0.000(-1.000/1.000)
TeleOp.printPidInfo_Info: [5.632] encoderYPidCtrl: Target=  10.3, Input=   0.0, Error=   0.0, PIDTerms= 0.000/ 0.000/ 0.000/ 0.000, Output= 0.000(-1.000/1.000)
TeleOp.printPidInfo_Info: [5.632] gyroPidCtrl: Target= -90.0, Input=   2.1, Error= -92.1, PIDTerms=-1.658/ 0.000/-0.004/-0.000, Output=-0.500(-0.500/0.500)
TeleOp.Battery_Info: Voltage=12.72V (12.66V)
TeleOp.Raw Encoder_Info: lf=731, rf=767, lr=0, rr=1941
TeleOp.printPidInfo_Info: [5.763] encoderXPidCtrl: Target=   9.1, Input=   0.0, Error=   0.0, PIDTerms= 0.000/ 0.000/ 0.000/ 0.000, Output= 0.000(-1.000/1.000)
TeleOp.printPidInfo_Info: [5.763] encoderYPidCtrl: Target=  10.3, Input=   0.0, Error=   0.0, PIDTerms= 0.000/ 0.000/ 0.000/ 0.000, Output= 0.000(-1.000/1.000)
TeleOp.printPidInfo_Info: [5.763] gyroPidCtrl: Target= -90.0, Input=  -7.9, Error= -82.1, PIDTerms=-1.478/ 0.000/ 0.149/-0.000, Output=-0.500(-0.500/0.500)
TeleOp.Battery_Info: Voltage=12.80V (12.66V)
TeleOp.Raw Encoder_Info: lf=625, rf=979, lr=0, rr=2163
TeleOp.printPidInfo_Info: [5.917] encoderXPidCtrl: Target=   9.1, Input=   0.0, Error=   0.0, PIDTerms= 0.000/ 0.000/ 0.000/ 0.000, Output= 0.000(-1.000/1.000)
TeleOp.printPidInfo_Info: [5.917] encoderYPidCtrl: Target=  10.3, Input=   0.0, Error=   0.0, PIDTerms= 0.000/ 0.000/ 0.000/ 0.000, Output= 0.000(-1.000/1.000)
TeleOp.printPidInfo_Info: [5.917] gyroPidCtrl: Target= -90.0, Input= -20.8, Error= -69.2, PIDTerms=-1.245/ 0.000/ 0.168/-0.000, Output=-0.500(-0.500/0.500)
TeleOp.Battery_Info: Voltage=12.82V (12.66V)
TeleOp.Raw Encoder_Info: lf=484, rf=1182, lr=0, rr=2390
TeleOp.printPidInfo_Info: [6.062] encoderXPidCtrl: Target=   9.1, Input=   0.0, Error=   0.0, PIDTerms= 0.000/ 0.000/ 0.000/ 0.000, Output= 0.000(-1.000/1.000)
TeleOp.printPidInfo_Info: [6.062] encoderYPidCtrl: Target=  10.3, Input=   0.0, Error=   0.0, PIDTerms= 0.000/ 0.000/ 0.000/ 0.000, Output= 0.000(-1.000/1.000)
TeleOp.printPidInfo_Info: [6.062] gyroPidCtrl: Target= -90.0, Input= -32.6, Error= -57.4, PIDTerms=-1.032/ 0.000/ 0.180/-0.000, Output=-0.500(-0.500/0.500)
TeleOp.Battery_Info: Voltage=12.85V (12.66V)
TeleOp.Raw Encoder_Info: lf=325, rf=1374, lr=0, rr=2604
TeleOp.printPidInfo_Info: [6.207] encoderXPidCtrl: Target=   9.1, Input=   0.0, Error=   0.0, PIDTerms= 0.000/ 0.000/ 0.000/ 0.000, Output= 0.000(-1.000/1.000)
TeleOp.printPidInfo_Info: [6.207] encoderYPidCtrl: Target=  10.3, Input=   0.0, Error=   0.0, PIDTerms= 0.000/ 0.000/ 0.000/ 0.000, Output= 0.000(-1.000/1.000)
TeleOp.printPidInfo_Info: [6.207] gyroPidCtrl: Target= -90.0, Input= -43.0, Error= -47.0, PIDTerms=-0.847/ 0.000/ 0.143/-0.000, Output=-0.500(-0.500/0.500)
TeleOp.Battery_Info: Voltage=12.91V (12.66V)
TeleOp.Raw Encoder_Info: lf=62, rf=113, lr=0, rr=2925
TeleOp.printPidInfo_Info: [6.396] encoderXPidCtrl: Target=   9.1, Input=   0.0, Error=   0.0, PIDTerms= 0.000/ 0.000/ 0.000/ 0.000, Output= 0.000(-1.000/1.000)
TeleOp.printPidInfo_Info: [6.396] encoderYPidCtrl: Target=  10.3, Input=   0.0, Error=   0.0, PIDTerms= 0.000/ 0.000/ 0.000/ 0.000, Output= 0.000(-1.000/1.000)
TeleOp.printPidInfo_Info: [6.396] gyroPidCtrl: Target= -90.0, Input= -55.7, Error= -34.3, PIDTerms=-0.617/ 0.000/ 0.210/-0.000, Output=-0.407(-0.500/0.500)
TeleOp.Battery_Info: Voltage=13.12V (12.66V)
TeleOp.Raw Encoder_Info: lf=-67, rf=273, lr=0, rr=3093
TeleOp.printPidInfo_Info: [6.556] encoderXPidCtrl: Target=   9.1, Input=   0.0, Error=   0.0, PIDTerms= 0.000/ 0.000/ 0.000/ 0.000, Output= 0.000(-1.000/1.000)
TeleOp.printPidInfo_Info: [6.556] encoderYPidCtrl: Target=  10.3, Input=   0.0, Error=   0.0, PIDTerms= 0.000/ 0.000/ 0.000/ 0.000, Output= 0.000(-1.000/1.000)
TeleOp.printPidInfo_Info: [6.556] gyroPidCtrl: Target= -90.0, Input= -71.6, Error= -18.4, PIDTerms=-0.331/ 0.000/ 0.146/-0.000, Output=-0.185(-0.500/0.500)
TeleOp.Battery_Info: Voltage=12.93V (12.66V)
TeleOp.Raw Encoder_Info: lf=11, rf=255, lr=0, rr=3057
TeleOp.printPidInfo_Info: [6.715] encoderXPidCtrl: Target=   9.1, Input=   0.0, Error=   0.0, PIDTerms= 0.000/ 0.000/ 0.000/ 0.000, Output= 0.000(-1.000/1.000)
TeleOp.printPidInfo_Info: [6.715] encoderYPidCtrl: Target=  10.3, Input=   0.0, Error=   0.0, PIDTerms= 0.000/ 0.000/ 0.000/ 0.000, Output= 0.000(-1.000/1.000)
TeleOp.printPidInfo_Info: [6.715] gyroPidCtrl: Target= -90.0, Input= -93.0, Error=   3.0, PIDTerms= 0.054/ 0.000/ 0.272/-0.000, Output= 0.326(-0.500/0.500)
TeleOp.Battery_Info: Voltage=12.73V (12.66V)
TeleOp.Raw Encoder_Info: lf=373, rf=-226, lr=-2, rr=2878
TeleOp.printPidInfo_Info: [6.891] encoderXPidCtrl: Target=   9.1, Input=   0.0, Error=   0.0, PIDTerms= 0.000/ 0.000/ 0.000/ 0.000, Output= 0.000(-1.000/1.000)
TeleOp.printPidInfo_Info: [6.891] encoderYPidCtrl: Target=  10.3, Input=   0.0, Error=   0.0, PIDTerms= 0.000/ 0.000/ 0.000/ 0.000, Output= 0.000(-1.000/1.000)
TeleOp.printPidInfo_Info: [6.891] gyroPidCtrl: Target= -90.0, Input=-106.9, Error=  16.9, PIDTerms= 0.304/ 0.000/ 0.194/-0.000, Output= 0.498(-0.500/0.500)
TeleOp.Battery_Info: Voltage=12.79V (12.66V)
TeleOp.Raw Encoder_Info: lf=537, rf=-386, lr=-2, rr=2707
TeleOp.printPidInfo_Info: [7.063] encoderXPidCtrl: Target=   9.1, Input=   0.0, Error=   0.0, PIDTerms= 0.000/ 0.000/ 0.000/ 0.000, Output= 0.000(-1.000/1.000)
TeleOp.printPidInfo_Info: [7.063] encoderYPidCtrl: Target=  10.3, Input=   0.0, Error=   0.0, PIDTerms= 0.000/ 0.000/ 0.000/ 0.000, Output= 0.000(-1.000/1.000)
TeleOp.printPidInfo_Info: [7.063] gyroPidCtrl: Target= -90.0, Input=-113.7, Error=  23.7, PIDTerms= 0.427/ 0.000/ 0.066/-0.000, Output= 0.493(-0.500/0.500)
TeleOp.Battery_Info: Voltage=13.11V (12.66V)
TeleOp.Raw Encoder_Info: lf=687, rf=-537, lr=-2, rr=2571
TeleOp.printPidInfo_Info: [7.218] encoderXPidCtrl: Target=   9.1, Input=   0.0, Error=   0.0, PIDTerms= 0.000/ 0.000/ 0.000/ 0.000, Output= 0.000(-1.000/1.000)
TeleOp.printPidInfo_Info: [7.218] encoderYPidCtrl: Target=  10.3, Input=   0.0, Error=   0.0, PIDTerms= 0.000/ 0.000/ 0.000/ 0.000, Output= 0.000(-1.000/1.000)
TeleOp.printPidInfo_Info: [7.218] gyroPidCtrl: Target= -90.0, Input=-105.2, Error=  15.2, PIDTerms= 0.274/ 0.000/-0.112/-0.000, Output= 0.162(-0.500/0.500)
TeleOp.Battery_Info: Voltage=13.16V (12.66V)
TeleOp.Raw Encoder_Info: lf=690, rf=-541, lr=-2, rr=2579
TeleOp.printPidInfo_Info: [7.350] encoderXPidCtrl: Target=   9.1, Input=   0.0, Error=   0.0, PIDTerms= 0.000/ 0.000/ 0.000/ 0.000, Output= 0.000(-1.000/1.000)
TeleOp.printPidInfo_Info: [7.350] encoderYPidCtrl: Target=  10.3, Input=   0.0, Error=   0.0, PIDTerms= 0.000/ 0.000/ 0.000/ 0.000, Output= 0.000(-1.000/1.000)
TeleOp.printPidInfo_Info: [7.350] gyroPidCtrl: Target= -90.0, Input= -93.6, Error=   3.6, PIDTerms= 0.064/ 0.000/-0.167/-0.000, Output=-0.103(-0.500/0.500)
TeleOp.Battery_Info: Voltage=12.98V (12.66V)
TeleOp.Raw Encoder_Info: lf=626, rf=-482, lr=-2, rr=2638
TeleOp.printPidInfo_Info: [7.562] encoderXPidCtrl: Target=   9.1, Input=   0.0, Error=   0.0, PIDTerms= 0.000/ 0.000/ 0.000/ 0.000, Output= 0.000(-1.000/1.000)
TeleOp.printPidInfo_Info: [7.562] encoderYPidCtrl: Target=  10.3, Input=   0.0, Error=   0.0, PIDTerms= 0.000/ 0.000/ 0.000/ 0.000, Output= 0.000(-1.000/1.000)
TeleOp.printPidInfo_Info: [7.562] gyroPidCtrl: Target= -90.0, Input= -81.8, Error=  -8.2, PIDTerms=-0.147/ 0.000/-0.133/-0.000, Output=-0.280(-0.500/0.500)
TeleOp.Battery_Info: Voltage=12.88V (12.66V)
TeleOp.Raw Encoder_Info: lf=522, rf=-370, lr=-2, rr=2738
TeleOp.printPidInfo_Info: [7.704] encoderXPidCtrl: Target=   9.1, Input=   0.0, Error=   0.0, PIDTerms= 0.000/ 0.000/ 0.000/ 0.000, Output= 0.000(-1.000/1.000)
TeleOp.printPidInfo_Info: [7.704] encoderYPidCtrl: Target=  10.3, Input=   0.0, Error=   0.0, PIDTerms= 0.000/ 0.000/ 0.000/ 0.000, Output= 0.000(-1.000/1.000)
TeleOp.printPidInfo_Info: [7.704] gyroPidCtrl: Target= -90.0, Input= -74.5, Error= -15.5, PIDTerms=-0.279/ 0.000/-0.081/-0.000, Output=-0.360(-0.500/0.500)
TeleOp.Battery_Info: Voltage=13.07V (12.66V)
TeleOp.Raw Encoder_Info: lf=425, rf=-255, lr=-2, rr=2826
TeleOp.printPidInfo_Info: [7.861] encoderXPidCtrl: Target=   9.1, Input=   0.0, Error=   0.0, PIDTerms= 0.000/ 0.000/ 0.000/ 0.000, Output= 0.000(-1.000/1.000)
TeleOp.printPidInfo_Info: [7.861] encoderYPidCtrl: Target=  10.3, Input=   0.0, Error=   0.0, PIDTerms= 0.000/ 0.000/ 0.000/ 0.000, Output= 0.000(-1.000/1.000)
TeleOp.printPidInfo_Info: [7.861] gyroPidCtrl: Target= -90.0, Input= -76.9, Error= -13.1, PIDTerms=-0.236/ 0.000/ 0.030/-0.000, Output=-0.206(-0.500/0.500)
TeleOp.Battery_Info: Voltage=13.18V (12.66V)
TeleOp.Raw Encoder_Info: lf=384, rf=-194, lr=-2, rr=2859
TeleOp.printPidInfo_Info: [8.020] encoderXPidCtrl: Target=   9.1, Input=   0.0, Error=   0.0, PIDTerms= 0.000/ 0.000/ 0.000/ 0.000, Output= 0.000(-1.000/1.000)
TeleOp.printPidInfo_Info: [8.020] encoderYPidCtrl: Target=  10.3, Input=   0.0, Error=   0.0, PIDTerms= 0.000/ 0.000/ 0.000/ 0.000, Output= 0.000(-1.000/1.000)
TeleOp.printPidInfo_Info: [8.020] gyroPidCtrl: Target= -90.0, Input= -82.3, Error=  -7.7, PIDTerms=-0.138/ 0.000/ 0.077/-0.000, Output=-0.061(-0.500/0.500)
TeleOp.Battery_Info: Voltage=13.21V (12.66V)
TeleOp.Raw Encoder_Info: lf=426, rf=-223, lr=-2, rr=2836
TeleOp.printPidInfo_Info: [8.214] encoderXPidCtrl: Target=   9.1, Input=   0.0, Error=   0.0, PIDTerms= 0.000/ 0.000/ 0.000/ 0.000, Output= 0.000(-1.000/1.000)
TeleOp.printPidInfo_Info: [8.214] encoderYPidCtrl: Target=  10.3, Input=   0.0, Error=   0.0, PIDTerms= 0.000/ 0.000/ 0.000/ 0.000, Output= 0.000(-1.000/1.000)
TeleOp.printPidInfo_Info: [8.214] gyroPidCtrl: Target= -90.0, Input= -90.4, Error=   0.4, PIDTerms= 0.007/ 0.000/ 0.095/-0.000, Output= 0.102(-0.500/0.500)
TeleOp.CmdAutoFull_Info: Aligning with MR Range sensors.
TeleOp.CmdAutoFull_Info: Dist. to wall: 36.22, Target inches: 46.50, Adj. inches: 10.28
TeleOp.Robot_Info: [8.407] >>>>> ALIGN_CRYPTOBOX: xPos= 12.50/ 46.50,yPos= 12.54/  0.00,heading= -96.6/ -90.0,volt=13.25V(12.66V)
TeleOp.Battery_Info: Voltage=13.25V (12.66V)
TeleOp.Raw Encoder_Info: lf=429, rf=-234, lr=-2, rr=2831
TeleOp.printPidInfo_Info: [8.407] encoderXPidCtrl: Target=  22.8, Input=   0.0, Error=  10.3, PIDTerms= 0.000/ 0.000/ 0.000/ 0.000, Output= 0.000(-1.000/1.000)
TeleOp.printPidInfo_Info: [8.407] encoderYPidCtrl: Target=  12.5, Input=   0.0, Error=   0.0, PIDTerms= 0.000/ 0.000/ 0.000/ 0.000, Output= 0.000(-1.000/1.000)
TeleOp.printPidInfo_Info: [8.407] gyroPidCtrl: Target= -90.0, Input= -96.3, Error=   6.6, PIDTerms= 0.113/ 0.000/ 0.068/-0.000, Output= 0.000(-0.500/0.500)
TeleOp.Battery_Info: Voltage=11.80V (11.72V)
TeleOp.Raw Encoder_Info: lf=589, rf=-410, lr=-2, rr=2985
TeleOp.printPidInfo_Info: [8.614] encoderXPidCtrl: Target=  22.8, Input=  12.5, Error=  10.3, PIDTerms= 1.542/ 0.000/ 0.000/ 0.000, Output= 1.000(-1.000/1.000)
TeleOp.printPidInfo_Info: [8.614] encoderYPidCtrl: Target=  12.5, Input=  12.5, Error=   0.0, PIDTerms= 0.000/ 0.000/ 0.000/ 0.000, Output= 0.000(-1.000/1.000)
TeleOp.printPidInfo_Info: [8.614] gyroPidCtrl: Target= -90.0, Input= -96.6, Error=   6.6, PIDTerms= 0.118/ 0.000/ 0.000/-0.000, Output= 0.118(-0.500/0.500)
TeleOp.Battery_Info: Voltage=11.97V (11.72V)
TeleOp.Raw Encoder_Info: lf=879, rf=-733, lr=-2, rr=3229
TeleOp.printPidInfo_Info: [8.755] encoderXPidCtrl: Target=  22.8, Input=  12.9, Error=   9.9, PIDTerms= 1.483/ 0.000/-0.037/ 0.000, Output= 1.000(-1.000/1.000)
TeleOp.printPidInfo_Info: [8.755] encoderYPidCtrl: Target=  12.5, Input=  12.7, Error=  -0.1, PIDTerms=-0.002/ 0.000/-0.002/ 0.000, Output=-0.004(-1.000/1.000)
TeleOp.printPidInfo_Info: [8.755] gyroPidCtrl: Target= -90.0, Input= -96.1, Error=   6.1, PIDTerms= 0.111/ 0.000/-0.005/-0.000, Output= 0.105(-0.500/0.500)
TeleOp.Battery_Info: Voltage=12.10V (11.72V)
TeleOp.Raw Encoder_Info: lf=1141, rf=-980, lr=-2, rr=3446
TeleOp.printPidInfo_Info: [8.918] encoderXPidCtrl: Target=  22.8, Input=  15.3, Error=   7.5, PIDTerms= 1.119/ 0.000/-0.226/ 0.000, Output= 0.893(-1.000/1.000)
TeleOp.printPidInfo_Info: [8.918] encoderYPidCtrl: Target=  12.5, Input=  13.2, Error=  -0.7, PIDTerms=-0.014/ 0.000/-0.008/ 0.000, Output=-0.022(-1.000/1.000)
TeleOp.printPidInfo_Info: [8.918] gyroPidCtrl: Target= -90.0, Input= -94.8, Error=   4.8, PIDTerms= 0.087/ 0.000/-0.016/-0.000, Output= 0.071(-0.500/0.500)
TeleOp.Battery_Info: Voltage=12.90V (11.72V)
TeleOp.Raw Encoder_Info: lf=1384, rf=-1169, lr=-2, rr=3686
TeleOp.printPidInfo_Info: [9.044] encoderXPidCtrl: Target=  22.8, Input=  18.3, Error=   4.5, PIDTerms= 0.676/ 0.000/-0.319/ 0.000, Output= 0.358(-1.000/1.000)
TeleOp.printPidInfo_Info: [9.044] encoderYPidCtrl: Target=  12.5, Input=  14.3, Error=  -1.8, PIDTerms=-0.035/ 0.000/-0.017/ 0.000, Output=-0.052(-1.000/1.000)
TeleOp.printPidInfo_Info: [9.044] gyroPidCtrl: Target= -90.0, Input= -93.0, Error=   3.0, PIDTerms= 0.054/ 0.000/-0.027/-0.000, Output= 0.027(-0.500/0.500)
TeleOp.Battery_Info: Voltage=13.26V (11.72V)
TeleOp.Raw Encoder_Info: lf=1422, rf=-1209, lr=-2, rr=3716
TeleOp.printPidInfo_Info: [9.229] encoderXPidCtrl: Target=  22.8, Input=  20.8, Error=   2.0, PIDTerms= 0.297/ 0.000/-0.220/ 0.000, Output= 0.077(-1.000/1.000)
TeleOp.printPidInfo_Info: [9.229] encoderYPidCtrl: Target=  12.5, Input=  15.3, Error=  -2.7, PIDTerms=-0.055/ 0.000/-0.012/ 0.000, Output=-0.067(-1.000/1.000)
TeleOp.printPidInfo_Info: [9.229] gyroPidCtrl: Target= -90.0, Input= -92.1, Error=   2.1, PIDTerms= 0.037/ 0.000/-0.011/-0.000, Output= 0.027(-0.500/0.500)
TeleOp.Battery_Info: Voltage=13.16V (11.72V)
TeleOp.Raw Encoder_Info: lf=1319, rf=-1212, lr=-2, rr=3638
TeleOp.printPidInfo_Info: [9.385] encoderXPidCtrl: Target=  22.8, Input=  22.7, Error=   0.1, PIDTerms= 0.019/ 0.000/-0.204/ 0.000, Output=-0.185(-1.000/1.000)
TeleOp.printPidInfo_Info: [9.385] encoderYPidCtrl: Target=  12.5, Input=  16.3, Error=  -3.8, PIDTerms=-0.076/ 0.000/-0.017/ 0.000, Output=-0.094(-1.000/1.000)
TeleOp.printPidInfo_Info: [9.385] gyroPidCtrl: Target= -90.0, Input= -91.9, Error=   1.9, PIDTerms= 0.035/ 0.000/-0.002/-0.000, Output= 0.033(-0.500/0.500)
TeleOp.Battery_Info: Voltage=13.21V (11.72V)
TeleOp.Raw Encoder_Info: lf=1360, rf=-1285, lr=-2, rr=3593
TeleOp.printPidInfo_Info: [9.544] encoderXPidCtrl: Target=  22.8, Input=  22.5, Error=   0.2, PIDTerms= 0.035/ 0.000/ 0.009/ 0.000, Output= 0.044(-1.000/1.000)
TeleOp.printPidInfo_Info: [9.544] encoderYPidCtrl: Target=  12.5, Input=  16.0, Error=  -3.5, PIDTerms=-0.070/ 0.000/ 0.004/ 0.000, Output=-0.066(-1.000/1.000)
TeleOp.printPidInfo_Info: [9.544] gyroPidCtrl: Target= -90.0, Input= -96.4, Error=   6.4, PIDTerms= 0.116/ 0.000/ 0.050/-0.000, Output= 0.166(-0.500/0.500)
TeleOp.Battery_Info: Voltage=13.15V (11.72V)
TeleOp.Raw Encoder_Info: lf=1391, rf=-1348, lr=-2, rr=3569
TeleOp.printPidInfo_Info: [9.715] encoderXPidCtrl: Target=  22.8, Input=  22.1, Error=   0.7, PIDTerms= 0.110/ 0.000/ 0.047/ 0.000, Output= 0.157(-1.000/1.000)
TeleOp.printPidInfo_Info: [9.715] encoderYPidCtrl: Target=  12.5, Input=  15.4, Error=  -2.8, PIDTerms=-0.057/ 0.000/ 0.009/ 0.000, Output=-0.048(-1.000/1.000)
TeleOp.printPidInfo_Info: [9.715] gyroPidCtrl: Target= -90.0, Input= -98.8, Error=   8.8, PIDTerms= 0.158/ 0.000/ 0.030/-0.000, Output= 0.188(-0.500/0.500)
TeleOp.Battery_Info: Voltage=13.26V (11.72V)
TeleOp.Raw Encoder_Info: lf=1411, rf=-1390, lr=-2, rr=3541
TeleOp.printPidInfo_Info: [9.844] encoderXPidCtrl: Target=  22.8, Input=  22.4, Error=   0.4, PIDTerms= 0.058/ 0.000/-0.035/ 0.000, Output= 0.023(-1.000/1.000)
TeleOp.printPidInfo_Info: [9.844] encoderYPidCtrl: Target=  12.5, Input=  15.1, Error=  -2.5, PIDTerms=-0.051/ 0.000/ 0.004/ 0.000, Output=-0.047(-1.000/1.000)
TeleOp.printPidInfo_Info: [9.844] gyroPidCtrl: Target= -90.0, Input= -97.8, Error=   7.8, PIDTerms= 0.140/ 0.000/-0.013/-0.000, Output= 0.127(-0.500/0.500)
TeleOp.Battery_Info: Voltage=13.31V (11.72V)
TeleOp.Raw Encoder_Info: lf=1408, rf=-1395, lr=-2, rr=3535
TeleOp.printPidInfo_Info: [9.995] encoderXPidCtrl: Target=  22.8, Input=  22.7, Error=   0.1, PIDTerms= 0.019/ 0.000/-0.028/ 0.000, Output=-0.009(-1.000/1.000)
TeleOp.printPidInfo_Info: [9.995] encoderYPidCtrl: Target=  12.5, Input=  14.9, Error=  -2.4, PIDTerms=-0.047/ 0.000/ 0.003/ 0.000, Output=-0.044(-1.000/1.000)
TeleOp.printPidInfo_Info: [9.995] gyroPidCtrl: Target= -90.0, Input= -95.7, Error=   5.7, PIDTerms= 0.102/ 0.000/-0.031/-0.000, Output= 0.071(-0.500/0.500)
TeleOp.Battery_Info: Voltage=13.33V (11.72V)
TeleOp.Raw Encoder_Info: lf=1408, rf=-1395, lr=-2, rr=3535
TeleOp.printPidInfo_Info: [10.148] encoderXPidCtrl: Target=  22.8, Input=  22.7, Error=   0.1, PIDTerms= 0.015/ 0.000/-0.002/ 0.000, Output= 0.013(-1.000/1.000)
TeleOp.printPidInfo_Info: [10.148] encoderYPidCtrl: Target=  12.5, Input=  14.7, Error=  -2.2, PIDTerms=-0.044/ 0.000/ 0.002/ 0.000, Output=-0.041(-1.000/1.000)
TeleOp.printPidInfo_Info: [10.148] gyroPidCtrl: Target= -90.0, Input= -93.4, Error=   3.4, PIDTerms= 0.061/ 0.000/-0.028/-0.000, Output= 0.033(-0.500/0.500)
TeleOp.Battery_Info: Voltage=13.33V (11.72V)
TeleOp.Raw Encoder_Info: lf=1408, rf=-1395, lr=-2, rr=3535
TeleOp.printPidInfo_Info: [10.331] encoderXPidCtrl: Target=  22.8, Input=  22.7, Error=   0.1, PIDTerms= 0.016/ 0.000/ 0.000/ 0.000, Output= 0.016(-1.000/1.000)
TeleOp.printPidInfo_Info: [10.331] encoderYPidCtrl: Target=  12.5, Input=  14.7, Error=  -2.2, PIDTerms=-0.043/ 0.000/ 0.000/ 0.000, Output=-0.043(-1.000/1.000)
TeleOp.printPidInfo_Info: [10.331] gyroPidCtrl: Target= -90.0, Input= -92.9, Error=   2.9, PIDTerms= 0.053/ 0.000/-0.005/-0.000, Output= 0.048(-0.500/0.500)
TeleOp.Robot_Info: [10.516] >>>>> SET_DOWN_GLYPH: xPos= 22.68/ 46.50,yPos= 14.70/  0.00,heading= -92.9/ -90.0,volt=13.35V(11.72V)
TeleOp.Robot_Info: [11.757] >>>>> RELEASE_GLYPH: xPos= 22.68/ 46.50,yPos= 14.70/  0.00,heading= -92.8/ -90.0,volt=13.36V(11.72V)
TeleOp.Robot_Info: [12.288] >>>>> PUSH_FORWARD: xPos= 22.68/  0.00,yPos= 14.70/ 16.00,heading= -92.7/ -90.0,volt=13.37V(11.72V)
TeleOp.Battery_Info: Voltage=13.37V (11.72V)
TeleOp.Raw Encoder_Info: lf=1408, rf=-1396, lr=-2, rr=3535
TeleOp.printPidInfo_Info: [12.288] encoderXPidCtrl: Target=  22.7, Input=  22.7, Error=   0.0, PIDTerms= 0.016/ 0.000/ 0.000/ 0.000, Output= 0.000(-1.000/1.000)
TeleOp.printPidInfo_Info: [12.288] encoderYPidCtrl: Target=  30.7, Input=  14.7, Error=  16.0, PIDTerms=-0.043/ 0.000/ 0.000/ 0.000, Output= 0.000(-1.000/1.000)
TeleOp.printPidInfo_Info: [12.288] gyroPidCtrl: Target= -90.0, Input= -92.9, Error=   2.7, PIDTerms= 0.052/ 0.000/-0.001/-0.000, Output= 0.000(-0.500/0.500)
TeleOp.Battery_Info: Voltage=13.09V (11.72V)
TeleOp.Raw Encoder_Info: lf=1479, rf=-1322, lr=-2, rr=3614
TeleOp.printPidInfo_Info: [12.496] encoderXPidCtrl: Target=  22.7, Input=  22.7, Error=   0.0, PIDTerms= 0.000/ 0.000/ 0.000/ 0.000, Output= 0.000(-1.000/1.000)
TeleOp.printPidInfo_Info: [12.496] encoderYPidCtrl: Target=  30.7, Input=  14.7, Error=  16.0, PIDTerms= 0.320/ 0.000/ 0.000/ 0.000, Output= 0.320(-1.000/1.000)
TeleOp.printPidInfo_Info: [12.496] gyroPidCtrl: Target= -90.0, Input= -92.7, Error=   2.7, PIDTerms= 0.049/ 0.000/ 0.000/-0.000, Output= 0.049(-0.500/0.500)
TeleOp.Battery_Info: Voltage=13.14V (11.72V)
TeleOp.Raw Encoder_Info: lf=1579, rf=-1225, lr=-2, rr=3710
TeleOp.printPidInfo_Info: [12.636] encoderXPidCtrl: Target=  22.7, Input=  22.7, Error=  -0.0, PIDTerms=-0.001/ 0.000/-0.000/ 0.000, Output=-0.001(-1.000/1.000)
TeleOp.printPidInfo_Info: [12.636] encoderYPidCtrl: Target=  30.7, Input=  15.0, Error=  15.7, PIDTerms= 0.313/ 0.000/-0.004/ 0.000, Output= 0.310(-1.000/1.000)
TeleOp.printPidInfo_Info: [12.636] gyroPidCtrl: Target= -90.0, Input= -92.7, Error=   2.7, PIDTerms= 0.049/ 0.000/ 0.000/-0.000, Output= 0.049(-0.500/0.500)
TeleOp.Battery_Info: Voltage=13.16V (11.72V)
TeleOp.Raw Encoder_Info: lf=1730, rf=-1070, lr=-2, rr=3850
TeleOp.printPidInfo_Info: [12.775] encoderXPidCtrl: Target=  22.7, Input=  23.1, Error=  -0.4, PIDTerms=-0.057/ 0.000/-0.041/ 0.000, Output=-0.098(-1.000/1.000)
TeleOp.printPidInfo_Info: [12.775] encoderYPidCtrl: Target=  30.7, Input=  16.1, Error=  14.6, PIDTerms= 0.293/ 0.000/-0.017/ 0.000, Output= 0.276(-1.000/1.000)
TeleOp.printPidInfo_Info: [12.775] gyroPidCtrl: Target= -90.0, Input= -91.7, Error=   1.7, PIDTerms= 0.030/ 0.000/-0.016/-0.000, Output= 0.015(-0.500/0.500)
TeleOp.Battery_Info: Voltage=13.06V (11.72V)
TeleOp.Raw Encoder_Info: lf=1849, rf=-922, lr=-2, rr=3984
TeleOp.printPidInfo_Info: [12.947] encoderXPidCtrl: Target=  22.7, Input=  23.5, Error=  -0.8, PIDTerms=-0.120/ 0.000/-0.038/ 0.000, Output=-0.158(-1.000/1.000)
TeleOp.printPidInfo_Info: [12.947] encoderYPidCtrl: Target=  30.7, Input=  17.5, Error=  13.2, PIDTerms= 0.264/ 0.000/-0.019/ 0.000, Output= 0.246(-1.000/1.000)
TeleOp.printPidInfo_Info: [12.947] gyroPidCtrl: Target= -90.0, Input= -91.4, Error=   1.4, PIDTerms= 0.024/ 0.000/-0.004/-0.000, Output= 0.021(-0.500/0.500)
TeleOp.Battery_Info: Voltage=12.90V (11.72V)
TeleOp.Raw Encoder_Info: lf=1849, rf=-898, lr=-2, rr=3958
TeleOp.printPidInfo_Info: [13.129] encoderXPidCtrl: Target=  22.7, Input=  24.0, Error=  -1.3, PIDTerms=-0.198/ 0.000/-0.045/ 0.000, Output=-0.243(-1.000/1.000)
TeleOp.printPidInfo_Info: [13.129] encoderYPidCtrl: Target=  30.7, Input=  19.5, Error=  11.2, PIDTerms= 0.224/ 0.000/-0.026/ 0.000, Output= 0.198(-1.000/1.000)
TeleOp.printPidInfo_Info: [13.129] gyroPidCtrl: Target= -90.0, Input= -91.2, Error=   1.2, PIDTerms= 0.021/ 0.000/-0.002/-0.000, Output= 0.019(-0.500/0.500)
TeleOp.Battery_Info: Voltage=12.94V (11.72V)
TeleOp.Raw Encoder_Info: lf=1837, rf=-898, lr=-2, rr=3933
TeleOp.printPidInfo_Info: [13.269] encoderXPidCtrl: Target=  22.7, Input=  24.1, Error=  -1.4, PIDTerms=-0.214/ 0.000/-0.010/ 0.000, Output=-0.224(-1.000/1.000)
TeleOp.printPidInfo_Info: [13.269] encoderYPidCtrl: Target=  30.7, Input=  20.4, Error=  10.3, PIDTerms= 0.206/ 0.000/-0.013/ 0.000, Output= 0.193(-1.000/1.000)
TeleOp.printPidInfo_Info: [13.269] gyroPidCtrl: Target= -90.0, Input= -91.3, Error=   1.3, PIDTerms= 0.023/ 0.000/ 0.001/-0.000, Output= 0.024(-0.500/0.500)
TeleOp.Battery_Info: Voltage=13.01V (11.72V)
TeleOp.Raw Encoder_Info: lf=1837, rf=-898, lr=-2, rr=3932
TeleOp.printPidInfo_Info: [13.420] encoderXPidCtrl: Target=  22.7, Input=  23.9, Error=  -1.2, PIDTerms=-0.183/ 0.000/ 0.020/ 0.000, Output=-0.163(-1.000/1.000)
TeleOp.printPidInfo_Info: [13.420] encoderYPidCtrl: Target=  30.7, Input=  20.2, Error=  10.5, PIDTerms= 0.209/ 0.000/ 0.003/ 0.000, Output= 0.212(-1.000/1.000)
TeleOp.printPidInfo_Info: [13.420] gyroPidCtrl: Target= -90.0, Input= -91.5, Error=   1.5, PIDTerms= 0.026/ 0.000/ 0.003/-0.000, Output= 0.029(-0.500/0.500)
TeleOp.Battery_Info: Voltage=12.97V (11.72V)
TeleOp.Raw Encoder_Info: lf=1837, rf=-898, lr=-2, rr=3932
TeleOp.printPidInfo_Info: [13.591] encoderXPidCtrl: Target=  22.7, Input=  23.9, Error=  -1.2, PIDTerms=-0.176/ 0.000/ 0.005/ 0.000, Output=-0.171(-1.000/1.000)
TeleOp.printPidInfo_Info: [13.591] encoderYPidCtrl: Target=  30.7, Input=  20.2, Error=  10.5, PIDTerms= 0.210/ 0.000/ 0.001/ 0.000, Output= 0.211(-1.000/1.000)
TeleOp.printPidInfo_Info: [13.591] gyroPidCtrl: Target= -90.0, Input= -91.1, Error=   1.1, PIDTerms= 0.020/ 0.000/-0.004/-0.000, Output= 0.016(-0.500/0.500)
TeleOp.Robot_Info: [13.981] >>>>> BACK_OFF: xPos= 23.88/  0.00,yPos= 20.16/ -7.50,heading= -90.8/ -90.0,volt=13.34V(11.72V)
TeleOp.Battery_Info: Voltage=13.34V (11.72V)
TeleOp.Raw Encoder_Info: lf=1837, rf=-907, lr=-2, rr=3932
TeleOp.printPidInfo_Info: [13.981] encoderXPidCtrl: Target=  23.9, Input=  23.9, Error=   0.0, PIDTerms=-0.176/ 0.000/ 0.000/ 0.000, Output= 0.000(-1.000/1.000)
TeleOp.printPidInfo_Info: [13.981] encoderYPidCtrl: Target=  12.7, Input=  20.2, Error=  -7.5, PIDTerms= 0.210/ 0.000/ 0.000/ 0.000, Output= 0.000(-1.000/1.000)
TeleOp.printPidInfo_Info: [13.981] gyroPidCtrl: Target= -90.0, Input= -90.8, Error=   0.8, PIDTerms= 0.015/ 0.000/-0.003/-0.000, Output= 0.000(-0.500/0.500)
TeleOp.Battery_Info: Voltage=13.26V (11.72V)
TeleOp.Raw Encoder_Info: lf=1786, rf=-966, lr=-2, rr=3895
TeleOp.printPidInfo_Info: [14.164] encoderXPidCtrl: Target=  23.9, Input=  23.9, Error=   0.0, PIDTerms= 0.000/ 0.000/ 0.000/ 0.000, Output= 0.000(-1.000/1.000)
TeleOp.printPidInfo_Info: [14.164] encoderYPidCtrl: Target=  12.7, Input=  20.2, Error=  -7.5, PIDTerms=-0.150/ 0.000/ 0.000/ 0.000, Output=-0.150(-1.000/1.000)
TeleOp.printPidInfo_Info: [14.164] gyroPidCtrl: Target= -90.0, Input= -90.8, Error=   0.8, PIDTerms= 0.015/ 0.000/ 0.000/-0.000, Output= 0.015(-0.500/0.500)
TeleOp.Battery_Info: Voltage=13.27V (11.72V)
TeleOp.Raw Encoder_Info: lf=1759, rf=-992, lr=-2, rr=3867
TeleOp.printPidInfo_Info: [14.315] encoderXPidCtrl: Target=  23.9, Input=  23.9, Error=   0.0, PIDTerms= 0.002/ 0.000/ 0.001/ 0.000, Output= 0.003(-1.000/1.000)
TeleOp.printPidInfo_Info: [14.315] encoderYPidCtrl: Target=  12.7, Input=  20.0, Error=  -7.4, PIDTerms=-0.147/ 0.000/ 0.002/ 0.000, Output=-0.145(-1.000/1.000)
TeleOp.printPidInfo_Info: [14.315] gyroPidCtrl: Target= -90.0, Input= -90.7, Error=   0.7, PIDTerms= 0.012/ 0.000/-0.001/-0.000, Output= 0.011(-0.500/0.500)
TeleOp.Battery_Info: Voltage=13.29V (11.72V)
TeleOp.Raw Encoder_Info: lf=1731, rf=-1022, lr=-2, rr=3839
TeleOp.printPidInfo_Info: [14.424] encoderXPidCtrl: Target=  23.9, Input=  23.7, Error=   0.1, PIDTerms= 0.020/ 0.000/ 0.014/ 0.000, Output= 0.034(-1.000/1.000)
TeleOp.printPidInfo_Info: [14.424] encoderYPidCtrl: Target=  12.7, Input=  19.4, Error=  -6.7, PIDTerms=-0.135/ 0.000/ 0.011/ 0.000, Output=-0.124(-1.000/1.000)
TeleOp.printPidInfo_Info: [14.424] gyroPidCtrl: Target= -90.0, Input= -90.7, Error=   0.7, PIDTerms= 0.012/ 0.000/ 0.000/-0.000, Output= 0.013(-0.500/0.500)
TeleOp.Battery_Info: Voltage=13.29V (11.72V)
TeleOp.Raw Encoder_Info: lf=1694, rf=-1060, lr=-2, rr=3802
TeleOp.printPidInfo_Info: [14.584] encoderXPidCtrl: Target=  23.9, Input=  23.7, Error=   0.2, PIDTerms= 0.033/ 0.000/ 0.010/ 0.000, Output= 0.044(-1.000/1.000)
TeleOp.printPidInfo_Info: [14.584] encoderYPidCtrl: Target=  12.7, Input=  19.1, Error=  -6.4, PIDTerms=-0.129/ 0.000/ 0.005/ 0.000, Output=-0.123(-1.000/1.000)
TeleOp.printPidInfo_Info: [14.584] gyroPidCtrl: Target= -90.0, Input= -90.7, Error=   0.7, PIDTerms= 0.013/ 0.000/ 0.000/-0.000, Output= 0.013(-0.500/0.500)
TeleOp.Battery_Info: Voltage=13.29V (11.72V)
TeleOp.Raw Encoder_Info: lf=1668, rf=-1098, lr=-2, rr=3777
TeleOp.printPidInfo_Info: [14.736] encoderXPidCtrl: Target=  23.9, Input=  23.5, Error=   0.3, PIDTerms= 0.052/ 0.000/ 0.012/ 0.000, Output= 0.064(-1.000/1.000)
TeleOp.printPidInfo_Info: [14.736] encoderYPidCtrl: Target=  12.7, Input=  18.6, Error=  -6.0, PIDTerms=-0.119/ 0.000/ 0.007/ 0.000, Output=-0.113(-1.000/1.000)
TeleOp.printPidInfo_Info: [14.736] gyroPidCtrl: Target= -90.0, Input= -90.7, Error=   0.7, PIDTerms= 0.012/ 0.000/-0.000/-0.000, Output= 0.012(-0.500/0.500)
TeleOp.Battery_Info: Voltage=13.29V (11.72V)
TeleOp.Raw Encoder_Info: lf=1663, rf=-1128, lr=-2, rr=3758
TeleOp.printPidInfo_Info: [14.890] encoderXPidCtrl: Target=  23.9, Input=  23.4, Error=   0.5, PIDTerms= 0.069/ 0.000/ 0.010/ 0.000, Output= 0.079(-1.000/1.000)
TeleOp.printPidInfo_Info: [14.890] encoderYPidCtrl: Target=  12.7, Input=  18.2, Error=  -5.5, PIDTerms=-0.111/ 0.000/ 0.006/ 0.000, Output=-0.105(-1.000/1.000)
TeleOp.printPidInfo_Info: [14.890] gyroPidCtrl: Target= -90.0, Input= -90.7, Error=   0.7, PIDTerms= 0.012/ 0.000/-0.000/-0.000, Output= 0.012(-0.500/0.500)
TeleOp.Battery_Info: Voltage=13.29V (11.72V)
TeleOp.Raw Encoder_Info: lf=1643, rf=-1149, lr=-2, rr=3736
TeleOp.printPidInfo_Info: [15.026] encoderXPidCtrl: Target=  23.9, Input=  23.4, Error=   0.5, PIDTerms= 0.069/ 0.000/ 0.000/ 0.000, Output= 0.069(-1.000/1.000)
TeleOp.printPidInfo_Info: [15.026] encoderYPidCtrl: Target=  12.7, Input=  17.9, Error=  -5.3, PIDTerms=-0.105/ 0.000/ 0.004/ 0.000, Output=-0.101(-1.000/1.000)
TeleOp.printPidInfo_Info: [15.026] gyroPidCtrl: Target= -90.0, Input= -90.7, Error=   0.7, PIDTerms= 0.012/ 0.000/ 0.000/-0.000, Output= 0.013(-0.500/0.500)
TeleOp.Robot_Info: [15.205] >>>>> DONE: xPos= 23.33/  0.00,yPos= 17.46/ -7.50,heading= -90.6/ -90.0,volt=13.35V(11.72V)
TeleOp.FtcOpMode_Info:             Auto: Periodic=0.000004, Continuous=0.010476, SDK=0.000753
TeleOp.TaskPerformance_Info:     TrcDriveBase: PrePeriodic=NaN, PostPeriodic=NaN, PreContinuous=0.050502, PostContinous=NaN
TeleOp.TaskPerformance_Info:    elevatorMotor: PrePeriodic=NaN, PostPeriodic=NaN, PreContinuous=0.005493, PostContinous=NaN
TeleOp.TaskPerformance_Info:    relicArmElbow: PrePeriodic=NaN, PostPeriodic=NaN, PreContinuous=0.005552, PostContinous=NaN
