Auto.FtcAuto_Info: Sat Dec 02 22:29:26 PST 2017: ***** Starting autonomous *****
Auto.Robot_Info: [0.091]  DEPLOY_JEWEL_ARM: xPos= 11.93/  0.00,yPos=-24.44/  0.00,heading=   0.0/   0.0,volt=12.48V(12.45V)
Auto.WHACK_JEWEL_Info: VuMark: UNKNOWN
Auto.WHACK_JEWEL_Info: 0: Color=RED, HSV=[12.244899/0.457944/0.419608]
Auto.Robot_Info: [0.612]       WHACK_JEWEL: xPos= 11.93/  0.00,yPos=-24.44/  0.00,heading=   0.1/   0.0,volt=12.46V(12.45V)
Auto.Robot_Info: [1.208] MOVE_JEWEL_ARM_UP: xPos= 11.93/  0.00,yPos=-24.44/  0.00,heading=   0.1/   0.0,volt=12.49V(12.44V)
Auto.Robot_Info: [1.587]   RESET_JEWEL_ARM: xPos= 11.93/  0.00,yPos=-24.44/  0.00,heading=   0.1/   0.0,volt=12.44V(12.44V)
Auto.DO_DELAY_Info: Delay=0
Auto.Robot_Info: [1.911]          DO_DELAY: xPos= 11.93/  0.00,yPos=-24.44/  0.00,heading=   0.1/   0.0,volt=12.44V(12.39V)
Auto.Robot_Info: [1.998]   GRAB_LIFT_GLYPH: xPos= 11.93/  0.00,yPos=-24.44/  0.00,heading=   0.1/   0.0,volt=12.48V(12.39V)
Auto.Robot_Info: [4.189] DRIVE_OFF_PLATFORM: xPos= 11.93/  0.00,yPos=-24.44/ 25.00,heading=   0.1/   0.0,volt=12.38V(11.85V)
Auto.Battery_Info: Voltage=12.38V (11.85V)
Auto.printPidInfo_Info: encoderYPidCtrl: Target=   0.6, Input=   0.0, Error=  25.0, PIDTerms= 0.000/ 0.000/ 0.000/ 0.000, Output= 0.000(-0.500/0.500)
Auto.printPidInfo_Info: gyroPidCtrl: Target=   0.0, Input=   0.0, Error=  -0.1, PIDTerms= 0.000/ 0.000/ 0.000/ 0.000, Output= 0.000(-0.500/0.500)
Auto.Battery_Info: Voltage=11.64V (11.63V)
Auto.printPidInfo_Info: encoderYPidCtrl: Target=   0.6, Input= -24.4, Error=  25.0, PIDTerms= 0.500/ 0.000/ 0.000/ 0.000, Output= 0.500(-0.500/0.500)
Auto.printPidInfo_Info: gyroPidCtrl: Target=   0.0, Input=   0.1, Error=  -0.1, PIDTerms=-0.002/ 0.000/ 0.000/ 0.000, Output=-0.002(-0.500/0.500)
Auto.Battery_Info: Voltage=10.82V (10.92V)
Auto.printPidInfo_Info: encoderYPidCtrl: Target=   0.6, Input=   0.5, Error=   0.1, PIDTerms= 0.002/ 0.000/-0.327/ 0.000, Output=-0.325(-0.500/0.500)
Auto.printPidInfo_Info: gyroPidCtrl: Target=   0.0, Input=   0.1, Error=  -0.1, PIDTerms=-0.002/ 0.000/ 0.000/ 0.000, Output=-0.002(-0.500/0.500)
Auto.Battery_Info: Voltage=10.96V (10.92V)
Auto.printPidInfo_Info: encoderYPidCtrl: Target=   0.6, Input=   1.5, Error=  -1.0, PIDTerms=-0.019/ 0.000/-0.017/ 0.000, Output=-0.037(-0.500/0.500)
Auto.printPidInfo_Info: gyroPidCtrl: Target=   0.0, Input=   0.9, Error=  -0.9, PIDTerms=-0.017/ 0.000/-0.012/ 0.000, Output=-0.029(-0.500/0.500)
Auto.Battery_Info: Voltage=10.99V (10.92V)
Auto.printPidInfo_Info: encoderYPidCtrl: Target=   0.6, Input=   0.9, Error=  -0.4, PIDTerms=-0.008/ 0.000/ 0.007/ 0.000, Output=-0.000(-0.500/0.500)
Auto.printPidInfo_Info: gyroPidCtrl: Target=   0.0, Input=   1.3, Error=  -1.3, PIDTerms=-0.023/ 0.000/-0.004/ 0.000, Output=-0.027(-0.500/0.500)
Auto.Battery_Info: Voltage=11.73V (10.92V)
Auto.printPidInfo_Info: encoderYPidCtrl: Target=   0.6, Input=   1.2, Error=  -0.7, PIDTerms=-0.014/ 0.000/-0.005/ 0.000, Output=-0.019(-0.500/0.500)
Auto.printPidInfo_Info: gyroPidCtrl: Target=   0.0, Input=   0.7, Error=  -0.7, PIDTerms=-0.013/ 0.000/ 0.008/ 0.000, Output=-0.006(-0.500/0.500)
Auto.Battery_Info: Voltage=12.08V (10.92V)
Auto.printPidInfo_Info: encoderYPidCtrl: Target=   0.6, Input=   2.0, Error=  -1.4, PIDTerms=-0.028/ 0.000/-0.009/ 0.000, Output=-0.037(-0.500/0.500)
Auto.printPidInfo_Info: gyroPidCtrl: Target=   0.0, Input=   2.3, Error=  -2.3, PIDTerms=-0.041/ 0.000/-0.017/ 0.000, Output=-0.058(-0.500/0.500)
Auto.Battery_Info: Voltage=10.82V (10.82V)
Auto.printPidInfo_Info: encoderYPidCtrl: Target=   0.6, Input=   7.6, Error=  -7.1, PIDTerms=-0.141/ 0.000/-0.052/ 0.000, Output=-0.194(-0.500/0.500)
Auto.printPidInfo_Info: gyroPidCtrl: Target=   0.0, Input=   0.4, Error=  -0.4, PIDTerms=-0.008/ 0.000/ 0.016/ 0.000, Output= 0.008(-0.500/0.500)
Auto.Battery_Info: Voltage=10.75V (10.82V)
Auto.printPidInfo_Info: encoderYPidCtrl: Target=   0.6, Input=   8.3, Error=  -7.7, PIDTerms=-0.154/ 0.000/-0.006/ 0.000, Output=-0.160(-0.500/0.500)
Auto.printPidInfo_Info: gyroPidCtrl: Target=   0.0, Input=   1.2, Error=  -1.2, PIDTerms=-0.021/ 0.000/-0.006/ 0.000, Output=-0.027(-0.500/0.500)
Auto.Battery_Info: Voltage=12.18V (10.82V)
Auto.printPidInfo_Info: encoderYPidCtrl: Target=   0.6, Input=   8.0, Error=  -7.4, PIDTerms=-0.149/ 0.000/ 0.004/ 0.000, Output=-0.145(-0.500/0.500)
Auto.printPidInfo_Info: gyroPidCtrl: Target=   0.0, Input=   3.2, Error=  -3.2, PIDTerms=-0.057/ 0.000/-0.029/ 0.000, Output=-0.086(-0.500/0.500)
Auto.Battery_Info: Voltage=11.99V (10.82V)
Auto.printPidInfo_Info: encoderYPidCtrl: Target=   0.6, Input=   7.4, Error=  -6.9, PIDTerms=-0.137/ 0.000/ 0.010/ 0.000, Output=-0.127(-0.500/0.500)
Auto.printPidInfo_Info: gyroPidCtrl: Target=   0.0, Input=   6.3, Error=  -6.3, PIDTerms=-0.113/ 0.000/-0.046/ 0.000, Output=-0.159(-0.500/0.500)
Auto.Battery_Info: Voltage=12.26V (10.82V)
Auto.printPidInfo_Info: encoderYPidCtrl: Target=   0.6, Input=   6.1, Error=  -5.6, PIDTerms=-0.112/ 0.000/ 0.021/ 0.000, Output=-0.091(-0.500/0.500)
Auto.printPidInfo_Info: gyroPidCtrl: Target=   0.0, Input=   5.8, Error=  -5.8, PIDTerms=-0.104/ 0.000/ 0.007/ 0.000, Output=-0.098(-0.500/0.500)
Auto.Battery_Info: Voltage=12.20V (10.82V)
Auto.printPidInfo_Info: encoderYPidCtrl: Target=   0.6, Input=   5.3, Error=  -4.7, PIDTerms=-0.094/ 0.000/ 0.011/ 0.000, Output=-0.083(-0.500/0.500)
Auto.printPidInfo_Info: gyroPidCtrl: Target=   0.0, Input=   5.1, Error=  -5.1, PIDTerms=-0.092/ 0.000/ 0.009/ 0.000, Output=-0.083(-0.500/0.500)
Auto.Battery_Info: Voltage=12.31V (10.82V)
Auto.printPidInfo_Info: encoderYPidCtrl: Target=   0.6, Input=   4.7, Error=  -4.1, PIDTerms=-0.082/ 0.000/ 0.010/ 0.000, Output=-0.072(-0.500/0.500)
Auto.printPidInfo_Info: gyroPidCtrl: Target=   0.0, Input=   2.3, Error=  -2.3, PIDTerms=-0.041/ 0.000/ 0.041/ 0.000, Output= 0.000(-0.500/0.500)
Auto.Robot_Info: [6.447]     DRIVE_TO_WALL: xPos= 11.80/  0.00,yPos=  4.25/ 14.50,heading=   0.9/   0.0,volt=12.33V(10.82V)
Auto.Battery_Info: Voltage=12.33V (10.82V)
Auto.printPidInfo_Info: sonarYPidCtrl: Target=  14.5, Input=   0.0, Error=  92.6, PIDTerms= 0.000/ 0.000/ 0.000/ 0.000, Output= 0.000(-1.000/1.000)
Auto.printPidInfo_Info: gyroPidCtrl: Target=   0.0, Input=   1.5, Error=  -0.9, PIDTerms=-0.026/ 0.000/ 0.013/ 0.000, Output= 0.000(-0.500/0.500)
Auto.Battery_Info: Voltage=10.63V (10.42V)
Auto.printPidInfo_Info: sonarYPidCtrl: Target=  14.5, Input= 107.1, Error=  92.6, PIDTerms= 1.037/ 0.000/ 0.000/ 0.000, Output= 1.000(-1.000/1.000)
Auto.printPidInfo_Info: gyroPidCtrl: Target=   0.0, Input=   0.9, Error=  -0.9, PIDTerms=-0.017/ 0.000/ 0.000/ 0.000, Output=-0.017(-0.500/0.500)
Auto.Battery_Info: Voltage=10.84V (10.42V)
Auto.printPidInfo_Info: sonarYPidCtrl: Target=  14.5, Input= 107.1, Error=  92.6, PIDTerms= 1.037/ 0.000/ 0.000/ 0.000, Output= 1.000(-1.000/1.000)
Auto.printPidInfo_Info: gyroPidCtrl: Target=   0.0, Input=   1.0, Error=  -1.0, PIDTerms=-0.018/ 0.000/-0.001/ 0.000, Output=-0.019(-0.500/0.500)
Auto.Battery_Info: Voltage= 0.00V ( 0.00V)
Auto.printPidInfo_Info: sonarYPidCtrl: Target=  14.5, Input= 107.4, Error=  92.9, PIDTerms= 1.040/ 0.000/ 0.000/ 0.000, Output= 1.000(-1.000/1.000)
Auto.printPidInfo_Info: gyroPidCtrl: Target=   0.0, Input=   1.3, Error=  -1.3, PIDTerms=-0.024/ 0.000/-0.004/ 0.000, Output=-0.028(-0.500/0.500)
