Auto.FtcAuto_Info: Sun Dec 03 00:28:30 PST 2017: ***** Starting autonomous *****
Auto.Robot_Info: ***** [0.104] *****  DEPLOY_JEWEL_ARM: xPos=  0.00/  0.00,yPos=  0.00/  0.00,heading=  -0.0/   0.0,volt=13.10V(13.10V)
Auto.WHACK_JEWEL_Info: VuMark: UNKNOWN
Auto.WHACK_JEWEL_Info: 0: Color=RED, HSV=[6.835443/0.564286/0.549020]
Auto.Robot_Info: ***** [0.753] *****       WHACK_JEWEL: xPos=  0.00/  0.00,yPos=  0.00/  0.00,heading=   0.1/   0.0,volt=13.12V(13.08V)
Auto.Robot_Info: ***** [1.400] ***** MOVE_JEWEL_ARM_UP: xPos=  0.00/  0.00,yPos=  0.00/  0.00,heading=   0.1/   0.0,volt=13.10V(13.08V)
Auto.Robot_Info: ***** [1.807] *****   RESET_JEWEL_ARM: xPos=  0.00/  0.00,yPos=  0.00/  0.00,heading=   0.1/   0.0,volt=13.11V(13.07V)
Auto.DO_DELAY_Info: Delay=0
Auto.Robot_Info: ***** [2.237] *****          DO_DELAY: xPos=  0.00/  0.00,yPos=  0.00/  0.00,heading=   0.1/   0.0,volt=13.10V(13.07V)
Auto.Robot_Info: ***** [2.327] *****   GRAB_LIFT_GLYPH: xPos=  0.00/  0.00,yPos=  0.00/  0.00,heading=   0.1/   0.0,volt=13.10V(13.07V)
Auto.Robot_Info: ***** [4.562] ***** DRIVE_OFF_PLATFORM: xPos=  0.00/  0.00,yPos=  0.00/  0.00,heading=   0.2/   0.0,volt=12.38V(12.60V)
Auto.Robot_Info: ***** [5.337] *****     DRIVE_TO_WALL: xPos= -2.60/  0.00,yPos=-12.79/  0.00,heading=  -1.0/   0.0,volt=12.87V(12.43V)
Auto.Robot_Info: ***** [5.512] ***** TURN_TO_CRYPTOBOX: xPos=-12.85/  0.00,yPos= -6.26/  0.00,heading=  -0.7/ 180.0,volt=12.88V(12.43V)
Auto.Battery_Info: Voltage=12.88V (12.43V)
Auto.printPidInfo_Info: encoderXPidCtrl: Target= -12.9, Input=   0.0, Error=   0.0, PIDTerms= 0.000/ 0.000/ 0.000/ 0.000, Output= 0.000(-1.000/1.000)
Auto.printPidInfo_Info: encoderYPidCtrl: Target=  -6.3, Input=   0.0, Error=   0.0, PIDTerms= 0.000/ 0.000/ 0.000/ 0.000, Output= 0.000(-1.000/1.000)
Auto.printPidInfo_Info: gyroPidCtrl: Target= 180.0, Input=   0.0, Error= 180.7, PIDTerms= 0.000/ 0.000/ 0.000/ 0.000, Output= 0.000(-0.500/0.500)
Auto.Battery_Info: Voltage=12.29V (12.29V)
Auto.printPidInfo_Info: encoderXPidCtrl: Target= -12.9, Input=   0.0, Error=   0.0, PIDTerms= 0.000/ 0.000/ 0.000/ 0.000, Output= 0.000(-1.000/1.000)
Auto.printPidInfo_Info: encoderYPidCtrl: Target=  -6.3, Input=   0.0, Error=   0.0, PIDTerms= 0.000/ 0.000/ 0.000/ 0.000, Output= 0.000(-1.000/1.000)
Auto.printPidInfo_Info: gyroPidCtrl: Target= 180.0, Input=  -0.7, Error= 180.7, PIDTerms= 3.253/ 0.000/ 0.000/ 0.000, Output= 0.500(-0.500/0.500)
Auto.Battery_Info: Voltage=12.41V (12.29V)
Auto.printPidInfo_Info: encoderXPidCtrl: Target= -12.9, Input=   0.0, Error=   0.0, PIDTerms= 0.000/ 0.000/ 0.000/ 0.000, Output= 0.000(-1.000/1.000)
Auto.printPidInfo_Info: encoderYPidCtrl: Target=  -6.3, Input=   0.0, Error=   0.0, PIDTerms= 0.000/ 0.000/ 0.000/ 0.000, Output= 0.000(-1.000/1.000)
Auto.printPidInfo_Info: gyroPidCtrl: Target= 180.0, Input=  -0.1, Error= 180.1, PIDTerms= 3.242/ 0.000/-0.009/ 0.000, Output= 0.500(-0.500/0.500)
Auto.Battery_Info: Voltage=12.42V (12.29V)
Auto.printPidInfo_Info: encoderXPidCtrl: Target= -12.9, Input=   0.0, Error=   0.0, PIDTerms= 0.000/ 0.000/ 0.000/ 0.000, Output= 0.000(-1.000/1.000)
Auto.printPidInfo_Info: encoderYPidCtrl: Target=  -6.3, Input=   0.0, Error=   0.0, PIDTerms= 0.000/ 0.000/ 0.000/ 0.000, Output= 0.000(-1.000/1.000)
Auto.printPidInfo_Info: gyroPidCtrl: Target= 180.0, Input=   1.5, Error= 178.5, PIDTerms= 3.212/ 0.000/-0.026/ 0.000, Output= 0.500(-0.500/0.500)
Auto.Battery_Info: Voltage=12.44V (12.29V)
Auto.printPidInfo_Info: encoderXPidCtrl: Target= -12.9, Input=   0.0, Error=   0.0, PIDTerms= 0.000/ 0.000/ 0.000/ 0.000, Output= 0.000(-1.000/1.000)
Auto.printPidInfo_Info: encoderYPidCtrl: Target=  -6.3, Input=   0.0, Error=   0.0, PIDTerms= 0.000/ 0.000/ 0.000/ 0.000, Output= 0.000(-1.000/1.000)
Auto.printPidInfo_Info: gyroPidCtrl: Target= 180.0, Input=   8.4, Error= 171.6, PIDTerms= 3.089/ 0.000/-0.144/ 0.000, Output= 0.500(-0.500/0.500)
Auto.Battery_Info: Voltage=12.28V (12.28V)
Auto.printPidInfo_Info: encoderXPidCtrl: Target= -12.9, Input=   0.0, Error=   0.0, PIDTerms= 0.000/ 0.000/ 0.000/ 0.000, Output= 0.000(-1.000/1.000)
Auto.printPidInfo_Info: encoderYPidCtrl: Target=  -6.3, Input=   0.0, Error=   0.0, PIDTerms= 0.000/ 0.000/ 0.000/ 0.000, Output= 0.000(-1.000/1.000)
Auto.printPidInfo_Info: gyroPidCtrl: Target= 180.0, Input=  15.9, Error= 164.1, PIDTerms= 2.954/ 0.000/-0.120/ 0.000, Output= 0.500(-0.500/0.500)
Auto.Battery_Info: Voltage=12.28V (12.28V)
Auto.printPidInfo_Info: encoderXPidCtrl: Target= -12.9, Input=   0.0, Error=   0.0, PIDTerms= 0.000/ 0.000/ 0.000/ 0.000, Output= 0.000(-1.000/1.000)
Auto.printPidInfo_Info: encoderYPidCtrl: Target=  -6.3, Input=   0.0, Error=   0.0, PIDTerms= 0.000/ 0.000/ 0.000/ 0.000, Output= 0.000(-1.000/1.000)
Auto.printPidInfo_Info: gyroPidCtrl: Target= 180.0, Input=  27.7, Error= 152.3, PIDTerms= 2.742/ 0.000/-0.135/ 0.000, Output= 0.500(-0.500/0.500)
Auto.Battery_Info: Voltage=12.29V (12.28V)
Auto.printPidInfo_Info: encoderXPidCtrl: Target= -12.9, Input=   0.0, Error=   0.0, PIDTerms= 0.000/ 0.000/ 0.000/ 0.000, Output= 0.000(-1.000/1.000)
Auto.printPidInfo_Info: encoderYPidCtrl: Target=  -6.3, Input=   0.0, Error=   0.0, PIDTerms= 0.000/ 0.000/ 0.000/ 0.000, Output= 0.000(-1.000/1.000)
Auto.printPidInfo_Info: gyroPidCtrl: Target= 180.0, Input=  39.9, Error= 140.1, PIDTerms= 2.521/ 0.000/-0.244/ 0.000, Output= 0.500(-0.500/0.500)
Auto.Battery_Info: Voltage=12.33V (12.28V)
Auto.printPidInfo_Info: encoderXPidCtrl: Target= -12.9, Input=   0.0, Error=   0.0, PIDTerms= 0.000/ 0.000/ 0.000/ 0.000, Output= 0.000(-1.000/1.000)
Auto.printPidInfo_Info: encoderYPidCtrl: Target=  -6.3, Input=   0.0, Error=   0.0, PIDTerms= 0.000/ 0.000/ 0.000/ 0.000, Output= 0.000(-1.000/1.000)
Auto.printPidInfo_Info: gyroPidCtrl: Target= 180.0, Input=  49.3, Error= 130.7, PIDTerms= 2.352/ 0.000/-0.169/ 0.000, Output= 0.500(-0.500/0.500)
Auto.Battery_Info: Voltage=12.44V (12.28V)
Auto.printPidInfo_Info: encoderXPidCtrl: Target= -12.9, Input=   0.0, Error=   0.0, PIDTerms= 0.000/ 0.000/ 0.000/ 0.000, Output= 0.000(-1.000/1.000)
Auto.printPidInfo_Info: encoderYPidCtrl: Target=  -6.3, Input=   0.0, Error=   0.0, PIDTerms= 0.000/ 0.000/ 0.000/ 0.000, Output= 0.000(-1.000/1.000)
Auto.printPidInfo_Info: gyroPidCtrl: Target= 180.0, Input=  59.4, Error= 120.6, PIDTerms= 2.171/ 0.000/-0.204/ 0.000, Output= 0.500(-0.500/0.500)
Auto.Battery_Info: Voltage=12.54V (12.28V)
Auto.printPidInfo_Info: encoderXPidCtrl: Target= -12.9, Input=   0.0, Error=   0.0, PIDTerms= 0.000/ 0.000/ 0.000/ 0.000, Output= 0.000(-1.000/1.000)
Auto.printPidInfo_Info: encoderYPidCtrl: Target=  -6.3, Input=   0.0, Error=   0.0, PIDTerms= 0.000/ 0.000/ 0.000/ 0.000, Output= 0.000(-1.000/1.000)
Auto.printPidInfo_Info: gyroPidCtrl: Target= 180.0, Input=  70.6, Error= 109.4, PIDTerms= 1.970/ 0.000/-0.174/ 0.000, Output= 0.500(-0.500/0.500)
Auto.Battery_Info: Voltage=12.54V (12.28V)
Auto.printPidInfo_Info: encoderXPidCtrl: Target= -12.9, Input=   0.0, Error=   0.0, PIDTerms= 0.000/ 0.000/ 0.000/ 0.000, Output= 0.000(-1.000/1.000)
Auto.printPidInfo_Info: encoderYPidCtrl: Target=  -6.3, Input=   0.0, Error=   0.0, PIDTerms= 0.000/ 0.000/ 0.000/ 0.000, Output= 0.000(-1.000/1.000)
Auto.printPidInfo_Info: gyroPidCtrl: Target= 180.0, Input=  82.1, Error=  97.9, PIDTerms= 1.763/ 0.000/-0.141/ 0.000, Output= 0.500(-0.500/0.500)
Auto.Battery_Info: Voltage=12.54V (12.28V)
Auto.printPidInfo_Info: encoderXPidCtrl: Target= -12.9, Input=   0.0, Error=   0.0, PIDTerms= 0.000/ 0.000/ 0.000/ 0.000, Output= 0.000(-1.000/1.000)
Auto.printPidInfo_Info: encoderYPidCtrl: Target=  -6.3, Input=   0.0, Error=   0.0, PIDTerms= 0.000/ 0.000/ 0.000/ 0.000, Output= 0.000(-1.000/1.000)
Auto.printPidInfo_Info: gyroPidCtrl: Target= 180.0, Input=  95.9, Error=  84.1, PIDTerms= 1.514/ 0.000/-0.276/ 0.000, Output= 0.500(-0.500/0.500)
Auto.Battery_Info: Voltage=12.55V (12.28V)
Auto.printPidInfo_Info: encoderXPidCtrl: Target= -12.9, Input=   0.0, Error=   0.0, PIDTerms= 0.000/ 0.000/ 0.000/ 0.000, Output= 0.000(-1.000/1.000)
Auto.printPidInfo_Info: encoderYPidCtrl: Target=  -6.3, Input=   0.0, Error=   0.0, PIDTerms= 0.000/ 0.000/ 0.000/ 0.000, Output= 0.000(-1.000/1.000)
Auto.printPidInfo_Info: gyroPidCtrl: Target= 180.0, Input= 109.0, Error=  71.0, PIDTerms= 1.278/ 0.000/-0.248/ 0.000, Output= 0.500(-0.500/0.500)
Auto.Battery_Info: Voltage=12.52V (12.28V)
Auto.printPidInfo_Info: encoderXPidCtrl: Target= -12.9, Input=   0.0, Error=   0.0, PIDTerms= 0.000/ 0.000/ 0.000/ 0.000, Output= 0.000(-1.000/1.000)
Auto.printPidInfo_Info: encoderYPidCtrl: Target=  -6.3, Input=   0.0, Error=   0.0, PIDTerms= 0.000/ 0.000/ 0.000/ 0.000, Output= 0.000(-1.000/1.000)
Auto.printPidInfo_Info: gyroPidCtrl: Target= 180.0, Input= 118.1, Error=  61.9, PIDTerms= 1.115/ 0.000/-0.181/ 0.000, Output= 0.500(-0.500/0.500)
Auto.Battery_Info: Voltage=12.53V (12.28V)
Auto.printPidInfo_Info: encoderXPidCtrl: Target= -12.9, Input=   0.0, Error=   0.0, PIDTerms= 0.000/ 0.000/ 0.000/ 0.000, Output= 0.000(-1.000/1.000)
Auto.printPidInfo_Info: encoderYPidCtrl: Target=  -6.3, Input=   0.0, Error=   0.0, PIDTerms= 0.000/ 0.000/ 0.000/ 0.000, Output= 0.000(-1.000/1.000)
Auto.printPidInfo_Info: gyroPidCtrl: Target= 180.0, Input= 128.0, Error=  52.0, PIDTerms= 0.936/ 0.000/-0.196/ 0.000, Output= 0.500(-0.500/0.500)
Auto.Battery_Info: Voltage=12.52V (12.28V)
Auto.printPidInfo_Info: encoderXPidCtrl: Target= -12.9, Input=   0.0, Error=   0.0, PIDTerms= 0.000/ 0.000/ 0.000/ 0.000, Output= 0.000(-1.000/1.000)
Auto.printPidInfo_Info: encoderYPidCtrl: Target=  -6.3, Input=   0.0, Error=   0.0, PIDTerms= 0.000/ 0.000/ 0.000/ 0.000, Output= 0.000(-1.000/1.000)
Auto.printPidInfo_Info: gyroPidCtrl: Target= 180.0, Input= 139.1, Error=  40.9, PIDTerms= 0.737/ 0.000/-0.156/ 0.000, Output= 0.500(-0.500/0.500)
Auto.Battery_Info: Voltage=12.78V (12.28V)
Auto.printPidInfo_Info: encoderXPidCtrl: Target= -12.9, Input=   0.0, Error=   0.0, PIDTerms= 0.000/ 0.000/ 0.000/ 0.000, Output= 0.000(-1.000/1.000)
Auto.printPidInfo_Info: encoderYPidCtrl: Target=  -6.3, Input=   0.0, Error=   0.0, PIDTerms= 0.000/ 0.000/ 0.000/ 0.000, Output= 0.000(-1.000/1.000)
Auto.printPidInfo_Info: gyroPidCtrl: Target= 180.0, Input= 152.2, Error=  27.8, PIDTerms= 0.501/ 0.000/-0.234/ 0.000, Output= 0.267(-0.500/0.500)
Auto.Battery_Info: Voltage=12.85V (12.28V)
Auto.printPidInfo_Info: encoderXPidCtrl: Target= -12.9, Input=   0.0, Error=   0.0, PIDTerms= 0.000/ 0.000/ 0.000/ 0.000, Output= 0.000(-1.000/1.000)
Auto.printPidInfo_Info: encoderYPidCtrl: Target=  -6.3, Input=   0.0, Error=   0.0, PIDTerms= 0.000/ 0.000/ 0.000/ 0.000, Output= 0.000(-1.000/1.000)
Auto.printPidInfo_Info: gyroPidCtrl: Target= 180.0, Input= 162.3, Error=  17.7, PIDTerms= 0.319/ 0.000/-0.115/ 0.000, Output= 0.204(-0.500/0.500)
Auto.Battery_Info: Voltage=12.76V (12.28V)
Auto.printPidInfo_Info: encoderXPidCtrl: Target= -12.9, Input=   0.0, Error=   0.0, PIDTerms= 0.000/ 0.000/ 0.000/ 0.000, Output= 0.000(-1.000/1.000)
Auto.printPidInfo_Info: encoderYPidCtrl: Target=  -6.3, Input=   0.0, Error=   0.0, PIDTerms= 0.000/ 0.000/ 0.000/ 0.000, Output= 0.000(-1.000/1.000)
Auto.printPidInfo_Info: gyroPidCtrl: Target= 180.0, Input= 179.7, Error=   0.3, PIDTerms= 0.006/ 0.000/-0.278/ 0.000, Output=-0.272(-0.500/0.500)
Auto.Battery_Info: Voltage=12.74V (12.28V)
Auto.printPidInfo_Info: encoderXPidCtrl: Target= -12.9, Input=   0.0, Error=   0.0, PIDTerms= 0.000/ 0.000/ 0.000/ 0.000, Output= 0.000(-1.000/1.000)
Auto.printPidInfo_Info: encoderYPidCtrl: Target=  -6.3, Input=   0.0, Error=   0.0, PIDTerms= 0.000/ 0.000/ 0.000/ 0.000, Output= 0.000(-1.000/1.000)
Auto.printPidInfo_Info: gyroPidCtrl: Target= 180.0, Input= 188.8, Error=  -8.8, PIDTerms=-0.158/ 0.000/-0.122/ 0.000, Output=-0.280(-0.500/0.500)
Auto.Battery_Info: Voltage=12.74V (12.28V)
Auto.printPidInfo_Info: encoderXPidCtrl: Target= -12.9, Input=   0.0, Error=   0.0, PIDTerms= 0.000/ 0.000/ 0.000/ 0.000, Output= 0.000(-1.000/1.000)
Auto.printPidInfo_Info: encoderYPidCtrl: Target=  -6.3, Input=   0.0, Error=   0.0, PIDTerms= 0.000/ 0.000/ 0.000/ 0.000, Output= 0.000(-1.000/1.000)
Auto.printPidInfo_Info: gyroPidCtrl: Target= 180.0, Input= 192.1, Error= -12.1, PIDTerms=-0.218/ 0.000/-0.043/ 0.000, Output=-0.261(-0.500/0.500)
Auto.Battery_Info: Voltage=12.94V (12.28V)
Auto.printPidInfo_Info: encoderXPidCtrl: Target= -12.9, Input=   0.0, Error=   0.0, PIDTerms= 0.000/ 0.000/ 0.000/ 0.000, Output= 0.000(-1.000/1.000)
Auto.printPidInfo_Info: encoderYPidCtrl: Target=  -6.3, Input=   0.0, Error=   0.0, PIDTerms= 0.000/ 0.000/ 0.000/ 0.000, Output= 0.000(-1.000/1.000)
Auto.printPidInfo_Info: gyroPidCtrl: Target= 180.0, Input= 187.8, Error=  -7.8, PIDTerms=-0.140/ 0.000/ 0.067/ 0.000, Output=-0.073(-0.500/0.500)
Auto.Battery_Info: Voltage=12.97V (12.28V)
Auto.printPidInfo_Info: encoderXPidCtrl: Target= -12.9, Input=   0.0, Error=   0.0, PIDTerms= 0.000/ 0.000/ 0.000/ 0.000, Output= 0.000(-1.000/1.000)
Auto.printPidInfo_Info: encoderYPidCtrl: Target=  -6.3, Input=   0.0, Error=   0.0, PIDTerms= 0.000/ 0.000/ 0.000/ 0.000, Output= 0.000(-1.000/1.000)
Auto.printPidInfo_Info: gyroPidCtrl: Target= 180.0, Input= 182.4, Error=  -2.4, PIDTerms=-0.044/ 0.000/ 0.069/ 0.000, Output= 0.026(-0.500/0.500)
Auto.Battery_Info: Voltage=12.95V (12.28V)
Auto.printPidInfo_Info: encoderXPidCtrl: Target= -12.9, Input=   0.0, Error=   0.0, PIDTerms= 0.000/ 0.000/ 0.000/ 0.000, Output= 0.000(-1.000/1.000)
Auto.printPidInfo_Info: encoderYPidCtrl: Target=  -6.3, Input=   0.0, Error=   0.0, PIDTerms= 0.000/ 0.000/ 0.000/ 0.000, Output= 0.000(-1.000/1.000)
Auto.printPidInfo_Info: gyroPidCtrl: Target= 180.0, Input= 178.1, Error=   1.9, PIDTerms= 0.035/ 0.000/ 0.065/ 0.000, Output= 0.100(-0.500/0.500)
Auto.Robot_Info: ***** [8.774] *****   ALIGN_CRYPTOBOX: xPos=-20.36/-19.00,yPos=  4.14/  0.00,heading= 177.9/ 180.0,volt=13.01V(12.28V)
Auto.Battery_Info: Voltage=13.02V (12.28V)
Auto.printPidInfo_Info: encoderXPidCtrl: Target= -39.4, Input=   0.0, Error= -19.0, PIDTerms= 0.000/ 0.000/ 0.000/ 0.000, Output= 0.000(-1.000/1.000)
Auto.printPidInfo_Info: encoderYPidCtrl: Target=   4.1, Input=   0.0, Error=   0.0, PIDTerms= 0.000/ 0.000/ 0.000/ 0.000, Output= 0.000(-1.000/1.000)
Auto.printPidInfo_Info: gyroPidCtrl: Target= 180.0, Input= 177.9, Error=   2.1, PIDTerms= 0.038/ 0.000/ 0.003/ 0.000, Output= 0.000(-0.500/0.500)
Auto.Battery_Info: Voltage=11.22V (11.38V)
Auto.printPidInfo_Info: encoderXPidCtrl: Target= -39.4, Input= -20.4, Error= -19.0, PIDTerms=-2.850/ 0.000/ 0.000/-0.000, Output=-1.000(-1.000/1.000)
Auto.printPidInfo_Info: encoderYPidCtrl: Target=   4.1, Input=   4.1, Error=   0.0, PIDTerms= 0.000/ 0.000/ 0.000/ 0.000, Output= 0.000(-1.000/1.000)
Auto.printPidInfo_Info: gyroPidCtrl: Target= 180.0, Input= 177.9, Error=   2.1, PIDTerms= 0.038/ 0.000/ 0.000/ 0.000, Output= 0.038(-0.500/0.500)
Auto.Battery_Info: Voltage=11.52V (11.38V)
Auto.printPidInfo_Info: encoderXPidCtrl: Target= -39.4, Input= -20.7, Error= -18.7, PIDTerms=-2.801/ 0.000/ 0.034/-0.000, Output=-1.000(-1.000/1.000)
Auto.printPidInfo_Info: encoderYPidCtrl: Target=   4.1, Input=   4.0, Error=   0.1, PIDTerms= 0.002/ 0.000/ 0.001/ 0.000, Output= 0.003(-1.000/1.000)
Auto.printPidInfo_Info: gyroPidCtrl: Target= 180.0, Input= 178.0, Error=   2.0, PIDTerms= 0.036/ 0.000/-0.002/ 0.000, Output= 0.034(-0.500/0.500)
Auto.Battery_Info: Voltage=11.70V (11.38V)
Auto.printPidInfo_Info: encoderXPidCtrl: Target= -39.4, Input= -25.9, Error= -13.5, PIDTerms=-2.022/ 0.000/ 0.295/-0.000, Output=-1.000(-1.000/1.000)
Auto.printPidInfo_Info: encoderYPidCtrl: Target=   4.1, Input=   4.0, Error=   0.1, PIDTerms= 0.003/ 0.000/ 0.000/ 0.000, Output= 0.003(-1.000/1.000)
Auto.printPidInfo_Info: gyroPidCtrl: Target= 180.0, Input= 177.8, Error=   2.2, PIDTerms= 0.039/ 0.000/ 0.001/ 0.000, Output= 0.040(-0.500/0.500)
Auto.Battery_Info: Voltage=12.06V (11.38V)
Auto.printPidInfo_Info: encoderXPidCtrl: Target= -39.4, Input= -30.7, Error=  -8.6, PIDTerms=-1.293/ 0.000/ 0.446/-0.000, Output=-0.848(-1.000/1.000)
Auto.printPidInfo_Info: encoderYPidCtrl: Target=   4.1, Input=   3.9, Error=   0.2, PIDTerms= 0.004/ 0.000/ 0.001/ 0.000, Output= 0.005(-1.000/1.000)
Auto.printPidInfo_Info: gyroPidCtrl: Target= 180.0, Input= 179.1, Error=   0.9, PIDTerms= 0.016/ 0.000/-0.016/ 0.000, Output= 0.000(-0.500/0.500)
Auto.Battery_Info: Voltage=12.84V (11.38V)
Auto.printPidInfo_Info: encoderXPidCtrl: Target= -39.4, Input= -35.5, Error=  -3.9, PIDTerms=-0.579/ 0.000/ 0.420/-0.000, Output=-0.159(-1.000/1.000)
Auto.printPidInfo_Info: encoderYPidCtrl: Target=   4.1, Input=   3.9, Error=   0.2, PIDTerms= 0.005/ 0.000/ 0.000/ 0.000, Output= 0.005(-1.000/1.000)
Auto.printPidInfo_Info: gyroPidCtrl: Target= 180.0, Input= 181.3, Error=  -1.3, PIDTerms=-0.024/ 0.000/-0.026/ 0.000, Output=-0.049(-0.500/0.500)
Auto.Battery_Info: Voltage=12.51V (11.38V)
Auto.printPidInfo_Info: encoderXPidCtrl: Target= -39.4, Input= -38.9, Error=  -0.5, PIDTerms=-0.072/ 0.000/ 0.381/-0.000, Output= 0.309(-1.000/1.000)
Auto.printPidInfo_Info: encoderYPidCtrl: Target=   4.1, Input=   3.8, Error=   0.3, PIDTerms= 0.006/ 0.000/ 0.001/ 0.000, Output= 0.007(-1.000/1.000)
Auto.printPidInfo_Info: gyroPidCtrl: Target= 180.0, Input= 183.3, Error=  -3.3, PIDTerms=-0.060/ 0.000/-0.031/ 0.000, Output=-0.091(-0.500/0.500)
Auto.Battery_Info: Voltage=12.40V (11.38V)
Auto.printPidInfo_Info: encoderXPidCtrl: Target= -39.4, Input= -41.0, Error=   1.6, PIDTerms= 0.239/ 0.000/ 0.175/-0.000, Output= 0.414(-1.000/1.000)
Auto.printPidInfo_Info: encoderYPidCtrl: Target=   4.1, Input=   3.8, Error=   0.3, PIDTerms= 0.006/ 0.000/ 0.000/ 0.000, Output= 0.006(-1.000/1.000)
Auto.printPidInfo_Info: gyroPidCtrl: Target= 180.0, Input= 184.3, Error=  -4.3, PIDTerms=-0.077/ 0.000/-0.010/ 0.000, Output=-0.087(-0.500/0.500)
Auto.Battery_Info: Voltage=12.92V (11.38V)
Auto.printPidInfo_Info: encoderXPidCtrl: Target= -39.4, Input= -40.1, Error=   0.7, PIDTerms= 0.112/ 0.000/-0.066/-0.000, Output= 0.046(-1.000/1.000)
Auto.printPidInfo_Info: encoderYPidCtrl: Target=   4.1, Input=   3.9, Error=   0.3, PIDTerms= 0.005/ 0.000/-0.001/ 0.000, Output= 0.005(-1.000/1.000)
Auto.printPidInfo_Info: gyroPidCtrl: Target= 180.0, Input= 184.3, Error=  -4.3, PIDTerms=-0.078/ 0.000/-0.001/ 0.000, Output=-0.079(-0.500/0.500)
Auto.Battery_Info: Voltage=11.80V (11.38V)
Auto.printPidInfo_Info: encoderXPidCtrl: Target= -39.4, Input= -27.6, Error= -11.7, PIDTerms=-1.759/ 0.000/-1.414/-0.000, Output=-1.000(-1.000/1.000)
Auto.printPidInfo_Info: encoderYPidCtrl: Target=   4.1, Input=  -9.2, Error=  13.4, PIDTerms= 0.268/ 0.000/ 0.218/ 0.000, Output= 0.486(-1.000/1.000)
Auto.printPidInfo_Info: gyroPidCtrl: Target= 180.0, Input= 181.6, Error=  -1.6, PIDTerms=-0.029/ 0.000/ 0.042/ 0.000, Output= 0.013(-0.500/0.500)
Auto.Battery_Info: Voltage=11.71V (11.38V)
Auto.printPidInfo_Info: encoderXPidCtrl: Target= -39.4, Input= -27.8, Error= -11.6, PIDTerms=-1.739/ 0.000/ 0.015/-0.000, Output=-1.000(-1.000/1.000)
Auto.printPidInfo_Info: encoderYPidCtrl: Target=   4.1, Input=  -9.0, Error=  13.1, PIDTerms= 0.263/ 0.000/-0.004/ 0.000, Output= 0.259(-1.000/1.000)
Auto.printPidInfo_Info: gyroPidCtrl: Target= 180.0, Input= 178.0, Error=   2.0, PIDTerms= 0.036/ 0.000/ 0.056/ 0.000, Output= 0.092(-0.500/0.500)
Auto.Battery_Info: Voltage=11.84V (11.38V)
Auto.printPidInfo_Info: encoderXPidCtrl: Target= -39.4, Input= -29.7, Error=  -9.7, PIDTerms=-1.448/ 0.000/ 0.212/-0.000, Output=-1.000(-1.000/1.000)
Auto.printPidInfo_Info: encoderYPidCtrl: Target=   4.1, Input=  -7.8, Error=  11.9, PIDTerms= 0.238/ 0.000/-0.020/ 0.000, Output= 0.218(-1.000/1.000)
Auto.printPidInfo_Info: gyroPidCtrl: Target= 180.0, Input= 176.0, Error=   4.0, PIDTerms= 0.071/ 0.000/ 0.028/ 0.000, Output= 0.100(-0.500/0.500)
Auto.Battery_Info: Voltage=11.86V (11.38V)
Auto.printPidInfo_Info: encoderXPidCtrl: Target= -39.4, Input= -32.3, Error=  -7.0, PIDTerms=-1.056/ 0.000/ 0.208/-0.000, Output=-0.848(-1.000/1.000)
Auto.printPidInfo_Info: encoderYPidCtrl: Target=   4.1, Input=  -6.4, Error=  10.6, PIDTerms= 0.211/ 0.000/-0.016/ 0.000, Output= 0.196(-1.000/1.000)
Auto.printPidInfo_Info: gyroPidCtrl: Target= 180.0, Input= 175.6, Error=   4.4, PIDTerms= 0.079/ 0.000/ 0.005/ 0.000, Output= 0.084(-0.500/0.500)
Auto.Robot_Info: ***** [10.940] *****    SET_DOWN_GLYPH: xPos=-38.63/-19.00,yPos= -4.42/  0.00,heading= 183.9/ 180.0,volt=12.93V(11.38V)
Auto.Robot_Info: ***** [13.124] *****     RELEASE_GLYPH: xPos=-38.61/-19.00,yPos= -4.49/  0.00,heading= 192.8/ 180.0,volt=12.98V(11.38V)
Auto.Robot_Info: ***** [13.654] *****      PUSH_FORWARD: xPos=-38.60/  0.00,yPos= -4.50/ 15.00,heading= 192.6/ 180.0,volt=13.01V(11.38V)
Auto.Battery_Info: Voltage=13.01V (11.38V)
Auto.printPidInfo_Info: encoderXPidCtrl: Target= -38.6, Input= -35.8, Error=   0.0, PIDTerms=-0.540/ 0.000/ 0.336/-0.000, Output= 0.000(-1.000/1.000)
Auto.printPidInfo_Info: encoderYPidCtrl: Target=  10.5, Input=  -5.2, Error=  15.0, PIDTerms= 0.186/ 0.000/-0.018/ 0.000, Output= 0.000(-1.000/1.000)
Auto.printPidInfo_Info: gyroPidCtrl: Target= 180.0, Input= 178.0, Error= -12.6, PIDTerms= 0.036/ 0.000/-0.031/ 0.000, Output= 0.000(-0.500/0.500)
Auto.Battery_Info: Voltage=12.47V (11.38V)
Auto.printPidInfo_Info: encoderXPidCtrl: Target= -38.6, Input= -38.6, Error=   0.0, PIDTerms= 0.000/ 0.000/ 0.000/-0.000, Output= 0.000(-1.000/1.000)
Auto.printPidInfo_Info: encoderYPidCtrl: Target=  10.5, Input=  -4.5, Error=  15.0, PIDTerms= 0.300/ 0.000/ 0.000/ 0.000, Output= 0.300(-1.000/1.000)
Auto.printPidInfo_Info: gyroPidCtrl: Target= 180.0, Input= 192.6, Error= -12.6, PIDTerms=-0.227/ 0.000/ 0.000/ 0.000, Output=-0.227(-0.500/0.500)
Auto.Battery_Info: Voltage=12.44V (11.38V)
Auto.printPidInfo_Info: encoderXPidCtrl: Target= -38.6, Input= -38.6, Error=  -0.0, PIDTerms=-0.003/ 0.000/-0.001/-0.000, Output=-0.004(-1.000/1.000)
Auto.printPidInfo_Info: encoderYPidCtrl: Target=  10.5, Input=  -4.3, Error=  14.8, PIDTerms= 0.296/ 0.000/-0.002/ 0.000, Output= 0.294(-1.000/1.000)
Auto.printPidInfo_Info: gyroPidCtrl: Target= 180.0, Input= 192.5, Error= -12.5, PIDTerms=-0.226/ 0.000/ 0.001/ 0.000, Output=-0.225(-0.500/0.500)
Auto.Battery_Info: Voltage=12.45V (11.38V)
Auto.printPidInfo_Info: encoderXPidCtrl: Target= -38.6, Input= -38.5, Error=  -0.1, PIDTerms=-0.014/ 0.000/-0.009/-0.000, Output=-0.023(-1.000/1.000)
Auto.printPidInfo_Info: encoderYPidCtrl: Target=  10.5, Input=  -3.4, Error=  13.9, PIDTerms= 0.278/ 0.000/-0.016/ 0.000, Output= 0.262(-1.000/1.000)
Auto.printPidInfo_Info: gyroPidCtrl: Target= 180.0, Input= 191.7, Error= -11.7, PIDTerms=-0.210/ 0.000/ 0.013/ 0.000, Output=-0.197(-0.500/0.500)
Auto.Battery_Info: Voltage= 0.00V ( 0.00V)
Auto.printPidInfo_Info: encoderXPidCtrl: Target= -38.6, Input= -38.5, Error=  -0.1, PIDTerms=-0.020/ 0.000/-0.004/-0.000, Output=-0.024(-1.000/1.000)
Auto.printPidInfo_Info: encoderYPidCtrl: Target=  10.5, Input=  -2.7, Error=  13.2, PIDTerms= 0.265/ 0.000/-0.010/ 0.000, Output= 0.255(-1.000/1.000)
Auto.printPidInfo_Info: gyroPidCtrl: Target= 180.0, Input= 190.7, Error= -10.7, PIDTerms=-0.193/ 0.000/ 0.014/ 0.000, Output=-0.179(-0.500/0.500)
