Auto.FtcAuto_Info: Sat Dec 02 22:42:24 PST 2017: ***** Starting autonomous *****
Auto.Robot_Info: [0.089]  DEPLOY_JEWEL_ARM: xPos=  0.00/  0.00,yPos=  0.00/  0.00,heading=  -0.0/   0.0,volt=12.57V(12.54V)
Auto.WHACK_JEWEL_Info: VuMark: UNKNOWN
Auto.WHACK_JEWEL_Info: 0: Color=RED, HSV=[12.244899/0.457944/0.419608]
Auto.Robot_Info: [0.584]       WHACK_JEWEL: xPos=  0.00/  0.00,yPos=  0.00/  0.00,heading=   0.0/   0.0,volt=12.55V(12.50V)
Auto.Robot_Info: [1.164] MOVE_JEWEL_ARM_UP: xPos=  0.00/  0.00,yPos=  0.00/  0.00,heading=   0.0/   0.0,volt=12.55V(12.49V)
Auto.Robot_Info: [1.595]   RESET_JEWEL_ARM: xPos=  0.00/  0.00,yPos=  0.00/  0.00,heading=   0.0/   0.0,volt=12.53V(12.49V)
Auto.DO_DELAY_Info: Delay=0
Auto.Robot_Info: [1.926]          DO_DELAY: xPos=  0.00/  0.00,yPos=  0.00/  0.00,heading=   0.1/   0.0,volt=12.57V(12.49V)
Auto.Robot_Info: [2.046]   GRAB_LIFT_GLYPH: xPos=  0.00/  0.00,yPos=  0.00/  0.00,heading=   0.1/   0.0,volt=12.58V(12.49V)
Auto.Robot_Info: [4.225] DRIVE_OFF_PLATFORM: xPos=  0.00/  0.00,yPos=  0.00/ 25.00,heading=   0.1/   0.0,volt=12.43V(11.94V)
Auto.Battery_Info: Voltage=12.44V (11.94V)
Auto.printPidInfo_Info: encoderYPidCtrl: Target=  25.0, Input=   0.0, Error=  25.0, PIDTerms= 0.000/ 0.000/ 0.000/ 0.000, Output= 0.000(-0.500/0.500)
Auto.printPidInfo_Info: gyroPidCtrl: Target=   0.0, Input=   0.0, Error=  -0.1, PIDTerms= 0.000/ 0.000/ 0.000/ 0.000, Output= 0.000(-0.500/0.500)
Auto.Battery_Info: Voltage=11.76V (11.72V)
Auto.printPidInfo_Info: encoderYPidCtrl: Target=  25.0, Input=   0.0, Error=  25.0, PIDTerms= 0.500/ 0.000/ 0.000/ 0.000, Output= 0.500(-0.500/0.500)
Auto.printPidInfo_Info: gyroPidCtrl: Target=   0.0, Input=   0.1, Error=  -0.1, PIDTerms=-0.001/ 0.000/ 0.000/ 0.000, Output=-0.001(-0.500/0.500)
Auto.Battery_Info: Voltage=11.82V (11.72V)
Auto.printPidInfo_Info: encoderYPidCtrl: Target=  25.0, Input=   0.2, Error=  24.8, PIDTerms= 0.496/ 0.000/-0.003/ 0.000, Output= 0.492(-0.500/0.500)
Auto.printPidInfo_Info: gyroPidCtrl: Target=   0.0, Input=   0.1, Error=  -0.1, PIDTerms=-0.001/ 0.000/-0.000/ 0.000, Output=-0.001(-0.500/0.500)
Auto.Battery_Info: Voltage=12.06V (11.72V)
Auto.printPidInfo_Info: encoderYPidCtrl: Target=  25.0, Input=   2.3, Error=  22.7, PIDTerms= 0.454/ 0.000/-0.026/ 0.000, Output= 0.427(-0.500/0.500)
Auto.printPidInfo_Info: gyroPidCtrl: Target=   0.0, Input=   0.1, Error=  -0.1, PIDTerms=-0.002/ 0.000/-0.001/ 0.000, Output=-0.003(-0.500/0.500)
Auto.Battery_Info: Voltage=12.18V (11.72V)
Auto.printPidInfo_Info: encoderYPidCtrl: Target=  25.0, Input=   4.6, Error=  20.4, PIDTerms= 0.407/ 0.000/-0.034/ 0.000, Output= 0.373(-0.500/0.500)
Auto.printPidInfo_Info: gyroPidCtrl: Target=   0.0, Input=   0.2, Error=  -0.2, PIDTerms=-0.004/ 0.000/-0.001/ 0.000, Output=-0.005(-0.500/0.500)
Auto.Battery_Info: Voltage=12.18V (11.72V)
Auto.printPidInfo_Info: encoderYPidCtrl: Target=  25.0, Input=   7.5, Error=  17.5, PIDTerms= 0.350/ 0.000/-0.051/ 0.000, Output= 0.299(-0.500/0.500)
Auto.printPidInfo_Info: gyroPidCtrl: Target=   0.0, Input=   0.4, Error=  -0.4, PIDTerms=-0.007/ 0.000/-0.002/ 0.000, Output=-0.009(-0.500/0.500)
Auto.Battery_Info: Voltage=12.04V (11.72V)
Auto.printPidInfo_Info: encoderYPidCtrl: Target=  25.0, Input=  10.0, Error=  15.0, PIDTerms= 0.300/ 0.000/-0.029/ 0.000, Output= 0.271(-0.500/0.500)
Auto.printPidInfo_Info: gyroPidCtrl: Target=   0.0, Input=   0.8, Error=  -0.8, PIDTerms=-0.014/ 0.000/-0.005/ 0.000, Output=-0.019(-0.500/0.500)
Auto.Battery_Info: Voltage=12.15V (11.72V)
Auto.printPidInfo_Info: encoderYPidCtrl: Target=  25.0, Input=  14.4, Error=  10.6, PIDTerms= 0.212/ 0.000/-0.072/ 0.000, Output= 0.140(-0.500/0.500)
Auto.printPidInfo_Info: gyroPidCtrl: Target=   0.0, Input=  -0.0, Error=   0.0, PIDTerms= 0.000/ 0.000/ 0.012/ 0.000, Output= 0.012(-0.500/0.500)
Auto.Battery_Info: Voltage=12.20V (11.72V)
Auto.printPidInfo_Info: encoderYPidCtrl: Target=  25.0, Input=  16.7, Error=   8.3, PIDTerms= 0.166/ 0.000/-0.036/ 0.000, Output= 0.130(-0.500/0.500)
Auto.printPidInfo_Info: gyroPidCtrl: Target=   0.0, Input=  -0.6, Error=   0.6, PIDTerms= 0.011/ 0.000/ 0.008/ 0.000, Output= 0.019(-0.500/0.500)
Auto.Battery_Info: Voltage=12.08V (11.72V)
Auto.printPidInfo_Info: encoderYPidCtrl: Target=  25.0, Input=  18.3, Error=   6.7, PIDTerms= 0.133/ 0.000/-0.022/ 0.000, Output= 0.111(-0.500/0.500)
Auto.printPidInfo_Info: gyroPidCtrl: Target=   0.0, Input=  -1.0, Error=   1.0, PIDTerms= 0.019/ 0.000/ 0.006/ 0.000, Output= 0.024(-0.500/0.500)
Auto.Battery_Info: Voltage=12.38V (11.72V)
Auto.printPidInfo_Info: encoderYPidCtrl: Target=  25.0, Input=  19.9, Error=   5.1, PIDTerms= 0.102/ 0.000/-0.016/ 0.000, Output= 0.086(-0.500/0.500)
Auto.printPidInfo_Info: gyroPidCtrl: Target=   0.0, Input=  -1.1, Error=   1.1, PIDTerms= 0.019/ 0.000/ 0.000/ 0.000, Output= 0.019(-0.500/0.500)
Auto.Battery_Info: Voltage=12.36V (11.72V)
Auto.printPidInfo_Info: encoderYPidCtrl: Target=  25.0, Input=  20.4, Error=   4.6, PIDTerms= 0.093/ 0.000/-0.008/ 0.000, Output= 0.085(-0.500/0.500)
Auto.printPidInfo_Info: gyroPidCtrl: Target=   0.0, Input=  -0.6, Error=   0.6, PIDTerms= 0.011/ 0.000/-0.007/ 0.000, Output= 0.003(-0.500/0.500)
Auto.Battery_Info: Voltage=12.39V (11.72V)
Auto.printPidInfo_Info: encoderYPidCtrl: Target=  25.0, Input=  20.9, Error=   4.1, PIDTerms= 0.083/ 0.000/-0.009/ 0.000, Output= 0.074(-0.500/0.500)
Auto.printPidInfo_Info: gyroPidCtrl: Target=   0.0, Input=  -0.9, Error=   0.9, PIDTerms= 0.017/ 0.000/ 0.005/ 0.000, Output= 0.022(-0.500/0.500)
Auto.Battery_Info: Voltage=12.37V (11.72V)
Auto.printPidInfo_Info: encoderYPidCtrl: Target=  25.0, Input=  21.0, Error=   4.0, PIDTerms= 0.079/ 0.000/-0.002/ 0.000, Output= 0.077(-0.500/0.500)
Auto.printPidInfo_Info: gyroPidCtrl: Target=   0.0, Input=  -0.8, Error=   0.8, PIDTerms= 0.015/ 0.000/-0.001/ 0.000, Output= 0.014(-0.500/0.500)
Auto.Robot_Info: [6.583]     DRIVE_TO_WALL: xPos=  0.18/  0.00,yPos= 21.48/ 16.00,heading=  -0.8/   0.0,volt=12.41V(11.72V)
Auto.Battery_Info: Voltage=12.41V (11.72V)
Auto.printPidInfo_Info: encoderYPidCtrl: Target=  37.5, Input=  21.4, Error=  16.0, PIDTerms= 0.071/ 0.000/-0.006/ 0.000, Output= 0.000(-0.500/0.500)
Auto.printPidInfo_Info: gyroPidCtrl: Target=   0.0, Input=  -0.9, Error=   0.8, PIDTerms= 0.016/ 0.000/ 0.001/ 0.000, Output= 0.000(-0.500/0.500)
Auto.Battery_Info: Voltage=12.03V (11.72V)
Auto.printPidInfo_Info: encoderYPidCtrl: Target=  37.5, Input=  21.5, Error=  16.0, PIDTerms= 0.320/ 0.000/ 0.000/ 0.000, Output= 0.320(-0.500/0.500)
Auto.printPidInfo_Info: gyroPidCtrl: Target=   0.0, Input=  -0.8, Error=   0.8, PIDTerms= 0.015/ 0.000/ 0.000/ 0.000, Output= 0.015(-0.500/0.500)
Auto.Battery_Info: Voltage=12.13V (11.72V)
Auto.printPidInfo_Info: encoderYPidCtrl: Target=  37.5, Input=  21.6, Error=  15.9, PIDTerms= 0.318/ 0.000/-0.002/ 0.000, Output= 0.316(-0.500/0.500)
Auto.printPidInfo_Info: gyroPidCtrl: Target=   0.0, Input=  -0.8, Error=   0.8, PIDTerms= 0.014/ 0.000/-0.000/ 0.000, Output= 0.014(-0.500/0.500)
Auto.Battery_Info: Voltage=12.19V (11.72V)
Auto.printPidInfo_Info: encoderYPidCtrl: Target=  37.5, Input=  22.7, Error=  14.7, PIDTerms= 0.295/ 0.000/-0.015/ 0.000, Output= 0.280(-0.500/0.500)
Auto.printPidInfo_Info: gyroPidCtrl: Target=   0.0, Input=  -0.7, Error=   0.7, PIDTerms= 0.012/ 0.000/-0.002/ 0.000, Output= 0.010(-0.500/0.500)
Auto.Battery_Info: Voltage=12.25V (11.72V)
Auto.printPidInfo_Info: encoderYPidCtrl: Target=  37.5, Input=  24.2, Error=  13.3, PIDTerms= 0.266/ 0.000/-0.024/ 0.000, Output= 0.241(-0.500/0.500)
Auto.printPidInfo_Info: gyroPidCtrl: Target=   0.0, Input=  -0.6, Error=   0.6, PIDTerms= 0.011/ 0.000/-0.001/ 0.000, Output= 0.011(-0.500/0.500)
Auto.Battery_Info: Voltage=12.27V (11.72V)
Auto.printPidInfo_Info: encoderYPidCtrl: Target=  37.5, Input=  26.2, Error=  11.3, PIDTerms= 0.226/ 0.000/-0.027/ 0.000, Output= 0.199(-0.500/0.500)
Auto.printPidInfo_Info: gyroPidCtrl: Target=   0.0, Input=  -0.5, Error=   0.5, PIDTerms= 0.010/ 0.000/-0.001/ 0.000, Output= 0.009(-0.500/0.500)
Auto.Battery_Info: Voltage=12.31V (11.72V)
Auto.printPidInfo_Info: encoderYPidCtrl: Target=  37.5, Input=  28.1, Error=   9.4, PIDTerms= 0.188/ 0.000/-0.035/ 0.000, Output= 0.153(-0.500/0.500)
Auto.printPidInfo_Info: gyroPidCtrl: Target=   0.0, Input=  -0.6, Error=   0.6, PIDTerms= 0.010/ 0.000/ 0.000/ 0.000, Output= 0.011(-0.500/0.500)
Auto.Battery_Info: Voltage=12.32V (11.72V)
Auto.printPidInfo_Info: encoderYPidCtrl: Target=  37.5, Input=  29.7, Error=   7.7, PIDTerms= 0.155/ 0.000/-0.024/ 0.000, Output= 0.131(-0.500/0.500)
Auto.printPidInfo_Info: gyroPidCtrl: Target=   0.0, Input=  -0.6, Error=   0.6, PIDTerms= 0.011/ 0.000/ 0.001/ 0.000, Output= 0.012(-0.500/0.500)
Auto.Battery_Info: Voltage=12.34V (11.72V)
Auto.printPidInfo_Info: encoderYPidCtrl: Target=  37.5, Input=  30.5, Error=   7.0, PIDTerms= 0.139/ 0.000/-0.010/ 0.000, Output= 0.129(-0.500/0.500)
Auto.printPidInfo_Info: gyroPidCtrl: Target=   0.0, Input=  -1.0, Error=   1.0, PIDTerms= 0.017/ 0.000/ 0.004/ 0.000, Output= 0.021(-0.500/0.500)
Auto.Battery_Info: Voltage=12.33V (11.72V)
Auto.printPidInfo_Info: encoderYPidCtrl: Target=  37.5, Input=  30.5, Error=   7.0, PIDTerms= 0.139/ 0.000/-0.000/ 0.000, Output= 0.139(-0.500/0.500)
Auto.printPidInfo_Info: gyroPidCtrl: Target=   0.0, Input=  -1.5, Error=   1.5, PIDTerms= 0.027/ 0.000/ 0.007/ 0.000, Output= 0.035(-0.500/0.500)
Auto.Battery_Info: Voltage=12.34V (11.72V)
Auto.printPidInfo_Info: encoderYPidCtrl: Target=  37.5, Input=  30.5, Error=   7.0, PIDTerms= 0.139/ 0.000/ 0.000/ 0.000, Output= 0.139(-0.500/0.500)
Auto.printPidInfo_Info: gyroPidCtrl: Target=   0.0, Input=  -1.5, Error=   1.5, PIDTerms= 0.028/ 0.000/ 0.000/ 0.000, Output= 0.028(-0.500/0.500)
Auto.Robot_Info: [8.219] TURN_TO_CRYPTOBOX: xPos=  0.05/  0.00,yPos= 30.52/  0.00,heading=  -1.5/   0.0,volt=12.42V(11.72V)
Auto.Battery_Info: Voltage=12.42V (11.72V)
Auto.printPidInfo_Info: gyroPidCtrl: Target=   0.0, Input=  -1.5, Error=   1.5, PIDTerms= 0.028/ 0.000/ 0.000/ 0.000, Output= 0.000(-0.500/0.500)
Auto.Battery_Info: Voltage=12.41V (11.72V)
Auto.printPidInfo_Info: gyroPidCtrl: Target=   0.0, Input=  -1.5, Error=   1.5, PIDTerms= 0.028/ 0.000/ 0.000/ 0.000, Output= 0.028(-0.500/0.500)
Auto.Battery_Info: Voltage=12.41V (11.72V)
Auto.printPidInfo_Info: gyroPidCtrl: Target=   0.0, Input=  -1.5, Error=   1.5, PIDTerms= 0.028/ 0.000/-0.000/ 0.000, Output= 0.027(-0.500/0.500)
Auto.Battery_Info: Voltage=12.41V (11.72V)
Auto.printPidInfo_Info: gyroPidCtrl: Target=   0.0, Input=  -1.5, Error=   1.5, PIDTerms= 0.027/ 0.000/-0.000/ 0.000, Output= 0.027(-0.500/0.500)
Auto.Battery_Info: Voltage=12.44V (11.72V)
Auto.printPidInfo_Info: gyroPidCtrl: Target=   0.0, Input=  -1.5, Error=   1.5, PIDTerms= 0.027/ 0.000/-0.000/ 0.000, Output= 0.027(-0.500/0.500)
Auto.Robot_Info: [8.889]   ALIGN_CRYPTOBOX: xPos=  0.03/ 16.00,yPos= 30.49/  0.00,heading=  -1.5/   0.0,volt=12.45V(11.72V)
Auto.Battery_Info: Voltage=12.45V (11.72V)
Auto.printPidInfo_Info: encoderXPidCtrl: Target=  16.0, Input=   0.0, Error=  16.0, PIDTerms= 0.003/ 0.000/ 0.000/ 0.000, Output= 0.000(-1.000/1.000)
Auto.printPidInfo_Info: gyroPidCtrl: Target=   0.0, Input=  -1.5, Error=   1.5, PIDTerms= 0.027/ 0.000/ 0.000/ 0.000, Output= 0.000(-0.500/0.500)
Auto.Battery_Info: Voltage=10.49V (10.49V)
Auto.printPidInfo_Info: encoderXPidCtrl: Target=  16.0, Input=   0.0, Error=  16.0, PIDTerms= 2.400/ 0.000/-0.000/ 0.000, Output= 1.000(-1.000/1.000)
Auto.printPidInfo_Info: gyroPidCtrl: Target=   0.0, Input=  -1.5, Error=   1.5, PIDTerms= 0.027/ 0.000/ 0.000/ 0.000, Output= 0.027(-0.500/0.500)
Auto.Battery_Info: Voltage=10.60V (10.49V)
Auto.printPidInfo_Info: encoderXPidCtrl: Target=  16.0, Input=   0.5, Error=  15.5, PIDTerms= 2.327/ 0.000/-0.052/ 0.000, Output= 1.000(-1.000/1.000)
Auto.printPidInfo_Info: gyroPidCtrl: Target=   0.0, Input=  -1.5, Error=   1.5, PIDTerms= 0.027/ 0.000/ 0.000/ 0.000, Output= 0.027(-0.500/0.500)
Auto.Battery_Info: Voltage=10.69V (10.49V)
Auto.printPidInfo_Info: encoderXPidCtrl: Target=  16.0, Input=   3.1, Error=  13.0, PIDTerms= 1.944/ 0.000/-0.270/ 0.000, Output= 1.000(-1.000/1.000)
Auto.printPidInfo_Info: gyroPidCtrl: Target=   0.0, Input=  -1.6, Error=   1.6, PIDTerms= 0.029/ 0.000/ 0.002/ 0.000, Output= 0.031(-0.500/0.500)
Auto.Battery_Info: Voltage=10.92V (10.49V)
Auto.printPidInfo_Info: encoderXPidCtrl: Target=  16.0, Input=   6.0, Error=  10.0, PIDTerms= 1.505/ 0.000/-0.283/ 0.000, Output= 1.000(-1.000/1.000)
Auto.printPidInfo_Info: gyroPidCtrl: Target=   0.0, Input=  -4.0, Error=   4.0, PIDTerms= 0.072/ 0.000/ 0.030/ 0.000, Output= 0.102(-0.500/0.500)
Auto.Battery_Info: Voltage=11.78V (10.49V)
Auto.printPidInfo_Info: encoderXPidCtrl: Target=  16.0, Input=   9.9, Error=   6.2, PIDTerms= 0.926/ 0.000/-0.395/ 0.000, Output= 0.531(-1.000/1.000)
Auto.printPidInfo_Info: gyroPidCtrl: Target=   0.0, Input=  -6.9, Error=   6.9, PIDTerms= 0.124/ 0.000/ 0.040/ 0.000, Output= 0.163(-0.500/0.500)
Auto.Battery_Info: Voltage=12.20V (10.49V)
Auto.printPidInfo_Info: encoderXPidCtrl: Target=  16.0, Input=  13.3, Error=   2.8, PIDTerms= 0.415/ 0.000/-0.324/ 0.000, Output= 0.091(-1.000/1.000)
Auto.printPidInfo_Info: gyroPidCtrl: Target=   0.0, Input=  -9.8, Error=   9.8, PIDTerms= 0.177/ 0.000/ 0.037/ 0.000, Output= 0.214(-0.500/0.500)
Auto.Battery_Info: Voltage=12.21V (10.49V)
Auto.printPidInfo_Info: encoderXPidCtrl: Target=  16.0, Input=  15.5, Error=   0.5, PIDTerms= 0.082/ 0.000/-0.224/ 0.000, Output=-0.142(-1.000/1.000)
Auto.printPidInfo_Info: gyroPidCtrl: Target=   0.0, Input=  -8.9, Error=   8.9, PIDTerms= 0.160/ 0.000/-0.013/ 0.000, Output= 0.147(-0.500/0.500)
Auto.Battery_Info: Voltage=12.36V (10.49V)
Auto.printPidInfo_Info: encoderXPidCtrl: Target=  16.0, Input=  15.9, Error=   0.2, PIDTerms= 0.026/ 0.000/-0.044/ 0.000, Output=-0.018(-1.000/1.000)
Auto.printPidInfo_Info: gyroPidCtrl: Target=   0.0, Input=  -6.5, Error=   6.5, PIDTerms= 0.117/ 0.000/-0.037/ 0.000, Output= 0.080(-0.500/0.500)
Auto.Battery_Info: Voltage=12.38V (10.49V)
Auto.printPidInfo_Info: encoderXPidCtrl: Target=  16.0, Input=  15.7, Error=   0.3, PIDTerms= 0.045/ 0.000/ 0.015/ 0.000, Output= 0.059(-1.000/1.000)
Auto.printPidInfo_Info: gyroPidCtrl: Target=   0.0, Input=  -3.5, Error=   3.5, PIDTerms= 0.063/ 0.000/-0.047/ 0.000, Output= 0.016(-0.500/0.500)
Auto.Battery_Info: Voltage=12.38V (10.49V)
Auto.printPidInfo_Info: encoderXPidCtrl: Target=  16.0, Input=  15.8, Error=   0.3, PIDTerms= 0.039/ 0.000/-0.004/ 0.000, Output= 0.035(-1.000/1.000)
Auto.printPidInfo_Info: gyroPidCtrl: Target=   0.0, Input=  -1.9, Error=   1.9, PIDTerms= 0.035/ 0.000/-0.023/ 0.000, Output= 0.012(-0.500/0.500)
Auto.Robot_Info: [10.868]      MOVE_FORWARD: xPos= 15.80/  0.00,yPos= 30.41/  9.00,heading=  -2.0/   0.0,volt=12.42V(10.49V)
Auto.Battery_Info: Voltage=12.42V (10.49V)
Auto.printPidInfo_Info: encoderYPidCtrl: Target=  39.4, Input=  30.4, Error=   9.0, PIDTerms= 0.002/ 0.000/-0.000/ 0.000, Output= 0.000(-1.000/1.000)
Auto.printPidInfo_Info: gyroPidCtrl: Target=   0.0, Input=  -1.9, Error=   2.0, PIDTerms= 0.035/ 0.000/ 0.000/ 0.000, Output= 0.000(-0.500/0.500)
Auto.Battery_Info: Voltage=12.28V (10.49V)
Auto.printPidInfo_Info: encoderYPidCtrl: Target=  39.4, Input=  30.4, Error=   9.0, PIDTerms= 0.180/ 0.000/-0.000/ 0.000, Output= 0.180(-1.000/1.000)
Auto.printPidInfo_Info: gyroPidCtrl: Target=   0.0, Input=  -2.0, Error=   2.0, PIDTerms= 0.036/ 0.000/ 0.000/ 0.000, Output= 0.036(-0.500/0.500)
Auto.Battery_Info: Voltage=12.28V (10.49V)
Auto.printPidInfo_Info: encoderYPidCtrl: Target=  39.4, Input=  30.5, Error=   8.9, PIDTerms= 0.179/ 0.000/-0.001/ 0.000, Output= 0.178(-1.000/1.000)
Auto.printPidInfo_Info: gyroPidCtrl: Target=   0.0, Input=  -2.0, Error=   2.0, PIDTerms= 0.036/ 0.000/ 0.000/ 0.000, Output= 0.036(-0.500/0.500)
Auto.Battery_Info: Voltage=12.27V (10.49V)
Auto.printPidInfo_Info: encoderYPidCtrl: Target=  39.4, Input=  30.9, Error=   8.5, PIDTerms= 0.170/ 0.000/-0.008/ 0.000, Output= 0.162(-1.000/1.000)
Auto.printPidInfo_Info: gyroPidCtrl: Target=   0.0, Input=  -1.9, Error=   1.9, PIDTerms= 0.035/ 0.000/-0.001/ 0.000, Output= 0.033(-0.500/0.500)
Auto.Battery_Info: Voltage=12.29V (10.49V)
Auto.printPidInfo_Info: encoderYPidCtrl: Target=  39.4, Input=  31.5, Error=   8.0, PIDTerms= 0.159/ 0.000/-0.009/ 0.000, Output= 0.150(-1.000/1.000)
Auto.printPidInfo_Info: gyroPidCtrl: Target=   0.0, Input=  -1.9, Error=   1.9, PIDTerms= 0.035/ 0.000/ 0.000/ 0.000, Output= 0.035(-0.500/0.500)
Auto.Battery_Info: Voltage=12.30V (10.49V)
Auto.printPidInfo_Info: encoderYPidCtrl: Target=  39.4, Input=  32.2, Error=   7.3, PIDTerms= 0.145/ 0.000/-0.007/ 0.000, Output= 0.138(-1.000/1.000)
Auto.printPidInfo_Info: gyroPidCtrl: Target=   0.0, Input=  -1.9, Error=   1.9, PIDTerms= 0.035/ 0.000/-0.000/ 0.000, Output= 0.034(-0.500/0.500)
Auto.Battery_Info: Voltage=12.31V (10.49V)
Auto.printPidInfo_Info: encoderYPidCtrl: Target=  39.4, Input=  33.1, Error=   6.4, PIDTerms= 0.127/ 0.000/-0.015/ 0.000, Output= 0.112(-1.000/1.000)
Auto.printPidInfo_Info: gyroPidCtrl: Target=   0.0, Input=  -1.8, Error=   1.8, PIDTerms= 0.033/ 0.000/-0.002/ 0.000, Output= 0.031(-0.500/0.500)
Auto.Battery_Info: Voltage=12.34V (10.49V)
Auto.printPidInfo_Info: encoderYPidCtrl: Target=  39.4, Input=  33.3, Error=   6.1, PIDTerms= 0.123/ 0.000/-0.004/ 0.000, Output= 0.119(-1.000/1.000)
Auto.printPidInfo_Info: gyroPidCtrl: Target=   0.0, Input=  -1.7, Error=   1.7, PIDTerms= 0.030/ 0.000/-0.002/ 0.000, Output= 0.028(-0.500/0.500)
Auto.Robot_Info: [12.032]    SET_DOWN_GLYPH: xPos= 15.98/  0.00,yPos= 33.29/  9.00,heading=  -1.5/   0.0,volt=12.42V(10.49V)
Auto.Robot_Info: [14.200]     RELEASE_GLYPH: xPos= 15.99/  0.00,yPos= 33.27/  9.00,heading=  -1.5/   0.0,volt=12.41V(10.49V)
Auto.Robot_Info: [14.774]          BACK_OFF: xPos= 15.99/  0.00,yPos= 33.27/ -4.50,heading=  -1.5/   0.0,volt=12.49V(10.49V)
Auto.Battery_Info: Voltage=12.49V (10.49V)
Auto.printPidInfo_Info: encoderYPidCtrl: Target=  28.8, Input=  33.3, Error=  -4.5, PIDTerms= 0.122/ 0.000/-0.000/ 0.000, Output= 0.000(-1.000/1.000)
Auto.printPidInfo_Info: gyroPidCtrl: Target=   0.0, Input=  -1.6, Error=   1.5, PIDTerms= 0.028/ 0.000/-0.002/ 0.000, Output= 0.000(-0.500/0.500)
Auto.Battery_Info: Voltage=12.45V (10.49V)
Auto.printPidInfo_Info: encoderYPidCtrl: Target=  28.8, Input=  33.3, Error=  -4.5, PIDTerms=-0.090/ 0.000/ 0.000/ 0.000, Output=-0.090(-1.000/1.000)
Auto.printPidInfo_Info: gyroPidCtrl: Target=   0.0, Input=  -1.5, Error=   1.5, PIDTerms= 0.027/ 0.000/ 0.000/ 0.000, Output= 0.027(-0.500/0.500)
Auto.Battery_Info: Voltage=12.44V (10.49V)
Auto.printPidInfo_Info: encoderYPidCtrl: Target=  28.8, Input=  33.2, Error=  -4.4, PIDTerms=-0.088/ 0.000/ 0.001/ 0.000, Output=-0.087(-1.000/1.000)
Auto.printPidInfo_Info: gyroPidCtrl: Target=   0.0, Input=  -1.5, Error=   1.5, PIDTerms= 0.027/ 0.000/-0.000/ 0.000, Output= 0.027(-0.500/0.500)
Auto.Battery_Info: Voltage=12.42V (10.49V)
Auto.printPidInfo_Info: encoderYPidCtrl: Target=  28.8, Input=  32.7, Error=  -3.9, PIDTerms=-0.079/ 0.000/ 0.009/ 0.000, Output=-0.069(-1.000/1.000)
Auto.printPidInfo_Info: gyroPidCtrl: Target=   0.0, Input=  -1.5, Error=   1.5, PIDTerms= 0.027/ 0.000/-0.000/ 0.000, Output= 0.026(-0.500/0.500)
Auto.Battery_Info: Voltage=12.42V (10.49V)
Auto.printPidInfo_Info: encoderYPidCtrl: Target=  28.8, Input=  32.5, Error=  -3.8, PIDTerms=-0.075/ 0.000/ 0.002/ 0.000, Output=-0.074(-1.000/1.000)
Auto.printPidInfo_Info: gyroPidCtrl: Target=   0.0, Input=  -1.4, Error=   1.4, PIDTerms= 0.026/ 0.000/-0.001/ 0.000, Output= 0.025(-0.500/0.500)
Auto.Battery_Info: Voltage=12.43V (10.49V)
Auto.printPidInfo_Info: encoderYPidCtrl: Target=  28.8, Input=  32.3, Error=  -3.5, PIDTerms=-0.070/ 0.000/ 0.004/ 0.000, Output=-0.066(-1.000/1.000)
Auto.printPidInfo_Info: gyroPidCtrl: Target=   0.0, Input=  -1.4, Error=   1.4, PIDTerms= 0.026/ 0.000/ 0.000/ 0.000, Output= 0.026(-0.500/0.500)
Auto.Battery_Info: Voltage=12.42V (10.49V)
Auto.printPidInfo_Info: encoderYPidCtrl: Target=  28.8, Input=  32.3, Error=  -3.5, PIDTerms=-0.070/ 0.000/ 0.000/ 0.000, Output=-0.070(-1.000/1.000)
Auto.printPidInfo_Info: gyroPidCtrl: Target=   0.0, Input=  -1.4, Error=   1.4, PIDTerms= 0.026/ 0.000/-0.000/ 0.000, Output= 0.025(-0.500/0.500)
Auto.Battery_Info: Voltage=12.46V (10.49V)
Auto.printPidInfo_Info: encoderYPidCtrl: Target=  28.8, Input=  32.1, Error=  -3.4, PIDTerms=-0.067/ 0.000/ 0.002/ 0.000, Output=-0.065(-1.000/1.000)
Auto.printPidInfo_Info: gyroPidCtrl: Target=   0.0, Input=  -1.4, Error=   1.4, PIDTerms= 0.025/ 0.000/-0.000/ 0.000, Output= 0.025(-0.500/0.500)
Auto.Robot_Info: [16.041]              DONE: xPos= 16.04/  0.00,yPos= 32.14/ -4.50,heading=  -1.3/   0.0,volt=12.49V(10.49V)
