Auto.FtcAuto_Info: Sat Dec 02 23:12:10 PST 2017: ***** Starting autonomous *****
Auto.Robot_Info: [0.081]  DEPLOY_JEWEL_ARM: xPos= -3.62/  0.00,yPos= -4.20/  0.00,heading=  -0.0/   0.0,volt=12.44V(12.40V)
Auto.WHACK_JEWEL_Info: VuMark: UNKNOWN
Auto.WHACK_JEWEL_Info: 0: Color=RED, HSV=[8.823530/0.539683/0.494118]
Auto.Robot_Info: [0.705]       WHACK_JEWEL: xPos= -3.62/  0.00,yPos= -4.20/  0.00,heading=   0.0/   0.0,volt=12.44V(12.37V)
Auto.Robot_Info: [1.292] MOVE_JEWEL_ARM_UP: xPos= -3.62/  0.00,yPos= -4.20/  0.00,heading=   0.0/   0.0,volt=12.40V(12.37V)
Auto.Robot_Info: [1.647]   RESET_JEWEL_ARM: xPos= -3.62/  0.00,yPos= -4.20/  0.00,heading=   0.0/   0.0,volt=12.42V(12.37V)
Auto.DO_DELAY_Info: Delay=0
Auto.Robot_Info: [2.051]          DO_DELAY: xPos= -3.62/  0.00,yPos= -4.20/  0.00,heading=   0.0/   0.0,volt=12.42V(12.37V)
Auto.Robot_Info: [2.141]   GRAB_LIFT_GLYPH: xPos= -3.62/  0.00,yPos= -4.20/  0.00,heading=   0.0/   0.0,volt=12.44V(12.37V)
Auto.Robot_Info: [4.290] DRIVE_OFF_PLATFORM: xPos= -3.62/  0.00,yPos= -4.20/ 25.00,heading=   0.1/   0.0,volt=12.20V(11.90V)
Auto.Battery_Info: Voltage=12.19V (11.90V)
Auto.printPidInfo_Info: encoderYPidCtrl: Target=  20.8, Input=   0.0, Error=  25.0, PIDTerms= 0.000/ 0.000/ 0.000/ 0.000, Output= 0.000(-0.500/0.500)
Auto.printPidInfo_Info: gyroPidCtrl: Target=   0.0, Input=   0.0, Error=  -0.1, PIDTerms= 0.000/ 0.000/ 0.000/ 0.000, Output= 0.000(-0.500/0.500)
Auto.Battery_Info: Voltage=11.49V (11.45V)
Auto.printPidInfo_Info: encoderYPidCtrl: Target=  20.8, Input=  -4.2, Error=  25.0, PIDTerms= 0.500/ 0.000/ 0.000/ 0.000, Output= 0.500(-0.500/0.500)
Auto.printPidInfo_Info: gyroPidCtrl: Target=   0.0, Input=   0.1, Error=  -0.1, PIDTerms=-0.001/ 0.000/ 0.000/ 0.000, Output=-0.001(-0.500/0.500)
Auto.Battery_Info: Voltage=10.92V (10.98V)
Auto.printPidInfo_Info: encoderYPidCtrl: Target=  20.8, Input=   0.4, Error=  20.4, PIDTerms= 0.409/ 0.000/-0.070/ 0.000, Output= 0.339(-0.500/0.500)
Auto.printPidInfo_Info: gyroPidCtrl: Target=   0.0, Input=   0.1, Error=  -0.1, PIDTerms=-0.001/ 0.000/ 0.000/ 0.000, Output=-0.001(-0.500/0.500)
Auto.Battery_Info: Voltage=11.72V (10.98V)
Auto.printPidInfo_Info: encoderYPidCtrl: Target=  20.8, Input=   1.7, Error=  19.1, PIDTerms= 0.382/ 0.000/-0.022/ 0.000, Output= 0.360(-0.500/0.500)
Auto.printPidInfo_Info: gyroPidCtrl: Target=   0.0, Input=   0.2, Error=  -0.2, PIDTerms=-0.003/ 0.000/-0.002/ 0.000, Output=-0.005(-0.500/0.500)
Auto.Battery_Info: Voltage=12.08V (10.98V)
Auto.printPidInfo_Info: encoderYPidCtrl: Target=  20.8, Input=   3.1, Error=  17.7, PIDTerms= 0.354/ 0.000/-0.019/ 0.000, Output= 0.334(-0.500/0.500)
Auto.printPidInfo_Info: gyroPidCtrl: Target=   0.0, Input=   0.2, Error=  -0.2, PIDTerms=-0.004/ 0.000/-0.001/ 0.000, Output=-0.005(-0.500/0.500)
Auto.Battery_Info: Voltage=11.99V (10.98V)
Auto.printPidInfo_Info: encoderYPidCtrl: Target=  20.8, Input=   5.0, Error=  15.8, PIDTerms= 0.316/ 0.000/-0.033/ 0.000, Output= 0.283(-0.500/0.500)
Auto.printPidInfo_Info: gyroPidCtrl: Target=   0.0, Input=   2.6, Error=  -2.6, PIDTerms=-0.047/ 0.000/-0.038/ 0.000, Output=-0.085(-0.500/0.500)
Auto.Battery_Info: Voltage=12.03V (10.98V)
Auto.printPidInfo_Info: encoderYPidCtrl: Target=  20.8, Input=   8.3, Error=  12.5, PIDTerms= 0.251/ 0.000/-0.053/ 0.000, Output= 0.198(-0.500/0.500)
Auto.printPidInfo_Info: gyroPidCtrl: Target=   0.0, Input=   3.9, Error=  -3.9, PIDTerms=-0.070/ 0.000/-0.019/ 0.000, Output=-0.090(-0.500/0.500)
Auto.Battery_Info: Voltage=11.11V (10.98V)
Auto.printPidInfo_Info: encoderYPidCtrl: Target=  20.8, Input=   4.0, Error=  16.8, PIDTerms= 0.336/ 0.000/ 0.046/ 0.000, Output= 0.382(-0.500/0.500)
Auto.printPidInfo_Info: gyroPidCtrl: Target=   0.0, Input=   5.1, Error=  -5.1, PIDTerms=-0.092/ 0.000/-0.012/ 0.000, Output=-0.104(-0.500/0.500)
Auto.Battery_Info: Voltage=11.45V (10.98V)
Auto.printPidInfo_Info: encoderYPidCtrl: Target=  20.8, Input=   6.4, Error=  14.4, PIDTerms= 0.287/ 0.000/-0.029/ 0.000, Output= 0.258(-0.500/0.500)
Auto.printPidInfo_Info: gyroPidCtrl: Target=   0.0, Input=  -0.9, Error=   0.9, PIDTerms= 0.017/ 0.000/ 0.067/ 0.000, Output= 0.084(-0.500/0.500)
Auto.Battery_Info: Voltage=11.84V (10.98V)
Auto.printPidInfo_Info: encoderYPidCtrl: Target=  20.8, Input=   8.1, Error=  12.7, PIDTerms= 0.255/ 0.000/-0.026/ 0.000, Output= 0.228(-0.500/0.500)
Auto.printPidInfo_Info: gyroPidCtrl: Target=   0.0, Input=  -5.3, Error=   5.3, PIDTerms= 0.096/ 0.000/ 0.064/ 0.000, Output= 0.160(-0.500/0.500)
Auto.Battery_Info: Voltage=11.43V (10.98V)
Auto.printPidInfo_Info: encoderYPidCtrl: Target=  20.8, Input=   7.0, Error=  13.8, PIDTerms= 0.276/ 0.000/ 0.011/ 0.000, Output= 0.287(-0.500/0.500)
Auto.printPidInfo_Info: gyroPidCtrl: Target=   0.0, Input=  -3.5, Error=   3.5, PIDTerms= 0.064/ 0.000/-0.017/ 0.000, Output= 0.047(-0.500/0.500)
Auto.Battery_Info: Voltage=11.86V (10.98V)
Auto.printPidInfo_Info: encoderYPidCtrl: Target=  20.8, Input=   9.1, Error=  11.7, PIDTerms= 0.235/ 0.000/-0.033/ 0.000, Output= 0.202(-0.500/0.500)
Auto.printPidInfo_Info: gyroPidCtrl: Target=   0.0, Input=   3.2, Error=  -3.2, PIDTerms=-0.058/ 0.000/-0.100/ 0.000, Output=-0.159(-0.500/0.500)
Auto.Battery_Info: Voltage=11.95V (10.98V)
Auto.printPidInfo_Info: encoderYPidCtrl: Target=  20.8, Input=  10.4, Error=  10.4, PIDTerms= 0.208/ 0.000/-0.019/ 0.000, Output= 0.189(-0.500/0.500)
Auto.printPidInfo_Info: gyroPidCtrl: Target=   0.0, Input=   7.5, Error=  -7.5, PIDTerms=-0.135/ 0.000/-0.055/ 0.000, Output=-0.190(-0.500/0.500)
Auto.Battery_Info: Voltage=12.02V (10.98V)
Auto.printPidInfo_Info: encoderYPidCtrl: Target=  20.8, Input=  11.7, Error=   9.1, PIDTerms= 0.183/ 0.000/-0.015/ 0.000, Output= 0.167(-0.500/0.500)
Auto.printPidInfo_Info: gyroPidCtrl: Target=   0.0, Input=   7.8, Error=  -7.8, PIDTerms=-0.140/ 0.000/-0.003/ 0.000, Output=-0.143(-0.500/0.500)
Auto.Robot_Info: [6.534]     DRIVE_TO_WALL: xPos= -3.37/  0.00,yPos= 14.73/ 25.00,heading=  -1.4/   0.0,volt=12.19V(10.98V)
Auto.Robot_Info: [6.636] TURN_TO_CRYPTOBOX: xPos= -3.36/  0.00,yPos= 14.80/  0.00,heading=  -5.1/   0.0,volt=12.20V(10.98V)
Auto.Battery_Info: Voltage=12.20V (10.98V)
Auto.printPidInfo_Info: gyroPidCtrl: Target=   0.0, Input=   3.8, Error=   5.1, PIDTerms=-0.068/ 0.000/ 0.048/ 0.000, Output= 0.000(-0.500/0.500)
Auto.Battery_Info: Voltage=12.15V (10.98V)
Auto.printPidInfo_Info: gyroPidCtrl: Target=   0.0, Input=  -5.1, Error=   5.1, PIDTerms= 0.093/ 0.000/ 0.000/ 0.000, Output= 0.093(-0.500/0.500)
Auto.Battery_Info: Voltage=12.14V (10.98V)
Auto.printPidInfo_Info: gyroPidCtrl: Target=   0.0, Input=  -5.3, Error=   5.3, PIDTerms= 0.095/ 0.000/ 0.002/ 0.000, Output= 0.096(-0.500/0.500)
Auto.Battery_Info: Voltage=12.14V (10.98V)
Auto.printPidInfo_Info: gyroPidCtrl: Target=   0.0, Input=  -5.3, Error=   5.3, PIDTerms= 0.095/ 0.000/-0.000/ 0.000, Output= 0.094(-0.500/0.500)
Auto.Battery_Info: Voltage=12.14V (10.98V)
Auto.printPidInfo_Info: gyroPidCtrl: Target=   0.0, Input=  -5.2, Error=   5.2, PIDTerms= 0.094/ 0.000/-0.001/ 0.000, Output= 0.093(-0.500/0.500)
Auto.Battery_Info: Voltage=12.14V (10.98V)
Auto.printPidInfo_Info: gyroPidCtrl: Target=   0.0, Input=  -5.2, Error=   5.2, PIDTerms= 0.093/ 0.000/-0.000/ 0.000, Output= 0.093(-0.500/0.500)
Auto.Robot_Info: [7.607]   ALIGN_CRYPTOBOX: xPos= -3.46/ 16.00,yPos= 14.92/  0.00,heading=  -5.2/   0.0,volt=12.23V(10.98V)
Auto.Battery_Info: Voltage=12.23V (10.98V)
Auto.printPidInfo_Info: encoderXPidCtrl: Target=  12.5, Input=  -3.5, Error=  16.0, PIDTerms= 0.014/ 0.000/ 0.000/-0.000, Output= 0.000(-1.000/1.000)
Auto.printPidInfo_Info: gyroPidCtrl: Target=   0.0, Input=  -5.2, Error=   5.2, PIDTerms= 0.093/ 0.000/ 0.000/ 0.000, Output= 0.000(-0.500/0.500)
Auto.Battery_Info: Voltage=10.22V (10.22V)
Auto.printPidInfo_Info: encoderXPidCtrl: Target=  12.5, Input=  -3.5, Error=  16.0, PIDTerms= 2.400/ 0.000/ 0.000/ 0.000, Output= 1.000(-1.000/1.000)
Auto.printPidInfo_Info: gyroPidCtrl: Target=   0.0, Input=  -5.2, Error=   5.2, PIDTerms= 0.094/ 0.000/ 0.000/ 0.000, Output= 0.094(-0.500/0.500)
Auto.Battery_Info: Voltage=10.56V (10.22V)
Auto.printPidInfo_Info: encoderXPidCtrl: Target=  12.5, Input=  -3.0, Error=  15.5, PIDTerms= 2.328/ 0.000/-0.045/ 0.000, Output= 1.000(-1.000/1.000)
Auto.printPidInfo_Info: gyroPidCtrl: Target=   0.0, Input=  -5.2, Error=   5.2, PIDTerms= 0.094/ 0.000/ 0.000/ 0.000, Output= 0.094(-0.500/0.500)
Auto.Battery_Info: Voltage=10.60V (10.22V)
Auto.printPidInfo_Info: encoderXPidCtrl: Target=  12.5, Input=  -0.5, Error=  13.0, PIDTerms= 1.954/ 0.000/-0.267/ 0.000, Output= 1.000(-1.000/1.000)
Auto.printPidInfo_Info: gyroPidCtrl: Target=   0.0, Input=  -2.7, Error=   2.7, PIDTerms= 0.049/ 0.000/-0.036/ 0.000, Output= 0.013(-0.500/0.500)
Auto.Battery_Info: Voltage=10.98V (10.22V)
Auto.printPidInfo_Info: encoderXPidCtrl: Target=  12.5, Input=   2.4, Error=  10.1, PIDTerms= 1.520/ 0.000/-0.324/ 0.000, Output= 1.000(-1.000/1.000)
Auto.printPidInfo_Info: gyroPidCtrl: Target=   0.0, Input=   0.5, Error=  -0.5, PIDTerms=-0.008/ 0.000/-0.047/ 0.000, Output=-0.055(-0.500/0.500)
Auto.Battery_Info: Voltage=11.60V (10.22V)
Auto.printPidInfo_Info: encoderXPidCtrl: Target=  12.5, Input=   6.2, Error=   6.3, PIDTerms= 0.952/ 0.000/-0.337/ 0.000, Output= 0.615(-1.000/1.000)
Auto.printPidInfo_Info: gyroPidCtrl: Target=   0.0, Input=   1.4, Error=  -1.4, PIDTerms=-0.025/ 0.000/-0.011/ 0.000, Output=-0.036(-0.500/0.500)
Auto.Battery_Info: Voltage=12.25V (10.22V)
Auto.printPidInfo_Info: encoderXPidCtrl: Target=  12.5, Input=  10.5, Error=   2.0, PIDTerms= 0.305/ 0.000/-0.352/ 0.000, Output=-0.047(-1.000/1.000)
Auto.printPidInfo_Info: gyroPidCtrl: Target=   0.0, Input=   0.7, Error=  -0.7, PIDTerms=-0.012/ 0.000/ 0.008/ 0.000, Output=-0.004(-0.500/0.500)
Auto.Battery_Info: Voltage=11.60V (10.22V)
Auto.printPidInfo_Info: encoderXPidCtrl: Target=  12.5, Input=  13.3, Error=  -0.7, PIDTerms=-0.112/ 0.000/-0.304/ 0.000, Output=-0.416(-1.000/1.000)
Auto.printPidInfo_Info: gyroPidCtrl: Target=   0.0, Input=  -2.2, Error=   2.2, PIDTerms= 0.040/ 0.000/ 0.042/ 0.000, Output= 0.082(-0.500/0.500)
Auto.Battery_Info: Voltage=12.17V (10.22V)
Auto.printPidInfo_Info: encoderXPidCtrl: Target=  12.5, Input=  13.3, Error=  -0.8, PIDTerms=-0.115/ 0.000/-0.002/ 0.000, Output=-0.118(-1.000/1.000)
Auto.printPidInfo_Info: gyroPidCtrl: Target=   0.0, Input=  -4.4, Error=   4.4, PIDTerms= 0.080/ 0.000/ 0.032/ 0.000, Output= 0.112(-0.500/0.500)
Auto.Battery_Info: Voltage=12.24V (10.22V)
Auto.printPidInfo_Info: encoderXPidCtrl: Target=  12.5, Input=  12.7, Error=  -0.2, PIDTerms=-0.031/ 0.000/ 0.047/ 0.000, Output= 0.016(-1.000/1.000)
Auto.printPidInfo_Info: gyroPidCtrl: Target=   0.0, Input=  -5.2, Error=   5.2, PIDTerms= 0.094/ 0.000/ 0.008/ 0.000, Output= 0.102(-0.500/0.500)
Auto.Battery_Info: Voltage=12.30V (10.22V)
Auto.printPidInfo_Info: encoderXPidCtrl: Target=  12.5, Input=  12.6, Error=  -0.0, PIDTerms=-0.006/ 0.000/ 0.013/ 0.000, Output= 0.008(-1.000/1.000)
Auto.printPidInfo_Info: gyroPidCtrl: Target=   0.0, Input=  -1.6, Error=   1.6, PIDTerms= 0.029/ 0.000/-0.039/ 0.000, Output=-0.011(-0.500/0.500)
Auto.Battery_Info: Voltage=12.26V (10.22V)
Auto.printPidInfo_Info: encoderXPidCtrl: Target=  12.5, Input=  12.9, Error=  -0.3, PIDTerms=-0.046/ 0.000/-0.032/ 0.000, Output=-0.078(-1.000/1.000)
Auto.printPidInfo_Info: gyroPidCtrl: Target=   0.0, Input=  -0.7, Error=   0.7, PIDTerms= 0.013/ 0.000/-0.014/ 0.000, Output=-0.001(-0.500/0.500)
Auto.Robot_Info: [9.517]      MOVE_FORWARD: xPos= 12.83/  0.00,yPos= 14.91/  9.00,heading=  -0.6/   0.0,volt=12.31V(10.22V)
Auto.Battery_Info: Voltage=12.30V (10.22V)
Auto.printPidInfo_Info: encoderYPidCtrl: Target=  23.9, Input=  14.9, Error=   9.0, PIDTerms=-0.000/ 0.000/ 0.000/ 0.000, Output= 0.000(-1.000/1.000)
Auto.printPidInfo_Info: gyroPidCtrl: Target=   0.0, Input=  -0.6, Error=   0.6, PIDTerms= 0.010/ 0.000/-0.002/ 0.000, Output= 0.000(-0.500/0.500)
Auto.Battery_Info: Voltage=12.17V (10.22V)
Auto.printPidInfo_Info: encoderYPidCtrl: Target=  23.9, Input=  14.9, Error=   9.0, PIDTerms= 0.180/ 0.000/ 0.000/ 0.000, Output= 0.180(-1.000/1.000)
Auto.printPidInfo_Info: gyroPidCtrl: Target=   0.0, Input=  -0.6, Error=   0.6, PIDTerms= 0.010/ 0.000/ 0.000/ 0.000, Output= 0.010(-0.500/0.500)
Auto.Battery_Info: Voltage=12.16V (10.22V)
Auto.printPidInfo_Info: encoderYPidCtrl: Target=  23.9, Input=  15.0, Error=   8.9, PIDTerms= 0.178/ 0.000/-0.002/ 0.000, Output= 0.176(-1.000/1.000)
Auto.printPidInfo_Info: gyroPidCtrl: Target=   0.0, Input=  -0.6, Error=   0.6, PIDTerms= 0.010/ 0.000/ 0.000/ 0.000, Output= 0.010(-0.500/0.500)
Auto.Battery_Info: Voltage=12.19V (10.22V)
Auto.printPidInfo_Info: encoderYPidCtrl: Target=  23.9, Input=  15.6, Error=   8.3, PIDTerms= 0.166/ 0.000/-0.009/ 0.000, Output= 0.157(-1.000/1.000)
Auto.printPidInfo_Info: gyroPidCtrl: Target=   0.0, Input=  -0.5, Error=   0.5, PIDTerms= 0.008/ 0.000/-0.001/ 0.000, Output= 0.007(-0.500/0.500)
Auto.Battery_Info: Voltage=12.20V (10.22V)
Auto.printPidInfo_Info: encoderYPidCtrl: Target=  23.9, Input=  16.1, Error=   7.8, PIDTerms= 0.157/ 0.000/-0.007/ 0.000, Output= 0.150(-1.000/1.000)
Auto.printPidInfo_Info: gyroPidCtrl: Target=   0.0, Input=  -0.6, Error=   0.6, PIDTerms= 0.011/ 0.000/ 0.002/ 0.000, Output= 0.013(-0.500/0.500)
Auto.Battery_Info: Voltage=12.23V (10.22V)
Auto.printPidInfo_Info: encoderYPidCtrl: Target=  23.9, Input=  16.9, Error=   7.0, PIDTerms= 0.139/ 0.000/-0.010/ 0.000, Output= 0.129(-1.000/1.000)
Auto.printPidInfo_Info: gyroPidCtrl: Target=   0.0, Input=  -0.6, Error=   0.6, PIDTerms= 0.011/ 0.000/-0.000/ 0.000, Output= 0.010(-0.500/0.500)
Auto.Battery_Info: Voltage=12.24V (10.22V)
Auto.printPidInfo_Info: encoderYPidCtrl: Target=  23.9, Input=  17.6, Error=   6.3, PIDTerms= 0.125/ 0.000/-0.011/ 0.000, Output= 0.114(-1.000/1.000)
Auto.printPidInfo_Info: gyroPidCtrl: Target=   0.0, Input=  -0.6, Error=   0.6, PIDTerms= 0.011/ 0.000/-0.000/ 0.000, Output= 0.011(-0.500/0.500)
Auto.Battery_Info: Voltage=12.25V (10.22V)
Auto.printPidInfo_Info: encoderYPidCtrl: Target=  23.9, Input=  18.2, Error=   5.7, PIDTerms= 0.113/ 0.000/-0.009/ 0.000, Output= 0.105(-1.000/1.000)
Auto.printPidInfo_Info: gyroPidCtrl: Target=   0.0, Input=  -0.6, Error=   0.6, PIDTerms= 0.011/ 0.000/ 0.000/ 0.000, Output= 0.011(-0.500/0.500)
Auto.Robot_Info: [10.727]    SET_DOWN_GLYPH: xPos= 12.92/  0.00,yPos= 18.93/  9.00,heading=  -0.6/   0.0,volt=12.31V(10.22V)
Auto.Robot_Info: [12.962]     RELEASE_GLYPH: xPos= 12.93/  0.00,yPos= 18.92/  9.00,heading=  -0.6/   0.0,volt=12.34V(10.22V)
Auto.Robot_Info: [13.536]          BACK_OFF: xPos= 12.93/  0.00,yPos= 18.92/ -4.50,heading=  -0.6/   0.0,volt=12.38V(10.22V)
Auto.Battery_Info: Voltage=12.38V (10.22V)
Auto.printPidInfo_Info: encoderYPidCtrl: Target=  14.4, Input=  18.7, Error=  -4.5, PIDTerms= 0.104/ 0.000/-0.007/ 0.000, Output= 0.000(-1.000/1.000)
Auto.printPidInfo_Info: gyroPidCtrl: Target=   0.0, Input=  -0.6, Error=   0.6, PIDTerms= 0.010/ 0.000/-0.000/ 0.000, Output= 0.000(-0.500/0.500)
Auto.Battery_Info: Voltage=12.34V (10.22V)
Auto.printPidInfo_Info: encoderYPidCtrl: Target=  14.4, Input=  18.9, Error=  -4.5, PIDTerms=-0.090/ 0.000/ 0.000/ 0.000, Output=-0.090(-1.000/1.000)
Auto.printPidInfo_Info: gyroPidCtrl: Target=   0.0, Input=  -0.6, Error=   0.6, PIDTerms= 0.011/ 0.000/ 0.000/ 0.000, Output= 0.011(-0.500/0.500)
Auto.Battery_Info: Voltage=12.33V (10.22V)
Auto.printPidInfo_Info: encoderYPidCtrl: Target=  14.4, Input=  18.9, Error=  -4.4, PIDTerms=-0.089/ 0.000/ 0.001/ 0.000, Output=-0.088(-1.000/1.000)
Auto.printPidInfo_Info: gyroPidCtrl: Target=   0.0, Input=  -0.6, Error=   0.6, PIDTerms= 0.011/ 0.000/ 0.000/ 0.000, Output= 0.011(-0.500/0.500)
Auto.Battery_Info: Voltage=12.35V (10.22V)
Auto.printPidInfo_Info: encoderYPidCtrl: Target=  14.4, Input=  18.4, Error=  -4.0, PIDTerms=-0.080/ 0.000/ 0.008/ 0.000, Output=-0.072(-1.000/1.000)
Auto.printPidInfo_Info: gyroPidCtrl: Target=   0.0, Input=  -0.6, Error=   0.6, PIDTerms= 0.011/ 0.000/-0.000/ 0.000, Output= 0.011(-0.500/0.500)
Auto.Battery_Info: Voltage=12.34V (10.22V)
Auto.printPidInfo_Info: encoderYPidCtrl: Target=  14.4, Input=  18.2, Error=  -3.8, PIDTerms=-0.075/ 0.000/ 0.003/ 0.000, Output=-0.073(-1.000/1.000)
Auto.printPidInfo_Info: gyroPidCtrl: Target=   0.0, Input=  -0.6, Error=   0.6, PIDTerms= 0.012/ 0.000/ 0.000/ 0.000, Output= 0.012(-0.500/0.500)
Auto.Battery_Info: Voltage=12.34V (10.22V)
Auto.printPidInfo_Info: encoderYPidCtrl: Target=  14.4, Input=  18.2, Error=  -3.8, PIDTerms=-0.075/ 0.000/ 0.000/ 0.000, Output=-0.075(-1.000/1.000)
Auto.printPidInfo_Info: gyroPidCtrl: Target=   0.0, Input=  -0.6, Error=   0.6, PIDTerms= 0.011/ 0.000/-0.000/ 0.000, Output= 0.011(-0.500/0.500)
Auto.Battery_Info: Voltage=12.34V (10.22V)
Auto.printPidInfo_Info: encoderYPidCtrl: Target=  14.4, Input=  18.2, Error=  -3.8, PIDTerms=-0.075/ 0.000/ 0.000/ 0.000, Output=-0.075(-1.000/1.000)
Auto.printPidInfo_Info: gyroPidCtrl: Target=   0.0, Input=  -0.6, Error=   0.6, PIDTerms= 0.011/ 0.000/-0.000/ 0.000, Output= 0.011(-0.500/0.500)
Auto.Robot_Info: [14.632]              DONE: xPos= 12.90/  0.00,yPos= 18.18/ -4.50,heading=  -0.6/   0.0,volt=12.38V(10.22V)
