Auto.FtcAuto_Info: Sat Dec 02 23:45:39 PST 2017: ***** Starting autonomous *****
Auto.Robot_Info: [0.081]  DEPLOY_JEWEL_ARM: xPos=  0.00/  0.00,yPos=  0.00/  0.00,heading=   0.0/   0.0,volt=12.37V(12.35V)
Auto.WHACK_JEWEL_Info: VuMark: UNKNOWN
Auto.WHACK_JEWEL_Info: 0: Color=RED, HSV=[15.384616/0.402062/0.380392]
Auto.Robot_Info: [0.591]       WHACK_JEWEL: xPos=  0.00/  0.00,yPos=  0.00/  0.00,heading=   0.0/   0.0,volt=12.37V(12.32V)
Auto.Robot_Info: [1.227] MOVE_JEWEL_ARM_UP: xPos=  0.00/  0.00,yPos=  0.00/  0.00,heading=   0.0/   0.0,volt=12.31V(12.32V)
Auto.Robot_Info: [1.640]   RESET_JEWEL_ARM: xPos=  0.00/  0.00,yPos=  0.00/  0.00,heading=   0.0/   0.0,volt=12.32V(12.32V)
Auto.DO_DELAY_Info: Delay=0
Auto.Robot_Info: [2.023]          DO_DELAY: xPos=  0.00/  0.00,yPos=  0.00/  0.00,heading=   0.0/   0.0,volt=12.36V(12.30V)
Auto.Robot_Info: [2.134]   GRAB_LIFT_GLYPH: xPos=  0.00/  0.00,yPos=  0.00/  0.00,heading=  -0.0/   0.0,volt=12.27V(12.30V)
Auto.Robot_Info: [4.330] DRIVE_OFF_PLATFORM: xPos=  0.00/  0.00,yPos=  0.00/ 25.00,heading=  -0.0/   0.0,volt=12.24V(11.72V)
Auto.Battery_Info: Voltage=12.24V (11.72V)
Auto.printPidInfo_Info: encoderXPidCtrl: Target=   0.0, Input=   0.0, Error=   0.0, PIDTerms= 0.000/ 0.000/ 0.000/ 0.000, Output= 0.000(-1.000/1.000)
Auto.printPidInfo_Info: encoderYPidCtrl: Target=  25.0, Input=   0.0, Error=  25.0, PIDTerms= 0.000/ 0.000/ 0.000/ 0.000, Output= 0.000(-0.500/0.500)
Auto.printPidInfo_Info: gyroPidCtrl: Target=   0.0, Input=   0.0, Error=   0.0, PIDTerms= 0.000/ 0.000/ 0.000/ 0.000, Output= 0.000(-0.500/0.500)
Auto.Battery_Info: Voltage=11.57V (11.54V)
Auto.printPidInfo_Info: encoderXPidCtrl: Target=   0.0, Input=   0.0, Error=   0.0, PIDTerms= 0.000/ 0.000/ 0.000/ 0.000, Output= 0.000(-1.000/1.000)
Auto.printPidInfo_Info: encoderYPidCtrl: Target=  25.0, Input=   0.0, Error=  25.0, PIDTerms= 0.500/ 0.000/ 0.000/ 0.000, Output= 0.500(-0.500/0.500)
Auto.printPidInfo_Info: gyroPidCtrl: Target=   0.0, Input=  -0.0, Error=   0.0, PIDTerms= 0.001/ 0.000/ 0.000/ 0.000, Output= 0.001(-0.500/0.500)
Auto.Battery_Info: Voltage=11.66V (11.54V)
Auto.printPidInfo_Info: encoderXPidCtrl: Target=   0.0, Input=  -0.1, Error=   0.1, PIDTerms= 0.010/ 0.000/ 0.006/ 0.000, Output= 0.016(-1.000/1.000)
Auto.printPidInfo_Info: encoderYPidCtrl: Target=  25.0, Input=   0.3, Error=  24.7, PIDTerms= 0.493/ 0.000/-0.005/ 0.000, Output= 0.488(-0.500/0.500)
Auto.printPidInfo_Info: gyroPidCtrl: Target=   0.0, Input=  -0.0, Error=   0.0, PIDTerms= 0.001/ 0.000/ 0.000/ 0.000, Output= 0.001(-0.500/0.500)
Auto.Battery_Info: Voltage=11.86V (11.54V)
Auto.printPidInfo_Info: encoderXPidCtrl: Target=   0.0, Input=  -0.2, Error=   0.2, PIDTerms= 0.031/ 0.000/ 0.013/ 0.000, Output= 0.044(-1.000/1.000)
Auto.printPidInfo_Info: encoderYPidCtrl: Target=  25.0, Input=   2.3, Error=  22.7, PIDTerms= 0.454/ 0.000/-0.026/ 0.000, Output= 0.428(-0.500/0.500)
Auto.printPidInfo_Info: gyroPidCtrl: Target=   0.0, Input=   0.1, Error=  -0.1, PIDTerms=-0.002/ 0.000/-0.001/ 0.000, Output=-0.003(-0.500/0.500)
Auto.Battery_Info: Voltage=12.01V (11.54V)
Auto.printPidInfo_Info: encoderXPidCtrl: Target=   0.0, Input=  -0.2, Error=   0.2, PIDTerms= 0.024/ 0.000/-0.006/ 0.000, Output= 0.018(-1.000/1.000)
Auto.printPidInfo_Info: encoderYPidCtrl: Target=  25.0, Input=   4.4, Error=  20.6, PIDTerms= 0.413/ 0.000/-0.035/ 0.000, Output= 0.377(-0.500/0.500)
Auto.printPidInfo_Info: gyroPidCtrl: Target=   0.0, Input=   0.3, Error=  -0.3, PIDTerms=-0.006/ 0.000/-0.004/ 0.000, Output=-0.010(-0.500/0.500)
Auto.Battery_Info: Voltage=11.94V (11.54V)
Auto.printPidInfo_Info: encoderXPidCtrl: Target=   0.0, Input=  -0.2, Error=   0.2, PIDTerms= 0.024/ 0.000/ 0.000/ 0.000, Output= 0.024(-1.000/1.000)
Auto.printPidInfo_Info: encoderYPidCtrl: Target=  25.0, Input=   7.3, Error=  17.7, PIDTerms= 0.355/ 0.000/-0.039/ 0.000, Output= 0.315(-0.500/0.500)
Auto.printPidInfo_Info: gyroPidCtrl: Target=   0.0, Input=   0.5, Error=  -0.5, PIDTerms=-0.009/ 0.000/-0.002/ 0.000, Output=-0.011(-0.500/0.500)
Auto.Battery_Info: Voltage=11.61V (11.54V)
Auto.printPidInfo_Info: encoderXPidCtrl: Target=   0.0, Input=   3.7, Error=  -3.7, PIDTerms=-0.561/ 0.000/-0.285/ 0.000, Output=-0.847(-1.000/1.000)
Auto.printPidInfo_Info: encoderYPidCtrl: Target=  25.0, Input=   8.2, Error=  16.8, PIDTerms= 0.337/ 0.000/-0.010/ 0.000, Output= 0.327(-0.500/0.500)
Auto.printPidInfo_Info: gyroPidCtrl: Target=   0.0, Input=   0.8, Error=  -0.8, PIDTerms=-0.014/ 0.000/-0.003/ 0.000, Output=-0.016(-0.500/0.500)
Auto.Battery_Info: Voltage=11.32V (11.34V)
Auto.printPidInfo_Info: encoderXPidCtrl: Target=   0.0, Input=   3.6, Error=  -3.6, PIDTerms=-0.547/ 0.000/ 0.010/ 0.000, Output=-0.537(-1.000/1.000)
Auto.printPidInfo_Info: encoderYPidCtrl: Target=  25.0, Input=  12.9, Error=  12.1, PIDTerms= 0.242/ 0.000/-0.071/ 0.000, Output= 0.171(-0.500/0.500)
Auto.printPidInfo_Info: gyroPidCtrl: Target=   0.0, Input=   0.5, Error=  -0.5, PIDTerms=-0.008/ 0.000/ 0.004/ 0.000, Output=-0.004(-0.500/0.500)
Auto.Battery_Info: Voltage=12.06V (11.34V)
Auto.printPidInfo_Info: encoderXPidCtrl: Target=   0.0, Input=   1.2, Error=  -1.2, PIDTerms=-0.181/ 0.000/ 0.270/ 0.000, Output= 0.089(-1.000/1.000)
Auto.printPidInfo_Info: encoderYPidCtrl: Target=  25.0, Input=  15.0, Error=  10.0, PIDTerms= 0.200/ 0.000/-0.034/ 0.000, Output= 0.166(-0.500/0.500)
Auto.printPidInfo_Info: gyroPidCtrl: Target=   0.0, Input=  -0.3, Error=   0.3, PIDTerms= 0.005/ 0.000/ 0.011/ 0.000, Output= 0.015(-0.500/0.500)
Auto.Battery_Info: Voltage=11.88V (11.34V)
Auto.printPidInfo_Info: encoderXPidCtrl: Target=   0.0, Input=  -0.6, Error=   0.6, PIDTerms= 0.085/ 0.000/ 0.172/ 0.000, Output= 0.257(-1.000/1.000)
Auto.printPidInfo_Info: encoderYPidCtrl: Target=  25.0, Input=  16.9, Error=   8.1, PIDTerms= 0.161/ 0.000/-0.027/ 0.000, Output= 0.134(-0.500/0.500)
Auto.printPidInfo_Info: gyroPidCtrl: Target=   0.0, Input=  -3.5, Error=   3.5, PIDTerms= 0.063/ 0.000/ 0.042/ 0.000, Output= 0.105(-0.500/0.500)
Auto.Battery_Info: Voltage=12.20V (11.34V)
Auto.printPidInfo_Info: encoderXPidCtrl: Target=   0.0, Input=  -0.2, Error=   0.2, PIDTerms= 0.023/ 0.000/-0.044/ 0.000, Output=-0.021(-1.000/1.000)
Auto.printPidInfo_Info: encoderYPidCtrl: Target=  25.0, Input=  18.8, Error=   6.2, PIDTerms= 0.123/ 0.000/-0.029/ 0.000, Output= 0.094(-0.500/0.500)
Auto.printPidInfo_Info: gyroPidCtrl: Target=   0.0, Input=  -2.3, Error=   2.3, PIDTerms= 0.042/ 0.000/-0.016/ 0.000, Output= 0.026(-0.500/0.500)
Auto.Battery_Info: Voltage=12.17V (11.34V)
Auto.printPidInfo_Info: encoderXPidCtrl: Target=   0.0, Input=   0.3, Error=  -0.3, PIDTerms=-0.047/ 0.000/-0.056/ 0.000, Output=-0.103(-1.000/1.000)
Auto.printPidInfo_Info: encoderYPidCtrl: Target=  25.0, Input=  19.7, Error=   5.3, PIDTerms= 0.106/ 0.000/-0.016/ 0.000, Output= 0.090(-0.500/0.500)
Auto.printPidInfo_Info: gyroPidCtrl: Target=   0.0, Input=  -1.3, Error=   1.3, PIDTerms= 0.023/ 0.000/-0.017/ 0.000, Output= 0.005(-0.500/0.500)
Auto.Battery_Info: Voltage=12.19V (11.34V)
Auto.printPidInfo_Info: encoderXPidCtrl: Target=   0.0, Input=   0.1, Error=  -0.1, PIDTerms=-0.017/ 0.000/ 0.022/ 0.000, Output= 0.005(-1.000/1.000)
Auto.printPidInfo_Info: encoderYPidCtrl: Target=  25.0, Input=  20.3, Error=   4.7, PIDTerms= 0.094/ 0.000/-0.010/ 0.000, Output= 0.084(-0.500/0.500)
Auto.printPidInfo_Info: gyroPidCtrl: Target=   0.0, Input=   0.1, Error=  -0.1, PIDTerms=-0.002/ 0.000/-0.021/ 0.000, Output=-0.024(-0.500/0.500)
Auto.Battery_Info: Voltage=12.18V (11.34V)
Auto.printPidInfo_Info: encoderXPidCtrl: Target=   0.0, Input=  -0.2, Error=   0.2, PIDTerms= 0.028/ 0.000/ 0.029/ 0.000, Output= 0.057(-1.000/1.000)
Auto.printPidInfo_Info: encoderYPidCtrl: Target=  25.0, Input=  20.8, Error=   4.2, PIDTerms= 0.084/ 0.000/-0.007/ 0.000, Output= 0.077(-0.500/0.500)
Auto.printPidInfo_Info: gyroPidCtrl: Target=   0.0, Input=   0.2, Error=  -0.2, PIDTerms=-0.004/ 0.000/-0.001/ 0.000, Output=-0.006(-0.500/0.500)
Auto.Battery_Info: Voltage=12.20V (11.34V)
Auto.printPidInfo_Info: encoderXPidCtrl: Target=   0.0, Input=   0.0, Error=  -0.0, PIDTerms=-0.002/ 0.000/-0.018/ 0.000, Output=-0.019(-1.000/1.000)
Auto.printPidInfo_Info: encoderYPidCtrl: Target=  25.0, Input=  21.1, Error=   3.9, PIDTerms= 0.078/ 0.000/-0.004/ 0.000, Output= 0.074(-0.500/0.500)
Auto.printPidInfo_Info: gyroPidCtrl: Target=   0.0, Input=   0.3, Error=  -0.3, PIDTerms=-0.006/ 0.000/-0.001/ 0.000, Output=-0.007(-0.500/0.500)
Auto.Robot_Info: [6.613]     DRIVE_TO_WALL: xPos=  0.05/  0.00,yPos= 21.29/ 25.00,heading=   0.3/   0.0,volt=12.20V(11.34V)
Auto.Robot_Info: [6.702] TURN_TO_CRYPTOBOX: xPos=  0.05/  0.00,yPos= 21.29/  0.00,heading=   0.3/   0.0,volt=12.24V(11.34V)
Auto.Battery_Info: Voltage=12.24V (11.34V)
Auto.printPidInfo_Info: encoderXPidCtrl: Target=   0.1, Input=   0.1, Error=   0.0, PIDTerms=-0.016/ 0.000/-0.011/ 0.000, Output= 0.000(-1.000/1.000)
Auto.printPidInfo_Info: encoderYPidCtrl: Target=  21.3, Input=  21.2, Error=   0.0, PIDTerms= 0.075/ 0.000/-0.002/ 0.000, Output= 0.000(-1.000/1.000)
Auto.printPidInfo_Info: gyroPidCtrl: Target=   0.0, Input=   0.2, Error=  -0.3, PIDTerms=-0.004/ 0.000/ 0.002/ 0.000, Output= 0.000(-0.500/0.500)
Auto.Battery_Info: Voltage=12.23V (11.34V)
Auto.printPidInfo_Info: encoderXPidCtrl: Target=   0.1, Input=   0.1, Error=   0.0, PIDTerms= 0.000/ 0.000/ 0.000/ 0.000, Output= 0.000(-1.000/1.000)
Auto.printPidInfo_Info: encoderYPidCtrl: Target=  21.3, Input=  21.3, Error=   0.0, PIDTerms= 0.000/ 0.000/ 0.000/ 0.000, Output= 0.000(-1.000/1.000)
Auto.printPidInfo_Info: gyroPidCtrl: Target=   0.0, Input=   0.3, Error=  -0.3, PIDTerms=-0.006/ 0.000/ 0.000/ 0.000, Output=-0.006(-0.500/0.500)
Auto.Battery_Info: Voltage=12.27V (11.34V)
Auto.printPidInfo_Info: encoderXPidCtrl: Target=   0.1, Input=   0.1, Error=   0.0, PIDTerms= 0.000/ 0.000/ 0.000/ 0.000, Output= 0.000(-1.000/1.000)
Auto.printPidInfo_Info: encoderYPidCtrl: Target=  21.3, Input=  21.3, Error=   0.0, PIDTerms= 0.000/ 0.000/ 0.000/ 0.000, Output= 0.000(-1.000/1.000)
Auto.printPidInfo_Info: gyroPidCtrl: Target=   0.0, Input=   0.3, Error=  -0.3, PIDTerms=-0.006/ 0.000/-0.000/ 0.000, Output=-0.006(-0.500/0.500)
Auto.Robot_Info: [7.150]   ALIGN_CRYPTOBOX: xPos=  0.06/ 16.00,yPos= 21.28/  0.00,heading=   0.3/   0.0,volt=12.27V(11.34V)
Auto.Battery_Info: Voltage=12.27V (11.34V)
Auto.printPidInfo_Info: encoderXPidCtrl: Target=  16.1, Input=   0.1, Error=  16.0, PIDTerms=-0.001/ 0.000/-0.000/ 0.000, Output= 0.000(-1.000/1.000)
Auto.printPidInfo_Info: encoderYPidCtrl: Target=  21.3, Input=  21.3, Error=   0.0, PIDTerms= 0.000/ 0.000/-0.000/ 0.000, Output= 0.000(-1.000/1.000)
Auto.printPidInfo_Info: gyroPidCtrl: Target=   0.0, Input=   0.3, Error=  -0.3, PIDTerms=-0.006/ 0.000/-0.000/ 0.000, Output= 0.000(-0.500/0.500)
Auto.Battery_Info: Voltage=10.04V (10.04V)
Auto.printPidInfo_Info: encoderXPidCtrl: Target=  16.1, Input=   0.1, Error=  16.0, PIDTerms= 2.400/ 0.000/ 0.000/ 0.000, Output= 1.000(-1.000/1.000)
Auto.printPidInfo_Info: encoderYPidCtrl: Target=  21.3, Input=  21.3, Error=   0.0, PIDTerms= 0.000/ 0.000/ 0.000/ 0.000, Output= 0.000(-1.000/1.000)
Auto.printPidInfo_Info: gyroPidCtrl: Target=   0.0, Input=   0.3, Error=  -0.3, PIDTerms=-0.006/ 0.000/ 0.000/ 0.000, Output=-0.006(-0.500/0.500)
Auto.Battery_Info: Voltage=10.50V (10.04V)
Auto.printPidInfo_Info: encoderXPidCtrl: Target=  16.1, Input=   0.8, Error=  15.3, PIDTerms= 2.296/ 0.000/-0.064/ 0.000, Output= 1.000(-1.000/1.000)
Auto.printPidInfo_Info: encoderYPidCtrl: Target=  21.3, Input=  21.2, Error=   0.1, PIDTerms= 0.002/ 0.000/ 0.002/ 0.000, Output= 0.004(-1.000/1.000)
Auto.printPidInfo_Info: gyroPidCtrl: Target=   0.0, Input=   0.3, Error=  -0.3, PIDTerms=-0.006/ 0.000/-0.000/ 0.000, Output=-0.006(-0.500/0.500)
Auto.Battery_Info: Voltage=10.77V (10.04V)
Auto.printPidInfo_Info: encoderXPidCtrl: Target=  16.1, Input=   3.5, Error=  12.5, PIDTerms= 1.880/ 0.000/-0.252/ 0.000, Output= 1.000(-1.000/1.000)
Auto.printPidInfo_Info: encoderYPidCtrl: Target=  21.3, Input=  21.4, Error=  -0.1, PIDTerms=-0.002/ 0.000/-0.003/ 0.000, Output=-0.004(-1.000/1.000)
Auto.printPidInfo_Info: gyroPidCtrl: Target=   0.0, Input=   1.1, Error=  -1.1, PIDTerms=-0.019/ 0.000/-0.009/ 0.000, Output=-0.028(-0.500/0.500)
Auto.Battery_Info: Voltage=11.02V (10.04V)
Auto.printPidInfo_Info: encoderXPidCtrl: Target=  16.1, Input=   7.2, Error=   8.8, PIDTerms= 1.326/ 0.000/-0.412/ 0.000, Output= 0.914(-1.000/1.000)
Auto.printPidInfo_Info: encoderYPidCtrl: Target=  21.3, Input=  21.4, Error=  -0.2, PIDTerms=-0.003/ 0.000/-0.001/ 0.000, Output=-0.005(-1.000/1.000)
Auto.printPidInfo_Info: gyroPidCtrl: Target=   0.0, Input=   1.5, Error=  -1.5, PIDTerms=-0.026/ 0.000/-0.006/ 0.000, Output=-0.032(-0.500/0.500)
Auto.Battery_Info: Voltage=11.68V (10.04V)
Auto.printPidInfo_Info: encoderXPidCtrl: Target=  16.1, Input=  10.7, Error=   5.3, PIDTerms= 0.798/ 0.000/-0.295/ 0.000, Output= 0.503(-1.000/1.000)
Auto.printPidInfo_Info: encoderYPidCtrl: Target=  21.3, Input=  21.4, Error=  -0.2, PIDTerms=-0.003/ 0.000/ 0.000/ 0.000, Output=-0.003(-1.000/1.000)
Auto.printPidInfo_Info: gyroPidCtrl: Target=   0.0, Input=   0.7, Error=  -0.7, PIDTerms=-0.012/ 0.000/ 0.009/ 0.000, Output=-0.004(-0.500/0.500)
Auto.Battery_Info: Voltage=11.91V (10.04V)
Auto.printPidInfo_Info: encoderXPidCtrl: Target=  16.1, Input=  14.8, Error=   1.2, PIDTerms= 0.184/ 0.000/-0.414/ 0.000, Output=-0.230(-1.000/1.000)
Auto.printPidInfo_Info: encoderYPidCtrl: Target=  21.3, Input=  21.5, Error=  -0.2, PIDTerms=-0.005/ 0.000/-0.001/ 0.000, Output=-0.006(-1.000/1.000)
Auto.printPidInfo_Info: gyroPidCtrl: Target=   0.0, Input=  -1.6, Error=   1.6, PIDTerms= 0.028/ 0.000/ 0.030/ 0.000, Output= 0.058(-0.500/0.500)
Auto.Battery_Info: Voltage=11.51V (10.04V)
Auto.printPidInfo_Info: encoderXPidCtrl: Target=  16.1, Input=  17.4, Error=  -1.3, PIDTerms=-0.201/ 0.000/-0.227/ 0.000, Output=-0.428(-1.000/1.000)
Auto.printPidInfo_Info: encoderYPidCtrl: Target=  21.3, Input=  21.3, Error=  -0.0, PIDTerms=-0.000/ 0.000/ 0.003/ 0.000, Output= 0.003(-1.000/1.000)
Auto.printPidInfo_Info: gyroPidCtrl: Target=   0.0, Input=  -3.8, Error=   3.8, PIDTerms= 0.069/ 0.000/ 0.027/ 0.000, Output= 0.096(-0.500/0.500)
Auto.Battery_Info: Voltage=12.09V (10.04V)
Auto.printPidInfo_Info: encoderXPidCtrl: Target=  16.1, Input=  16.9, Error=  -0.8, PIDTerms=-0.126/ 0.000/ 0.055/ 0.000, Output=-0.071(-1.000/1.000)
Auto.printPidInfo_Info: encoderYPidCtrl: Target=  21.3, Input=  21.2, Error=   0.1, PIDTerms= 0.001/ 0.000/ 0.001/ 0.000, Output= 0.003(-1.000/1.000)
Auto.printPidInfo_Info: gyroPidCtrl: Target=   0.0, Input=  -5.9, Error=   5.9, PIDTerms= 0.107/ 0.000/ 0.031/ 0.000, Output= 0.138(-0.500/0.500)
Auto.Battery_Info: Voltage=12.13V (10.04V)
Auto.printPidInfo_Info: encoderXPidCtrl: Target=  16.1, Input=  16.2, Error=  -0.1, PIDTerms=-0.019/ 0.000/ 0.075/ 0.000, Output= 0.056(-1.000/1.000)
Auto.printPidInfo_Info: encoderYPidCtrl: Target=  21.3, Input=  21.2, Error=   0.1, PIDTerms= 0.002/ 0.000/ 0.000/ 0.000, Output= 0.002(-1.000/1.000)
Auto.printPidInfo_Info: gyroPidCtrl: Target=   0.0, Input=  -5.8, Error=   5.8, PIDTerms= 0.104/ 0.000/-0.002/ 0.000, Output= 0.101(-0.500/0.500)
Auto.Battery_Info: Voltage=12.20V (10.04V)
Auto.printPidInfo_Info: encoderXPidCtrl: Target=  16.1, Input=  16.1, Error=  -0.0, PIDTerms=-0.005/ 0.000/ 0.010/ 0.000, Output= 0.005(-1.000/1.000)
Auto.printPidInfo_Info: encoderYPidCtrl: Target=  21.3, Input=  21.2, Error=   0.1, PIDTerms= 0.001/ 0.000/-0.001/ 0.000, Output= 0.001(-1.000/1.000)
Auto.printPidInfo_Info: gyroPidCtrl: Target=   0.0, Input=  -2.3, Error=   2.3, PIDTerms= 0.041/ 0.000/-0.050/ 0.000, Output=-0.009(-0.500/0.500)
Auto.Battery_Info: Voltage=12.22V (10.04V)
Auto.printPidInfo_Info: encoderXPidCtrl: Target=  16.1, Input=  16.3, Error=  -0.2, PIDTerms=-0.035/ 0.000/-0.019/ 0.000, Output=-0.054(-1.000/1.000)
Auto.printPidInfo_Info: encoderYPidCtrl: Target=  21.3, Input=  21.2, Error=   0.0, PIDTerms= 0.001/ 0.000/-0.000/ 0.000, Output= 0.001(-1.000/1.000)
Auto.printPidInfo_Info: gyroPidCtrl: Target=   0.0, Input=  -0.7, Error=   0.7, PIDTerms= 0.013/ 0.000/-0.019/ 0.000, Output=-0.007(-0.500/0.500)
Auto.Robot_Info: [8.978]    SET_DOWN_GLYPH: xPos= 16.22/ 16.00,yPos= 21.16/  0.00,heading=  -0.6/   0.0,volt=12.24V(10.04V)
Auto.Robot_Info: [11.063]     RELEASE_GLYPH: xPos= 16.23/ 16.00,yPos= 21.17/  0.00,heading=  -0.6/   0.0,volt=12.26V(10.04V)
Auto.Robot_Info: [11.643]      PUSH_FORWARD: xPos= 16.23/  0.00,yPos= 21.17/ 16.00,heading=  -0.6/   0.0,volt=12.29V(10.04V)
Auto.Battery_Info: Voltage=12.29V (10.04V)
Auto.printPidInfo_Info: encoderXPidCtrl: Target=  16.2, Input=  16.3, Error=   0.0, PIDTerms=-0.033/ 0.000/ 0.001/ 0.000, Output= 0.000(-1.000/1.000)
Auto.printPidInfo_Info: encoderYPidCtrl: Target=  37.2, Input=  21.2, Error=  16.0, PIDTerms= 0.001/ 0.000/ 0.000/ 0.000, Output= 0.000(-1.000/1.000)
Auto.printPidInfo_Info: gyroPidCtrl: Target=   0.0, Input=  -0.6, Error=   0.6, PIDTerms= 0.011/ 0.000/-0.001/ 0.000, Output= 0.000(-0.500/0.500)
Auto.Battery_Info: Voltage=11.94V (10.04V)
Auto.printPidInfo_Info: encoderXPidCtrl: Target=  16.2, Input=  16.2, Error=   0.0, PIDTerms= 0.000/ 0.000/ 0.000/ 0.000, Output= 0.000(-1.000/1.000)
Auto.printPidInfo_Info: encoderYPidCtrl: Target=  37.2, Input=  21.2, Error=  16.0, PIDTerms= 0.320/ 0.000/ 0.000/ 0.000, Output= 0.320(-1.000/1.000)
Auto.printPidInfo_Info: gyroPidCtrl: Target=   0.0, Input=  -0.6, Error=   0.6, PIDTerms= 0.011/ 0.000/ 0.000/ 0.000, Output= 0.011(-0.500/0.500)
Auto.Battery_Info: Voltage=11.95V (10.04V)
Auto.printPidInfo_Info: encoderXPidCtrl: Target=  16.2, Input=  16.2, Error=   0.0, PIDTerms= 0.004/ 0.000/ 0.003/ 0.000, Output= 0.007(-1.000/1.000)
Auto.printPidInfo_Info: encoderYPidCtrl: Target=  37.2, Input=  21.5, Error=  15.7, PIDTerms= 0.313/ 0.000/-0.005/ 0.000, Output= 0.308(-1.000/1.000)
Auto.printPidInfo_Info: gyroPidCtrl: Target=   0.0, Input=  -0.6, Error=   0.6, PIDTerms= 0.011/ 0.000/ 0.000/ 0.000, Output= 0.011(-0.500/0.500)
Auto.Battery_Info: Voltage=12.03V (10.04V)
Auto.printPidInfo_Info: encoderXPidCtrl: Target=  16.2, Input=  16.4, Error=  -0.1, PIDTerms=-0.020/ 0.000/-0.022/ 0.000, Output=-0.042(-1.000/1.000)
Auto.printPidInfo_Info: encoderYPidCtrl: Target=  37.2, Input=  22.3, Error=  14.9, PIDTerms= 0.297/ 0.000/-0.016/ 0.000, Output= 0.282(-1.000/1.000)
Auto.printPidInfo_Info: gyroPidCtrl: Target=   0.0, Input=  -0.2, Error=   0.2, PIDTerms= 0.004/ 0.000/-0.007/ 0.000, Output=-0.002(-0.500/0.500)
Auto.Battery_Info: Voltage=12.08V (10.04V)
Auto.printPidInfo_Info: encoderXPidCtrl: Target=  16.2, Input=  16.4, Error=  -0.1, PIDTerms=-0.021/ 0.000/-0.000/ 0.000, Output=-0.021(-1.000/1.000)
Auto.printPidInfo_Info: encoderYPidCtrl: Target=  37.2, Input=  23.3, Error=  13.9, PIDTerms= 0.278/ 0.000/-0.016/ 0.000, Output= 0.262(-1.000/1.000)
Auto.printPidInfo_Info: gyroPidCtrl: Target=   0.0, Input=  -0.4, Error=   0.4, PIDTerms= 0.007/ 0.000/ 0.002/ 0.000, Output= 0.009(-0.500/0.500)
Auto.Battery_Info: Voltage=12.11V (10.04V)
Auto.printPidInfo_Info: encoderXPidCtrl: Target=  16.2, Input=  16.4, Error=  -0.1, PIDTerms=-0.020/ 0.000/ 0.000/ 0.000, Output=-0.020(-1.000/1.000)
Auto.printPidInfo_Info: encoderYPidCtrl: Target=  37.2, Input=  24.8, Error=  12.4, PIDTerms= 0.247/ 0.000/-0.022/ 0.000, Output= 0.226(-1.000/1.000)
Auto.printPidInfo_Info: gyroPidCtrl: Target=   0.0, Input=  -0.4, Error=   0.4, PIDTerms= 0.007/ 0.000/-0.000/ 0.000, Output= 0.006(-0.500/0.500)
Auto.Battery_Info: Voltage=12.18V (10.04V)
Auto.printPidInfo_Info: encoderXPidCtrl: Target=  16.2, Input=  16.4, Error=  -0.1, PIDTerms=-0.021/ 0.000/-0.000/ 0.000, Output=-0.021(-1.000/1.000)
Auto.printPidInfo_Info: encoderYPidCtrl: Target=  37.2, Input=  27.4, Error=   9.7, PIDTerms= 0.194/ 0.000/-0.032/ 0.000, Output= 0.162(-1.000/1.000)
Auto.printPidInfo_Info: gyroPidCtrl: Target=   0.0, Input=  -0.4, Error=   0.4, PIDTerms= 0.007/ 0.000/ 0.000/ 0.000, Output= 0.008(-0.500/0.500)
Auto.Battery_Info: Voltage=12.17V (10.04V)
Auto.printPidInfo_Info: encoderXPidCtrl: Target=  16.2, Input=  16.4, Error=  -0.1, PIDTerms=-0.021/ 0.000/-0.000/ 0.000, Output=-0.022(-1.000/1.000)
Auto.printPidInfo_Info: encoderYPidCtrl: Target=  37.2, Input=  29.0, Error=   8.2, PIDTerms= 0.164/ 0.000/-0.028/ 0.000, Output= 0.135(-1.000/1.000)
Auto.printPidInfo_Info: gyroPidCtrl: Target=   0.0, Input=  -0.4, Error=   0.4, PIDTerms= 0.007/ 0.000/-0.000/ 0.000, Output= 0.007(-0.500/0.500)
Auto.Battery_Info: Voltage=12.21V (10.04V)
Auto.printPidInfo_Info: encoderXPidCtrl: Target=  16.2, Input=  16.3, Error=  -0.1, PIDTerms=-0.018/ 0.000/ 0.003/ 0.000, Output=-0.015(-1.000/1.000)
Auto.printPidInfo_Info: encoderYPidCtrl: Target=  37.2, Input=  30.0, Error=   7.1, PIDTerms= 0.142/ 0.000/-0.019/ 0.000, Output= 0.123(-1.000/1.000)
Auto.printPidInfo_Info: gyroPidCtrl: Target=   0.0, Input=  -0.4, Error=   0.4, PIDTerms= 0.008/ 0.000/ 0.000/ 0.000, Output= 0.008(-0.500/0.500)
Auto.Robot_Info: [12.942]    SET_DOWN_GLYPH: xPos= 16.32/  0.00,yPos= 30.07/ 16.00,heading=  -1.0/   0.0,volt=12.32V(10.04V)
Auto.Robot_Info: [13.278]     RELEASE_GLYPH: xPos= 16.30/  0.00,yPos= 30.02/ 16.00,heading=  -1.0/   0.0,volt=12.26V(10.04V)
Auto.Robot_Info: [13.783]      PUSH_FORWARD: xPos= 16.30/  0.00,yPos= 30.02/ 16.00,heading=  -1.0/   0.0,volt=12.30V(10.04V)
Auto.Battery_Info: Voltage=12.30V (10.04V)
Auto.printPidInfo_Info: encoderXPidCtrl: Target=  16.3, Input=  16.3, Error=   0.0, PIDTerms=-0.013/ 0.000/ 0.003/ 0.000, Output= 0.000(-1.000/1.000)
Auto.printPidInfo_Info: encoderYPidCtrl: Target=  46.0, Input=  30.1, Error=  16.0, PIDTerms= 0.142/ 0.000/-0.001/ 0.000, Output= 0.000(-1.000/1.000)
Auto.printPidInfo_Info: gyroPidCtrl: Target=   0.0, Input=  -0.9, Error=   1.0, PIDTerms= 0.017/ 0.000/ 0.007/ 0.000, Output= 0.000(-0.500/0.500)
Auto.Battery_Info: Voltage=11.74V (10.04V)
Auto.printPidInfo_Info: encoderXPidCtrl: Target=  16.3, Input=  16.3, Error=   0.0, PIDTerms= 0.000/ 0.000/ 0.000/ 0.000, Output= 0.000(-1.000/1.000)
Auto.printPidInfo_Info: encoderYPidCtrl: Target=  46.0, Input=  30.0, Error=  16.0, PIDTerms= 0.320/ 0.000/ 0.000/ 0.000, Output= 0.320(-1.000/1.000)
Auto.printPidInfo_Info: gyroPidCtrl: Target=   0.0, Input=  -1.0, Error=   1.0, PIDTerms= 0.017/ 0.000/ 0.000/ 0.000, Output= 0.017(-0.500/0.500)
Auto.Battery_Info: Voltage=11.69V (10.04V)
Auto.printPidInfo_Info: encoderXPidCtrl: Target=  16.3, Input=  16.3, Error=  -0.0, PIDTerms=-0.002/ 0.000/-0.001/ 0.000, Output=-0.003(-1.000/1.000)
Auto.printPidInfo_Info: encoderYPidCtrl: Target=  46.0, Input=  30.1, Error=  15.9, PIDTerms= 0.319/ 0.000/-0.001/ 0.000, Output= 0.318(-1.000/1.000)
Auto.printPidInfo_Info: gyroPidCtrl: Target=   0.0, Input=  -1.0, Error=   1.0, PIDTerms= 0.017/ 0.000/ 0.000/ 0.000, Output= 0.017(-0.500/0.500)
Auto.Battery_Info: Voltage=11.70V (10.04V)
Auto.printPidInfo_Info: encoderXPidCtrl: Target=  16.3, Input=  16.3, Error=  -0.0, PIDTerms=-0.002/ 0.000/ 0.000/ 0.000, Output=-0.001(-1.000/1.000)
Auto.printPidInfo_Info: encoderYPidCtrl: Target=  46.0, Input=  30.2, Error=  15.8, PIDTerms= 0.317/ 0.000/-0.002/ 0.000, Output= 0.315(-1.000/1.000)
Auto.printPidInfo_Info: gyroPidCtrl: Target=   0.0, Input=  -1.0, Error=   1.0, PIDTerms= 0.018/ 0.000/ 0.000/ 0.000, Output= 0.018(-0.500/0.500)
Auto.Battery_Info: Voltage=11.68V (10.04V)
Auto.printPidInfo_Info: encoderXPidCtrl: Target=  16.3, Input=  16.3, Error=  -0.0, PIDTerms=-0.002/ 0.000/ 0.000/ 0.000, Output=-0.002(-1.000/1.000)
Auto.printPidInfo_Info: encoderYPidCtrl: Target=  46.0, Input=  30.2, Error=  15.8, PIDTerms= 0.317/ 0.000/ 0.000/ 0.000, Output= 0.317(-1.000/1.000)
Auto.printPidInfo_Info: gyroPidCtrl: Target=   0.0, Input=  -1.0, Error=   1.0, PIDTerms= 0.019/ 0.000/ 0.001/ 0.000, Output= 0.019(-0.500/0.500)
Auto.Robot_Info: [14.519]    SET_DOWN_GLYPH: xPos= 16.31/  0.00,yPos= 30.15/ 16.00,heading=  -1.0/   0.0,volt=12.28V(10.04V)
Auto.Robot_Info: [15.020]     RELEASE_GLYPH: xPos= 16.30/  0.00,yPos= 30.09/ 16.00,heading=  -1.0/   0.0,volt=12.32V(10.04V)
Auto.Robot_Info: [15.633]      PUSH_FORWARD: xPos= 16.30/  0.00,yPos= 30.09/ 16.00,heading=  -1.1/   0.0,volt=12.29V(10.04V)
Auto.Battery_Info: Voltage=12.29V (10.04V)
Auto.printPidInfo_Info: encoderXPidCtrl: Target=  16.3, Input=  16.3, Error=   0.0, PIDTerms=-0.002/ 0.000/ 0.000/ 0.000, Output= 0.000(-1.000/1.000)
Auto.printPidInfo_Info: encoderYPidCtrl: Target=  46.1, Input=  30.2, Error=  16.0, PIDTerms= 0.317/ 0.000/ 0.000/ 0.000, Output= 0.000(-1.000/1.000)
Auto.printPidInfo_Info: gyroPidCtrl: Target=   0.0, Input=  -1.0, Error=   1.1, PIDTerms= 0.018/ 0.000/-0.000/ 0.000, Output= 0.000(-0.500/0.500)
Auto.Battery_Info: Voltage=11.75V (10.04V)
Auto.printPidInfo_Info: encoderXPidCtrl: Target=  16.3, Input=  16.3, Error=   0.0, PIDTerms= 0.000/ 0.000/ 0.000/ 0.000, Output= 0.000(-1.000/1.000)
Auto.printPidInfo_Info: encoderYPidCtrl: Target=  46.1, Input=  30.1, Error=  16.0, PIDTerms= 0.320/ 0.000/ 0.000/ 0.000, Output= 0.320(-1.000/1.000)
Auto.printPidInfo_Info: gyroPidCtrl: Target=   0.0, Input=  -1.1, Error=   1.1, PIDTerms= 0.019/ 0.000/ 0.000/ 0.000, Output= 0.019(-0.500/0.500)
Auto.Battery_Info: Voltage=11.69V (10.04V)
Auto.printPidInfo_Info: encoderXPidCtrl: Target=  16.3, Input=  16.3, Error=   0.0, PIDTerms= 0.001/ 0.000/ 0.000/ 0.000, Output= 0.001(-1.000/1.000)
Auto.printPidInfo_Info: encoderYPidCtrl: Target=  46.1, Input=  30.2, Error=  15.9, PIDTerms= 0.319/ 0.000/-0.001/ 0.000, Output= 0.318(-1.000/1.000)
Auto.printPidInfo_Info: gyroPidCtrl: Target=   0.0, Input=  -1.1, Error=   1.1, PIDTerms= 0.019/ 0.000/ 0.000/ 0.000, Output= 0.019(-0.500/0.500)
Auto.Battery_Info: Voltage=11.69V (10.04V)
Auto.printPidInfo_Info: encoderXPidCtrl: Target=  16.3, Input=  16.3, Error=   0.0, PIDTerms= 0.001/ 0.000/ 0.000/ 0.000, Output= 0.001(-1.000/1.000)
Auto.printPidInfo_Info: encoderYPidCtrl: Target=  46.1, Input=  30.2, Error=  15.9, PIDTerms= 0.317/ 0.000/-0.001/ 0.000, Output= 0.316(-1.000/1.000)
Auto.printPidInfo_Info: gyroPidCtrl: Target=   0.0, Input=  -1.1, Error=   1.1, PIDTerms= 0.019/ 0.000/ 0.000/ 0.000, Output= 0.019(-0.500/0.500)
Auto.Battery_Info: Voltage=11.69V (10.04V)
Auto.printPidInfo_Info: encoderXPidCtrl: Target=  16.3, Input=  16.3, Error=   0.0, PIDTerms= 0.001/ 0.000/ 0.000/ 0.000, Output= 0.001(-1.000/1.000)
Auto.printPidInfo_Info: encoderYPidCtrl: Target=  46.1, Input=  30.3, Error=  15.8, PIDTerms= 0.317/ 0.000/-0.000/ 0.000, Output= 0.317(-1.000/1.000)
Auto.printPidInfo_Info: gyroPidCtrl: Target=   0.0, Input=  -1.2, Error=   1.2, PIDTerms= 0.021/ 0.000/ 0.002/ 0.000, Output= 0.023(-0.500/0.500)
Auto.Battery_Info: Voltage=11.66V (10.04V)
Auto.printPidInfo_Info: encoderXPidCtrl: Target=  16.3, Input=  16.3, Error=   0.0, PIDTerms= 0.001/ 0.000/ 0.000/ 0.000, Output= 0.001(-1.000/1.000)
Auto.printPidInfo_Info: encoderYPidCtrl: Target=  46.1, Input=  30.3, Error=  15.8, PIDTerms= 0.317/ 0.000/-0.000/ 0.000, Output= 0.317(-1.000/1.000)
Auto.printPidInfo_Info: gyroPidCtrl: Target=   0.0, Input=  -1.2, Error=   1.2, PIDTerms= 0.021/ 0.000/-0.000/ 0.000, Output= 0.021(-0.500/0.500)
Auto.Battery_Info: Voltage=11.66V (10.04V)
Auto.printPidInfo_Info: encoderXPidCtrl: Target=  16.3, Input=  16.3, Error=   0.0, PIDTerms= 0.001/ 0.000/ 0.000/ 0.000, Output= 0.001(-1.000/1.000)
Auto.printPidInfo_Info: encoderYPidCtrl: Target=  46.1, Input=  30.3, Error=  15.8, PIDTerms= 0.317/ 0.000/-0.000/ 0.000, Output= 0.316(-1.000/1.000)
Auto.printPidInfo_Info: gyroPidCtrl: Target=   0.0, Input=  -1.2, Error=   1.2, PIDTerms= 0.021/ 0.000/ 0.000/ 0.000, Output= 0.021(-0.500/0.500)
Auto.Battery_Info: Voltage=11.66V (10.04V)
Auto.printPidInfo_Info: encoderXPidCtrl: Target=  16.3, Input=  16.3, Error=   0.0, PIDTerms= 0.002/ 0.000/ 0.000/ 0.000, Output= 0.002(-1.000/1.000)
Auto.printPidInfo_Info: encoderYPidCtrl: Target=  46.1, Input=  30.3, Error=  15.8, PIDTerms= 0.316/ 0.000/-0.000/ 0.000, Output= 0.316(-1.000/1.000)
Auto.printPidInfo_Info: gyroPidCtrl: Target=   0.0, Input=  -1.2, Error=   1.2, PIDTerms= 0.021/ 0.000/ 0.000/ 0.000, Output= 0.021(-0.500/0.500)
Auto.Robot_Info: [16.834]    SET_DOWN_GLYPH: xPos= 16.29/  0.00,yPos= 30.26/ 16.00,heading=  -1.2/   0.0,volt=12.29V(10.04V)
Auto.Robot_Info: [17.193]     RELEASE_GLYPH: xPos= 16.29/  0.00,yPos= 30.16/ 16.00,heading=  -1.2/   0.0,volt=12.30V(10.04V)
Auto.Robot_Info: [17.764]      PUSH_FORWARD: xPos= 16.29/  0.00,yPos= 30.16/ 16.00,heading=  -1.2/   0.0,volt=12.28V(10.04V)
Auto.Battery_Info: Voltage=12.28V (10.04V)
Auto.printPidInfo_Info: encoderXPidCtrl: Target=  16.3, Input=  16.3, Error=   0.0, PIDTerms= 0.002/ 0.000/ 0.000/ 0.000, Output= 0.000(-1.000/1.000)
Auto.printPidInfo_Info: encoderYPidCtrl: Target=  46.2, Input=  30.3, Error=  16.0, PIDTerms= 0.316/ 0.000/ 0.000/ 0.000, Output= 0.000(-1.000/1.000)
Auto.printPidInfo_Info: gyroPidCtrl: Target=   0.0, Input=  -1.2, Error=   1.2, PIDTerms= 0.021/ 0.000/ 0.000/ 0.000, Output= 0.000(-0.500/0.500)
Auto.Battery_Info: Voltage=11.71V (10.04V)
Auto.printPidInfo_Info: encoderXPidCtrl: Target=  16.3, Input=  16.3, Error=   0.0, PIDTerms= 0.000/ 0.000/ 0.000/ 0.000, Output= 0.000(-1.000/1.000)
Auto.printPidInfo_Info: encoderYPidCtrl: Target=  46.2, Input=  30.2, Error=  16.0, PIDTerms= 0.320/ 0.000/ 0.000/ 0.000, Output= 0.320(-1.000/1.000)
Auto.printPidInfo_Info: gyroPidCtrl: Target=   0.0, Input=  -1.2, Error=   1.2, PIDTerms= 0.021/ 0.000/ 0.000/ 0.000, Output= 0.021(-0.500/0.500)
Auto.Battery_Info: Voltage=11.70V (10.04V)
Auto.printPidInfo_Info: encoderXPidCtrl: Target=  16.3, Input=  16.3, Error=  -0.0, PIDTerms=-0.001/ 0.000/-0.000/ 0.000, Output=-0.001(-1.000/1.000)
Auto.printPidInfo_Info: encoderYPidCtrl: Target=  46.2, Input=  30.2, Error=  15.9, PIDTerms= 0.318/ 0.000/-0.001/ 0.000, Output= 0.317(-1.000/1.000)
Auto.printPidInfo_Info: gyroPidCtrl: Target=   0.0, Input=  -1.2, Error=   1.2, PIDTerms= 0.021/ 0.000/ 0.000/ 0.000, Output= 0.021(-0.500/0.500)
Auto.Battery_Info: Voltage=11.70V (10.04V)
Auto.printPidInfo_Info: encoderXPidCtrl: Target=  16.3, Input=  16.3, Error=   0.0, PIDTerms= 0.001/ 0.000/ 0.001/ 0.000, Output= 0.001(-1.000/1.000)
Auto.printPidInfo_Info: encoderYPidCtrl: Target=  46.2, Input=  30.3, Error=  15.8, PIDTerms= 0.317/ 0.000/-0.001/ 0.000, Output= 0.315(-1.000/1.000)
Auto.printPidInfo_Info: gyroPidCtrl: Target=   0.0, Input=  -1.2, Error=   1.2, PIDTerms= 0.022/ 0.000/ 0.001/ 0.000, Output= 0.023(-0.500/0.500)
Auto.Battery_Info: Voltage=11.66V (10.04V)
Auto.printPidInfo_Info: encoderXPidCtrl: Target=  16.3, Input=  16.3, Error=   0.0, PIDTerms= 0.001/ 0.000/ 0.000/ 0.000, Output= 0.001(-1.000/1.000)
Auto.printPidInfo_Info: encoderYPidCtrl: Target=  46.2, Input=  30.3, Error=  15.8, PIDTerms= 0.317/ 0.000/ 0.000/ 0.000, Output= 0.317(-1.000/1.000)
Auto.printPidInfo_Info: gyroPidCtrl: Target=   0.0, Input=  -1.3, Error=   1.3, PIDTerms= 0.023/ 0.000/ 0.001/ 0.000, Output= 0.023(-0.500/0.500)
Auto.Robot_Info: [18.516]    SET_DOWN_GLYPH: xPos= 16.28/  0.00,yPos= 30.29/ 16.00,heading=  -1.3/   0.0,volt=12.27V(10.04V)
Auto.Robot_Info: [18.871]     RELEASE_GLYPH: xPos= 16.26/  0.00,yPos= 30.21/ 16.00,heading=  -1.2/   0.0,volt=12.30V(10.04V)
Auto.Robot_Info: [19.383]      PUSH_FORWARD: xPos= 16.26/  0.00,yPos= 30.21/ 16.00,heading=  -1.2/   0.0,volt=12.28V(10.04V)
Auto.Battery_Info: Voltage=12.28V (10.04V)
Auto.printPidInfo_Info: encoderXPidCtrl: Target=  16.3, Input=  16.3, Error=   0.0, PIDTerms= 0.001/ 0.000/ 0.000/ 0.000, Output= 0.000(-1.000/1.000)
Auto.printPidInfo_Info: encoderYPidCtrl: Target=  46.2, Input=  30.3, Error=  16.0, PIDTerms= 0.317/ 0.000/ 0.000/ 0.000, Output= 0.000(-1.000/1.000)
Auto.printPidInfo_Info: gyroPidCtrl: Target=   0.0, Input=  -1.3, Error=   1.2, PIDTerms= 0.023/ 0.000/-0.000/ 0.000, Output= 0.000(-0.500/0.500)
Auto.Battery_Info: Voltage=11.68V (10.04V)
Auto.printPidInfo_Info: encoderXPidCtrl: Target=  16.3, Input=  16.3, Error=   0.0, PIDTerms= 0.000/ 0.000/ 0.000/ 0.000, Output= 0.000(-1.000/1.000)
Auto.printPidInfo_Info: encoderYPidCtrl: Target=  46.2, Input=  30.2, Error=  16.0, PIDTerms= 0.320/ 0.000/ 0.000/ 0.000, Output= 0.320(-1.000/1.000)
Auto.printPidInfo_Info: gyroPidCtrl: Target=   0.0, Input=  -1.2, Error=   1.2, PIDTerms= 0.022/ 0.000/ 0.000/ 0.000, Output= 0.022(-0.500/0.500)
Auto.Battery_Info: Voltage=11.66V (10.04V)
Auto.printPidInfo_Info: encoderXPidCtrl: Target=  16.3, Input=  16.3, Error=  -0.0, PIDTerms=-0.003/ 0.000/-0.002/ 0.000, Output=-0.004(-1.000/1.000)
Auto.printPidInfo_Info: encoderYPidCtrl: Target=  46.2, Input=  30.3, Error=  15.9, PIDTerms= 0.318/ 0.000/-0.001/ 0.000, Output= 0.317(-1.000/1.000)
Auto.printPidInfo_Info: gyroPidCtrl: Target=   0.0, Input=  -1.2, Error=   1.2, PIDTerms= 0.022/ 0.000/ 0.000/ 0.000, Output= 0.022(-0.500/0.500)
Auto.Battery_Info: Voltage=11.69V (10.04V)
Auto.printPidInfo_Info: encoderXPidCtrl: Target=  16.3, Input=  16.3, Error=  -0.0, PIDTerms=-0.003/ 0.000/ 0.000/ 0.000, Output=-0.003(-1.000/1.000)
Auto.printPidInfo_Info: encoderYPidCtrl: Target=  46.2, Input=  30.4, Error=  15.8, PIDTerms= 0.317/ 0.000/-0.001/ 0.000, Output= 0.315(-1.000/1.000)
Auto.printPidInfo_Info: gyroPidCtrl: Target=   0.0, Input=  -1.3, Error=   1.3, PIDTerms= 0.023/ 0.000/ 0.000/ 0.000, Output= 0.023(-0.500/0.500)
Auto.Battery_Info: Voltage=11.69V (10.04V)
Auto.printPidInfo_Info: encoderXPidCtrl: Target=  16.3, Input=  16.3, Error=  -0.0, PIDTerms=-0.002/ 0.000/ 0.000/ 0.000, Output=-0.002(-1.000/1.000)
Auto.printPidInfo_Info: encoderYPidCtrl: Target=  46.2, Input=  30.4, Error=  15.8, PIDTerms= 0.317/ 0.000/-0.000/ 0.000, Output= 0.317(-1.000/1.000)
Auto.printPidInfo_Info: gyroPidCtrl: Target=   0.0, Input=  -1.3, Error=   1.3, PIDTerms= 0.024/ 0.000/ 0.001/ 0.000, Output= 0.025(-0.500/0.500)
Auto.Battery_Info: Voltage=11.69V (10.04V)
Auto.printPidInfo_Info: encoderXPidCtrl: Target=  16.3, Input=  16.3, Error=  -0.0, PIDTerms=-0.002/ 0.000/ 0.000/ 0.000, Output=-0.002(-1.000/1.000)
Auto.printPidInfo_Info: encoderYPidCtrl: Target=  46.2, Input=  30.4, Error=  15.8, PIDTerms= 0.317/ 0.000/ 0.000/ 0.000, Output= 0.317(-1.000/1.000)
Auto.printPidInfo_Info: gyroPidCtrl: Target=   0.0, Input=  -1.3, Error=   1.3, PIDTerms= 0.024/ 0.000/-0.000/ 0.000, Output= 0.024(-0.500/0.500)
Auto.Battery_Info: Voltage=11.66V (10.04V)
Auto.printPidInfo_Info: encoderXPidCtrl: Target=  16.3, Input=  16.3, Error=  -0.0, PIDTerms=-0.003/ 0.000/-0.000/ 0.000, Output=-0.003(-1.000/1.000)
Auto.printPidInfo_Info: encoderYPidCtrl: Target=  46.2, Input=  30.4, Error=  15.8, PIDTerms= 0.317/ 0.000/-0.000/ 0.000, Output= 0.317(-1.000/1.000)
Auto.printPidInfo_Info: gyroPidCtrl: Target=   0.0, Input=  -1.3, Error=   1.3, PIDTerms= 0.024/ 0.000/-0.000/ 0.000, Output= 0.024(-0.500/0.500)
Auto.Battery_Info: Voltage=11.66V (10.04V)
Auto.printPidInfo_Info: encoderXPidCtrl: Target=  16.3, Input=  16.3, Error=  -0.0, PIDTerms=-0.003/ 0.000/ 0.000/ 0.000, Output=-0.003(-1.000/1.000)
Auto.printPidInfo_Info: encoderYPidCtrl: Target=  46.2, Input=  30.4, Error=  15.8, PIDTerms= 0.317/ 0.000/ 0.000/ 0.000, Output= 0.317(-1.000/1.000)
Auto.printPidInfo_Info: gyroPidCtrl: Target=   0.0, Input=  -1.3, Error=   1.3, PIDTerms= 0.024/ 0.000/ 0.000/ 0.000, Output= 0.024(-0.500/0.500)
Auto.Robot_Info: [20.541]    SET_DOWN_GLYPH: xPos= 16.27/  0.00,yPos= 30.35/ 16.00,heading=  -1.3/   0.0,volt=12.26V(10.04V)
Auto.Robot_Info: [20.900]     RELEASE_GLYPH: xPos= 16.28/  0.00,yPos= 30.29/ 16.00,heading=  -1.3/   0.0,volt=12.30V(10.04V)
Auto.Robot_Info: [21.439]      PUSH_FORWARD: xPos= 16.28/  0.00,yPos= 30.29/ 16.00,heading=  -1.3/   0.0,volt=12.28V(10.04V)
Auto.Battery_Info: Voltage=12.28V (10.04V)
Auto.printPidInfo_Info: encoderXPidCtrl: Target=  16.3, Input=  16.3, Error=   0.0, PIDTerms=-0.003/ 0.000/ 0.000/ 0.000, Output= 0.000(-1.000/1.000)
Auto.printPidInfo_Info: encoderYPidCtrl: Target=  46.3, Input=  30.4, Error=  16.0, PIDTerms= 0.317/ 0.000/ 0.000/ 0.000, Output= 0.000(-1.000/1.000)
Auto.printPidInfo_Info: gyroPidCtrl: Target=   0.0, Input=  -1.3, Error=   1.3, PIDTerms= 0.024/ 0.000/ 0.000/ 0.000, Output= 0.000(-0.500/0.500)
Auto.Battery_Info: Voltage=11.70V (10.04V)
Auto.printPidInfo_Info: encoderXPidCtrl: Target=  16.3, Input=  16.3, Error=   0.0, PIDTerms= 0.000/ 0.000/ 0.000/ 0.000, Output= 0.000(-1.000/1.000)
Auto.printPidInfo_Info: encoderYPidCtrl: Target=  46.3, Input=  30.3, Error=  16.0, PIDTerms= 0.320/ 0.000/-0.000/ 0.000, Output= 0.320(-1.000/1.000)
Auto.printPidInfo_Info: gyroPidCtrl: Target=   0.0, Input=  -1.3, Error=   1.3, PIDTerms= 0.024/ 0.000/ 0.000/ 0.000, Output= 0.024(-0.500/0.500)
Auto.Battery_Info: Voltage=11.66V (10.04V)
Auto.printPidInfo_Info: encoderXPidCtrl: Target=  16.3, Input=  16.3, Error=   0.0, PIDTerms= 0.001/ 0.000/ 0.000/ 0.000, Output= 0.001(-1.000/1.000)
Auto.printPidInfo_Info: encoderYPidCtrl: Target=  46.3, Input=  30.4, Error=  15.9, PIDTerms= 0.319/ 0.000/-0.001/ 0.000, Output= 0.318(-1.000/1.000)
Auto.printPidInfo_Info: gyroPidCtrl: Target=   0.0, Input=  -1.3, Error=   1.3, PIDTerms= 0.024/ 0.000/ 0.000/ 0.000, Output= 0.024(-0.500/0.500)
Auto.Battery_Info: Voltage=11.69V (10.04V)
Auto.printPidInfo_Info: encoderXPidCtrl: Target=  16.3, Input=  16.3, Error=  -0.0, PIDTerms=-0.002/ 0.000/-0.002/ 0.000, Output=-0.003(-1.000/1.000)
Auto.printPidInfo_Info: encoderYPidCtrl: Target=  46.3, Input=  30.4, Error=  15.9, PIDTerms= 0.317/ 0.000/-0.001/ 0.000, Output= 0.316(-1.000/1.000)
Auto.printPidInfo_Info: gyroPidCtrl: Target=   0.0, Input=  -1.4, Error=   1.4, PIDTerms= 0.024/ 0.000/ 0.000/ 0.000, Output= 0.025(-0.500/0.500)
Auto.Battery_Info: Voltage=11.69V (10.04V)
Auto.printPidInfo_Info: encoderXPidCtrl: Target=  16.3, Input=  16.3, Error=  -0.0, PIDTerms=-0.002/ 0.000/ 0.000/ 0.000, Output=-0.002(-1.000/1.000)
Auto.printPidInfo_Info: encoderYPidCtrl: Target=  46.3, Input=  30.4, Error=  15.9, PIDTerms= 0.317/ 0.000/ 0.000/ 0.000, Output= 0.317(-1.000/1.000)
Auto.printPidInfo_Info: gyroPidCtrl: Target=   0.0, Input=  -1.4, Error=   1.4, PIDTerms= 0.026/ 0.000/ 0.001/ 0.000, Output= 0.027(-0.500/0.500)
Auto.Battery_Info: Voltage=11.69V (10.04V)
Auto.printPidInfo_Info: encoderXPidCtrl: Target=  16.3, Input=  16.3, Error=  -0.0, PIDTerms=-0.001/ 0.000/ 0.000/ 0.000, Output=-0.001(-1.000/1.000)
Auto.printPidInfo_Info: encoderYPidCtrl: Target=  46.3, Input=  30.4, Error=  15.9, PIDTerms= 0.317/ 0.000/-0.000/ 0.000, Output= 0.317(-1.000/1.000)
Auto.printPidInfo_Info: gyroPidCtrl: Target=   0.0, Input=  -1.4, Error=   1.4, PIDTerms= 0.025/ 0.000/-0.000/ 0.000, Output= 0.025(-0.500/0.500)
Auto.Battery_Info: Voltage=11.65V (10.04V)
Auto.printPidInfo_Info: encoderXPidCtrl: Target=  16.3, Input=  16.3, Error=  -0.0, PIDTerms=-0.001/ 0.000/ 0.000/ 0.000, Output=-0.001(-1.000/1.000)
Auto.printPidInfo_Info: encoderYPidCtrl: Target=  46.3, Input=  30.4, Error=  15.9, PIDTerms= 0.317/ 0.000/ 0.000/ 0.000, Output= 0.317(-1.000/1.000)
Auto.printPidInfo_Info: gyroPidCtrl: Target=   0.0, Input=  -1.4, Error=   1.4, PIDTerms= 0.025/ 0.000/ 0.000/ 0.000, Output= 0.025(-0.500/0.500)
Auto.Battery_Info: Voltage=11.66V (10.04V)
Auto.printPidInfo_Info: encoderXPidCtrl: Target=  16.3, Input=  16.3, Error=  -0.0, PIDTerms=-0.001/ 0.000/ 0.000/ 0.000, Output=-0.000(-1.000/1.000)
Auto.printPidInfo_Info: encoderYPidCtrl: Target=  46.3, Input=  30.4, Error=  15.9, PIDTerms= 0.317/ 0.000/-0.000/ 0.000, Output= 0.317(-1.000/1.000)
Auto.printPidInfo_Info: gyroPidCtrl: Target=   0.0, Input=  -1.4, Error=   1.4, PIDTerms= 0.025/ 0.000/ 0.000/ 0.000, Output= 0.025(-0.500/0.500)
Auto.Robot_Info: [22.605]    SET_DOWN_GLYPH: xPos= 16.28/  0.00,yPos= 30.42/ 16.00,heading=  -1.4/   0.0,volt=12.25V(10.04V)
Auto.Robot_Info: [22.923]     RELEASE_GLYPH: xPos= 16.25/  0.00,yPos= 30.32/ 16.00,heading=  -1.4/   0.0,volt=12.30V(10.04V)
Auto.Robot_Info: [23.426]      PUSH_FORWARD: xPos= 16.25/  0.00,yPos= 30.32/ 16.00,heading=  -1.4/   0.0,volt=12.27V(10.04V)
Auto.Battery_Info: Voltage=12.27V (10.04V)
Auto.printPidInfo_Info: encoderXPidCtrl: Target=  16.3, Input=  16.3, Error=   0.0, PIDTerms=-0.001/ 0.000/ 0.000/ 0.000, Output= 0.000(-1.000/1.000)
Auto.printPidInfo_Info: encoderYPidCtrl: Target=  46.3, Input=  30.4, Error=  16.0, PIDTerms= 0.317/ 0.000/ 0.000/ 0.000, Output= 0.000(-1.000/1.000)
Auto.printPidInfo_Info: gyroPidCtrl: Target=   0.0, Input=  -1.4, Error=   1.4, PIDTerms= 0.025/ 0.000/ 0.000/ 0.000, Output= 0.000(-0.500/0.500)
Auto.Battery_Info: Voltage=11.67V (10.04V)
Auto.printPidInfo_Info: encoderXPidCtrl: Target=  16.3, Input=  16.3, Error=   0.0, PIDTerms= 0.000/ 0.000/ 0.000/ 0.000, Output= 0.000(-1.000/1.000)
Auto.printPidInfo_Info: encoderYPidCtrl: Target=  46.3, Input=  30.3, Error=  16.0, PIDTerms= 0.320/ 0.000/-0.000/ 0.000, Output= 0.320(-1.000/1.000)
Auto.printPidInfo_Info: gyroPidCtrl: Target=   0.0, Input=  -1.4, Error=   1.4, PIDTerms= 0.025/ 0.000/ 0.000/ 0.000, Output= 0.025(-0.500/0.500)
Auto.Battery_Info: Voltage=11.68V (10.04V)
Auto.printPidInfo_Info: encoderXPidCtrl: Target=  16.3, Input=  16.3, Error=  -0.0, PIDTerms=-0.003/ 0.000/-0.002/ 0.000, Output=-0.005(-1.000/1.000)
Auto.printPidInfo_Info: encoderYPidCtrl: Target=  46.3, Input=  30.4, Error=  15.9, PIDTerms= 0.319/ 0.000/-0.001/ 0.000, Output= 0.318(-1.000/1.000)
Auto.printPidInfo_Info: gyroPidCtrl: Target=   0.0, Input=  -1.4, Error=   1.4, PIDTerms= 0.025/ 0.000/ 0.000/ 0.000, Output= 0.025(-0.500/0.500)
Auto.Battery_Info: Voltage=11.72V (10.04V)
Auto.printPidInfo_Info: encoderXPidCtrl: Target=  16.3, Input=  16.3, Error=  -0.0, PIDTerms=-0.003/ 0.000/ 0.000/ 0.000, Output=-0.003(-1.000/1.000)
Auto.printPidInfo_Info: encoderYPidCtrl: Target=  46.3, Input=  30.5, Error=  15.9, PIDTerms= 0.317/ 0.000/-0.001/ 0.000, Output= 0.316(-1.000/1.000)
Auto.printPidInfo_Info: gyroPidCtrl: Target=   0.0, Input=  -1.4, Error=   1.4, PIDTerms= 0.026/ 0.000/ 0.001/ 0.000, Output= 0.027(-0.500/0.500)
Auto.Battery_Info: Voltage=11.71V (10.04V)
Auto.printPidInfo_Info: encoderXPidCtrl: Target=  16.3, Input=  16.3, Error=  -0.0, PIDTerms=-0.003/ 0.000/ 0.000/ 0.000, Output=-0.002(-1.000/1.000)
Auto.printPidInfo_Info: encoderYPidCtrl: Target=  46.3, Input=  30.5, Error=  15.9, PIDTerms= 0.317/ 0.000/-0.000/ 0.000, Output= 0.317(-1.000/1.000)
Auto.printPidInfo_Info: gyroPidCtrl: Target=   0.0, Input=  -1.5, Error=   1.5, PIDTerms= 0.027/ 0.000/ 0.001/ 0.000, Output= 0.027(-0.500/0.500)
Auto.Battery_Info: Voltage=11.69V (10.04V)
Auto.printPidInfo_Info: encoderXPidCtrl: Target=  16.3, Input=  16.3, Error=  -0.0, PIDTerms=-0.003/ 0.000/ 0.000/ 0.000, Output=-0.003(-1.000/1.000)
Auto.printPidInfo_Info: encoderYPidCtrl: Target=  46.3, Input=  30.5, Error=  15.9, PIDTerms= 0.317/ 0.000/ 0.000/ 0.000, Output= 0.317(-1.000/1.000)
Auto.printPidInfo_Info: gyroPidCtrl: Target=   0.0, Input=  -1.5, Error=   1.5, PIDTerms= 0.027/ 0.000/-0.000/ 0.000, Output= 0.026(-0.500/0.500)
Auto.Robot_Info: [24.410]    SET_DOWN_GLYPH: xPos= 16.28/  0.00,yPos= 30.45/ 16.00,heading=  -1.5/   0.0,volt=12.25V(10.04V)
Auto.Robot_Info: [24.778]     RELEASE_GLYPH: xPos= 16.25/  0.00,yPos= 30.36/ 16.00,heading=  -1.5/   0.0,volt=12.29V(10.04V)
Auto.Robot_Info: [25.356]      PUSH_FORWARD: xPos= 16.25/  0.00,yPos= 30.36/ 16.00,heading=  -1.5/   0.0,volt=12.27V(10.04V)
Auto.Battery_Info: Voltage=12.27V (10.04V)
Auto.printPidInfo_Info: encoderXPidCtrl: Target=  16.3, Input=  16.3, Error=   0.0, PIDTerms=-0.003/ 0.000/ 0.000/ 0.000, Output= 0.000(-1.000/1.000)
Auto.printPidInfo_Info: encoderYPidCtrl: Target=  46.4, Input=  30.5, Error=  16.0, PIDTerms= 0.317/ 0.000/ 0.000/ 0.000, Output= 0.000(-1.000/1.000)
Auto.printPidInfo_Info: gyroPidCtrl: Target=   0.0, Input=  -1.5, Error=   1.5, PIDTerms= 0.027/ 0.000/ 0.000/ 0.000, Output= 0.000(-0.500/0.500)
Auto.Battery_Info: Voltage=11.68V (10.04V)
Auto.printPidInfo_Info: encoderXPidCtrl: Target=  16.3, Input=  16.3, Error=   0.0, PIDTerms= 0.000/ 0.000/ 0.000/ 0.000, Output= 0.000(-1.000/1.000)
Auto.printPidInfo_Info: encoderYPidCtrl: Target=  46.4, Input=  30.4, Error=  16.0, PIDTerms= 0.320/ 0.000/ 0.000/ 0.000, Output= 0.320(-1.000/1.000)
Auto.printPidInfo_Info: gyroPidCtrl: Target=   0.0, Input=  -1.5, Error=   1.5, PIDTerms= 0.027/ 0.000/ 0.000/ 0.000, Output= 0.027(-0.500/0.500)
Auto.Battery_Info: Voltage=11.67V (10.04V)
Auto.printPidInfo_Info: encoderXPidCtrl: Target=  16.3, Input=  16.3, Error=  -0.0, PIDTerms=-0.002/ 0.000/-0.001/ 0.000, Output=-0.003(-1.000/1.000)
Auto.printPidInfo_Info: encoderYPidCtrl: Target=  46.4, Input=  30.4, Error=  15.9, PIDTerms= 0.319/ 0.000/-0.001/ 0.000, Output= 0.318(-1.000/1.000)
Auto.printPidInfo_Info: gyroPidCtrl: Target=   0.0, Input=  -1.5, Error=   1.5, PIDTerms= 0.027/ 0.000/ 0.000/ 0.000, Output= 0.027(-0.500/0.500)
Auto.Battery_Info: Voltage=11.70V (10.04V)
Auto.printPidInfo_Info: encoderXPidCtrl: Target=  16.3, Input=  16.3, Error=  -0.0, PIDTerms=-0.003/ 0.000/-0.000/ 0.000, Output=-0.003(-1.000/1.000)
Auto.printPidInfo_Info: encoderYPidCtrl: Target=  46.4, Input=  30.5, Error=  15.9, PIDTerms= 0.317/ 0.000/-0.001/ 0.000, Output= 0.316(-1.000/1.000)
Auto.printPidInfo_Info: gyroPidCtrl: Target=   0.0, Input=  -1.5, Error=   1.5, PIDTerms= 0.026/ 0.000/-0.000/ 0.000, Output= 0.026(-0.500/0.500)
Auto.Battery_Info: Voltage=11.69V (10.04V)
Auto.printPidInfo_Info: encoderXPidCtrl: Target=  16.3, Input=  16.3, Error=  -0.0, PIDTerms=-0.003/ 0.000/ 0.000/ 0.000, Output=-0.003(-1.000/1.000)
Auto.printPidInfo_Info: encoderYPidCtrl: Target=  46.4, Input=  30.5, Error=  15.9, PIDTerms= 0.317/ 0.000/ 0.000/ 0.000, Output= 0.317(-1.000/1.000)
Auto.printPidInfo_Info: gyroPidCtrl: Target=   0.0, Input=  -1.6, Error=   1.6, PIDTerms= 0.028/ 0.000/ 0.001/ 0.000, Output= 0.030(-0.500/0.500)
Auto.Battery_Info: Voltage=11.71V (10.04V)
Auto.printPidInfo_Info: encoderXPidCtrl: Target=  16.3, Input=  16.3, Error=  -0.0, PIDTerms=-0.002/ 0.000/ 0.000/ 0.000, Output=-0.002(-1.000/1.000)
Auto.printPidInfo_Info: encoderYPidCtrl: Target=  46.4, Input=  30.5, Error=  15.9, PIDTerms= 0.317/ 0.000/-0.000/ 0.000, Output= 0.317(-1.000/1.000)
Auto.printPidInfo_Info: gyroPidCtrl: Target=   0.0, Input=  -1.6, Error=   1.6, PIDTerms= 0.028/ 0.000/-0.000/ 0.000, Output= 0.028(-0.500/0.500)
Auto.Battery_Info: Voltage=11.72V (10.04V)
Auto.printPidInfo_Info: encoderXPidCtrl: Target=  16.3, Input=  16.3, Error=  -0.0, PIDTerms=-0.002/ 0.000/ 0.000/ 0.000, Output=-0.001(-1.000/1.000)
Auto.printPidInfo_Info: encoderYPidCtrl: Target=  46.4, Input=  30.5, Error=  15.9, PIDTerms= 0.317/ 0.000/-0.000/ 0.000, Output= 0.317(-1.000/1.000)
Auto.printPidInfo_Info: gyroPidCtrl: Target=   0.0, Input=  -1.6, Error=   1.6, PIDTerms= 0.028/ 0.000/ 0.000/ 0.000, Output= 0.028(-0.500/0.500)
Auto.Battery_Info: Voltage=11.68V (10.04V)
Auto.printPidInfo_Info: encoderXPidCtrl: Target=  16.3, Input=  16.3, Error=  -0.0, PIDTerms=-0.002/ 0.000/ 0.000/ 0.000, Output=-0.002(-1.000/1.000)
Auto.printPidInfo_Info: encoderYPidCtrl: Target=  46.4, Input=  30.5, Error=  15.8, PIDTerms= 0.317/ 0.000/-0.000/ 0.000, Output= 0.317(-1.000/1.000)
Auto.printPidInfo_Info: gyroPidCtrl: Target=   0.0, Input=  -1.6, Error=   1.6, PIDTerms= 0.028/ 0.000/ 0.000/ 0.000, Output= 0.028(-0.500/0.500)
Auto.Robot_Info: [26.592]    SET_DOWN_GLYPH: xPos= 16.26/  0.00,yPos= 30.49/ 16.00,heading=  -1.6/   0.0,volt=12.24V(10.04V)
Auto.Robot_Info: [26.909]     RELEASE_GLYPH: xPos= 16.25/  0.00,yPos= 30.41/ 16.00,heading=  -1.6/   0.0,volt=12.28V(10.04V)
