Auto.FtcAuto_Info: Sun Dec 03 00:42:07 PST 2017: ***** Starting autonomous *****
Auto.Robot_Info: ***** [0.079] *****  DEPLOY_JEWEL_ARM: xPos=  0.00/  0.00,yPos=  0.00/  0.00,heading=  -0.1/   0.0,volt=12.94V(12.90V)
Auto.WHACK_JEWEL_Info: VuMark: UNKNOWN
Auto.WHACK_JEWEL_Info: 0: Color=BLUE, HSV=[199.591843/0.453704/0.423529]
Auto.Robot_Info: ***** [0.692] *****       WHACK_JEWEL: xPos=  0.00/  0.00,yPos=  0.00/  0.00,heading=  -0.0/   0.0,volt=12.94V(12.87V)
Auto.Robot_Info: ***** [1.279] ***** MOVE_JEWEL_ARM_UP: xPos=  0.00/  0.00,yPos=  0.00/  0.00,heading=  -0.0/   0.0,volt=12.93V(12.87V)
Auto.Robot_Info: ***** [1.720] *****   RESET_JEWEL_ARM: xPos=  0.00/  0.00,yPos=  0.00/  0.00,heading=  -0.0/   0.0,volt=12.89V(12.87V)
Auto.DO_DELAY_Info: Delay=0
Auto.Robot_Info: ***** [2.089] *****          DO_DELAY: xPos=  0.00/  0.00,yPos=  0.00/  0.00,heading=  -0.1/   0.0,volt=12.89V(12.87V)
Auto.Robot_Info: ***** [2.179] *****   GRAB_LIFT_GLYPH: xPos=  0.00/  0.00,yPos=  0.00/  0.00,heading=  -0.1/   0.0,volt=12.91V(12.87V)
Auto.Robot_Info: ***** [4.366] ***** DRIVE_OFF_PLATFORM: xPos=  0.00/  0.00,yPos=  0.00/  0.00,heading=  -0.1/   0.0,volt=12.32V(12.45V)
Auto.Robot_Info: ***** [5.131] *****     DRIVE_TO_WALL: xPos= -8.17/  0.00,yPos= -6.51/  0.00,heading=  -1.8/   0.0,volt=12.79V(12.30V)
Auto.Robot_Info: ***** [5.299] ***** TURN_TO_CRYPTOBOX: xPos=-25.02/  0.00,yPos=  8.20/  0.00,heading=  -1.2/ -90.0,volt=12.83V(12.30V)
Auto.Battery_Info: Voltage=12.83V (12.30V)
Auto.printPidInfo_Info: encoderXPidCtrl: Target= -25.0, Input=   0.0, Error=   0.0, PIDTerms= 0.000/ 0.000/ 0.000/ 0.000, Output= 0.000(-1.000/1.000)
Auto.printPidInfo_Info: encoderYPidCtrl: Target=   8.2, Input=   0.0, Error=   0.0, PIDTerms= 0.000/ 0.000/ 0.000/ 0.000, Output= 0.000(-1.000/1.000)
Auto.printPidInfo_Info: gyroPidCtrl: Target= -90.0, Input=   0.0, Error= -88.8, PIDTerms= 0.000/ 0.000/ 0.000/ 0.000, Output= 0.000(-0.500/0.500)
Auto.Battery_Info: Voltage=12.25V (12.21V)
Auto.printPidInfo_Info: encoderXPidCtrl: Target= -25.0, Input=   0.0, Error=   0.0, PIDTerms= 0.000/ 0.000/ 0.000/ 0.000, Output= 0.000(-1.000/1.000)
Auto.printPidInfo_Info: encoderYPidCtrl: Target=   8.2, Input=   0.0, Error=   0.0, PIDTerms= 0.000/ 0.000/ 0.000/ 0.000, Output= 0.000(-1.000/1.000)
Auto.printPidInfo_Info: gyroPidCtrl: Target= -90.0, Input=  -1.2, Error= -88.8, PIDTerms=-1.598/ 0.000/ 0.000/-0.000, Output=-0.500(-0.500/0.500)
Auto.Battery_Info: Voltage=12.33V (12.21V)
Auto.printPidInfo_Info: encoderXPidCtrl: Target= -25.0, Input=   0.0, Error=   0.0, PIDTerms= 0.000/ 0.000/ 0.000/ 0.000, Output= 0.000(-1.000/1.000)
Auto.printPidInfo_Info: encoderYPidCtrl: Target=   8.2, Input=   0.0, Error=   0.0, PIDTerms= 0.000/ 0.000/ 0.000/ 0.000, Output= 0.000(-1.000/1.000)
Auto.printPidInfo_Info: gyroPidCtrl: Target= -90.0, Input=  -1.2, Error= -88.8, PIDTerms=-1.598/ 0.000/-0.000/-0.000, Output=-0.500(-0.500/0.500)
Auto.Battery_Info: Voltage=12.30V (12.21V)
Auto.printPidInfo_Info: encoderXPidCtrl: Target= -25.0, Input=   0.0, Error=   0.0, PIDTerms= 0.000/ 0.000/ 0.000/ 0.000, Output= 0.000(-1.000/1.000)
Auto.printPidInfo_Info: encoderYPidCtrl: Target=   8.2, Input=   0.0, Error=   0.0, PIDTerms= 0.000/ 0.000/ 0.000/ 0.000, Output= 0.000(-1.000/1.000)
Auto.printPidInfo_Info: gyroPidCtrl: Target= -90.0, Input=  -2.4, Error= -87.6, PIDTerms=-1.577/ 0.000/ 0.016/-0.000, Output=-0.500(-0.500/0.500)
Auto.Battery_Info: Voltage=12.33V (12.21V)
Auto.printPidInfo_Info: encoderXPidCtrl: Target= -25.0, Input=   0.0, Error=   0.0, PIDTerms= 0.000/ 0.000/ 0.000/ 0.000, Output= 0.000(-1.000/1.000)
Auto.printPidInfo_Info: encoderYPidCtrl: Target=   8.2, Input=   0.0, Error=   0.0, PIDTerms= 0.000/ 0.000/ 0.000/ 0.000, Output= 0.000(-1.000/1.000)
Auto.printPidInfo_Info: gyroPidCtrl: Target= -90.0, Input= -12.4, Error= -77.6, PIDTerms=-1.397/ 0.000/ 0.124/-0.000, Output=-0.500(-0.500/0.500)
Auto.Battery_Info: Voltage=12.36V (12.21V)
Auto.printPidInfo_Info: encoderXPidCtrl: Target= -25.0, Input=   0.0, Error=   0.0, PIDTerms= 0.000/ 0.000/ 0.000/ 0.000, Output= 0.000(-1.000/1.000)
Auto.printPidInfo_Info: encoderYPidCtrl: Target=   8.2, Input=   0.0, Error=   0.0, PIDTerms= 0.000/ 0.000/ 0.000/ 0.000, Output= 0.000(-1.000/1.000)
Auto.printPidInfo_Info: gyroPidCtrl: Target= -90.0, Input= -24.3, Error= -65.7, PIDTerms=-1.183/ 0.000/ 0.186/-0.000, Output=-0.500(-0.500/0.500)
Auto.Battery_Info: Voltage=12.38V (12.21V)
Auto.printPidInfo_Info: encoderXPidCtrl: Target= -25.0, Input=   0.0, Error=   0.0, PIDTerms= 0.000/ 0.000/ 0.000/ 0.000, Output= 0.000(-1.000/1.000)
Auto.printPidInfo_Info: encoderYPidCtrl: Target=   8.2, Input=   0.0, Error=   0.0, PIDTerms= 0.000/ 0.000/ 0.000/ 0.000, Output= 0.000(-1.000/1.000)
Auto.printPidInfo_Info: gyroPidCtrl: Target= -90.0, Input= -33.9, Error= -56.1, PIDTerms=-1.009/ 0.000/ 0.154/-0.000, Output=-0.500(-0.500/0.500)
Auto.Battery_Info: Voltage=12.40V (12.21V)
Auto.printPidInfo_Info: encoderXPidCtrl: Target= -25.0, Input=   0.0, Error=   0.0, PIDTerms= 0.000/ 0.000/ 0.000/ 0.000, Output= 0.000(-1.000/1.000)
Auto.printPidInfo_Info: encoderYPidCtrl: Target=   8.2, Input=   0.0, Error=   0.0, PIDTerms= 0.000/ 0.000/ 0.000/ 0.000, Output= 0.000(-1.000/1.000)
Auto.printPidInfo_Info: gyroPidCtrl: Target= -90.0, Input= -46.5, Error= -43.5, PIDTerms=-0.782/ 0.000/ 0.196/-0.000, Output=-0.500(-0.500/0.500)
Auto.Battery_Info: Voltage=12.42V (12.21V)
Auto.printPidInfo_Info: encoderXPidCtrl: Target= -25.0, Input=   0.0, Error=   0.0, PIDTerms= 0.000/ 0.000/ 0.000/ 0.000, Output= 0.000(-1.000/1.000)
Auto.printPidInfo_Info: encoderYPidCtrl: Target=   8.2, Input=   0.0, Error=   0.0, PIDTerms= 0.000/ 0.000/ 0.000/ 0.000, Output= 0.000(-1.000/1.000)
Auto.printPidInfo_Info: gyroPidCtrl: Target= -90.0, Input= -56.2, Error= -33.8, PIDTerms=-0.609/ 0.000/ 0.127/-0.000, Output=-0.482(-0.500/0.500)
Auto.Battery_Info: Voltage=12.80V (12.21V)
Auto.printPidInfo_Info: encoderXPidCtrl: Target= -25.0, Input=   0.0, Error=   0.0, PIDTerms= 0.000/ 0.000/ 0.000/ 0.000, Output= 0.000(-1.000/1.000)
Auto.printPidInfo_Info: encoderYPidCtrl: Target=   8.2, Input=   0.0, Error=   0.0, PIDTerms= 0.000/ 0.000/ 0.000/ 0.000, Output= 0.000(-1.000/1.000)
Auto.printPidInfo_Info: gyroPidCtrl: Target= -90.0, Input= -74.3, Error= -15.7, PIDTerms=-0.283/ 0.000/ 0.203/-0.000, Output=-0.081(-0.500/0.500)
Auto.Battery_Info: Voltage=12.62V (12.21V)
Auto.printPidInfo_Info: encoderXPidCtrl: Target= -25.0, Input=   0.0, Error=   0.0, PIDTerms= 0.000/ 0.000/ 0.000/ 0.000, Output= 0.000(-1.000/1.000)
Auto.printPidInfo_Info: encoderYPidCtrl: Target=   8.2, Input=   0.0, Error=   0.0, PIDTerms= 0.000/ 0.000/ 0.000/ 0.000, Output= 0.000(-1.000/1.000)
Auto.printPidInfo_Info: gyroPidCtrl: Target= -90.0, Input= -91.7, Error=   1.7, PIDTerms= 0.031/ 0.000/ 0.222/-0.000, Output= 0.253(-0.500/0.500)
Auto.Battery_Info: Voltage=12.30V (12.21V)
Auto.printPidInfo_Info: encoderXPidCtrl: Target= -25.0, Input=   0.0, Error=   0.0, PIDTerms= 0.000/ 0.000/ 0.000/ 0.000, Output= 0.000(-1.000/1.000)
Auto.printPidInfo_Info: encoderYPidCtrl: Target=   8.2, Input=   0.0, Error=   0.0, PIDTerms= 0.000/ 0.000/ 0.000/ 0.000, Output= 0.000(-1.000/1.000)
Auto.printPidInfo_Info: gyroPidCtrl: Target= -90.0, Input=-106.7, Error=  16.7, PIDTerms= 0.300/ 0.000/ 0.218/-0.000, Output= 0.500(-0.500/0.500)
Auto.Battery_Info: Voltage=12.44V (12.21V)
Auto.printPidInfo_Info: encoderXPidCtrl: Target= -25.0, Input=   0.0, Error=   0.0, PIDTerms= 0.000/ 0.000/ 0.000/ 0.000, Output= 0.000(-1.000/1.000)
Auto.printPidInfo_Info: encoderYPidCtrl: Target=   8.2, Input=   0.0, Error=   0.0, PIDTerms= 0.000/ 0.000/ 0.000/ 0.000, Output= 0.000(-1.000/1.000)
Auto.printPidInfo_Info: gyroPidCtrl: Target= -90.0, Input=-110.4, Error=  20.4, PIDTerms= 0.367/ 0.000/ 0.050/-0.000, Output= 0.417(-0.500/0.500)
Auto.Battery_Info: Voltage=12.69V (12.21V)
Auto.printPidInfo_Info: encoderXPidCtrl: Target= -25.0, Input=   0.0, Error=   0.0, PIDTerms= 0.000/ 0.000/ 0.000/ 0.000, Output= 0.000(-1.000/1.000)
Auto.printPidInfo_Info: encoderYPidCtrl: Target=   8.2, Input=   0.0, Error=   0.0, PIDTerms= 0.000/ 0.000/ 0.000/ 0.000, Output= 0.000(-1.000/1.000)
Auto.printPidInfo_Info: gyroPidCtrl: Target= -90.0, Input=-104.6, Error=  14.6, PIDTerms= 0.262/ 0.000/-0.061/-0.000, Output= 0.201(-0.500/0.500)
Auto.Battery_Info: Voltage=12.69V (12.21V)
Auto.printPidInfo_Info: encoderXPidCtrl: Target= -25.0, Input=   0.0, Error=   0.0, PIDTerms= 0.000/ 0.000/ 0.000/ 0.000, Output= 0.000(-1.000/1.000)
Auto.printPidInfo_Info: encoderYPidCtrl: Target=   8.2, Input=   0.0, Error=   0.0, PIDTerms= 0.000/ 0.000/ 0.000/ 0.000, Output= 0.000(-1.000/1.000)
Auto.printPidInfo_Info: gyroPidCtrl: Target= -90.0, Input= -90.6, Error=   0.6, PIDTerms= 0.010/ 0.000/-0.199/-0.000, Output=-0.189(-0.500/0.500)
Auto.Battery_Info: Voltage=12.50V (12.21V)
Auto.printPidInfo_Info: encoderXPidCtrl: Target= -25.0, Input=   0.0, Error=   0.0, PIDTerms= 0.000/ 0.000/ 0.000/ 0.000, Output= 0.000(-1.000/1.000)
Auto.printPidInfo_Info: encoderYPidCtrl: Target=   8.2, Input=   0.0, Error=   0.0, PIDTerms= 0.000/ 0.000/ 0.000/ 0.000, Output= 0.000(-1.000/1.000)
Auto.printPidInfo_Info: gyroPidCtrl: Target= -90.0, Input= -80.2, Error=  -9.8, PIDTerms=-0.176/ 0.000/-0.155/-0.000, Output=-0.332(-0.500/0.500)
Auto.Battery_Info: Voltage=12.52V (12.21V)
Auto.printPidInfo_Info: encoderXPidCtrl: Target= -25.0, Input=   0.0, Error=   0.0, PIDTerms= 0.000/ 0.000/ 0.000/ 0.000, Output= 0.000(-1.000/1.000)
Auto.printPidInfo_Info: encoderYPidCtrl: Target=   8.2, Input=   0.0, Error=   0.0, PIDTerms= 0.000/ 0.000/ 0.000/ 0.000, Output= 0.000(-1.000/1.000)
Auto.printPidInfo_Info: gyroPidCtrl: Target= -90.0, Input= -75.1, Error= -14.9, PIDTerms=-0.268/ 0.000/-0.064/-0.000, Output=-0.332(-0.500/0.500)
Auto.Battery_Info: Voltage=12.71V (12.21V)
Auto.printPidInfo_Info: encoderXPidCtrl: Target= -25.0, Input=   0.0, Error=   0.0, PIDTerms= 0.000/ 0.000/ 0.000/ 0.000, Output= 0.000(-1.000/1.000)
Auto.printPidInfo_Info: encoderYPidCtrl: Target=   8.2, Input=   0.0, Error=   0.0, PIDTerms= 0.000/ 0.000/ 0.000/ 0.000, Output= 0.000(-1.000/1.000)
Auto.printPidInfo_Info: gyroPidCtrl: Target= -90.0, Input= -78.1, Error= -11.9, PIDTerms=-0.214/ 0.000/ 0.040/-0.000, Output=-0.173(-0.500/0.500)
Auto.Battery_Info: Voltage=12.82V (12.21V)
Auto.printPidInfo_Info: encoderXPidCtrl: Target= -25.0, Input=   0.0, Error=   0.0, PIDTerms= 0.000/ 0.000/ 0.000/ 0.000, Output= 0.000(-1.000/1.000)
Auto.printPidInfo_Info: encoderYPidCtrl: Target=   8.2, Input=   0.0, Error=   0.0, PIDTerms= 0.000/ 0.000/ 0.000/ 0.000, Output= 0.000(-1.000/1.000)
Auto.printPidInfo_Info: gyroPidCtrl: Target= -90.0, Input= -85.1, Error=  -4.9, PIDTerms=-0.088/ 0.000/ 0.094/-0.000, Output= 0.006(-0.500/0.500)
Auto.Battery_Info: Voltage=12.75V (12.21V)
Auto.printPidInfo_Info: encoderXPidCtrl: Target= -25.0, Input=   0.0, Error=   0.0, PIDTerms= 0.000/ 0.000/ 0.000/ 0.000, Output= 0.000(-1.000/1.000)
Auto.printPidInfo_Info: encoderYPidCtrl: Target=   8.2, Input=   0.0, Error=   0.0, PIDTerms= 0.000/ 0.000/ 0.000/ 0.000, Output= 0.000(-1.000/1.000)
Auto.printPidInfo_Info: gyroPidCtrl: Target= -90.0, Input= -93.2, Error=   3.2, PIDTerms= 0.058/ 0.000/ 0.097/-0.000, Output= 0.155(-0.500/0.500)
Auto.Battery_Info: Voltage=12.75V (12.21V)
Auto.printPidInfo_Info: encoderXPidCtrl: Target= -25.0, Input=   0.0, Error=   0.0, PIDTerms= 0.000/ 0.000/ 0.000/ 0.000, Output= 0.000(-1.000/1.000)
Auto.printPidInfo_Info: encoderYPidCtrl: Target=   8.2, Input=   0.0, Error=   0.0, PIDTerms= 0.000/ 0.000/ 0.000/ 0.000, Output= 0.000(-1.000/1.000)
Auto.printPidInfo_Info: gyroPidCtrl: Target= -90.0, Input= -96.0, Error=   6.0, PIDTerms= 0.107/ 0.000/ 0.029/-0.000, Output= 0.136(-0.500/0.500)
Auto.Robot_Info: ***** [8.576] *****   ALIGN_CRYPTOBOX: xPos=-25.57/-10.50,yPos=  6.45/  0.00,heading= -94.3/ -90.0,volt=12.84V(12.21V)
Auto.Battery_Info: Voltage=12.84V (12.21V)
Auto.printPidInfo_Info: encoderXPidCtrl: Target= -36.1, Input=   0.0, Error= -10.5, PIDTerms= 0.000/ 0.000/ 0.000/ 0.000, Output= 0.000(-1.000/1.000)
Auto.printPidInfo_Info: encoderYPidCtrl: Target=   6.5, Input=   0.0, Error=   0.0, PIDTerms= 0.000/ 0.000/ 0.000/ 0.000, Output= 0.000(-1.000/1.000)
Auto.printPidInfo_Info: gyroPidCtrl: Target= -90.0, Input= -95.8, Error=   4.3, PIDTerms= 0.105/ 0.000/-0.002/-0.000, Output= 0.000(-0.500/0.500)
Auto.Battery_Info: Voltage=11.22V (11.16V)
Auto.printPidInfo_Info: encoderXPidCtrl: Target= -36.1, Input= -25.6, Error= -10.5, PIDTerms=-1.575/ 0.000/ 0.000/-0.000, Output=-1.000(-1.000/1.000)
Auto.printPidInfo_Info: encoderYPidCtrl: Target=   6.5, Input=   6.5, Error=   0.0, PIDTerms= 0.000/ 0.000/ 0.000/ 0.000, Output= 0.000(-1.000/1.000)
Auto.printPidInfo_Info: gyroPidCtrl: Target= -90.0, Input= -94.3, Error=   4.3, PIDTerms= 0.078/ 0.000/ 0.000/-0.000, Output= 0.078(-0.500/0.500)
Auto.Battery_Info: Voltage=11.49V (11.16V)
Auto.printPidInfo_Info: encoderXPidCtrl: Target= -36.1, Input= -26.1, Error=  -9.9, PIDTerms=-1.488/ 0.000/ 0.042/-0.000, Output=-1.000(-1.000/1.000)
Auto.printPidInfo_Info: encoderYPidCtrl: Target=   6.5, Input=   6.4, Error=   0.1, PIDTerms= 0.001/ 0.000/ 0.001/ 0.000, Output= 0.002(-1.000/1.000)
Auto.printPidInfo_Info: gyroPidCtrl: Target= -90.0, Input= -94.2, Error=   4.2, PIDTerms= 0.076/ 0.000/-0.001/-0.000, Output= 0.075(-0.500/0.500)
Auto.Battery_Info: Voltage=12.26V (11.16V)
Auto.printPidInfo_Info: encoderXPidCtrl: Target= -36.1, Input= -30.3, Error=  -5.8, PIDTerms=-0.869/ 0.000/ 0.309/-0.000, Output=-0.561(-1.000/1.000)
Auto.printPidInfo_Info: encoderYPidCtrl: Target=   6.5, Input=   6.3, Error=   0.1, PIDTerms= 0.002/ 0.000/ 0.001/ 0.000, Output= 0.003(-1.000/1.000)
Auto.printPidInfo_Info: gyroPidCtrl: Target= -90.0, Input= -93.6, Error=   3.6, PIDTerms= 0.065/ 0.000/-0.006/-0.000, Output= 0.059(-0.500/0.500)
Auto.Battery_Info: Voltage=12.51V (11.16V)
Auto.printPidInfo_Info: encoderXPidCtrl: Target= -36.1, Input= -35.0, Error=  -1.1, PIDTerms=-0.164/ 0.000/ 0.421/-0.000, Output= 0.257(-1.000/1.000)
Auto.printPidInfo_Info: encoderYPidCtrl: Target=   6.5, Input=   6.1, Error=   0.3, PIDTerms= 0.007/ 0.000/ 0.003/ 0.000, Output= 0.009(-1.000/1.000)
Auto.printPidInfo_Info: gyroPidCtrl: Target= -90.0, Input= -91.0, Error=   1.0, PIDTerms= 0.017/ 0.000/-0.032/-0.000, Output=-0.015(-0.500/0.500)
Auto.Battery_Info: Voltage=12.27V (11.16V)
Auto.printPidInfo_Info: encoderXPidCtrl: Target= -36.1, Input= -37.2, Error=   1.1, PIDTerms= 0.162/ 0.000/ 0.224/-0.000, Output= 0.386(-1.000/1.000)
Auto.printPidInfo_Info: encoderYPidCtrl: Target=   6.5, Input=   5.9, Error=   0.5, PIDTerms= 0.011/ 0.000/ 0.003/ 0.000, Output= 0.014(-1.000/1.000)
Auto.printPidInfo_Info: gyroPidCtrl: Target= -90.0, Input= -87.1, Error=  -2.9, PIDTerms=-0.052/ 0.000/-0.053/-0.000, Output=-0.106(-0.500/0.500)
Auto.Battery_Info: Voltage=12.66V (11.16V)
Auto.printPidInfo_Info: encoderXPidCtrl: Target= -36.1, Input= -36.7, Error=   0.6, PIDTerms= 0.090/ 0.000/-0.051/-0.000, Output= 0.039(-1.000/1.000)
Auto.printPidInfo_Info: encoderYPidCtrl: Target=   6.5, Input=   5.8, Error=   0.6, PIDTerms= 0.012/ 0.000/ 0.001/ 0.000, Output= 0.014(-1.000/1.000)
Auto.printPidInfo_Info: gyroPidCtrl: Target= -90.0, Input= -82.8, Error=  -7.2, PIDTerms=-0.130/ 0.000/-0.060/-0.000, Output=-0.190(-0.500/0.500)
Auto.Battery_Info: Voltage=12.69V (11.16V)
Auto.printPidInfo_Info: encoderXPidCtrl: Target= -36.1, Input= -36.1, Error=  -0.0, PIDTerms=-0.000/ 0.000/-0.059/-0.000, Output=-0.060(-1.000/1.000)
Auto.printPidInfo_Info: encoderYPidCtrl: Target=   6.5, Input=   5.8, Error=   0.7, PIDTerms= 0.013/ 0.000/ 0.000/ 0.000, Output= 0.013(-1.000/1.000)
Auto.printPidInfo_Info: gyroPidCtrl: Target= -90.0, Input= -82.1, Error=  -7.9, PIDTerms=-0.141/ 0.000/-0.009/-0.000, Output=-0.150(-0.500/0.500)
Auto.Battery_Info: Voltage=12.80V (11.16V)
Auto.printPidInfo_Info: encoderXPidCtrl: Target= -36.1, Input= -36.1, Error=   0.0, PIDTerms= 0.005/ 0.000/ 0.003/-0.000, Output= 0.007(-1.000/1.000)
Auto.printPidInfo_Info: encoderYPidCtrl: Target=   6.5, Input=   5.9, Error=   0.5, PIDTerms= 0.011/ 0.000/-0.002/ 0.000, Output= 0.009(-1.000/1.000)
Auto.printPidInfo_Info: gyroPidCtrl: Target= -90.0, Input= -85.9, Error=  -4.1, PIDTerms=-0.073/ 0.000/ 0.045/-0.000, Output=-0.028(-0.500/0.500)
Auto.Battery_Info: Voltage=12.80V (11.16V)
Auto.printPidInfo_Info: encoderXPidCtrl: Target= -36.1, Input= -36.2, Error=   0.2, PIDTerms= 0.024/ 0.000/ 0.012/-0.000, Output= 0.037(-1.000/1.000)
Auto.printPidInfo_Info: encoderYPidCtrl: Target=   6.5, Input=   6.1, Error=   0.4, PIDTerms= 0.007/ 0.000/-0.002/ 0.000, Output= 0.005(-1.000/1.000)
Auto.printPidInfo_Info: gyroPidCtrl: Target= -90.0, Input= -89.0, Error=  -1.0, PIDTerms=-0.019/ 0.000/ 0.037/-0.000, Output= 0.018(-0.500/0.500)
Auto.Robot_Info: ***** [10.292] *****    SET_DOWN_GLYPH: xPos=-36.14/-10.50,yPos=  6.21/  0.00,heading= -90.0/ -90.0,volt=12.82V(11.16V)
Auto.Robot_Info: ***** [12.506] *****     RELEASE_GLYPH: xPos=-36.14/-10.50,yPos=  6.21/  0.00,heading= -90.0/ -90.0,volt=12.83V(11.16V)
Auto.Robot_Info: ***** [13.061] *****      PUSH_FORWARD: xPos=-36.14/  0.00,yPos=  6.21/ 15.00,heading= -89.9/ -90.0,volt=12.88V(11.16V)
Auto.Battery_Info: Voltage=12.88V (11.16V)
Auto.printPidInfo_Info: encoderXPidCtrl: Target= -36.1, Input= -36.2, Error=   0.0, PIDTerms= 0.022/ 0.000/-0.001/-0.000, Output= 0.000(-1.000/1.000)
Auto.printPidInfo_Info: encoderYPidCtrl: Target=  21.2, Input=   6.1, Error=  15.0, PIDTerms= 0.007/ 0.000/-0.000/ 0.000, Output= 0.000(-1.000/1.000)
Auto.printPidInfo_Info: gyroPidCtrl: Target= -90.0, Input= -90.0, Error=  -0.1, PIDTerms= 0.001/ 0.000/ 0.011/-0.000, Output= 0.000(-0.500/0.500)
Auto.Battery_Info: Voltage=12.58V (11.16V)
Auto.printPidInfo_Info: encoderXPidCtrl: Target= -36.1, Input= -36.1, Error=   0.0, PIDTerms= 0.000/ 0.000/ 0.000/-0.000, Output= 0.000(-1.000/1.000)
Auto.printPidInfo_Info: encoderYPidCtrl: Target=  21.2, Input=   6.2, Error=  15.0, PIDTerms= 0.300/ 0.000/ 0.000/ 0.000, Output= 0.300(-1.000/1.000)
Auto.printPidInfo_Info: gyroPidCtrl: Target= -90.0, Input= -89.9, Error=  -0.1, PIDTerms=-0.001/ 0.000/ 0.000/-0.000, Output=-0.001(-0.500/0.500)
Auto.Battery_Info: Voltage=12.63V (11.16V)
Auto.printPidInfo_Info: encoderXPidCtrl: Target= -36.1, Input= -36.1, Error=  -0.0, PIDTerms=-0.002/ 0.000/-0.001/-0.000, Output=-0.003(-1.000/1.000)
Auto.printPidInfo_Info: encoderYPidCtrl: Target=  21.2, Input=   6.5, Error=  14.7, PIDTerms= 0.295/ 0.000/-0.003/ 0.000, Output= 0.291(-1.000/1.000)
Auto.printPidInfo_Info: gyroPidCtrl: Target= -90.0, Input= -90.0, Error=  -0.0, PIDTerms=-0.001/ 0.000/ 0.000/-0.000, Output=-0.000(-0.500/0.500)
Auto.Battery_Info: Voltage=12.68V (11.16V)
Auto.printPidInfo_Info: encoderXPidCtrl: Target= -36.1, Input= -36.3, Error=   0.1, PIDTerms= 0.020/ 0.000/ 0.014/-0.000, Output= 0.033(-1.000/1.000)
Auto.printPidInfo_Info: encoderYPidCtrl: Target=  21.2, Input=   7.7, Error=  13.5, PIDTerms= 0.271/ 0.000/-0.016/ 0.000, Output= 0.255(-1.000/1.000)
Auto.printPidInfo_Info: gyroPidCtrl: Target= -90.0, Input= -90.0, Error=  -0.0, PIDTerms=-0.001/ 0.000/ 0.000/-0.000, Output=-0.000(-0.500/0.500)
Auto.Battery_Info: Voltage=12.73V (11.16V)
Auto.printPidInfo_Info: encoderXPidCtrl: Target= -36.1, Input= -36.3, Error=   0.1, PIDTerms= 0.018/ 0.000/-0.001/-0.000, Output= 0.017(-1.000/1.000)
Auto.printPidInfo_Info: encoderYPidCtrl: Target=  21.2, Input=   9.4, Error=  11.8, PIDTerms= 0.235/ 0.000/-0.033/ 0.000, Output= 0.202(-1.000/1.000)
Auto.printPidInfo_Info: gyroPidCtrl: Target= -90.0, Input= -89.9, Error=  -0.1, PIDTerms=-0.003/ 0.000/-0.002/-0.000, Output=-0.005(-0.500/0.500)
Auto.Battery_Info: Voltage=12.69V (11.16V)
Auto.printPidInfo_Info: encoderXPidCtrl: Target= -36.1, Input= -36.2, Error=   0.1, PIDTerms= 0.016/ 0.000/-0.002/-0.000, Output= 0.015(-1.000/1.000)
Auto.printPidInfo_Info: encoderYPidCtrl: Target=  21.2, Input=  10.8, Error=  10.4, PIDTerms= 0.207/ 0.000/-0.022/ 0.000, Output= 0.185(-1.000/1.000)
Auto.printPidInfo_Info: gyroPidCtrl: Target= -90.0, Input= -89.9, Error=  -0.1, PIDTerms=-0.003/ 0.000/-0.000/-0.000, Output=-0.003(-0.500/0.500)
Auto.Battery_Info: Voltage=12.73V (11.16V)
Auto.printPidInfo_Info: encoderXPidCtrl: Target= -36.1, Input= -36.3, Error=   0.2, PIDTerms= 0.024/ 0.000/ 0.004/-0.000, Output= 0.028(-1.000/1.000)
Auto.printPidInfo_Info: encoderYPidCtrl: Target=  21.2, Input=  12.3, Error=   8.9, PIDTerms= 0.178/ 0.000/-0.017/ 0.000, Output= 0.162(-1.000/1.000)
Auto.printPidInfo_Info: gyroPidCtrl: Target= -90.0, Input= -90.2, Error=   0.2, PIDTerms= 0.003/ 0.000/ 0.004/-0.000, Output= 0.007(-0.500/0.500)
Auto.Battery_Info: Voltage=12.71V (11.16V)
Auto.printPidInfo_Info: encoderXPidCtrl: Target= -36.1, Input= -36.3, Error=   0.2, PIDTerms= 0.024/ 0.000/ 0.000/-0.000, Output= 0.024(-1.000/1.000)
Auto.printPidInfo_Info: encoderYPidCtrl: Target=  21.2, Input=  12.3, Error=   8.9, PIDTerms= 0.177/ 0.000/-0.001/ 0.000, Output= 0.176(-1.000/1.000)
Auto.printPidInfo_Info: gyroPidCtrl: Target= -90.0, Input= -90.9, Error=   0.9, PIDTerms= 0.016/ 0.000/ 0.009/-0.000, Output= 0.026(-0.500/0.500)
Auto.Battery_Info: Voltage=12.71V (11.16V)
Auto.printPidInfo_Info: encoderXPidCtrl: Target= -36.1, Input= -36.3, Error=   0.2, PIDTerms= 0.024/ 0.000/ 0.000/-0.000, Output= 0.024(-1.000/1.000)
Auto.printPidInfo_Info: encoderYPidCtrl: Target=  21.2, Input=  12.3, Error=   8.9, PIDTerms= 0.177/ 0.000/ 0.000/ 0.000, Output= 0.177(-1.000/1.000)
Auto.printPidInfo_Info: gyroPidCtrl: Target= -90.0, Input= -90.9, Error=   0.9, PIDTerms= 0.016/ 0.000/-0.000/-0.000, Output= 0.016(-0.500/0.500)
Auto.Robot_Info: ***** [14.518] *****          BACK_OFF: xPos=-36.31/  0.00,yPos= 12.32/ -6.50,heading= -90.9/ -90.0,volt=12.87V(11.16V)
Auto.Battery_Info: Voltage=12.87V (11.16V)
Auto.printPidInfo_Info: encoderXPidCtrl: Target= -36.3, Input= -36.3, Error=   0.0, PIDTerms= 0.024/ 0.000/ 0.000/-0.000, Output= 0.000(-1.000/1.000)
Auto.printPidInfo_Info: encoderYPidCtrl: Target=   5.8, Input=  12.3, Error=  -6.5, PIDTerms= 0.177/ 0.000/ 0.000/ 0.000, Output= 0.000(-1.000/1.000)
Auto.printPidInfo_Info: gyroPidCtrl: Target= -90.0, Input= -90.9, Error=   0.9, PIDTerms= 0.016/ 0.000/ 0.000/-0.000, Output= 0.000(-0.500/0.500)
Auto.Battery_Info: Voltage=12.81V (11.16V)
Auto.printPidInfo_Info: encoderXPidCtrl: Target= -36.3, Input= -36.3, Error=   0.0, PIDTerms= 0.000/ 0.000/ 0.000/-0.000, Output= 0.000(-1.000/1.000)
Auto.printPidInfo_Info: encoderYPidCtrl: Target=   5.8, Input=  12.3, Error=  -6.5, PIDTerms=-0.130/ 0.000/ 0.000/ 0.000, Output=-0.130(-1.000/1.000)
Auto.printPidInfo_Info: gyroPidCtrl: Target= -90.0, Input= -90.9, Error=   0.9, PIDTerms= 0.016/ 0.000/ 0.000/-0.000, Output= 0.016(-0.500/0.500)
Auto.Battery_Info: Voltage=12.81V (11.16V)
Auto.printPidInfo_Info: encoderXPidCtrl: Target= -36.3, Input= -36.3, Error=  -0.0, PIDTerms=-0.001/ 0.000/-0.000/-0.000, Output=-0.001(-1.000/1.000)
Auto.printPidInfo_Info: encoderYPidCtrl: Target=   5.8, Input=  12.2, Error=  -6.4, PIDTerms=-0.128/ 0.000/ 0.002/ 0.000, Output=-0.126(-1.000/1.000)
Auto.printPidInfo_Info: gyroPidCtrl: Target= -90.0, Input= -90.9, Error=   0.9, PIDTerms= 0.016/ 0.000/-0.000/-0.000, Output= 0.015(-0.500/0.500)
Auto.Battery_Info: Voltage=12.84V (11.16V)
Auto.printPidInfo_Info: encoderXPidCtrl: Target= -36.3, Input= -36.3, Error=   0.0, PIDTerms= 0.003/ 0.000/ 0.002/-0.000, Output= 0.005(-1.000/1.000)
Auto.printPidInfo_Info: encoderYPidCtrl: Target=   5.8, Input=  11.2, Error=  -5.4, PIDTerms=-0.109/ 0.000/ 0.016/ 0.000, Output=-0.093(-1.000/1.000)
Auto.printPidInfo_Info: gyroPidCtrl: Target= -90.0, Input= -90.9, Error=   0.9, PIDTerms= 0.016/ 0.000/ 0.000/-0.000, Output= 0.016(-0.500/0.500)
Auto.Battery_Info: Voltage=12.85V (11.16V)
Auto.printPidInfo_Info: encoderXPidCtrl: Target= -36.3, Input= -36.2, Error=  -0.1, PIDTerms=-0.009/ 0.000/-0.008/-0.000, Output=-0.017(-1.000/1.000)
Auto.printPidInfo_Info: encoderYPidCtrl: Target=   5.8, Input=  10.5, Error=  -4.7, PIDTerms=-0.094/ 0.000/ 0.011/ 0.000, Output=-0.083(-1.000/1.000)
Auto.printPidInfo_Info: gyroPidCtrl: Target= -90.0, Input= -90.7, Error=   0.7, PIDTerms= 0.013/ 0.000/-0.002/-0.000, Output= 0.012(-0.500/0.500)
Auto.Battery_Info: Voltage=12.85V (11.16V)
Auto.printPidInfo_Info: encoderXPidCtrl: Target= -36.3, Input= -36.3, Error=  -0.0, PIDTerms=-0.005/ 0.000/ 0.002/-0.000, Output=-0.003(-1.000/1.000)
Auto.printPidInfo_Info: encoderYPidCtrl: Target=   5.8, Input=   9.9, Error=  -4.1, PIDTerms=-0.082/ 0.000/ 0.008/ 0.000, Output=-0.074(-1.000/1.000)
Auto.printPidInfo_Info: gyroPidCtrl: Target= -90.0, Input= -90.7, Error=   0.7, PIDTerms= 0.013/ 0.000/-0.000/-0.000, Output= 0.013(-0.500/0.500)
Auto.Battery_Info: Voltage=12.85V (11.16V)
Auto.printPidInfo_Info: encoderXPidCtrl: Target= -36.3, Input= -36.3, Error=   0.0, PIDTerms= 0.001/ 0.000/ 0.004/-0.000, Output= 0.005(-1.000/1.000)
Auto.printPidInfo_Info: encoderYPidCtrl: Target=   5.8, Input=   9.6, Error=  -3.8, PIDTerms=-0.076/ 0.000/ 0.006/ 0.000, Output=-0.070(-1.000/1.000)
Auto.printPidInfo_Info: gyroPidCtrl: Target= -90.0, Input= -90.7, Error=   0.7, PIDTerms= 0.013/ 0.000/ 0.000/-0.000, Output= 0.014(-0.500/0.500)
Auto.Battery_Info: Voltage=12.86V (11.16V)
Auto.printPidInfo_Info: encoderXPidCtrl: Target= -36.3, Input= -36.3, Error=  -0.0, PIDTerms=-0.003/ 0.000/-0.002/-0.000, Output=-0.005(-1.000/1.000)
Auto.printPidInfo_Info: encoderYPidCtrl: Target=   5.8, Input=   9.4, Error=  -3.6, PIDTerms=-0.071/ 0.000/ 0.003/ 0.000, Output=-0.068(-1.000/1.000)
Auto.printPidInfo_Info: gyroPidCtrl: Target= -90.0, Input= -90.7, Error=   0.7, PIDTerms= 0.013/ 0.000/ 0.000/-0.000, Output= 0.013(-0.500/0.500)
Auto.Robot_Info: ***** [15.774] *****              DONE: xPos=-36.23/  0.00,yPos=  9.29/ -6.50,heading= -90.7/ -90.0,volt=12.88V(11.16V)
