Test.FtcAuto_Info: Sat Dec 02 22:23:42 PST 2017: ***** Starting autonomous *****
Test.Robot_Info: [0.199]  DEPLOY_JEWEL_ARM: xPos=  0.00/  0.00,yPos=  0.00/  0.00,heading=  -0.1/   0.0,volt=12.50V(12.49V)
Test.WHACK_JEWEL_Info: VuMark: UNKNOWN
Test.WHACK_JEWEL_Info: 0: Color=RED, HSV=[7.397260/0.536765/0.533333]
Test.Robot_Info: [0.762]       WHACK_JEWEL: xPos=  0.00/  0.00,yPos=  0.00/  0.00,heading=  -0.1/   0.0,volt=12.47V(12.35V)
Test.Robot_Info: [1.307] MOVE_JEWEL_ARM_UP: xPos=  0.00/  0.00,yPos=  0.00/  0.00,heading=  -0.1/   0.0,volt=12.46V(12.35V)
Test.Robot_Info: [1.757]   RESET_JEWEL_ARM: xPos=  0.00/  0.00,yPos=  0.00/  0.00,heading=  -0.1/   0.0,volt=12.45V(12.35V)
Test.DO_DELAY_Info: Delay=0
Test.Robot_Info: [2.112]          DO_DELAY: xPos= -0.01/  0.00,yPos=  0.01/  0.00,heading=  -0.1/   0.0,volt=12.49V(12.35V)
Test.Robot_Info: [2.207]   GRAB_LIFT_GLYPH: xPos= -0.01/  0.00,yPos=  0.01/  0.00,heading=  -0.1/   0.0,volt=12.50V(12.35V)
Test.Robot_Info: [4.428] DRIVE_OFF_PLATFORM: xPos=  0.00/  0.00,yPos=  0.00/ 25.00,heading=  -0.1/   0.0,volt=12.36V(11.84V)
Test.Battery_Info: Voltage=12.36V (11.84V)
Test.printPidInfo_Info: encoderYPidCtrl: Target=  25.0, Input=   0.0, Error=  25.0, PIDTerms= 0.000/ 0.000/ 0.000/ 0.000, Output= 0.000(-0.500/0.500)
Test.printPidInfo_Info: gyroPidCtrl: Target=   0.0, Input=   0.0, Error=   0.1, PIDTerms= 0.000/ 0.000/ 0.000/ 0.000, Output= 0.000(-0.500/0.500)
Test.Battery_Info: Voltage=11.70V (11.72V)
Test.printPidInfo_Info: encoderYPidCtrl: Target=  25.0, Input=   0.0, Error=  25.0, PIDTerms= 0.500/ 0.000/ 0.000/ 0.000, Output= 0.500(-0.500/0.500)
Test.printPidInfo_Info: gyroPidCtrl: Target=   0.0, Input=  -0.1, Error=   0.1, PIDTerms= 0.002/ 0.000/ 0.000/ 0.000, Output= 0.002(-0.500/0.500)
Test.Battery_Info: Voltage=11.76V (11.72V)
Test.printPidInfo_Info: encoderYPidCtrl: Target=  25.0, Input=   0.3, Error=  24.7, PIDTerms= 0.494/ 0.000/-0.003/ 0.000, Output= 0.491(-0.500/0.500)
Test.printPidInfo_Info: gyroPidCtrl: Target=   0.0, Input=  -0.1, Error=   0.1, PIDTerms= 0.003/ 0.000/ 0.000/ 0.000, Output= 0.003(-0.500/0.500)
Test.Battery_Info: Voltage=12.03V (11.72V)
Test.printPidInfo_Info: encoderYPidCtrl: Target=  25.0, Input=   2.4, Error=  22.6, PIDTerms= 0.453/ 0.000/-0.028/ 0.000, Output= 0.425(-0.500/0.500)
Test.printPidInfo_Info: gyroPidCtrl: Target=   0.0, Input=  -0.3, Error=   0.3, PIDTerms= 0.005/ 0.000/ 0.002/ 0.000, Output= 0.006(-0.500/0.500)
Test.Battery_Info: Voltage=12.19V (11.72V)
Test.printPidInfo_Info: encoderYPidCtrl: Target=  25.0, Input=   5.2, Error=  19.8, PIDTerms= 0.396/ 0.000/-0.042/ 0.000, Output= 0.354(-0.500/0.500)
Test.printPidInfo_Info: gyroPidCtrl: Target=   0.0, Input=  -0.6, Error=   0.6, PIDTerms= 0.011/ 0.000/ 0.005/ 0.000, Output= 0.016(-0.500/0.500)
Test.Battery_Info: Voltage=12.26V (11.72V)
Test.printPidInfo_Info: encoderYPidCtrl: Target=  25.0, Input=   8.1, Error=  16.9, PIDTerms= 0.338/ 0.000/-0.037/ 0.000, Output= 0.302(-0.500/0.500)
Test.printPidInfo_Info: gyroPidCtrl: Target=   0.0, Input=  -1.2, Error=   1.2, PIDTerms= 0.021/ 0.000/ 0.006/ 0.000, Output= 0.027(-0.500/0.500)
Test.Battery_Info: Voltage=11.09V (10.93V)
Test.printPidInfo_Info: encoderYPidCtrl: Target=  25.0, Input=   8.8, Error=  16.2, PIDTerms= 0.324/ 0.000/-0.008/ 0.000, Output= 0.316(-0.500/0.500)
Test.printPidInfo_Info: gyroPidCtrl: Target=   0.0, Input=  -1.3, Error=   1.3, PIDTerms= 0.023/ 0.000/ 0.001/ 0.000, Output= 0.024(-0.500/0.500)
Test.Battery_Info: Voltage=11.41V (10.93V)
Test.printPidInfo_Info: encoderYPidCtrl: Target=  25.0, Input=  13.7, Error=  11.3, PIDTerms= 0.227/ 0.000/-0.069/ 0.000, Output= 0.157(-0.500/0.500)
Test.printPidInfo_Info: gyroPidCtrl: Target=   0.0, Input=  -1.1, Error=   1.1, PIDTerms= 0.020/ 0.000/-0.002/ 0.000, Output= 0.018(-0.500/0.500)
Test.Battery_Info: Voltage=12.20V (10.93V)
Test.printPidInfo_Info: encoderYPidCtrl: Target=  25.0, Input=  15.9, Error=   9.1, PIDTerms= 0.181/ 0.000/-0.026/ 0.000, Output= 0.155(-0.500/0.500)
Test.printPidInfo_Info: gyroPidCtrl: Target=   0.0, Input=  -2.2, Error=   2.2, PIDTerms= 0.039/ 0.000/ 0.011/ 0.000, Output= 0.050(-0.500/0.500)
Test.Battery_Info: Voltage=12.05V (10.93V)
Test.printPidInfo_Info: encoderYPidCtrl: Target=  25.0, Input=  17.6, Error=   7.4, PIDTerms= 0.148/ 0.000/-0.025/ 0.000, Output= 0.123(-0.500/0.500)
Test.printPidInfo_Info: gyroPidCtrl: Target=   0.0, Input=  -0.7, Error=   0.7, PIDTerms= 0.013/ 0.000/-0.020/ 0.000, Output=-0.007(-0.500/0.500)
Test.Battery_Info: Voltage=12.20V (10.93V)
Test.printPidInfo_Info: encoderYPidCtrl: Target=  25.0, Input=  19.1, Error=   5.9, PIDTerms= 0.118/ 0.000/-0.018/ 0.000, Output= 0.100(-0.500/0.500)
Test.printPidInfo_Info: gyroPidCtrl: Target=   0.0, Input=   2.0, Error=  -2.0, PIDTerms=-0.037/ 0.000/-0.030/ 0.000, Output=-0.067(-0.500/0.500)
Test.Battery_Info: Voltage=12.24V (10.93V)
Test.printPidInfo_Info: encoderYPidCtrl: Target=  25.0, Input=  20.0, Error=   5.0, PIDTerms= 0.100/ 0.000/-0.016/ 0.000, Output= 0.084(-0.500/0.500)
Test.printPidInfo_Info: gyroPidCtrl: Target=   0.0, Input=   3.3, Error=  -3.3, PIDTerms=-0.060/ 0.000/-0.021/ 0.000, Output=-0.081(-0.500/0.500)
Test.Battery_Info: Voltage=12.27V (10.93V)
Test.printPidInfo_Info: encoderYPidCtrl: Target=  25.0, Input=  20.4, Error=   4.6, PIDTerms= 0.092/ 0.000/-0.006/ 0.000, Output= 0.086(-0.500/0.500)
Test.printPidInfo_Info: gyroPidCtrl: Target=   0.0, Input=   3.1, Error=  -3.1, PIDTerms=-0.056/ 0.000/ 0.003/ 0.000, Output=-0.053(-0.500/0.500)
Test.Battery_Info: Voltage=12.25V (10.93V)
Test.printPidInfo_Info: encoderYPidCtrl: Target=  25.0, Input=  20.9, Error=   4.1, PIDTerms= 0.082/ 0.000/-0.009/ 0.000, Output= 0.073(-0.500/0.500)
Test.printPidInfo_Info: gyroPidCtrl: Target=   0.0, Input=   1.9, Error=  -1.9, PIDTerms=-0.034/ 0.000/ 0.018/ 0.000, Output=-0.016(-0.500/0.500)
Test.Robot_Info: [6.696]     DRIVE_TO_WALL: xPos=  0.08/  0.00,yPos= 21.44/ 14.50,heading=   1.1/   0.0,volt=12.36V(10.93V)
Test.Battery_Info: Voltage=12.36V (10.93V)
Test.printPidInfo_Info: sonarYPidCtrl: Target=  14.5, Input=   0.0, Error=  96.0, PIDTerms= 0.000/ 0.000/ 0.000/ 0.000, Output= 0.000(-1.000/1.000)
Test.printPidInfo_Info: gyroPidCtrl: Target=   0.0, Input=   1.1, Error=  -1.1, PIDTerms=-0.020/ 0.000/ 0.011/ 0.000, Output= 0.000(-0.500/0.500)
Test.Battery_Info: Voltage=10.44V (10.44V)
Test.printPidInfo_Info: sonarYPidCtrl: Target=  14.5, Input= 110.5, Error=  96.0, PIDTerms= 1.075/ 0.000/ 0.000/ 0.000, Output= 1.000(-1.000/1.000)
Test.printPidInfo_Info: gyroPidCtrl: Target=   0.0, Input=   1.1, Error=  -1.1, PIDTerms=-0.020/ 0.000/ 0.000/ 0.000, Output=-0.020(-0.500/0.500)
Test.Battery_Info: Voltage=11.29V (10.44V)
Test.printPidInfo_Info: sonarYPidCtrl: Target=  14.5, Input= 110.5, Error=  96.0, PIDTerms= 1.075/ 0.000/ 0.000/ 0.000, Output= 1.000(-1.000/1.000)
Test.printPidInfo_Info: gyroPidCtrl: Target=   0.0, Input=   1.1, Error=  -1.1, PIDTerms=-0.021/ 0.000/-0.000/ 0.000, Output=-0.021(-0.500/0.500)
Test.Battery_Info: Voltage=10.99V (10.44V)
Test.printPidInfo_Info: sonarYPidCtrl: Target=  14.5, Input= 110.5, Error=  96.0, PIDTerms= 1.075/ 0.000/ 0.000/ 0.000, Output= 1.000(-1.000/1.000)
Test.printPidInfo_Info: gyroPidCtrl: Target=   0.0, Input=   0.8, Error=  -0.8, PIDTerms=-0.014/ 0.000/ 0.006/ 0.000, Output=-0.008(-0.500/0.500)
Test.Battery_Info: Voltage=10.34V (10.30V)
Test.printPidInfo_Info: sonarYPidCtrl: Target=  14.5, Input= 110.5, Error=  96.0, PIDTerms= 1.075/ 0.000/ 0.000/ 0.000, Output= 1.000(-1.000/1.000)
Test.printPidInfo_Info: gyroPidCtrl: Target=   0.0, Input=  -0.5, Error=   0.5, PIDTerms= 0.009/ 0.000/ 0.017/ 0.000, Output= 0.027(-0.500/0.500)
Test.Battery_Info: Voltage= 9.83V ( 9.68V)
Test.printPidInfo_Info: sonarYPidCtrl: Target=  14.5, Input= 110.8, Error=  96.3, PIDTerms= 1.078/ 0.000/ 0.000/ 0.000, Output= 1.000(-1.000/1.000)
Test.printPidInfo_Info: gyroPidCtrl: Target=   0.0, Input=  -1.0, Error=   1.0, PIDTerms= 0.018/ 0.000/ 0.006/ 0.000, Output= 0.024(-0.500/0.500)
Test.Battery_Info: Voltage=10.21V ( 9.68V)
Test.printPidInfo_Info: sonarYPidCtrl: Target=  14.5, Input= 110.5, Error=  96.0, PIDTerms= 1.075/ 0.000/-0.000/ 0.000, Output= 1.000(-1.000/1.000)
Test.printPidInfo_Info: gyroPidCtrl: Target=   0.0, Input=   8.8, Error=  -8.8, PIDTerms=-0.158/ 0.000/-0.136/ 0.000, Output=-0.294(-0.500/0.500)
Test.Battery_Info: Voltage= 9.97V ( 9.68V)
Test.printPidInfo_Info: sonarYPidCtrl: Target=  14.5, Input= 110.5, Error=  96.0, PIDTerms= 1.075/ 0.000/ 0.000/ 0.000, Output= 1.000(-1.000/1.000)
Test.printPidInfo_Info: gyroPidCtrl: Target=   0.0, Input=   8.9, Error=  -8.9, PIDTerms=-0.160/ 0.000/-0.001/ 0.000, Output=-0.161(-0.500/0.500)
Test.Battery_Info: Voltage=10.03V ( 9.68V)
Test.printPidInfo_Info: sonarYPidCtrl: Target=  14.5, Input= 110.8, Error=  96.3, PIDTerms= 1.078/ 0.000/ 0.000/ 0.000, Output= 1.000(-1.000/1.000)
Test.printPidInfo_Info: gyroPidCtrl: Target=   0.0, Input=   9.0, Error=  -9.0, PIDTerms=-0.162/ 0.000/-0.002/ 0.000, Output=-0.164(-0.500/0.500)
Test.Battery_Info: Voltage=10.11V ( 9.68V)
Test.printPidInfo_Info: sonarYPidCtrl: Target=  14.5, Input= 110.8, Error=  96.3, PIDTerms= 1.078/ 0.000/ 0.000/ 0.000, Output= 1.000(-1.000/1.000)
Test.printPidInfo_Info: gyroPidCtrl: Target=   0.0, Input=   9.0, Error=  -9.0, PIDTerms=-0.163/ 0.000/-0.001/ 0.000, Output=-0.163(-0.500/0.500)
Test.Battery_Info: Voltage=10.08V ( 9.68V)
Test.printPidInfo_Info: sonarYPidCtrl: Target=  14.5, Input= 110.5, Error=  96.0, PIDTerms= 1.075/ 0.000/-0.000/ 0.000, Output= 1.000(-1.000/1.000)
Test.printPidInfo_Info: gyroPidCtrl: Target=   0.0, Input=   9.0, Error=  -9.0, PIDTerms=-0.162/ 0.000/ 0.000/ 0.000, Output=-0.162(-0.500/0.500)
Test.Battery_Info: Voltage=10.12V ( 9.68V)
Test.printPidInfo_Info: sonarYPidCtrl: Target=  14.5, Input= 110.8, Error=  96.3, PIDTerms= 1.078/ 0.000/ 0.000/ 0.000, Output= 1.000(-1.000/1.000)
Test.printPidInfo_Info: gyroPidCtrl: Target=   0.0, Input=   9.0, Error=  -9.0, PIDTerms=-0.163/ 0.000/-0.000/ 0.000, Output=-0.163(-0.500/0.500)
Test.Battery_Info: Voltage=10.08V ( 9.68V)
Test.printPidInfo_Info: sonarYPidCtrl: Target=  14.5, Input= 110.8, Error=  96.3, PIDTerms= 1.078/ 0.000/ 0.000/ 0.000, Output= 1.000(-1.000/1.000)
Test.printPidInfo_Info: gyroPidCtrl: Target=   0.0, Input=   9.0, Error=  -9.0, PIDTerms=-0.163/ 0.000/ 0.000/ 0.000, Output=-0.163(-0.500/0.500)
Test.Battery_Info: Voltage= 0.00V ( 0.00V)
Test.printPidInfo_Info: sonarYPidCtrl: Target=  14.5, Input= 110.8, Error=  96.3, PIDTerms= 1.078/ 0.000/ 0.000/ 0.000, Output= 1.000(-1.000/1.000)
Test.printPidInfo_Info: gyroPidCtrl: Target=   0.0, Input=   9.0, Error=  -9.0, PIDTerms=-0.163/ 0.000/ 0.000/ 0.000, Output=-0.163(-0.500/0.500)
