Auto.FtcAuto_Info: Sun Dec 03 00:24:39 PST 2017: ***** Starting autonomous *****
Auto.Robot_Info: ***** [0.085] *****  DEPLOY_JEWEL_ARM: xPos=  0.00/  0.00,yPos=  0.00/  0.00,heading=   0.0/   0.0,volt=13.19V(13.14V)
Auto.WHACK_JEWEL_Info: VuMark: UNKNOWN
Auto.WHACK_JEWEL_Info: 0: Color=RED, HSV=[6.835443/0.564286/0.549020]
Auto.Robot_Info: ***** [0.607] *****       WHACK_JEWEL: xPos=  0.00/  0.00,yPos=  0.00/  0.00,heading=   0.1/   0.0,volt=13.18V(13.13V)
Auto.Robot_Info: ***** [1.176] ***** MOVE_JEWEL_ARM_UP: xPos=  0.00/  0.00,yPos=  0.00/  0.00,heading=   0.1/   0.0,volt=13.18V(13.13V)
Auto.Robot_Info: ***** [1.621] *****   RESET_JEWEL_ARM: xPos=  0.00/  0.00,yPos=  0.00/  0.00,heading=   0.1/   0.0,volt=13.16V(13.13V)
Auto.DO_DELAY_Info: Delay=0
Auto.Robot_Info: ***** [1.959] *****          DO_DELAY: xPos=  0.00/  0.00,yPos=  0.00/  0.00,heading=   0.1/   0.0,volt=13.14V(13.13V)
Auto.Robot_Info: ***** [2.061] *****   GRAB_LIFT_GLYPH: xPos=  0.00/  0.00,yPos=  0.00/  0.00,heading=   0.1/   0.0,volt=13.18V(13.13V)
Auto.Robot_Info: ***** [4.263] ***** DRIVE_OFF_PLATFORM: xPos=  0.00/  0.00,yPos=  0.00/  0.00,heading=   0.2/   0.0,volt=12.48V(12.67V)
Auto.Robot_Info: ***** [4.885] *****     DRIVE_TO_WALL: xPos= -0.40/  0.00,yPos= -9.88/  0.00,heading=  -2.5/   0.0,volt=12.96V(12.55V)
Auto.Robot_Info: ***** [5.068] ***** TURN_TO_CRYPTOBOX: xPos= -5.79/  0.00,yPos= -9.25/  0.00,heading=  -2.5/ 180.0,volt=12.96V(12.55V)
Auto.Battery_Info: Voltage=12.95V (12.55V)
Auto.printPidInfo_Info: encoderXPidCtrl: Target=  -5.8, Input=   0.0, Error=   0.0, PIDTerms= 0.000/ 0.000/ 0.000/ 0.000, Output= 0.000(-1.000/1.000)
Auto.printPidInfo_Info: encoderYPidCtrl: Target=  -9.3, Input=   0.0, Error=   0.0, PIDTerms= 0.000/ 0.000/ 0.000/ 0.000, Output= 0.000(-1.000/1.000)
Auto.printPidInfo_Info: gyroPidCtrl: Target= 180.0, Input=   0.0, Error= 182.5, PIDTerms= 0.000/ 0.000/ 0.000/ 0.000, Output= 0.000(-0.500/0.500)
Auto.Battery_Info: Voltage=12.40V (12.40V)
Auto.printPidInfo_Info: encoderXPidCtrl: Target=  -5.8, Input=   0.0, Error=   0.0, PIDTerms= 0.000/ 0.000/ 0.000/ 0.000, Output= 0.000(-1.000/1.000)
Auto.printPidInfo_Info: encoderYPidCtrl: Target=  -9.3, Input=   0.0, Error=   0.0, PIDTerms= 0.000/ 0.000/ 0.000/ 0.000, Output= 0.000(-1.000/1.000)
Auto.printPidInfo_Info: gyroPidCtrl: Target= 180.0, Input=  -2.5, Error= 182.5, PIDTerms= 3.285/ 0.000/ 0.000/ 0.000, Output= 0.500(-0.500/0.500)
Auto.Battery_Info: Voltage=12.54V (12.40V)
Auto.printPidInfo_Info: encoderXPidCtrl: Target=  -5.8, Input=   0.0, Error=   0.0, PIDTerms= 0.000/ 0.000/ 0.000/ 0.000, Output= 0.000(-1.000/1.000)
Auto.printPidInfo_Info: encoderYPidCtrl: Target=  -9.3, Input=   0.0, Error=   0.0, PIDTerms= 0.000/ 0.000/ 0.000/ 0.000, Output= 0.000(-1.000/1.000)
Auto.printPidInfo_Info: gyroPidCtrl: Target= 180.0, Input=  -1.2, Error= 181.2, PIDTerms= 3.262/ 0.000/-0.024/ 0.000, Output= 0.500(-0.500/0.500)
Auto.Battery_Info: Voltage=12.53V (12.40V)
Auto.printPidInfo_Info: encoderXPidCtrl: Target=  -5.8, Input=   0.0, Error=   0.0, PIDTerms= 0.000/ 0.000/ 0.000/ 0.000, Output= 0.000(-1.000/1.000)
Auto.printPidInfo_Info: encoderYPidCtrl: Target=  -9.3, Input=   0.0, Error=   0.0, PIDTerms= 0.000/ 0.000/ 0.000/ 0.000, Output= 0.000(-1.000/1.000)
Auto.printPidInfo_Info: gyroPidCtrl: Target= 180.0, Input=  -0.5, Error= 180.5, PIDTerms= 3.248/ 0.000/-0.010/ 0.000, Output= 0.500(-0.500/0.500)
Auto.Battery_Info: Voltage=12.56V (12.40V)
Auto.printPidInfo_Info: encoderXPidCtrl: Target=  -5.8, Input=   0.0, Error=   0.0, PIDTerms= 0.000/ 0.000/ 0.000/ 0.000, Output= 0.000(-1.000/1.000)
Auto.printPidInfo_Info: encoderYPidCtrl: Target=  -9.3, Input=   0.0, Error=   0.0, PIDTerms= 0.000/ 0.000/ 0.000/ 0.000, Output= 0.000(-1.000/1.000)
Auto.printPidInfo_Info: gyroPidCtrl: Target= 180.0, Input=   7.0, Error= 173.0, PIDTerms= 3.115/ 0.000/-0.102/ 0.000, Output= 0.500(-0.500/0.500)
Auto.Battery_Info: Voltage=12.48V (12.40V)
Auto.printPidInfo_Info: encoderXPidCtrl: Target=  -5.8, Input=   0.0, Error=   0.0, PIDTerms= 0.000/ 0.000/ 0.000/ 0.000, Output= 0.000(-1.000/1.000)
Auto.printPidInfo_Info: encoderYPidCtrl: Target=  -9.3, Input=   0.0, Error=   0.0, PIDTerms= 0.000/ 0.000/ 0.000/ 0.000, Output= 0.000(-1.000/1.000)
Auto.printPidInfo_Info: gyroPidCtrl: Target= 180.0, Input=  18.0, Error= 162.0, PIDTerms= 2.916/ 0.000/-0.171/ 0.000, Output= 0.500(-0.500/0.500)
Auto.Battery_Info: Voltage=12.48V (12.40V)
Auto.printPidInfo_Info: encoderXPidCtrl: Target=  -5.8, Input=   0.0, Error=   0.0, PIDTerms= 0.000/ 0.000/ 0.000/ 0.000, Output= 0.000(-1.000/1.000)
Auto.printPidInfo_Info: encoderYPidCtrl: Target=  -9.3, Input=   0.0, Error=   0.0, PIDTerms= 0.000/ 0.000/ 0.000/ 0.000, Output= 0.000(-1.000/1.000)
Auto.printPidInfo_Info: gyroPidCtrl: Target= 180.0, Input=  26.7, Error= 153.3, PIDTerms= 2.760/ 0.000/-0.137/ 0.000, Output= 0.500(-0.500/0.500)
Auto.Battery_Info: Voltage=12.50V (12.40V)
Auto.printPidInfo_Info: encoderXPidCtrl: Target=  -5.8, Input=   0.0, Error=   0.0, PIDTerms= 0.000/ 0.000/ 0.000/ 0.000, Output= 0.000(-1.000/1.000)
Auto.printPidInfo_Info: encoderYPidCtrl: Target=  -9.3, Input=   0.0, Error=   0.0, PIDTerms= 0.000/ 0.000/ 0.000/ 0.000, Output= 0.000(-1.000/1.000)
Auto.printPidInfo_Info: gyroPidCtrl: Target= 180.0, Input=  36.0, Error= 144.0, PIDTerms= 2.593/ 0.000/-0.184/ 0.000, Output= 0.500(-0.500/0.500)
Auto.Battery_Info: Voltage=12.52V (12.40V)
Auto.printPidInfo_Info: encoderXPidCtrl: Target=  -5.8, Input=   0.0, Error=   0.0, PIDTerms= 0.000/ 0.000/ 0.000/ 0.000, Output= 0.000(-1.000/1.000)
Auto.printPidInfo_Info: encoderYPidCtrl: Target=  -9.3, Input=   0.0, Error=   0.0, PIDTerms= 0.000/ 0.000/ 0.000/ 0.000, Output= 0.000(-1.000/1.000)
Auto.printPidInfo_Info: gyroPidCtrl: Target= 180.0, Input=  45.3, Error= 134.7, PIDTerms= 2.424/ 0.000/-0.168/ 0.000, Output= 0.500(-0.500/0.500)
Auto.Battery_Info: Voltage=12.51V (12.40V)
Auto.printPidInfo_Info: encoderXPidCtrl: Target=  -5.8, Input=   0.0, Error=   0.0, PIDTerms= 0.000/ 0.000/ 0.000/ 0.000, Output= 0.000(-1.000/1.000)
Auto.printPidInfo_Info: encoderYPidCtrl: Target=  -9.3, Input=   0.0, Error=   0.0, PIDTerms= 0.000/ 0.000/ 0.000/ 0.000, Output= 0.000(-1.000/1.000)
Auto.printPidInfo_Info: gyroPidCtrl: Target= 180.0, Input=  53.0, Error= 127.0, PIDTerms= 2.286/ 0.000/-0.150/ 0.000, Output= 0.500(-0.500/0.500)
Auto.Battery_Info: Voltage=12.52V (12.40V)
Auto.printPidInfo_Info: encoderXPidCtrl: Target=  -5.8, Input=   0.0, Error=   0.0, PIDTerms= 0.000/ 0.000/ 0.000/ 0.000, Output= 0.000(-1.000/1.000)
Auto.printPidInfo_Info: encoderYPidCtrl: Target=  -9.3, Input=   0.0, Error=   0.0, PIDTerms= 0.000/ 0.000/ 0.000/ 0.000, Output= 0.000(-1.000/1.000)
Auto.printPidInfo_Info: gyroPidCtrl: Target= 180.0, Input=  64.2, Error= 115.8, PIDTerms= 2.084/ 0.000/-0.211/ 0.000, Output= 0.500(-0.500/0.500)
Auto.Battery_Info: Voltage=12.51V (12.40V)
Auto.printPidInfo_Info: encoderXPidCtrl: Target=  -5.8, Input=   0.0, Error=   0.0, PIDTerms= 0.000/ 0.000/ 0.000/ 0.000, Output= 0.000(-1.000/1.000)
Auto.printPidInfo_Info: encoderYPidCtrl: Target=  -9.3, Input=   0.0, Error=   0.0, PIDTerms= 0.000/ 0.000/ 0.000/ 0.000, Output= 0.000(-1.000/1.000)
Auto.printPidInfo_Info: gyroPidCtrl: Target= 180.0, Input=  74.0, Error= 106.0, PIDTerms= 1.908/ 0.000/-0.143/ 0.000, Output= 0.500(-0.500/0.500)
Auto.Battery_Info: Voltage=12.49V (12.40V)
Auto.printPidInfo_Info: encoderXPidCtrl: Target=  -5.8, Input=   0.0, Error=   0.0, PIDTerms= 0.000/ 0.000/ 0.000/ 0.000, Output= 0.000(-1.000/1.000)
Auto.printPidInfo_Info: encoderYPidCtrl: Target=  -9.3, Input=   0.0, Error=   0.0, PIDTerms= 0.000/ 0.000/ 0.000/ 0.000, Output= 0.000(-1.000/1.000)
Auto.printPidInfo_Info: gyroPidCtrl: Target= 180.0, Input=  86.9, Error=  93.1, PIDTerms= 1.676/ 0.000/-0.211/ 0.000, Output= 0.500(-0.500/0.500)
Auto.Battery_Info: Voltage=12.44V (12.40V)
Auto.printPidInfo_Info: encoderXPidCtrl: Target=  -5.8, Input=   0.0, Error=   0.0, PIDTerms= 0.000/ 0.000/ 0.000/ 0.000, Output= 0.000(-1.000/1.000)
Auto.printPidInfo_Info: encoderYPidCtrl: Target=  -9.3, Input=   0.0, Error=   0.0, PIDTerms= 0.000/ 0.000/ 0.000/ 0.000, Output= 0.000(-1.000/1.000)
Auto.printPidInfo_Info: gyroPidCtrl: Target= 180.0, Input=  99.8, Error=  80.2, PIDTerms= 1.444/ 0.000/-0.246/ 0.000, Output= 0.500(-0.500/0.500)
Auto.Battery_Info: Voltage=12.49V (12.40V)
Auto.printPidInfo_Info: encoderXPidCtrl: Target=  -5.8, Input=   0.0, Error=   0.0, PIDTerms= 0.000/ 0.000/ 0.000/ 0.000, Output= 0.000(-1.000/1.000)
Auto.printPidInfo_Info: encoderYPidCtrl: Target=  -9.3, Input=   0.0, Error=   0.0, PIDTerms= 0.000/ 0.000/ 0.000/ 0.000, Output= 0.000(-1.000/1.000)
Auto.printPidInfo_Info: gyroPidCtrl: Target= 180.0, Input= 109.7, Error=  70.3, PIDTerms= 1.265/ 0.000/-0.156/ 0.000, Output= 0.500(-0.500/0.500)
Auto.Battery_Info: Voltage=12.48V (12.40V)
Auto.printPidInfo_Info: encoderXPidCtrl: Target=  -5.8, Input=   0.0, Error=   0.0, PIDTerms= 0.000/ 0.000/ 0.000/ 0.000, Output= 0.000(-1.000/1.000)
Auto.printPidInfo_Info: encoderYPidCtrl: Target=  -9.3, Input=   0.0, Error=   0.0, PIDTerms= 0.000/ 0.000/ 0.000/ 0.000, Output= 0.000(-1.000/1.000)
Auto.printPidInfo_Info: gyroPidCtrl: Target= 180.0, Input= 122.5, Error=  57.5, PIDTerms= 1.035/ 0.000/-0.202/ 0.000, Output= 0.500(-0.500/0.500)
Auto.Battery_Info: Voltage=12.48V (12.40V)
Auto.printPidInfo_Info: encoderXPidCtrl: Target=  -5.8, Input=   0.0, Error=   0.0, PIDTerms= 0.000/ 0.000/ 0.000/ 0.000, Output= 0.000(-1.000/1.000)
Auto.printPidInfo_Info: encoderYPidCtrl: Target=  -9.3, Input=   0.0, Error=   0.0, PIDTerms= 0.000/ 0.000/ 0.000/ 0.000, Output= 0.000(-1.000/1.000)
Auto.printPidInfo_Info: gyroPidCtrl: Target= 180.0, Input= 134.3, Error=  45.7, PIDTerms= 0.823/ 0.000/-0.158/ 0.000, Output= 0.500(-0.500/0.500)
Auto.Battery_Info: Voltage=12.80V (12.40V)
Auto.printPidInfo_Info: encoderXPidCtrl: Target=  -5.8, Input=   0.0, Error=   0.0, PIDTerms= 0.000/ 0.000/ 0.000/ 0.000, Output= 0.000(-1.000/1.000)
Auto.printPidInfo_Info: encoderYPidCtrl: Target=  -9.3, Input=   0.0, Error=   0.0, PIDTerms= 0.000/ 0.000/ 0.000/ 0.000, Output= 0.000(-1.000/1.000)
Auto.printPidInfo_Info: gyroPidCtrl: Target= 180.0, Input= 149.2, Error=  30.8, PIDTerms= 0.554/ 0.000/-0.343/ 0.000, Output= 0.212(-0.500/0.500)
Auto.Battery_Info: Voltage=12.69V (12.40V)
Auto.printPidInfo_Info: encoderXPidCtrl: Target=  -5.8, Input=   0.0, Error=   0.0, PIDTerms= 0.000/ 0.000/ 0.000/ 0.000, Output= 0.000(-1.000/1.000)
Auto.printPidInfo_Info: encoderYPidCtrl: Target=  -9.3, Input=   0.0, Error=   0.0, PIDTerms= 0.000/ 0.000/ 0.000/ 0.000, Output= 0.000(-1.000/1.000)
Auto.printPidInfo_Info: gyroPidCtrl: Target= 180.0, Input= 159.1, Error=  20.9, PIDTerms= 0.375/ 0.000/-0.084/ 0.000, Output= 0.291(-0.500/0.500)
Auto.Battery_Info: Voltage=12.81V (12.40V)
Auto.printPidInfo_Info: encoderXPidCtrl: Target=  -5.8, Input=   0.0, Error=   0.0, PIDTerms= 0.000/ 0.000/ 0.000/ 0.000, Output= 0.000(-1.000/1.000)
Auto.printPidInfo_Info: encoderYPidCtrl: Target=  -9.3, Input=   0.0, Error=   0.0, PIDTerms= 0.000/ 0.000/ 0.000/ 0.000, Output= 0.000(-1.000/1.000)
Auto.printPidInfo_Info: gyroPidCtrl: Target= 180.0, Input= 176.6, Error=   3.4, PIDTerms= 0.062/ 0.000/-0.234/ 0.000, Output=-0.172(-0.500/0.500)
Auto.Battery_Info: Voltage=12.81V (12.40V)
Auto.printPidInfo_Info: encoderXPidCtrl: Target=  -5.8, Input=   0.0, Error=   0.0, PIDTerms= 0.000/ 0.000/ 0.000/ 0.000, Output= 0.000(-1.000/1.000)
Auto.printPidInfo_Info: encoderYPidCtrl: Target=  -9.3, Input=   0.0, Error=   0.0, PIDTerms= 0.000/ 0.000/ 0.000/ 0.000, Output= 0.000(-1.000/1.000)
Auto.printPidInfo_Info: gyroPidCtrl: Target= 180.0, Input= 183.4, Error=  -3.4, PIDTerms=-0.062/ 0.000/-0.090/ 0.000, Output=-0.152(-0.500/0.500)
Auto.Battery_Info: Voltage=12.75V (12.40V)
Auto.printPidInfo_Info: encoderXPidCtrl: Target=  -5.8, Input=   0.0, Error=   0.0, PIDTerms= 0.000/ 0.000/ 0.000/ 0.000, Output= 0.000(-1.000/1.000)
Auto.printPidInfo_Info: encoderYPidCtrl: Target=  -9.3, Input=   0.0, Error=   0.0, PIDTerms= 0.000/ 0.000/ 0.000/ 0.000, Output= 0.000(-1.000/1.000)
Auto.printPidInfo_Info: gyroPidCtrl: Target= 180.0, Input= 187.9, Error=  -7.9, PIDTerms=-0.141/ 0.000/-0.051/ 0.000, Output=-0.192(-0.500/0.500)
Auto.Battery_Info: Voltage=12.88V (12.40V)
Auto.printPidInfo_Info: encoderXPidCtrl: Target=  -5.8, Input=   0.0, Error=   0.0, PIDTerms= 0.000/ 0.000/ 0.000/ 0.000, Output= 0.000(-1.000/1.000)
Auto.printPidInfo_Info: encoderYPidCtrl: Target=  -9.3, Input=   0.0, Error=   0.0, PIDTerms= 0.000/ 0.000/ 0.000/ 0.000, Output= 0.000(-1.000/1.000)
Auto.printPidInfo_Info: gyroPidCtrl: Target= 180.0, Input= 185.2, Error=  -5.2, PIDTerms=-0.093/ 0.000/ 0.036/ 0.000, Output=-0.057(-0.500/0.500)
Auto.Battery_Info: Voltage=12.91V (12.40V)
Auto.printPidInfo_Info: encoderXPidCtrl: Target=  -5.8, Input=   0.0, Error=   0.0, PIDTerms= 0.000/ 0.000/ 0.000/ 0.000, Output= 0.000(-1.000/1.000)
Auto.printPidInfo_Info: encoderYPidCtrl: Target=  -9.3, Input=   0.0, Error=   0.0, PIDTerms= 0.000/ 0.000/ 0.000/ 0.000, Output= 0.000(-1.000/1.000)
Auto.printPidInfo_Info: gyroPidCtrl: Target= 180.0, Input= 184.6, Error=  -4.6, PIDTerms=-0.083/ 0.000/ 0.008/ 0.000, Output=-0.074(-0.500/0.500)
Auto.Robot_Info: ***** [8.361] *****   ALIGN_CRYPTOBOX: xPos= -2.46/-22.00,yPos=-12.19/  0.00,heading= 184.2/ 180.0,volt=12.95V(12.40V)
Auto.Battery_Info: Voltage=12.95V (12.40V)
Auto.printPidInfo_Info: encoderXPidCtrl: Target= -24.5, Input=   0.0, Error= -22.0, PIDTerms= 0.000/ 0.000/ 0.000/ 0.000, Output= 0.000(-1.000/1.000)
Auto.printPidInfo_Info: encoderYPidCtrl: Target= -12.2, Input=   0.0, Error=   0.0, PIDTerms= 0.000/ 0.000/ 0.000/ 0.000, Output= 0.000(-1.000/1.000)
Auto.printPidInfo_Info: gyroPidCtrl: Target= 180.0, Input= 184.1, Error=  -4.2, PIDTerms=-0.075/ 0.000/ 0.007/ 0.000, Output= 0.000(-0.500/0.500)
Auto.Battery_Info: Voltage=11.40V (11.46V)
Auto.printPidInfo_Info: encoderXPidCtrl: Target= -24.5, Input=  -2.5, Error= -22.0, PIDTerms=-3.300/ 0.000/ 0.000/-0.000, Output=-1.000(-1.000/1.000)
Auto.printPidInfo_Info: encoderYPidCtrl: Target= -12.2, Input= -12.2, Error=   0.0, PIDTerms= 0.000/ 0.000/ 0.000/-0.000, Output= 0.000(-1.000/1.000)
Auto.printPidInfo_Info: gyroPidCtrl: Target= 180.0, Input= 184.2, Error=  -4.2, PIDTerms=-0.075/ 0.000/ 0.000/ 0.000, Output=-0.075(-0.500/0.500)
Auto.Battery_Info: Voltage=11.48V (11.46V)
Auto.printPidInfo_Info: encoderXPidCtrl: Target= -24.5, Input=  -2.9, Error= -21.6, PIDTerms=-3.236/ 0.000/ 0.044/-0.000, Output=-1.000(-1.000/1.000)
Auto.printPidInfo_Info: encoderYPidCtrl: Target= -12.2, Input= -12.2, Error=  -0.0, PIDTerms=-0.000/ 0.000/-0.000/-0.000, Output=-0.001(-1.000/1.000)
Auto.printPidInfo_Info: gyroPidCtrl: Target= 180.0, Input= 184.2, Error=  -4.2, PIDTerms=-0.075/ 0.000/-0.000/ 0.000, Output=-0.075(-0.500/0.500)
Auto.Battery_Info: Voltage=11.58V (11.46V)
Auto.printPidInfo_Info: encoderXPidCtrl: Target= -24.5, Input=  -5.6, Error= -18.8, PIDTerms=-2.827/ 0.000/ 0.373/-0.000, Output=-1.000(-1.000/1.000)
Auto.printPidInfo_Info: encoderYPidCtrl: Target= -12.2, Input= -12.4, Error=   0.2, PIDTerms= 0.004/ 0.000/ 0.005/-0.000, Output= 0.009(-1.000/1.000)
Auto.printPidInfo_Info: gyroPidCtrl: Target= 180.0, Input= 182.7, Error=  -2.7, PIDTerms=-0.049/ 0.000/ 0.026/ 0.000, Output=-0.022(-0.500/0.500)
Auto.Battery_Info: Voltage=11.78V (11.46V)
Auto.printPidInfo_Info: encoderXPidCtrl: Target= -24.5, Input=  -8.4, Error= -16.1, PIDTerms=-2.414/ 0.000/ 0.265/-0.000, Output=-1.000(-1.000/1.000)
Auto.printPidInfo_Info: encoderYPidCtrl: Target= -12.2, Input= -12.5, Error=   0.3, PIDTerms= 0.005/ 0.000/ 0.001/-0.000, Output= 0.006(-1.000/1.000)
Auto.printPidInfo_Info: gyroPidCtrl: Target= 180.0, Input= 182.2, Error=  -2.2, PIDTerms=-0.039/ 0.000/ 0.007/ 0.000, Output=-0.032(-0.500/0.500)
Auto.Battery_Info: Voltage=11.87V (11.46V)
Auto.printPidInfo_Info: encoderXPidCtrl: Target= -24.5, Input= -12.5, Error= -12.0, PIDTerms=-1.801/ 0.000/ 0.362/-0.000, Output=-1.000(-1.000/1.000)
Auto.printPidInfo_Info: encoderYPidCtrl: Target= -12.2, Input= -12.4, Error=   0.2, PIDTerms= 0.004/ 0.000/-0.000/-0.000, Output= 0.004(-1.000/1.000)
Auto.printPidInfo_Info: gyroPidCtrl: Target= 180.0, Input= 183.0, Error=  -3.0, PIDTerms=-0.055/ 0.000/-0.010/ 0.000, Output=-0.065(-0.500/0.500)
Auto.Battery_Info: Voltage=12.50V (11.46V)
Auto.printPidInfo_Info: encoderXPidCtrl: Target= -24.5, Input= -16.3, Error=  -8.1, PIDTerms=-1.219/ 0.000/ 0.634/-0.000, Output=-0.586(-1.000/1.000)
Auto.printPidInfo_Info: encoderYPidCtrl: Target= -12.2, Input= -12.4, Error=   0.2, PIDTerms= 0.004/ 0.000/-0.001/-0.000, Output= 0.003(-1.000/1.000)
Auto.printPidInfo_Info: gyroPidCtrl: Target= 180.0, Input= 184.3, Error=  -4.3, PIDTerms=-0.078/ 0.000/-0.028/ 0.000, Output=-0.106(-0.500/0.500)
Auto.Battery_Info: Voltage=12.68V (11.46V)
Auto.printPidInfo_Info: encoderXPidCtrl: Target= -24.5, Input= -19.6, Error=  -4.8, PIDTerms=-0.727/ 0.000/ 0.335/-0.000, Output=-0.392(-1.000/1.000)
Auto.printPidInfo_Info: encoderYPidCtrl: Target= -12.2, Input= -12.4, Error=   0.2, PIDTerms= 0.003/ 0.000/-0.000/-0.000, Output= 0.003(-1.000/1.000)
Auto.printPidInfo_Info: gyroPidCtrl: Target= 180.0, Input= 184.5, Error=  -4.5, PIDTerms=-0.082/ 0.000/-0.003/ 0.000, Output=-0.085(-0.500/0.500)
Auto.Battery_Info: Voltage=12.96V (11.46V)
Auto.printPidInfo_Info: encoderXPidCtrl: Target= -24.5, Input= -22.2, Error=  -2.2, PIDTerms=-0.337/ 0.000/ 0.300/-0.000, Output=-0.036(-1.000/1.000)
Auto.printPidInfo_Info: encoderYPidCtrl: Target= -12.2, Input= -12.2, Error=   0.0, PIDTerms= 0.001/ 0.000/-0.002/-0.000, Output=-0.002(-1.000/1.000)
Auto.printPidInfo_Info: gyroPidCtrl: Target= 180.0, Input= 184.1, Error=  -4.1, PIDTerms=-0.074/ 0.000/ 0.007/ 0.000, Output=-0.067(-0.500/0.500)
Auto.Battery_Info: Voltage=12.85V (11.46V)
Auto.printPidInfo_Info: encoderXPidCtrl: Target= -24.5, Input= -24.5, Error=   0.1, PIDTerms= 0.013/ 0.000/ 0.188/-0.000, Output= 0.201(-1.000/1.000)
Auto.printPidInfo_Info: encoderYPidCtrl: Target= -12.2, Input= -12.1, Error=  -0.1, PIDTerms=-0.003/ 0.000/-0.002/-0.000, Output=-0.005(-1.000/1.000)
Auto.printPidInfo_Info: gyroPidCtrl: Target= 180.0, Input= 182.7, Error=  -2.7, PIDTerms=-0.048/ 0.000/ 0.016/ 0.000, Output=-0.033(-0.500/0.500)
Auto.Battery_Info: Voltage=12.93V (11.46V)
Auto.printPidInfo_Info: encoderXPidCtrl: Target= -24.5, Input= -24.9, Error=   0.5, PIDTerms= 0.071/ 0.000/ 0.041/-0.000, Output= 0.112(-1.000/1.000)
Auto.printPidInfo_Info: encoderYPidCtrl: Target= -12.2, Input= -12.0, Error=  -0.2, PIDTerms=-0.004/ 0.000/-0.001/-0.000, Output=-0.004(-1.000/1.000)
Auto.printPidInfo_Info: gyroPidCtrl: Target= 180.0, Input= 180.1, Error=  -0.1, PIDTerms=-0.001/ 0.000/ 0.037/ 0.000, Output= 0.035(-0.500/0.500)
Auto.Battery_Info: Voltage=12.99V (11.46V)
Auto.printPidInfo_Info: encoderXPidCtrl: Target= -24.5, Input= -24.3, Error=  -0.1, PIDTerms=-0.021/ 0.000/-0.058/-0.000, Output=-0.079(-1.000/1.000)
Auto.printPidInfo_Info: encoderYPidCtrl: Target= -12.2, Input= -11.9, Error=  -0.3, PIDTerms=-0.006/ 0.000/-0.001/-0.000, Output=-0.007(-1.000/1.000)
Auto.printPidInfo_Info: gyroPidCtrl: Target= 180.0, Input= 178.6, Error=   1.4, PIDTerms= 0.026/ 0.000/ 0.019/ 0.000, Output= 0.045(-0.500/0.500)
Auto.Battery_Info: Voltage=13.04V (11.46V)
Auto.printPidInfo_Info: encoderXPidCtrl: Target= -24.5, Input= -24.3, Error=  -0.1, PIDTerms=-0.020/ 0.000/ 0.001/-0.000, Output=-0.019(-1.000/1.000)
Auto.printPidInfo_Info: encoderYPidCtrl: Target= -12.2, Input= -11.9, Error=  -0.3, PIDTerms=-0.006/ 0.000/ 0.000/-0.000, Output=-0.006(-1.000/1.000)
Auto.printPidInfo_Info: gyroPidCtrl: Target= 180.0, Input= 178.2, Error=   1.8, PIDTerms= 0.033/ 0.000/ 0.005/ 0.000, Output= 0.037(-0.500/0.500)
Auto.Battery_Info: Voltage=13.01V (11.46V)
Auto.printPidInfo_Info: encoderXPidCtrl: Target= -24.5, Input= -24.8, Error=   0.3, PIDTerms= 0.046/ 0.000/ 0.046/-0.000, Output= 0.093(-1.000/1.000)
Auto.printPidInfo_Info: encoderYPidCtrl: Target= -12.2, Input= -12.0, Error=  -0.2, PIDTerms=-0.004/ 0.000/ 0.001/-0.000, Output=-0.003(-1.000/1.000)
Auto.printPidInfo_Info: gyroPidCtrl: Target= 180.0, Input= 178.3, Error=   1.7, PIDTerms= 0.031/ 0.000/-0.001/ 0.000, Output= 0.030(-0.500/0.500)
Auto.Battery_Info: Voltage=13.04V (11.46V)
Auto.printPidInfo_Info: encoderXPidCtrl: Target= -24.5, Input= -24.8, Error=   0.3, PIDTerms= 0.044/ 0.000/-0.001/-0.000, Output= 0.043(-1.000/1.000)
Auto.printPidInfo_Info: encoderYPidCtrl: Target= -12.2, Input= -12.0, Error=  -0.2, PIDTerms=-0.004/ 0.000/ 0.000/-0.000, Output=-0.004(-1.000/1.000)
Auto.printPidInfo_Info: gyroPidCtrl: Target= 180.0, Input= 178.5, Error=   1.5, PIDTerms= 0.027/ 0.000/-0.003/ 0.000, Output= 0.024(-0.500/0.500)
Auto.Robot_Info: ***** [10.619] *****    SET_DOWN_GLYPH: xPos=-24.71/-22.00,yPos=-11.92/  0.00,heading= 178.6/ 180.0,volt=13.04V(11.46V)
Auto.Robot_Info: ***** [12.787] *****     RELEASE_GLYPH: xPos=-24.71/-22.00,yPos=-11.92/  0.00,heading= 178.7/ 180.0,volt=13.04V(11.46V)
Auto.Robot_Info: ***** [13.367] *****      PUSH_FORWARD: xPos=-24.71/  0.00,yPos=-11.92/ 15.00,heading= 178.7/ 180.0,volt=13.12V(11.46V)
Auto.Battery_Info: Voltage=13.12V (11.46V)
Auto.printPidInfo_Info: encoderXPidCtrl: Target= -24.7, Input= -24.7, Error=   0.0, PIDTerms= 0.036/ 0.000/-0.004/-0.000, Output= 0.000(-1.000/1.000)
Auto.printPidInfo_Info: encoderYPidCtrl: Target=   3.1, Input= -11.9, Error=  15.0, PIDTerms=-0.005/ 0.000/-0.001/-0.000, Output= 0.000(-1.000/1.000)
Auto.printPidInfo_Info: gyroPidCtrl: Target= 180.0, Input= 178.5, Error=   1.3, PIDTerms= 0.027/ 0.000/ 0.000/ 0.000, Output= 0.000(-0.500/0.500)
Auto.Battery_Info: Voltage=12.82V (11.46V)
Auto.printPidInfo_Info: encoderXPidCtrl: Target= -24.7, Input= -24.7, Error=   0.0, PIDTerms= 0.000/ 0.000/ 0.000/-0.000, Output= 0.000(-1.000/1.000)
Auto.printPidInfo_Info: encoderYPidCtrl: Target=   3.1, Input= -11.9, Error=  15.0, PIDTerms= 0.300/ 0.000/ 0.000/ 0.000, Output= 0.300(-1.000/1.000)
Auto.printPidInfo_Info: gyroPidCtrl: Target= 180.0, Input= 178.7, Error=   1.3, PIDTerms= 0.023/ 0.000/ 0.000/ 0.000, Output= 0.023(-0.500/0.500)
Auto.Battery_Info: Voltage=12.69V (11.46V)
Auto.printPidInfo_Info: encoderXPidCtrl: Target= -24.7, Input= -24.8, Error=   0.1, PIDTerms= 0.008/ 0.000/ 0.004/-0.000, Output= 0.012(-1.000/1.000)
Auto.printPidInfo_Info: encoderYPidCtrl: Target=   3.1, Input= -11.7, Error=  14.7, PIDTerms= 0.295/ 0.000/-0.003/ 0.000, Output= 0.292(-1.000/1.000)
Auto.printPidInfo_Info: gyroPidCtrl: Target= 180.0, Input= 178.7, Error=   1.3, PIDTerms= 0.023/ 0.000/-0.000/ 0.000, Output= 0.023(-0.500/0.500)
Auto.Battery_Info: Voltage=12.76V (11.46V)
Auto.printPidInfo_Info: encoderXPidCtrl: Target= -24.7, Input= -24.7, Error=  -0.1, PIDTerms=-0.008/ 0.000/-0.012/-0.000, Output=-0.020(-1.000/1.000)
Auto.printPidInfo_Info: encoderYPidCtrl: Target=   3.1, Input= -10.4, Error=  13.5, PIDTerms= 0.269/ 0.000/-0.020/ 0.000, Output= 0.249(-1.000/1.000)
Auto.printPidInfo_Info: gyroPidCtrl: Target= 180.0, Input= 179.3, Error=   0.7, PIDTerms= 0.012/ 0.000/-0.009/ 0.000, Output= 0.004(-0.500/0.500)
Auto.Battery_Info: Voltage=12.72V (11.46V)
Auto.printPidInfo_Info: encoderXPidCtrl: Target= -24.7, Input= -24.7, Error=  -0.0, PIDTerms=-0.005/ 0.000/ 0.002/-0.000, Output=-0.002(-1.000/1.000)
Auto.printPidInfo_Info: encoderYPidCtrl: Target=   3.1, Input= -10.1, Error=  13.2, PIDTerms= 0.265/ 0.000/-0.004/ 0.000, Output= 0.261(-1.000/1.000)
Auto.printPidInfo_Info: gyroPidCtrl: Target= 180.0, Input= 179.0, Error=   1.0, PIDTerms= 0.018/ 0.000/ 0.004/ 0.000, Output= 0.022(-0.500/0.500)
Auto.Battery_Info: Voltage=12.75V (11.46V)
Auto.printPidInfo_Info: encoderXPidCtrl: Target= -24.7, Input= -24.7, Error=  -0.0, PIDTerms=-0.005/ 0.000/ 0.000/-0.000, Output=-0.005(-1.000/1.000)
Auto.printPidInfo_Info: encoderYPidCtrl: Target=   3.1, Input= -10.1, Error=  13.2, PIDTerms= 0.265/ 0.000/ 0.000/ 0.000, Output= 0.265(-1.000/1.000)
Auto.printPidInfo_Info: gyroPidCtrl: Target= 180.0, Input= 178.7, Error=   1.3, PIDTerms= 0.024/ 0.000/ 0.004/ 0.000, Output= 0.028(-0.500/0.500)
Auto.Robot_Info: ***** [14.372] *****          BACK_OFF: xPos=-24.68/  0.00,yPos=-10.18/ -6.50,heading= 178.7/ 180.0,volt=13.10V(11.46V)
Auto.Battery_Info: Voltage=13.10V (11.46V)
Auto.printPidInfo_Info: encoderXPidCtrl: Target= -24.7, Input= -24.7, Error=   0.0, PIDTerms=-0.005/ 0.000/ 0.000/-0.000, Output= 0.000(-1.000/1.000)
Auto.printPidInfo_Info: encoderYPidCtrl: Target= -16.7, Input= -10.1, Error=  -6.5, PIDTerms= 0.265/ 0.000/ 0.000/ 0.000, Output= 0.000(-1.000/1.000)
Auto.printPidInfo_Info: gyroPidCtrl: Target= 180.0, Input= 178.7, Error=   1.3, PIDTerms= 0.023/ 0.000/-0.000/ 0.000, Output= 0.000(-0.500/0.500)
Auto.Battery_Info: Voltage=13.05V (11.46V)
Auto.printPidInfo_Info: encoderXPidCtrl: Target= -24.7, Input= -24.7, Error=   0.0, PIDTerms= 0.000/ 0.000/ 0.000/-0.000, Output= 0.000(-1.000/1.000)
Auto.printPidInfo_Info: encoderYPidCtrl: Target= -16.7, Input= -10.2, Error=  -6.5, PIDTerms=-0.130/ 0.000/-0.000/-0.000, Output=-0.130(-1.000/1.000)
Auto.printPidInfo_Info: gyroPidCtrl: Target= 180.0, Input= 178.7, Error=   1.3, PIDTerms= 0.023/ 0.000/ 0.000/ 0.000, Output= 0.023(-0.500/0.500)
Auto.Battery_Info: Voltage=13.02V (11.46V)
Auto.printPidInfo_Info: encoderXPidCtrl: Target= -24.7, Input= -24.7, Error=  -0.0, PIDTerms=-0.001/ 0.000/-0.001/-0.000, Output=-0.002(-1.000/1.000)
Auto.printPidInfo_Info: encoderYPidCtrl: Target= -16.7, Input= -10.3, Error=  -6.4, PIDTerms=-0.128/ 0.000/ 0.002/-0.000, Output=-0.125(-1.000/1.000)
Auto.printPidInfo_Info: gyroPidCtrl: Target= 180.0, Input= 178.7, Error=   1.3, PIDTerms= 0.023/ 0.000/-0.000/ 0.000, Output= 0.023(-0.500/0.500)
Auto.Battery_Info: Voltage=13.05V (11.46V)
Auto.printPidInfo_Info: encoderXPidCtrl: Target= -24.7, Input= -24.7, Error=   0.0, PIDTerms= 0.005/ 0.000/ 0.005/-0.000, Output= 0.010(-1.000/1.000)
Auto.printPidInfo_Info: encoderYPidCtrl: Target= -16.7, Input= -11.1, Error=  -5.6, PIDTerms=-0.111/ 0.000/ 0.015/-0.000, Output=-0.096(-1.000/1.000)
Auto.printPidInfo_Info: gyroPidCtrl: Target= 180.0, Input= 178.7, Error=   1.3, PIDTerms= 0.024/ 0.000/ 0.001/ 0.000, Output= 0.024(-0.500/0.500)
Auto.Battery_Info: Voltage=13.05V (11.46V)
Auto.printPidInfo_Info: encoderXPidCtrl: Target= -24.7, Input= -24.7, Error=   0.0, PIDTerms= 0.001/ 0.000/-0.003/-0.000, Output=-0.002(-1.000/1.000)
Auto.printPidInfo_Info: encoderYPidCtrl: Target= -16.7, Input= -11.6, Error=  -5.1, PIDTerms=-0.102/ 0.000/ 0.006/-0.000, Output=-0.096(-1.000/1.000)
Auto.printPidInfo_Info: gyroPidCtrl: Target= 180.0, Input= 178.8, Error=   1.2, PIDTerms= 0.022/ 0.000/-0.001/ 0.000, Output= 0.021(-0.500/0.500)
Auto.Battery_Info: Voltage=13.06V (11.46V)
Auto.printPidInfo_Info: encoderXPidCtrl: Target= -24.7, Input= -24.7, Error=  -0.0, PIDTerms=-0.001/ 0.000/-0.001/-0.000, Output=-0.002(-1.000/1.000)
Auto.printPidInfo_Info: encoderYPidCtrl: Target= -16.7, Input= -12.1, Error=  -4.5, PIDTerms=-0.091/ 0.000/ 0.008/-0.000, Output=-0.082(-1.000/1.000)
Auto.printPidInfo_Info: gyroPidCtrl: Target= 180.0, Input= 178.8, Error=   1.2, PIDTerms= 0.021/ 0.000/-0.001/ 0.000, Output= 0.021(-0.500/0.500)
Auto.Battery_Info: Voltage=13.08V (11.46V)
Auto.printPidInfo_Info: encoderXPidCtrl: Target= -24.7, Input= -24.7, Error=  -0.0, PIDTerms=-0.003/ 0.000/-0.002/-0.000, Output=-0.005(-1.000/1.000)
Auto.printPidInfo_Info: encoderYPidCtrl: Target= -16.7, Input= -12.3, Error=  -4.3, PIDTerms=-0.087/ 0.000/ 0.004/-0.000, Output=-0.083(-1.000/1.000)
Auto.printPidInfo_Info: gyroPidCtrl: Target= 180.0, Input= 178.9, Error=   1.1, PIDTerms= 0.020/ 0.000/-0.001/ 0.000, Output= 0.020(-0.500/0.500)
Auto.Battery_Info: Voltage=13.08V (11.46V)
Auto.printPidInfo_Info: encoderXPidCtrl: Target= -24.7, Input= -24.7, Error=  -0.0, PIDTerms=-0.001/ 0.000/ 0.002/-0.000, Output= 0.001(-1.000/1.000)
Auto.printPidInfo_Info: encoderYPidCtrl: Target= -16.7, Input= -12.4, Error=  -4.3, PIDTerms=-0.086/ 0.000/ 0.001/-0.000, Output=-0.085(-1.000/1.000)
Auto.printPidInfo_Info: gyroPidCtrl: Target= 180.0, Input= 178.9, Error=   1.1, PIDTerms= 0.021/ 0.000/ 0.000/ 0.000, Output= 0.021(-0.500/0.500)
Auto.Robot_Info: ***** [15.587] *****              DONE: xPos=-24.68/  0.00,yPos=-12.39/ -6.50,heading= 178.9/ 180.0,volt=13.10V(11.46V)
