Auto.FtcAuto_Info: Sun Dec 03 00:22:30 PST 2017: ***** Starting autonomous *****
Auto.Robot_Info: ***** [0.087] *****  DEPLOY_JEWEL_ARM: xPos=  0.00/  0.00,yPos=  0.00/  0.00,heading=  -0.0/   0.0,volt=13.31V(13.28V)
Auto.WHACK_JEWEL_Info: VuMark: UNKNOWN
Auto.WHACK_JEWEL_Info: 0: Color=NO, HSV=[0.000000/0.598639/0.576471]
Auto.Robot_Info: ***** [0.668] *****       WHACK_JEWEL: xPos=  0.00/  0.00,yPos=  0.00/  0.00,heading=   0.1/   0.0,volt=13.26V(13.27V)
Auto.WHACK_JEWEL_Info: VuMark: UNKNOWN
Auto.WHACK_JEWEL_Info: 1: Color=NO, HSV=[0.000000/0.613333/0.588235]
Auto.Robot_Info: ***** [0.851] *****       WHACK_JEWEL: xPos=  0.00/  0.00,yPos=  0.00/  0.00,heading=   0.1/   0.0,volt=13.28V(13.27V)
Auto.WHACK_JEWEL_Info: VuMark: UNKNOWN
Auto.WHACK_JEWEL_Info: 2: Color=RED, HSV=[4.329897/0.633987/0.600000]
Auto.Robot_Info: ***** [0.994] *****       WHACK_JEWEL: xPos=  0.00/  0.00,yPos=  0.00/  0.00,heading=   0.1/   0.0,volt=13.27V(13.27V)
Auto.Robot_Info: ***** [1.579] ***** MOVE_JEWEL_ARM_UP: xPos=  0.00/  0.00,yPos=  0.00/  0.00,heading=   0.1/   0.0,volt=13.30V(13.27V)
Auto.Robot_Info: ***** [1.916] *****   RESET_JEWEL_ARM: xPos=  0.00/  0.00,yPos=  0.00/  0.00,heading=   0.1/   0.0,volt=13.28V(13.27V)
Auto.DO_DELAY_Info: Delay=0
Auto.Robot_Info: ***** [2.315] *****          DO_DELAY: xPos=  0.00/  0.00,yPos=  0.00/  0.00,heading=   0.1/   0.0,volt=13.32V(13.26V)
Auto.Robot_Info: ***** [2.469] *****   GRAB_LIFT_GLYPH: xPos=  0.00/  0.00,yPos=  0.00/  0.00,heading=   0.1/   0.0,volt=13.32V(13.26V)
Auto.Robot_Info: ***** [4.782] ***** DRIVE_OFF_PLATFORM: xPos=  0.00/  0.00,yPos=  0.00/  0.00,heading=   0.1/   0.0,volt=12.52V(12.80V)
Auto.Robot_Info: ***** [5.438] *****     DRIVE_TO_WALL: xPos= -0.35/  0.00,yPos=-11.67/  0.00,heading=  -1.6/   0.0,volt=12.95V(12.61V)
Auto.Robot_Info: ***** [5.584] ***** TURN_TO_CRYPTOBOX: xPos= -0.19/  0.00,yPos=-16.05/  0.00,heading=  -1.5/ 180.0,volt=12.97V(12.61V)
Auto.Battery_Info: Voltage=12.96V (12.61V)
Auto.printPidInfo_Info: encoderXPidCtrl: Target=  -0.2, Input=   0.0, Error=   0.0, PIDTerms= 0.000/ 0.000/ 0.000/ 0.000, Output= 0.000(-1.000/1.000)
Auto.printPidInfo_Info: encoderYPidCtrl: Target= -16.1, Input=   0.0, Error=   0.0, PIDTerms= 0.000/ 0.000/ 0.000/ 0.000, Output= 0.000(-1.000/1.000)
Auto.printPidInfo_Info: gyroPidCtrl: Target= 180.0, Input=   0.0, Error= 181.5, PIDTerms= 0.000/ 0.000/ 0.000/ 0.000, Output= 0.000(-0.500/0.500)
Auto.Battery_Info: Voltage=12.51V (12.49V)
Auto.printPidInfo_Info: encoderXPidCtrl: Target=  -0.2, Input=   0.0, Error=   0.0, PIDTerms= 0.000/ 0.000/ 0.000/ 0.000, Output= 0.000(-1.000/1.000)
Auto.printPidInfo_Info: encoderYPidCtrl: Target= -16.1, Input=   0.0, Error=   0.0, PIDTerms= 0.000/ 0.000/ 0.000/ 0.000, Output= 0.000(-1.000/1.000)
Auto.printPidInfo_Info: gyroPidCtrl: Target= 180.0, Input=  -1.5, Error= 181.5, PIDTerms= 3.267/ 0.000/ 0.000/ 0.000, Output= 0.500(-0.500/0.500)
Auto.Battery_Info: Voltage=12.57V (12.49V)
Auto.printPidInfo_Info: encoderXPidCtrl: Target=  -0.2, Input=   0.0, Error=   0.0, PIDTerms= 0.000/ 0.000/ 0.000/ 0.000, Output= 0.000(-1.000/1.000)
Auto.printPidInfo_Info: encoderYPidCtrl: Target= -16.1, Input=   0.0, Error=   0.0, PIDTerms= 0.000/ 0.000/ 0.000/ 0.000, Output= 0.000(-1.000/1.000)
Auto.printPidInfo_Info: gyroPidCtrl: Target= 180.0, Input=  -1.0, Error= 181.0, PIDTerms= 3.257/ 0.000/-0.009/ 0.000, Output= 0.500(-0.500/0.500)
Auto.Battery_Info: Voltage=12.56V (12.49V)
Auto.printPidInfo_Info: encoderXPidCtrl: Target=  -0.2, Input=   0.0, Error=   0.0, PIDTerms= 0.000/ 0.000/ 0.000/ 0.000, Output= 0.000(-1.000/1.000)
Auto.printPidInfo_Info: encoderYPidCtrl: Target= -16.1, Input=   0.0, Error=   0.0, PIDTerms= 0.000/ 0.000/ 0.000/ 0.000, Output= 0.000(-1.000/1.000)
Auto.printPidInfo_Info: gyroPidCtrl: Target= 180.0, Input=  -2.1, Error= 182.1, PIDTerms= 3.278/ 0.000/ 0.019/ 0.000, Output= 0.500(-0.500/0.500)
Auto.Battery_Info: Voltage=12.56V (12.49V)
Auto.printPidInfo_Info: encoderXPidCtrl: Target=  -0.2, Input=   0.0, Error=   0.0, PIDTerms= 0.000/ 0.000/ 0.000/ 0.000, Output= 0.000(-1.000/1.000)
Auto.printPidInfo_Info: encoderYPidCtrl: Target= -16.1, Input=   0.0, Error=   0.0, PIDTerms= 0.000/ 0.000/ 0.000/ 0.000, Output= 0.000(-1.000/1.000)
Auto.printPidInfo_Info: gyroPidCtrl: Target= 180.0, Input=   4.5, Error= 175.5, PIDTerms= 3.160/ 0.000/-0.093/ 0.000, Output= 0.500(-0.500/0.500)
Auto.Battery_Info: Voltage=12.63V (12.49V)
Auto.printPidInfo_Info: encoderXPidCtrl: Target=  -0.2, Input=   0.0, Error=   0.0, PIDTerms= 0.000/ 0.000/ 0.000/ 0.000, Output= 0.000(-1.000/1.000)
Auto.printPidInfo_Info: encoderYPidCtrl: Target= -16.1, Input=   0.0, Error=   0.0, PIDTerms= 0.000/ 0.000/ 0.000/ 0.000, Output= 0.000(-1.000/1.000)
Auto.printPidInfo_Info: gyroPidCtrl: Target= 180.0, Input=  11.8, Error= 168.2, PIDTerms= 3.028/ 0.000/-0.073/ 0.000, Output= 0.500(-0.500/0.500)
Auto.Battery_Info: Voltage=12.66V (12.49V)
Auto.printPidInfo_Info: encoderXPidCtrl: Target=  -0.2, Input=   0.0, Error=   0.0, PIDTerms= 0.000/ 0.000/ 0.000/ 0.000, Output= 0.000(-1.000/1.000)
Auto.printPidInfo_Info: encoderYPidCtrl: Target= -16.1, Input=   0.0, Error=   0.0, PIDTerms= 0.000/ 0.000/ 0.000/ 0.000, Output= 0.000(-1.000/1.000)
Auto.printPidInfo_Info: gyroPidCtrl: Target= 180.0, Input=  26.9, Error= 153.1, PIDTerms= 2.756/ 0.000/-0.228/ 0.000, Output= 0.500(-0.500/0.500)
Auto.Battery_Info: Voltage=12.66V (12.49V)
Auto.printPidInfo_Info: encoderXPidCtrl: Target=  -0.2, Input=   0.0, Error=   0.0, PIDTerms= 0.000/ 0.000/ 0.000/ 0.000, Output= 0.000(-1.000/1.000)
Auto.printPidInfo_Info: encoderYPidCtrl: Target= -16.1, Input=   0.0, Error=   0.0, PIDTerms= 0.000/ 0.000/ 0.000/ 0.000, Output= 0.000(-1.000/1.000)
Auto.printPidInfo_Info: gyroPidCtrl: Target= 180.0, Input=  37.3, Error= 142.7, PIDTerms= 2.569/ 0.000/-0.234/ 0.000, Output= 0.500(-0.500/0.500)
Auto.Battery_Info: Voltage=12.66V (12.49V)
Auto.printPidInfo_Info: encoderXPidCtrl: Target=  -0.2, Input=   0.0, Error=   0.0, PIDTerms= 0.000/ 0.000/ 0.000/ 0.000, Output= 0.000(-1.000/1.000)
Auto.printPidInfo_Info: encoderYPidCtrl: Target= -16.1, Input=   0.0, Error=   0.0, PIDTerms= 0.000/ 0.000/ 0.000/ 0.000, Output= 0.000(-1.000/1.000)
Auto.printPidInfo_Info: gyroPidCtrl: Target= 180.0, Input=  45.6, Error= 134.4, PIDTerms= 2.420/ 0.000/-0.158/ 0.000, Output= 0.500(-0.500/0.500)
Auto.Battery_Info: Voltage=12.66V (12.49V)
Auto.printPidInfo_Info: encoderXPidCtrl: Target=  -0.2, Input=   0.0, Error=   0.0, PIDTerms= 0.000/ 0.000/ 0.000/ 0.000, Output= 0.000(-1.000/1.000)
Auto.printPidInfo_Info: encoderYPidCtrl: Target= -16.1, Input=   0.0, Error=   0.0, PIDTerms= 0.000/ 0.000/ 0.000/ 0.000, Output= 0.000(-1.000/1.000)
Auto.printPidInfo_Info: gyroPidCtrl: Target= 180.0, Input=  56.3, Error= 123.7, PIDTerms= 2.226/ 0.000/-0.112/ 0.000, Output= 0.500(-0.500/0.500)
Auto.Battery_Info: Voltage=12.66V (12.49V)
Auto.printPidInfo_Info: encoderXPidCtrl: Target=  -0.2, Input=   0.0, Error=   0.0, PIDTerms= 0.000/ 0.000/ 0.000/ 0.000, Output= 0.000(-1.000/1.000)
Auto.printPidInfo_Info: encoderYPidCtrl: Target= -16.1, Input=   0.0, Error=   0.0, PIDTerms= 0.000/ 0.000/ 0.000/ 0.000, Output= 0.000(-1.000/1.000)
Auto.printPidInfo_Info: gyroPidCtrl: Target= 180.0, Input=  72.9, Error= 107.1, PIDTerms= 1.928/ 0.000/-0.317/ 0.000, Output= 0.500(-0.500/0.500)
Auto.Battery_Info: Voltage=12.66V (12.49V)
Auto.printPidInfo_Info: encoderXPidCtrl: Target=  -0.2, Input=   0.0, Error=   0.0, PIDTerms= 0.000/ 0.000/ 0.000/ 0.000, Output= 0.000(-1.000/1.000)
Auto.printPidInfo_Info: encoderYPidCtrl: Target= -16.1, Input=   0.0, Error=   0.0, PIDTerms= 0.000/ 0.000/ 0.000/ 0.000, Output= 0.000(-1.000/1.000)
Auto.printPidInfo_Info: gyroPidCtrl: Target= 180.0, Input=  83.8, Error=  96.2, PIDTerms= 1.731/ 0.000/-0.194/ 0.000, Output= 0.500(-0.500/0.500)
Auto.Battery_Info: Voltage=12.68V (12.49V)
Auto.printPidInfo_Info: encoderXPidCtrl: Target=  -0.2, Input=   0.0, Error=   0.0, PIDTerms= 0.000/ 0.000/ 0.000/ 0.000, Output= 0.000(-1.000/1.000)
Auto.printPidInfo_Info: encoderYPidCtrl: Target= -16.1, Input=   0.0, Error=   0.0, PIDTerms= 0.000/ 0.000/ 0.000/ 0.000, Output= 0.000(-1.000/1.000)
Auto.printPidInfo_Info: gyroPidCtrl: Target= 180.0, Input=  96.8, Error=  83.2, PIDTerms= 1.497/ 0.000/-0.256/ 0.000, Output= 0.500(-0.500/0.500)
Auto.Battery_Info: Voltage=12.69V (12.49V)
Auto.printPidInfo_Info: encoderXPidCtrl: Target=  -0.2, Input=   0.0, Error=   0.0, PIDTerms= 0.000/ 0.000/ 0.000/ 0.000, Output= 0.000(-1.000/1.000)
Auto.printPidInfo_Info: encoderYPidCtrl: Target= -16.1, Input=   0.0, Error=   0.0, PIDTerms= 0.000/ 0.000/ 0.000/ 0.000, Output= 0.000(-1.000/1.000)
Auto.printPidInfo_Info: gyroPidCtrl: Target= 180.0, Input= 105.9, Error=  74.1, PIDTerms= 1.334/ 0.000/-0.145/ 0.000, Output= 0.500(-0.500/0.500)
Auto.Battery_Info: Voltage=12.67V (12.49V)
Auto.printPidInfo_Info: encoderXPidCtrl: Target=  -0.2, Input=   0.0, Error=   0.0, PIDTerms= 0.000/ 0.000/ 0.000/ 0.000, Output= 0.000(-1.000/1.000)
Auto.printPidInfo_Info: encoderYPidCtrl: Target= -16.1, Input=   0.0, Error=   0.0, PIDTerms= 0.000/ 0.000/ 0.000/ 0.000, Output= 0.000(-1.000/1.000)
Auto.printPidInfo_Info: gyroPidCtrl: Target= 180.0, Input= 118.8, Error=  61.2, PIDTerms= 1.101/ 0.000/-0.134/ 0.000, Output= 0.500(-0.500/0.500)
Auto.Battery_Info: Voltage=12.67V (12.49V)
Auto.printPidInfo_Info: encoderXPidCtrl: Target=  -0.2, Input=   0.0, Error=   0.0, PIDTerms= 0.000/ 0.000/ 0.000/ 0.000, Output= 0.000(-1.000/1.000)
Auto.printPidInfo_Info: encoderYPidCtrl: Target= -16.1, Input=   0.0, Error=   0.0, PIDTerms= 0.000/ 0.000/ 0.000/ 0.000, Output= 0.000(-1.000/1.000)
Auto.printPidInfo_Info: gyroPidCtrl: Target= 180.0, Input= 134.9, Error=  45.1, PIDTerms= 0.812/ 0.000/-0.277/ 0.000, Output= 0.500(-0.500/0.500)
Auto.Battery_Info: Voltage=12.93V (12.49V)
Auto.printPidInfo_Info: encoderXPidCtrl: Target=  -0.2, Input=   0.0, Error=   0.0, PIDTerms= 0.000/ 0.000/ 0.000/ 0.000, Output= 0.000(-1.000/1.000)
Auto.printPidInfo_Info: encoderYPidCtrl: Target= -16.1, Input=   0.0, Error=   0.0, PIDTerms= 0.000/ 0.000/ 0.000/ 0.000, Output= 0.000(-1.000/1.000)
Auto.printPidInfo_Info: gyroPidCtrl: Target= 180.0, Input= 150.1, Error=  29.9, PIDTerms= 0.539/ 0.000/-0.287/ 0.000, Output= 0.252(-0.500/0.500)
Auto.Battery_Info: Voltage=12.89V (12.49V)
Auto.printPidInfo_Info: encoderXPidCtrl: Target=  -0.2, Input=   0.0, Error=   0.0, PIDTerms= 0.000/ 0.000/ 0.000/ 0.000, Output= 0.000(-1.000/1.000)
Auto.printPidInfo_Info: encoderYPidCtrl: Target= -16.1, Input=   0.0, Error=   0.0, PIDTerms= 0.000/ 0.000/ 0.000/ 0.000, Output= 0.000(-1.000/1.000)
Auto.printPidInfo_Info: gyroPidCtrl: Target= 180.0, Input= 159.1, Error=  20.9, PIDTerms= 0.377/ 0.000/-0.117/ 0.000, Output= 0.260(-0.500/0.500)
Auto.Battery_Info: Voltage=13.08V (12.49V)
Auto.printPidInfo_Info: encoderXPidCtrl: Target=  -0.2, Input=   0.0, Error=   0.0, PIDTerms= 0.000/ 0.000/ 0.000/ 0.000, Output= 0.000(-1.000/1.000)
Auto.printPidInfo_Info: encoderYPidCtrl: Target= -16.1, Input=   0.0, Error=   0.0, PIDTerms= 0.000/ 0.000/ 0.000/ 0.000, Output= 0.000(-1.000/1.000)
Auto.printPidInfo_Info: gyroPidCtrl: Target= 180.0, Input= 173.5, Error=   6.5, PIDTerms= 0.117/ 0.000/-0.198/ 0.000, Output=-0.081(-0.500/0.500)
Auto.Battery_Info: Voltage=12.96V (12.49V)
Auto.printPidInfo_Info: encoderXPidCtrl: Target=  -0.2, Input=   0.0, Error=   0.0, PIDTerms= 0.000/ 0.000/ 0.000/ 0.000, Output= 0.000(-1.000/1.000)
Auto.printPidInfo_Info: encoderYPidCtrl: Target= -16.1, Input=   0.0, Error=   0.0, PIDTerms= 0.000/ 0.000/ 0.000/ 0.000, Output= 0.000(-1.000/1.000)
Auto.printPidInfo_Info: gyroPidCtrl: Target= 180.0, Input= 182.8, Error=  -2.8, PIDTerms=-0.050/ 0.000/-0.150/ 0.000, Output=-0.201(-0.500/0.500)
Auto.Battery_Info: Voltage=12.96V (12.49V)
Auto.printPidInfo_Info: encoderXPidCtrl: Target=  -0.2, Input=   0.0, Error=   0.0, PIDTerms= 0.000/ 0.000/ 0.000/ 0.000, Output= 0.000(-1.000/1.000)
Auto.printPidInfo_Info: encoderYPidCtrl: Target= -16.1, Input=   0.0, Error=   0.0, PIDTerms= 0.000/ 0.000/ 0.000/ 0.000, Output= 0.000(-1.000/1.000)
Auto.printPidInfo_Info: gyroPidCtrl: Target= 180.0, Input= 187.6, Error=  -7.6, PIDTerms=-0.136/ 0.000/-0.076/ 0.000, Output=-0.212(-0.500/0.500)
Auto.Battery_Info: Voltage=13.08V (12.49V)
Auto.printPidInfo_Info: encoderXPidCtrl: Target=  -0.2, Input=   0.0, Error=   0.0, PIDTerms= 0.000/ 0.000/ 0.000/ 0.000, Output= 0.000(-1.000/1.000)
Auto.printPidInfo_Info: encoderYPidCtrl: Target= -16.1, Input=   0.0, Error=   0.0, PIDTerms= 0.000/ 0.000/ 0.000/ 0.000, Output= 0.000(-1.000/1.000)
Auto.printPidInfo_Info: gyroPidCtrl: Target= 180.0, Input= 187.0, Error=  -7.0, PIDTerms=-0.125/ 0.000/ 0.008/ 0.000, Output=-0.117(-0.500/0.500)
Auto.Battery_Info: Voltage=13.15V (12.49V)
Auto.printPidInfo_Info: encoderXPidCtrl: Target=  -0.2, Input=   0.0, Error=   0.0, PIDTerms= 0.000/ 0.000/ 0.000/ 0.000, Output= 0.000(-1.000/1.000)
Auto.printPidInfo_Info: encoderYPidCtrl: Target= -16.1, Input=   0.0, Error=   0.0, PIDTerms= 0.000/ 0.000/ 0.000/ 0.000, Output= 0.000(-1.000/1.000)
Auto.printPidInfo_Info: gyroPidCtrl: Target= 180.0, Input= 183.7, Error=  -3.7, PIDTerms=-0.067/ 0.000/ 0.044/ 0.000, Output=-0.022(-0.500/0.500)
Auto.Robot_Info: ***** [8.741] *****   ALIGN_CRYPTOBOX: xPos= -0.59/-16.00,yPos=-18.37/  0.00,heading= 181.9/ 180.0,volt=13.14V(12.49V)
Auto.Battery_Info: Voltage=13.13V (12.49V)
Auto.printPidInfo_Info: encoderXPidCtrl: Target= -16.6, Input=   0.0, Error= -16.0, PIDTerms= 0.000/ 0.000/ 0.000/ 0.000, Output= 0.000(-1.000/1.000)
Auto.printPidInfo_Info: encoderYPidCtrl: Target= -18.4, Input=   0.0, Error=   0.0, PIDTerms= 0.000/ 0.000/ 0.000/ 0.000, Output= 0.000(-1.000/1.000)
Auto.printPidInfo_Info: gyroPidCtrl: Target= 180.0, Input= 181.9, Error=  -1.9, PIDTerms=-0.034/ 0.000/ 0.021/ 0.000, Output= 0.000(-0.500/0.500)
Auto.Battery_Info: Voltage=11.44V (11.44V)
Auto.printPidInfo_Info: encoderXPidCtrl: Target= -16.6, Input=  -0.6, Error= -16.0, PIDTerms=-2.400/ 0.000/ 0.000/-0.000, Output=-1.000(-1.000/1.000)
Auto.printPidInfo_Info: encoderYPidCtrl: Target= -18.4, Input= -18.4, Error=   0.0, PIDTerms= 0.000/ 0.000/ 0.000/-0.000, Output= 0.000(-1.000/1.000)
Auto.printPidInfo_Info: gyroPidCtrl: Target= 180.0, Input= 181.9, Error=  -1.9, PIDTerms=-0.034/ 0.000/ 0.000/ 0.000, Output=-0.034(-0.500/0.500)
Auto.Battery_Info: Voltage=11.62V (11.44V)
Auto.printPidInfo_Info: encoderXPidCtrl: Target= -16.6, Input=  -1.1, Error= -15.5, PIDTerms=-2.330/ 0.000/ 0.056/-0.000, Output=-1.000(-1.000/1.000)
Auto.printPidInfo_Info: encoderYPidCtrl: Target= -18.4, Input= -18.3, Error=  -0.0, PIDTerms=-0.001/ 0.000/-0.001/-0.000, Output=-0.002(-1.000/1.000)
Auto.printPidInfo_Info: gyroPidCtrl: Target= 180.0, Input= 181.9, Error=  -1.9, PIDTerms=-0.034/ 0.000/-0.000/ 0.000, Output=-0.034(-0.500/0.500)
Auto.Battery_Info: Voltage=11.69V (11.44V)
Auto.printPidInfo_Info: encoderXPidCtrl: Target= -16.6, Input=  -4.3, Error= -12.2, PIDTerms=-1.836/ 0.000/ 0.249/-0.000, Output=-1.000(-1.000/1.000)
Auto.printPidInfo_Info: encoderYPidCtrl: Target= -18.4, Input= -18.3, Error=  -0.0, PIDTerms=-0.001/ 0.000/ 0.000/-0.000, Output=-0.001(-1.000/1.000)
Auto.printPidInfo_Info: gyroPidCtrl: Target= 180.0, Input= 180.5, Error=  -0.5, PIDTerms=-0.010/ 0.000/ 0.013/ 0.000, Output= 0.003(-0.500/0.500)
Auto.Battery_Info: Voltage=12.46V (11.44V)
Auto.printPidInfo_Info: encoderXPidCtrl: Target= -16.6, Input=  -8.9, Error=  -7.6, PIDTerms=-1.147/ 0.000/ 0.487/-0.000, Output=-0.660(-1.000/1.000)
Auto.printPidInfo_Info: encoderYPidCtrl: Target= -18.4, Input= -18.3, Error=  -0.0, PIDTerms=-0.001/ 0.000/ 0.000/-0.000, Output=-0.001(-1.000/1.000)
Auto.printPidInfo_Info: gyroPidCtrl: Target= 180.0, Input= 177.6, Error=   2.4, PIDTerms= 0.043/ 0.000/ 0.041/ 0.000, Output= 0.084(-0.500/0.500)
Auto.Battery_Info: Voltage=13.04V (11.44V)
Auto.printPidInfo_Info: encoderXPidCtrl: Target= -16.6, Input= -12.7, Error=  -3.9, PIDTerms=-0.581/ 0.000/ 0.455/-0.000, Output=-0.126(-1.000/1.000)
Auto.printPidInfo_Info: encoderYPidCtrl: Target= -18.4, Input= -18.4, Error=   0.1, PIDTerms= 0.001/ 0.000/ 0.002/-0.000, Output= 0.003(-1.000/1.000)
Auto.printPidInfo_Info: gyroPidCtrl: Target= 180.0, Input= 177.5, Error=   2.5, PIDTerms= 0.045/ 0.000/ 0.002/ 0.000, Output= 0.047(-0.500/0.500)
Auto.Battery_Info: Voltage=13.09V (11.44V)
Auto.printPidInfo_Info: encoderXPidCtrl: Target= -16.6, Input= -15.3, Error=  -1.2, PIDTerms=-0.186/ 0.000/ 0.197/-0.000, Output= 0.011(-1.000/1.000)
Auto.printPidInfo_Info: encoderYPidCtrl: Target= -18.4, Input= -18.4, Error=   0.1, PIDTerms= 0.001/ 0.000/-0.000/-0.000, Output= 0.001(-1.000/1.000)
Auto.printPidInfo_Info: gyroPidCtrl: Target= 180.0, Input= 179.0, Error=   1.0, PIDTerms= 0.019/ 0.000/-0.014/ 0.000, Output= 0.004(-0.500/0.500)
Auto.Battery_Info: Voltage=12.76V (11.44V)
Auto.printPidInfo_Info: encoderXPidCtrl: Target= -16.6, Input= -17.1, Error=   0.5, PIDTerms= 0.077/ 0.000/ 0.182/-0.000, Output= 0.259(-1.000/1.000)
Auto.printPidInfo_Info: encoderYPidCtrl: Target= -18.4, Input= -18.5, Error=   0.2, PIDTerms= 0.003/ 0.000/ 0.002/-0.000, Output= 0.005(-1.000/1.000)
Auto.printPidInfo_Info: gyroPidCtrl: Target= 180.0, Input= 182.4, Error=  -2.4, PIDTerms=-0.044/ 0.000/-0.048/ 0.000, Output=-0.092(-0.500/0.500)
Auto.Battery_Info: Voltage=12.95V (11.44V)
Auto.printPidInfo_Info: encoderXPidCtrl: Target= -16.6, Input= -17.0, Error=   0.4, PIDTerms= 0.063/ 0.000/-0.009/-0.000, Output= 0.054(-1.000/1.000)
Auto.printPidInfo_Info: encoderYPidCtrl: Target= -18.4, Input= -18.6, Error=   0.2, PIDTerms= 0.004/ 0.000/ 0.001/-0.000, Output= 0.005(-1.000/1.000)
Auto.printPidInfo_Info: gyroPidCtrl: Target= 180.0, Input= 186.6, Error=  -6.6, PIDTerms=-0.119/ 0.000/-0.058/ 0.000, Output=-0.177(-0.500/0.500)
Auto.Battery_Info: Voltage=12.97V (11.44V)
Auto.printPidInfo_Info: encoderXPidCtrl: Target= -16.6, Input= -16.3, Error=  -0.3, PIDTerms=-0.050/ 0.000/-0.084/-0.000, Output=-0.134(-1.000/1.000)
Auto.printPidInfo_Info: encoderYPidCtrl: Target= -18.4, Input= -18.6, Error=   0.3, PIDTerms= 0.005/ 0.000/ 0.001/-0.000, Output= 0.006(-1.000/1.000)
Auto.printPidInfo_Info: gyroPidCtrl: Target= 180.0, Input= 186.6, Error=  -6.6, PIDTerms=-0.118/ 0.000/ 0.001/ 0.000, Output=-0.118(-0.500/0.500)
Auto.Battery_Info: Voltage=13.10V (11.44V)
Auto.printPidInfo_Info: encoderXPidCtrl: Target= -16.6, Input= -16.4, Error=  -0.2, PIDTerms=-0.028/ 0.000/ 0.013/-0.000, Output=-0.016(-1.000/1.000)
Auto.printPidInfo_Info: encoderYPidCtrl: Target= -18.4, Input= -18.6, Error=   0.2, PIDTerms= 0.004/ 0.000/-0.001/-0.000, Output= 0.004(-1.000/1.000)
Auto.printPidInfo_Info: gyroPidCtrl: Target= 180.0, Input= 184.6, Error=  -4.6, PIDTerms=-0.083/ 0.000/ 0.024/ 0.000, Output=-0.060(-0.500/0.500)
Auto.Battery_Info: Voltage=13.12V (11.44V)
Auto.printPidInfo_Info: encoderXPidCtrl: Target= -16.6, Input= -16.6, Error=  -0.0, PIDTerms=-0.005/ 0.000/ 0.017/-0.000, Output= 0.011(-1.000/1.000)
Auto.printPidInfo_Info: encoderYPidCtrl: Target= -18.4, Input= -18.6, Error=   0.2, PIDTerms= 0.004/ 0.000/-0.000/-0.000, Output= 0.004(-1.000/1.000)
Auto.printPidInfo_Info: gyroPidCtrl: Target= 180.0, Input= 182.3, Error=  -2.3, PIDTerms=-0.042/ 0.000/ 0.034/ 0.000, Output=-0.008(-0.500/0.500)
Auto.Battery_Info: Voltage=13.13V (11.44V)
Auto.printPidInfo_Info: encoderXPidCtrl: Target= -16.6, Input= -16.6, Error=  -0.0, PIDTerms=-0.005/ 0.000/ 0.000/-0.000, Output=-0.005(-1.000/1.000)
Auto.printPidInfo_Info: encoderYPidCtrl: Target= -18.4, Input= -18.6, Error=   0.2, PIDTerms= 0.004/ 0.000/ 0.000/-0.000, Output= 0.004(-1.000/1.000)
Auto.printPidInfo_Info: gyroPidCtrl: Target= 180.0, Input= 181.5, Error=  -1.5, PIDTerms=-0.028/ 0.000/ 0.012/ 0.000, Output=-0.015(-0.500/0.500)
Auto.Robot_Info: ***** [10.712] *****    SET_DOWN_GLYPH: xPos=-16.55/-16.00,yPos=-18.56/  0.00,heading= 181.6/ 180.0,volt=13.11V(11.44V)
Auto.Robot_Info: ***** [12.775] *****     RELEASE_GLYPH: xPos=-16.55/-16.00,yPos=-18.56/  0.00,heading= 181.6/ 180.0,volt=13.12V(11.44V)
Auto.Robot_Info: ***** [13.297] *****      PUSH_FORWARD: xPos=-16.55/  0.00,yPos=-18.56/ 15.00,heading= 181.6/ 180.0,volt=13.20V(11.44V)
Auto.Battery_Info: Voltage=13.19V (11.44V)
Auto.printPidInfo_Info: encoderXPidCtrl: Target= -16.5, Input= -16.6, Error=   0.0, PIDTerms=-0.005/ 0.000/ 0.000/-0.000, Output= 0.000(-1.000/1.000)
Auto.printPidInfo_Info: encoderYPidCtrl: Target=  -3.6, Input= -18.6, Error=  15.0, PIDTerms= 0.004/ 0.000/ 0.000/-0.000, Output= 0.000(-1.000/1.000)
Auto.printPidInfo_Info: gyroPidCtrl: Target= 180.0, Input= 181.6, Error=  -1.6, PIDTerms=-0.028/ 0.000/-0.001/ 0.000, Output= 0.000(-0.500/0.500)
Auto.Battery_Info: Voltage=12.88V (11.44V)
Auto.printPidInfo_Info: encoderXPidCtrl: Target= -16.5, Input= -16.5, Error=   0.0, PIDTerms= 0.000/ 0.000/ 0.000/-0.000, Output= 0.000(-1.000/1.000)
Auto.printPidInfo_Info: encoderYPidCtrl: Target=  -3.6, Input= -18.6, Error=  15.0, PIDTerms= 0.300/ 0.000/ 0.000/-0.000, Output= 0.300(-1.000/1.000)
Auto.printPidInfo_Info: gyroPidCtrl: Target= 180.0, Input= 181.6, Error=  -1.6, PIDTerms=-0.030/ 0.000/ 0.000/ 0.000, Output=-0.030(-0.500/0.500)
Auto.Battery_Info: Voltage=12.90V (11.44V)
Auto.printPidInfo_Info: encoderXPidCtrl: Target= -16.5, Input= -16.5, Error=  -0.0, PIDTerms=-0.006/ 0.000/-0.004/-0.000, Output=-0.010(-1.000/1.000)
Auto.printPidInfo_Info: encoderYPidCtrl: Target=  -3.6, Input= -18.3, Error=  14.8, PIDTerms= 0.296/ 0.000/-0.003/-0.000, Output= 0.292(-1.000/1.000)
Auto.printPidInfo_Info: gyroPidCtrl: Target= 180.0, Input= 181.6, Error=  -1.6, PIDTerms=-0.030/ 0.000/ 0.000/ 0.000, Output=-0.030(-0.500/0.500)
Auto.Battery_Info: Voltage=12.96V (11.44V)
Auto.printPidInfo_Info: encoderXPidCtrl: Target= -16.5, Input= -16.6, Error=   0.0, PIDTerms= 0.001/ 0.000/ 0.005/-0.000, Output= 0.006(-1.000/1.000)
Auto.printPidInfo_Info: encoderYPidCtrl: Target=  -3.6, Input= -17.3, Error=  13.7, PIDTerms= 0.274/ 0.000/-0.016/-0.000, Output= 0.258(-1.000/1.000)
Auto.printPidInfo_Info: gyroPidCtrl: Target= 180.0, Input= 181.4, Error=  -1.4, PIDTerms=-0.024/ 0.000/ 0.004/ 0.000, Output=-0.021(-0.500/0.500)
Auto.Battery_Info: Voltage=13.01V (11.44V)
Auto.printPidInfo_Info: encoderXPidCtrl: Target= -16.5, Input= -16.6, Error=   0.0, PIDTerms= 0.001/ 0.000/-0.000/-0.000, Output= 0.000(-1.000/1.000)
Auto.printPidInfo_Info: encoderYPidCtrl: Target=  -3.6, Input= -15.7, Error=  12.1, PIDTerms= 0.242/ 0.000/-0.025/-0.000, Output= 0.217(-1.000/1.000)
Auto.printPidInfo_Info: gyroPidCtrl: Target= 180.0, Input= 181.3, Error=  -1.3, PIDTerms=-0.024/ 0.000/ 0.001/ 0.000, Output=-0.023(-0.500/0.500)
Auto.Battery_Info: Voltage=13.05V (11.44V)
Auto.printPidInfo_Info: encoderXPidCtrl: Target= -16.5, Input= -16.5, Error=  -0.0, PIDTerms=-0.001/ 0.000/-0.001/-0.000, Output=-0.002(-1.000/1.000)
Auto.printPidInfo_Info: encoderYPidCtrl: Target=  -3.6, Input= -13.9, Error=  10.4, PIDTerms= 0.207/ 0.000/-0.033/-0.000, Output= 0.175(-1.000/1.000)
Auto.printPidInfo_Info: gyroPidCtrl: Target= 180.0, Input= 181.2, Error=  -1.2, PIDTerms=-0.021/ 0.000/ 0.003/ 0.000, Output=-0.018(-0.500/0.500)
Auto.Battery_Info: Voltage=13.08V (11.44V)
Auto.printPidInfo_Info: encoderXPidCtrl: Target= -16.5, Input= -16.5, Error=  -0.0, PIDTerms=-0.001/ 0.000/ 0.000/-0.000, Output=-0.000(-1.000/1.000)
Auto.printPidInfo_Info: encoderYPidCtrl: Target=  -3.6, Input= -12.0, Error=   8.5, PIDTerms= 0.169/ 0.000/-0.025/-0.000, Output= 0.144(-1.000/1.000)
Auto.printPidInfo_Info: gyroPidCtrl: Target= 180.0, Input= 181.1, Error=  -1.1, PIDTerms=-0.019/ 0.000/ 0.001/ 0.000, Output=-0.019(-0.500/0.500)
Auto.Battery_Info: Voltage=13.09V (11.44V)
Auto.printPidInfo_Info: encoderXPidCtrl: Target= -16.5, Input= -16.5, Error=  -0.1, PIDTerms=-0.013/ 0.000/-0.009/-0.000, Output=-0.022(-1.000/1.000)
Auto.printPidInfo_Info: encoderYPidCtrl: Target=  -3.6, Input= -11.0, Error=   7.4, PIDTerms= 0.148/ 0.000/-0.016/-0.000, Output= 0.133(-1.000/1.000)
Auto.printPidInfo_Info: gyroPidCtrl: Target= 180.0, Input= 181.0, Error=  -1.0, PIDTerms=-0.018/ 0.000/ 0.001/ 0.000, Output=-0.017(-0.500/0.500)
Auto.Battery_Info: Voltage=13.07V (11.44V)
Auto.printPidInfo_Info: encoderXPidCtrl: Target= -16.5, Input= -16.5, Error=  -0.1, PIDTerms=-0.013/ 0.000/ 0.000/-0.000, Output=-0.013(-1.000/1.000)
Auto.printPidInfo_Info: encoderYPidCtrl: Target=  -3.6, Input= -11.0, Error=   7.4, PIDTerms= 0.148/ 0.000/ 0.000/-0.000, Output= 0.148(-1.000/1.000)
Auto.printPidInfo_Info: gyroPidCtrl: Target= 180.0, Input= 181.4, Error=  -1.4, PIDTerms=-0.025/ 0.000/-0.006/ 0.000, Output=-0.031(-0.500/0.500)
Auto.Robot_Info: ***** [14.684] *****          BACK_OFF: xPos=-16.45/  0.00,yPos=-11.02/ -6.50,heading= 181.4/ 180.0,volt=13.17V(11.44V)
Auto.Battery_Info: Voltage=13.17V (11.44V)
Auto.printPidInfo_Info: encoderXPidCtrl: Target= -16.5, Input= -16.5, Error=   0.0, PIDTerms=-0.013/ 0.000/ 0.000/-0.000, Output= 0.000(-1.000/1.000)
Auto.printPidInfo_Info: encoderYPidCtrl: Target= -17.5, Input= -11.0, Error=  -6.5, PIDTerms= 0.148/ 0.000/ 0.000/-0.000, Output= 0.000(-1.000/1.000)
Auto.printPidInfo_Info: gyroPidCtrl: Target= 180.0, Input= 181.4, Error=  -1.4, PIDTerms=-0.025/ 0.000/ 0.000/ 0.000, Output= 0.000(-0.500/0.500)
Auto.Battery_Info: Voltage=13.10V (11.44V)
Auto.printPidInfo_Info: encoderXPidCtrl: Target= -16.5, Input= -16.5, Error=   0.0, PIDTerms= 0.000/ 0.000/ 0.000/-0.000, Output= 0.000(-1.000/1.000)
Auto.printPidInfo_Info: encoderYPidCtrl: Target= -17.5, Input= -11.0, Error=  -6.5, PIDTerms=-0.130/ 0.000/-0.000/-0.000, Output=-0.130(-1.000/1.000)
Auto.printPidInfo_Info: gyroPidCtrl: Target= 180.0, Input= 181.4, Error=  -1.4, PIDTerms=-0.025/ 0.000/ 0.000/ 0.000, Output=-0.025(-0.500/0.500)
Auto.Battery_Info: Voltage=13.10V (11.44V)
Auto.printPidInfo_Info: encoderXPidCtrl: Target= -16.5, Input= -16.5, Error=   0.0, PIDTerms= 0.004/ 0.000/ 0.003/-0.000, Output= 0.006(-1.000/1.000)
Auto.printPidInfo_Info: encoderYPidCtrl: Target= -17.5, Input= -11.2, Error=  -6.3, PIDTerms=-0.126/ 0.000/ 0.003/-0.000, Output=-0.123(-1.000/1.000)
Auto.printPidInfo_Info: gyroPidCtrl: Target= 180.0, Input= 181.5, Error=  -1.5, PIDTerms=-0.026/ 0.000/-0.001/ 0.000, Output=-0.027(-0.500/0.500)
Auto.Battery_Info: Voltage=13.12V (11.44V)
Auto.printPidInfo_Info: encoderXPidCtrl: Target= -16.5, Input= -16.4, Error=  -0.0, PIDTerms=-0.001/ 0.000/-0.003/-0.000, Output=-0.004(-1.000/1.000)
Auto.printPidInfo_Info: encoderYPidCtrl: Target= -17.5, Input= -12.1, Error=  -5.4, PIDTerms=-0.109/ 0.000/ 0.014/-0.000, Output=-0.095(-1.000/1.000)
Auto.printPidInfo_Info: gyroPidCtrl: Target= 180.0, Input= 181.5, Error=  -1.5, PIDTerms=-0.028/ 0.000/-0.001/ 0.000, Output=-0.029(-0.500/0.500)
Auto.Battery_Info: Voltage=13.15V (11.44V)
Auto.printPidInfo_Info: encoderXPidCtrl: Target= -16.5, Input= -16.5, Error=   0.0, PIDTerms= 0.003/ 0.000/ 0.004/-0.000, Output= 0.007(-1.000/1.000)
Auto.printPidInfo_Info: encoderYPidCtrl: Target= -17.5, Input= -12.5, Error=  -5.0, PIDTerms=-0.100/ 0.000/ 0.009/-0.000, Output=-0.091(-1.000/1.000)
Auto.printPidInfo_Info: gyroPidCtrl: Target= 180.0, Input= 181.3, Error=  -1.3, PIDTerms=-0.023/ 0.000/ 0.005/ 0.000, Output=-0.018(-0.500/0.500)
Auto.Battery_Info: Voltage=13.15V (11.44V)
Auto.printPidInfo_Info: encoderXPidCtrl: Target= -16.5, Input= -16.5, Error=   0.0, PIDTerms= 0.000/ 0.000/-0.002/-0.000, Output=-0.002(-1.000/1.000)
Auto.printPidInfo_Info: encoderYPidCtrl: Target= -17.5, Input= -12.9, Error=  -4.7, PIDTerms=-0.093/ 0.000/ 0.004/-0.000, Output=-0.090(-1.000/1.000)
Auto.printPidInfo_Info: gyroPidCtrl: Target= 180.0, Input= 181.3, Error=  -1.3, PIDTerms=-0.023/ 0.000/ 0.000/ 0.000, Output=-0.023(-0.500/0.500)
Auto.Battery_Info: Voltage=13.15V (11.44V)
Auto.printPidInfo_Info: encoderXPidCtrl: Target= -16.5, Input= -16.5, Error=   0.0, PIDTerms= 0.005/ 0.000/ 0.004/-0.000, Output= 0.010(-1.000/1.000)
Auto.printPidInfo_Info: encoderYPidCtrl: Target= -17.5, Input= -13.1, Error=  -4.4, PIDTerms=-0.089/ 0.000/ 0.004/-0.000, Output=-0.085(-1.000/1.000)
Auto.printPidInfo_Info: gyroPidCtrl: Target= 180.0, Input= 181.3, Error=  -1.3, PIDTerms=-0.023/ 0.000/ 0.000/ 0.000, Output=-0.022(-0.500/0.500)
Auto.Battery_Info: Voltage=13.13V (11.44V)
Auto.printPidInfo_Info: encoderXPidCtrl: Target= -16.5, Input= -16.5, Error=   0.1, PIDTerms= 0.008/ 0.000/ 0.002/-0.000, Output= 0.009(-1.000/1.000)
Auto.printPidInfo_Info: encoderYPidCtrl: Target= -17.5, Input= -13.2, Error=  -4.4, PIDTerms=-0.087/ 0.000/ 0.001/-0.000, Output=-0.086(-1.000/1.000)
Auto.printPidInfo_Info: gyroPidCtrl: Target= 180.0, Input= 181.2, Error=  -1.2, PIDTerms=-0.022/ 0.000/ 0.000/ 0.000, Output=-0.022(-0.500/0.500)
Auto.Robot_Info: ***** [15.844] *****              DONE: xPos=-16.49/  0.00,yPos=-13.18/ -6.50,heading= 181.2/ 180.0,volt=13.18V(11.44V)
