Auto.FtcAuto_Info: Sun Dec 03 00:55:12 PST 2017: ***** Starting autonomous *****
Auto.Robot_Info: ***** [0.184] *****  DEPLOY_JEWEL_ARM: xPos=  0.00/  0.00,yPos=  0.00/  0.00,heading=   0.1/   0.0,volt=12.80V(12.78V)
Auto.WHACK_JEWEL_Info: VuMark: LEFT
Auto.WHACK_JEWEL_Info: 0: Color=RED, HSV=[12.244899/0.457944/0.419608]
Auto.Robot_Info: ***** [0.800] *****       WHACK_JEWEL: xPos=  0.00/  0.00,yPos=  0.00/  0.00,heading=   0.1/   0.0,volt=12.82V(12.76V)
Auto.Robot_Info: ***** [1.479] ***** MOVE_JEWEL_ARM_UP: xPos=  0.00/  0.00,yPos=  0.00/  0.00,heading=   0.1/   0.0,volt=12.80V(12.76V)
Auto.Robot_Info: ***** [1.810] *****   RESET_JEWEL_ARM: xPos=  0.00/  0.00,yPos=  0.00/  0.00,heading=   0.1/   0.0,volt=12.81V(12.76V)
Auto.DO_DELAY_Info: Delay=0
Auto.Robot_Info: ***** [2.172] *****          DO_DELAY: xPos=  0.00/  0.00,yPos=  0.00/  0.00,heading=   0.1/   0.0,volt=12.79V(12.76V)
Auto.Robot_Info: ***** [2.275] *****   GRAB_LIFT_GLYPH: xPos=  0.00/  0.00,yPos=  0.00/  0.00,heading=   0.1/   0.0,volt=12.77V(12.76V)
Auto.Robot_Info: ***** [4.432] ***** DRIVE_OFF_PLATFORM: xPos=  0.00/  0.00,yPos=  0.00/  0.00,heading=   0.1/   0.0,volt=11.97V(12.30V)
Auto.Robot_Info: ***** [5.197] *****     DRIVE_TO_WALL: xPos= -0.24/  0.00,yPos= 15.33/  0.00,heading=   1.4/   0.0,volt=12.65V(12.17V)
Auto.Robot_Info: ***** [5.348] ***** TURN_TO_CRYPTOBOX: xPos=  8.35/  0.00,yPos=  9.97/  0.00,heading=   1.3/   0.0,volt=12.67V(12.17V)
Auto.Battery_Info: Voltage=12.69V (12.17V)
Auto.printPidInfo_Info: encoderXPidCtrl: Target=   8.3, Input=   0.0, Error=   0.0, PIDTerms= 0.000/ 0.000/ 0.000/ 0.000, Output= 0.000(-1.000/1.000)
Auto.printPidInfo_Info: encoderYPidCtrl: Target=  10.0, Input=   0.0, Error=   0.0, PIDTerms= 0.000/ 0.000/ 0.000/ 0.000, Output= 0.000(-1.000/1.000)
Auto.printPidInfo_Info: gyroPidCtrl: Target=   0.0, Input=   0.0, Error=  -1.3, PIDTerms= 0.000/ 0.000/ 0.000/ 0.000, Output= 0.000(-0.500/0.500)
Auto.Battery_Info: Voltage=12.67V (12.17V)
Auto.printPidInfo_Info: encoderXPidCtrl: Target=   8.3, Input=   8.3, Error=   0.0, PIDTerms= 0.000/ 0.000/ 0.000/ 0.000, Output= 0.000(-1.000/1.000)
Auto.printPidInfo_Info: encoderYPidCtrl: Target=  10.0, Input=  10.0, Error=   0.0, PIDTerms= 0.000/ 0.000/ 0.000/ 0.000, Output= 0.000(-1.000/1.000)
Auto.printPidInfo_Info: gyroPidCtrl: Target=   0.0, Input=   1.3, Error=  -1.3, PIDTerms=-0.023/ 0.000/ 0.000/ 0.000, Output=-0.023(-0.500/0.500)
Auto.Battery_Info: Voltage=12.71V (12.17V)
Auto.printPidInfo_Info: encoderXPidCtrl: Target=   8.3, Input=   8.3, Error=   0.1, PIDTerms= 0.009/ 0.000/ 0.007/ 0.000, Output= 0.016(-1.000/1.000)
Auto.printPidInfo_Info: encoderYPidCtrl: Target=  10.0, Input=  10.6, Error=  -0.7, PIDTerms=-0.014/ 0.000/-0.013/ 0.000, Output=-0.026(-1.000/1.000)
Auto.printPidInfo_Info: gyroPidCtrl: Target=   0.0, Input=   0.2, Error=  -0.2, PIDTerms=-0.003/ 0.000/ 0.019/ 0.000, Output= 0.017(-0.500/0.500)
Auto.Battery_Info: Voltage=12.70V (12.17V)
Auto.printPidInfo_Info: encoderXPidCtrl: Target=   8.3, Input=   8.3, Error=   0.0, PIDTerms= 0.004/ 0.000/-0.004/ 0.000, Output= 0.001(-1.000/1.000)
Auto.printPidInfo_Info: encoderYPidCtrl: Target=  10.0, Input=  11.1, Error=  -1.1, PIDTerms=-0.022/ 0.000/-0.007/ 0.000, Output=-0.029(-1.000/1.000)
Auto.printPidInfo_Info: gyroPidCtrl: Target=   0.0, Input=   0.2, Error=  -0.2, PIDTerms=-0.004/ 0.000/-0.001/ 0.000, Output=-0.004(-0.500/0.500)
Auto.Battery_Info: Voltage=12.71V (12.17V)
Auto.printPidInfo_Info: encoderXPidCtrl: Target=   8.3, Input=   8.3, Error=   0.0, PIDTerms= 0.003/ 0.000/-0.001/ 0.000, Output= 0.001(-1.000/1.000)
Auto.printPidInfo_Info: encoderYPidCtrl: Target=  10.0, Input=  11.0, Error=  -1.1, PIDTerms=-0.021/ 0.000/ 0.000/ 0.000, Output=-0.021(-1.000/1.000)
Auto.printPidInfo_Info: gyroPidCtrl: Target=   0.0, Input=   0.1, Error=  -0.1, PIDTerms=-0.002/ 0.000/ 0.002/ 0.000, Output=-0.000(-0.500/0.500)
Auto.Battery_Info: Voltage=12.69V (12.17V)
Auto.printPidInfo_Info: encoderXPidCtrl: Target=   8.3, Input=   8.3, Error=   0.0, PIDTerms= 0.003/ 0.000/ 0.000/ 0.000, Output= 0.003(-1.000/1.000)
Auto.printPidInfo_Info: encoderYPidCtrl: Target=  10.0, Input=  11.0, Error=  -1.1, PIDTerms=-0.021/ 0.000/ 0.000/ 0.000, Output=-0.021(-1.000/1.000)
Auto.printPidInfo_Info: gyroPidCtrl: Target=   0.0, Input=   0.1, Error=  -0.1, PIDTerms=-0.002/ 0.000/ 0.000/ 0.000, Output=-0.001(-0.500/0.500)
Auto.Robot_Info: ***** [6.143] *****   ALIGN_CRYPTOBOX: xPos=  8.33/  8.50,yPos= 11.04/  0.00,heading=   0.1/   0.0,volt=12.69V(12.17V)
Auto.Battery_Info: Voltage=12.70V (12.17V)
Auto.printPidInfo_Info: encoderXPidCtrl: Target=  16.8, Input=   8.3, Error=   8.5, PIDTerms= 0.003/ 0.000/ 0.000/ 0.000, Output= 0.000(-1.000/1.000)
Auto.printPidInfo_Info: encoderYPidCtrl: Target=  11.0, Input=  11.0, Error=   0.0, PIDTerms=-0.021/ 0.000/ 0.000/ 0.000, Output= 0.000(-1.000/1.000)
Auto.printPidInfo_Info: gyroPidCtrl: Target=   0.0, Input=   0.1, Error=  -0.1, PIDTerms=-0.002/ 0.000/ 0.000/ 0.000, Output= 0.000(-0.500/0.500)
Auto.Battery_Info: Voltage=10.99V (10.99V)
Auto.printPidInfo_Info: encoderXPidCtrl: Target=  16.8, Input=   8.3, Error=   8.5, PIDTerms= 1.275/ 0.000/ 0.000/ 0.000, Output= 1.000(-1.000/1.000)
Auto.printPidInfo_Info: encoderYPidCtrl: Target=  11.0, Input=  11.0, Error=   0.0, PIDTerms= 0.000/ 0.000/ 0.000/ 0.000, Output= 0.000(-1.000/1.000)
Auto.printPidInfo_Info: gyroPidCtrl: Target=   0.0, Input=   0.1, Error=  -0.1, PIDTerms=-0.002/ 0.000/ 0.000/ 0.000, Output=-0.002(-0.500/0.500)
Auto.Battery_Info: Voltage=11.17V (10.99V)
Auto.printPidInfo_Info: encoderXPidCtrl: Target=  16.8, Input=   8.7, Error=   8.1, PIDTerms= 1.221/ 0.000/-0.046/ 0.000, Output= 1.000(-1.000/1.000)
Auto.printPidInfo_Info: encoderYPidCtrl: Target=  11.0, Input=  11.0, Error=   0.0, PIDTerms= 0.001/ 0.000/ 0.001/ 0.000, Output= 0.001(-1.000/1.000)
Auto.printPidInfo_Info: gyroPidCtrl: Target=   0.0, Input=   0.1, Error=  -0.1, PIDTerms=-0.002/ 0.000/ 0.000/ 0.000, Output=-0.002(-0.500/0.500)
Auto.Battery_Info: Voltage=12.12V (10.99V)
Auto.printPidInfo_Info: encoderXPidCtrl: Target=  16.8, Input=  11.3, Error=   5.5, PIDTerms= 0.824/ 0.000/-0.272/ 0.000, Output= 0.552(-1.000/1.000)
Auto.printPidInfo_Info: encoderYPidCtrl: Target=  11.0, Input=  11.2, Error=  -0.2, PIDTerms=-0.004/ 0.000/-0.003/ 0.000, Output=-0.007(-1.000/1.000)
Auto.printPidInfo_Info: gyroPidCtrl: Target=   0.0, Input=   0.3, Error=  -0.3, PIDTerms=-0.006/ 0.000/-0.003/ 0.000, Output=-0.009(-0.500/0.500)
Auto.Battery_Info: Voltage=12.62V (10.99V)
Auto.printPidInfo_Info: encoderXPidCtrl: Target=  16.8, Input=  14.8, Error=   2.1, PIDTerms= 0.308/ 0.000/-0.395/ 0.000, Output=-0.088(-1.000/1.000)
Auto.printPidInfo_Info: encoderYPidCtrl: Target=  11.0, Input=  11.3, Error=  -0.3, PIDTerms=-0.005/ 0.000/-0.001/ 0.000, Output=-0.007(-1.000/1.000)
Auto.printPidInfo_Info: gyroPidCtrl: Target=   0.0, Input=   1.2, Error=  -1.2, PIDTerms=-0.021/ 0.000/-0.013/ 0.000, Output=-0.034(-0.500/0.500)
Auto.Battery_Info: Voltage=12.49V (10.99V)
Auto.printPidInfo_Info: encoderXPidCtrl: Target=  16.8, Input=  16.7, Error=   0.2, PIDTerms= 0.024/ 0.000/-0.249/ 0.000, Output=-0.225(-1.000/1.000)
Auto.printPidInfo_Info: encoderYPidCtrl: Target=  11.0, Input=  11.2, Error=  -0.1, PIDTerms=-0.003/ 0.000/ 0.003/ 0.000, Output=-0.000(-1.000/1.000)
Auto.printPidInfo_Info: gyroPidCtrl: Target=   0.0, Input=   0.6, Error=  -0.6, PIDTerms=-0.010/ 0.000/ 0.010/ 0.000, Output=-0.000(-0.500/0.500)
Auto.Robot_Info: ***** [6.907] *****    SET_DOWN_GLYPH: xPos= 16.46/  8.50,yPos= 11.09/  0.00,heading=  -2.1/   0.0,volt=12.70V(10.99V)
Auto.Robot_Info: ***** [9.027] *****     RELEASE_GLYPH: xPos= 16.46/  8.50,yPos= 11.09/  0.00,heading=  -1.9/   0.0,volt=12.70V(10.99V)
Auto.Robot_Info: ***** [9.606] *****      PUSH_FORWARD: xPos= 16.48/  0.00,yPos= 11.08/ 16.00,heading=  -2.0/   0.0,volt=12.77V(10.99V)
Auto.Battery_Info: Voltage=12.77V (10.99V)
Auto.printPidInfo_Info: encoderXPidCtrl: Target=  16.5, Input=  16.6, Error=   0.0, PIDTerms= 0.028/ 0.000/ 0.003/ 0.000, Output= 0.000(-1.000/1.000)
Auto.printPidInfo_Info: encoderYPidCtrl: Target=  27.1, Input=  11.1, Error=  16.0, PIDTerms=-0.002/ 0.000/ 0.001/ 0.000, Output= 0.000(-1.000/1.000)
Auto.printPidInfo_Info: gyroPidCtrl: Target=   0.0, Input=  -0.4, Error=   2.0, PIDTerms= 0.006/ 0.000/ 0.015/ 0.000, Output= 0.000(-0.500/0.500)
Auto.Battery_Info: Voltage=12.47V (10.99V)
Auto.printPidInfo_Info: encoderXPidCtrl: Target=  16.5, Input=  16.5, Error=   0.0, PIDTerms= 0.000/ 0.000/ 0.000/ 0.000, Output= 0.000(-1.000/1.000)
Auto.printPidInfo_Info: encoderYPidCtrl: Target=  27.1, Input=  11.1, Error=  16.0, PIDTerms= 0.320/ 0.000/-0.000/ 0.000, Output= 0.320(-1.000/1.000)
Auto.printPidInfo_Info: gyroPidCtrl: Target=   0.0, Input=  -2.0, Error=   2.0, PIDTerms= 0.036/ 0.000/ 0.000/ 0.000, Output= 0.036(-0.500/0.500)
Auto.Battery_Info: Voltage=12.51V (10.99V)
Auto.printPidInfo_Info: encoderXPidCtrl: Target=  16.5, Input=  16.6, Error=  -0.1, PIDTerms=-0.013/ 0.000/-0.009/ 0.000, Output=-0.023(-1.000/1.000)
Auto.printPidInfo_Info: encoderYPidCtrl: Target=  27.1, Input=  11.3, Error=  15.8, PIDTerms= 0.315/ 0.000/-0.004/ 0.000, Output= 0.311(-1.000/1.000)
Auto.printPidInfo_Info: gyroPidCtrl: Target=   0.0, Input=  -2.0, Error=   2.0, PIDTerms= 0.035/ 0.000/-0.001/ 0.000, Output= 0.035(-0.500/0.500)
Auto.Battery_Info: Voltage=12.52V (10.99V)
Auto.printPidInfo_Info: encoderXPidCtrl: Target=  16.5, Input=  16.8, Error=  -0.3, PIDTerms=-0.047/ 0.000/-0.026/ 0.000, Output=-0.073(-1.000/1.000)
Auto.printPidInfo_Info: encoderYPidCtrl: Target=  27.1, Input=  12.4, Error=  14.7, PIDTerms= 0.294/ 0.000/-0.018/ 0.000, Output= 0.277(-1.000/1.000)
Auto.printPidInfo_Info: gyroPidCtrl: Target=   0.0, Input=  -1.7, Error=   1.7, PIDTerms= 0.031/ 0.000/-0.004/ 0.000, Output= 0.027(-0.500/0.500)
Auto.Battery_Info: Voltage=12.58V (10.99V)
Auto.printPidInfo_Info: encoderXPidCtrl: Target=  16.5, Input=  16.8, Error=  -0.3, PIDTerms=-0.046/ 0.000/ 0.001/ 0.000, Output=-0.044(-1.000/1.000)
Auto.printPidInfo_Info: encoderYPidCtrl: Target=  27.1, Input=  13.6, Error=  13.5, PIDTerms= 0.270/ 0.000/-0.024/ 0.000, Output= 0.246(-1.000/1.000)
Auto.printPidInfo_Info: gyroPidCtrl: Target=   0.0, Input=  -1.3, Error=   1.3, PIDTerms= 0.023/ 0.000/-0.008/ 0.000, Output= 0.015(-0.500/0.500)
Auto.Battery_Info: Voltage=12.60V (10.99V)
Auto.printPidInfo_Info: encoderXPidCtrl: Target=  16.5, Input=  16.8, Error=  -0.3, PIDTerms=-0.042/ 0.000/ 0.003/ 0.000, Output=-0.039(-1.000/1.000)
Auto.printPidInfo_Info: encoderYPidCtrl: Target=  27.1, Input=  15.1, Error=  12.0, PIDTerms= 0.239/ 0.000/-0.028/ 0.000, Output= 0.212(-1.000/1.000)
Auto.printPidInfo_Info: gyroPidCtrl: Target=   0.0, Input=  -1.2, Error=   1.2, PIDTerms= 0.022/ 0.000/-0.001/ 0.000, Output= 0.021(-0.500/0.500)
Auto.Battery_Info: Voltage=12.64V (10.99V)
Auto.printPidInfo_Info: encoderXPidCtrl: Target=  16.5, Input=  16.8, Error=  -0.3, PIDTerms=-0.045/ 0.000/-0.002/ 0.000, Output=-0.047(-1.000/1.000)
Auto.printPidInfo_Info: encoderYPidCtrl: Target=  27.1, Input=  16.9, Error=  10.2, PIDTerms= 0.203/ 0.000/-0.026/ 0.000, Output= 0.177(-1.000/1.000)
Auto.printPidInfo_Info: gyroPidCtrl: Target=   0.0, Input=  -1.0, Error=   1.0, PIDTerms= 0.019/ 0.000/-0.002/ 0.000, Output= 0.016(-0.500/0.500)
Auto.Battery_Info: Voltage=12.68V (10.99V)
Auto.printPidInfo_Info: encoderXPidCtrl: Target=  16.5, Input=  16.8, Error=  -0.3, PIDTerms=-0.040/ 0.000/ 0.004/ 0.000, Output=-0.037(-1.000/1.000)
Auto.printPidInfo_Info: encoderYPidCtrl: Target=  27.1, Input=  18.3, Error=   8.8, PIDTerms= 0.176/ 0.000/-0.022/ 0.000, Output= 0.153(-1.000/1.000)
Auto.printPidInfo_Info: gyroPidCtrl: Target=   0.0, Input=  -1.0, Error=   1.0, PIDTerms= 0.017/ 0.000/-0.001/ 0.000, Output= 0.017(-0.500/0.500)
Auto.Battery_Info: Voltage=12.71V (10.99V)
Auto.printPidInfo_Info: encoderXPidCtrl: Target=  16.5, Input=  16.7, Error=  -0.3, PIDTerms=-0.040/ 0.000/ 0.000/ 0.000, Output=-0.039(-1.000/1.000)
Auto.printPidInfo_Info: encoderYPidCtrl: Target=  27.1, Input=  19.6, Error=   7.5, PIDTerms= 0.149/ 0.000/-0.026/ 0.000, Output= 0.124(-1.000/1.000)
Auto.printPidInfo_Info: gyroPidCtrl: Target=   0.0, Input=  -0.9, Error=   0.9, PIDTerms= 0.017/ 0.000/-0.001/ 0.000, Output= 0.016(-0.500/0.500)
Auto.Battery_Info: Voltage=12.72V (10.99V)
Auto.printPidInfo_Info: encoderXPidCtrl: Target=  16.5, Input=  16.7, Error=  -0.3, PIDTerms=-0.038/ 0.000/ 0.002/ 0.000, Output=-0.036(-1.000/1.000)
Auto.printPidInfo_Info: encoderYPidCtrl: Target=  27.1, Input=  20.5, Error=   6.5, PIDTerms= 0.131/ 0.000/-0.017/ 0.000, Output= 0.114(-1.000/1.000)
Auto.printPidInfo_Info: gyroPidCtrl: Target=   0.0, Input=  -0.9, Error=   0.9, PIDTerms= 0.017/ 0.000/ 0.000/ 0.000, Output= 0.017(-0.500/0.500)
Auto.Battery_Info: Voltage=12.72V (10.99V)
Auto.printPidInfo_Info: encoderXPidCtrl: Target=  16.5, Input=  16.7, Error=  -0.2, PIDTerms=-0.030/ 0.000/ 0.005/ 0.000, Output=-0.025(-1.000/1.000)
Auto.printPidInfo_Info: encoderYPidCtrl: Target=  27.1, Input=  21.4, Error=   5.7, PIDTerms= 0.113/ 0.000/-0.013/ 0.000, Output= 0.100(-1.000/1.000)
Auto.printPidInfo_Info: gyroPidCtrl: Target=   0.0, Input=  -0.9, Error=   0.9, PIDTerms= 0.017/ 0.000/-0.000/ 0.000, Output= 0.017(-0.500/0.500)
Auto.Battery_Info: Voltage=12.71V (10.99V)
Auto.printPidInfo_Info: encoderXPidCtrl: Target=  16.5, Input=  16.6, Error=  -0.1, PIDTerms=-0.018/ 0.000/ 0.008/ 0.000, Output=-0.009(-1.000/1.000)
Auto.printPidInfo_Info: encoderYPidCtrl: Target=  27.1, Input=  22.0, Error=   5.1, PIDTerms= 0.102/ 0.000/-0.008/ 0.000, Output= 0.094(-1.000/1.000)
Auto.printPidInfo_Info: gyroPidCtrl: Target=   0.0, Input=  -0.9, Error=   0.9, PIDTerms= 0.017/ 0.000/-0.000/ 0.000, Output= 0.017(-0.500/0.500)
Auto.Battery_Info: Voltage=12.71V (10.99V)
Auto.printPidInfo_Info: encoderXPidCtrl: Target=  16.5, Input=  16.6, Error=  -0.1, PIDTerms=-0.022/ 0.000/-0.004/ 0.000, Output=-0.026(-1.000/1.000)
Auto.printPidInfo_Info: encoderYPidCtrl: Target=  27.1, Input=  22.3, Error=   4.8, PIDTerms= 0.095/ 0.000/-0.007/ 0.000, Output= 0.089(-1.000/1.000)
Auto.printPidInfo_Info: gyroPidCtrl: Target=   0.0, Input=  -0.7, Error=   0.7, PIDTerms= 0.013/ 0.000/-0.003/ 0.000, Output= 0.010(-0.500/0.500)
Auto.Battery_Info: Voltage=12.70V (10.99V)
Auto.printPidInfo_Info: encoderXPidCtrl: Target=  16.5, Input=  16.7, Error=  -0.2, PIDTerms=-0.027/ 0.000/-0.003/ 0.000, Output=-0.030(-1.000/1.000)
Auto.printPidInfo_Info: encoderYPidCtrl: Target=  27.1, Input=  22.5, Error=   4.6, PIDTerms= 0.091/ 0.000/-0.003/ 0.000, Output= 0.088(-1.000/1.000)
Auto.printPidInfo_Info: gyroPidCtrl: Target=   0.0, Input=  -0.8, Error=   0.8, PIDTerms= 0.014/ 0.000/ 0.000/ 0.000, Output= 0.014(-0.500/0.500)
Auto.Battery_Info: Voltage=12.72V (10.99V)
Auto.printPidInfo_Info: encoderXPidCtrl: Target=  16.5, Input=  16.6, Error=  -0.2, PIDTerms=-0.023/ 0.000/ 0.003/ 0.000, Output=-0.020(-1.000/1.000)
Auto.printPidInfo_Info: encoderYPidCtrl: Target=  27.1, Input=  22.5, Error=   4.5, PIDTerms= 0.091/ 0.000/-0.000/ 0.000, Output= 0.090(-1.000/1.000)
Auto.printPidInfo_Info: gyroPidCtrl: Target=   0.0, Input=  -0.8, Error=   0.8, PIDTerms= 0.014/ 0.000/ 0.000/ 0.000, Output= 0.014(-0.500/0.500)
Auto.Battery_Info: Voltage=12.72V (10.99V)
Auto.printPidInfo_Info: encoderXPidCtrl: Target=  16.5, Input=  16.6, Error=  -0.2, PIDTerms=-0.024/ 0.000/-0.000/ 0.000, Output=-0.024(-1.000/1.000)
Auto.printPidInfo_Info: encoderYPidCtrl: Target=  27.1, Input=  22.6, Error=   4.5, PIDTerms= 0.090/ 0.000/-0.000/ 0.000, Output= 0.090(-1.000/1.000)
Auto.printPidInfo_Info: gyroPidCtrl: Target=   0.0, Input=  -0.8, Error=   0.8, PIDTerms= 0.014/ 0.000/-0.000/ 0.000, Output= 0.014(-0.500/0.500)
Auto.Robot_Info: ***** [11.832] *****          BACK_OFF: xPos= 16.66/  0.00,yPos= 22.57/ -6.50,heading=  -0.8/   0.0,volt=12.77V(10.99V)
Auto.Battery_Info: Voltage=12.77V (10.99V)
Auto.printPidInfo_Info: encoderXPidCtrl: Target=  16.7, Input=  16.7, Error=   0.0, PIDTerms=-0.026/ 0.000/-0.002/ 0.000, Output= 0.000(-1.000/1.000)
Auto.printPidInfo_Info: encoderYPidCtrl: Target=  16.1, Input=  22.6, Error=  -6.5, PIDTerms= 0.090/ 0.000/-0.000/ 0.000, Output= 0.000(-1.000/1.000)
Auto.printPidInfo_Info: gyroPidCtrl: Target=   0.0, Input=  -0.8, Error=   0.8, PIDTerms= 0.014/ 0.000/ 0.000/ 0.000, Output= 0.000(-0.500/0.500)
Auto.Battery_Info: Voltage=12.69V (10.99V)
Auto.printPidInfo_Info: encoderXPidCtrl: Target=  16.7, Input=  16.7, Error=   0.0, PIDTerms= 0.000/ 0.000/ 0.000/ 0.000, Output= 0.000(-1.000/1.000)
Auto.printPidInfo_Info: encoderYPidCtrl: Target=  16.1, Input=  22.6, Error=  -6.5, PIDTerms=-0.130/ 0.000/ 0.000/ 0.000, Output=-0.130(-1.000/1.000)
Auto.printPidInfo_Info: gyroPidCtrl: Target=   0.0, Input=  -0.8, Error=   0.8, PIDTerms= 0.014/ 0.000/ 0.000/ 0.000, Output= 0.014(-0.500/0.500)
Auto.Battery_Info: Voltage=12.68V (10.99V)
Auto.printPidInfo_Info: encoderXPidCtrl: Target=  16.7, Input=  16.7, Error=   0.0, PIDTerms= 0.000/ 0.000/ 0.000/ 0.000, Output= 0.000(-1.000/1.000)
Auto.printPidInfo_Info: encoderYPidCtrl: Target=  16.1, Input=  22.4, Error=  -6.3, PIDTerms=-0.127/ 0.000/ 0.002/ 0.000, Output=-0.125(-1.000/1.000)
Auto.printPidInfo_Info: gyroPidCtrl: Target=   0.0, Input=  -0.8, Error=   0.8, PIDTerms= 0.014/ 0.000/ 0.000/ 0.000, Output= 0.014(-0.500/0.500)
Auto.Battery_Info: Voltage=12.70V (10.99V)
Auto.printPidInfo_Info: encoderXPidCtrl: Target=  16.7, Input=  16.8, Error=  -0.1, PIDTerms=-0.019/ 0.000/-0.016/ 0.000, Output=-0.035(-1.000/1.000)
Auto.printPidInfo_Info: encoderYPidCtrl: Target=  16.1, Input=  21.9, Error=  -5.8, PIDTerms=-0.116/ 0.000/ 0.010/ 0.000, Output=-0.105(-1.000/1.000)
Auto.printPidInfo_Info: gyroPidCtrl: Target=   0.0, Input=  -0.8, Error=   0.8, PIDTerms= 0.014/ 0.000/ 0.000/ 0.000, Output= 0.014(-0.500/0.500)
Auto.Battery_Info: Voltage=12.70V (10.99V)
Auto.printPidInfo_Info: encoderXPidCtrl: Target=  16.7, Input=  16.8, Error=  -0.1, PIDTerms=-0.016/ 0.000/ 0.002/ 0.000, Output=-0.014(-1.000/1.000)
Auto.printPidInfo_Info: encoderYPidCtrl: Target=  16.1, Input=  21.6, Error=  -5.5, PIDTerms=-0.110/ 0.000/ 0.005/ 0.000, Output=-0.104(-1.000/1.000)
Auto.printPidInfo_Info: gyroPidCtrl: Target=   0.0, Input=  -0.8, Error=   0.8, PIDTerms= 0.014/ 0.000/-0.000/ 0.000, Output= 0.013(-0.500/0.500)
Auto.Battery_Info: Voltage=12.71V (10.99V)
Auto.printPidInfo_Info: encoderXPidCtrl: Target=  16.7, Input=  16.7, Error=  -0.1, PIDTerms=-0.010/ 0.000/ 0.004/ 0.000, Output=-0.006(-1.000/1.000)
Auto.printPidInfo_Info: encoderYPidCtrl: Target=  16.1, Input=  21.2, Error=  -5.1, PIDTerms=-0.102/ 0.000/ 0.007/ 0.000, Output=-0.095(-1.000/1.000)
Auto.printPidInfo_Info: gyroPidCtrl: Target=   0.0, Input=  -0.8, Error=   0.8, PIDTerms= 0.014/ 0.000/ 0.001/ 0.000, Output= 0.015(-0.500/0.500)
Auto.Battery_Info: Voltage=12.74V (10.99V)
Auto.printPidInfo_Info: encoderXPidCtrl: Target=  16.7, Input=  16.7, Error=  -0.1, PIDTerms=-0.012/ 0.000/-0.001/ 0.000, Output=-0.013(-1.000/1.000)
Auto.printPidInfo_Info: encoderYPidCtrl: Target=  16.1, Input=  20.7, Error=  -4.6, PIDTerms=-0.093/ 0.000/ 0.007/ 0.000, Output=-0.086(-1.000/1.000)
Auto.printPidInfo_Info: gyroPidCtrl: Target=   0.0, Input=  -0.8, Error=   0.8, PIDTerms= 0.014/ 0.000/-0.001/ 0.000, Output= 0.013(-0.500/0.500)
Auto.Battery_Info: Voltage=12.74V (10.99V)
Auto.printPidInfo_Info: encoderXPidCtrl: Target=  16.7, Input=  16.8, Error=  -0.1, PIDTerms=-0.016/ 0.000/-0.003/ 0.000, Output=-0.019(-1.000/1.000)
Auto.printPidInfo_Info: encoderYPidCtrl: Target=  16.1, Input=  20.4, Error=  -4.3, PIDTerms=-0.087/ 0.000/ 0.005/ 0.000, Output=-0.081(-1.000/1.000)
Auto.printPidInfo_Info: gyroPidCtrl: Target=   0.0, Input=  -0.8, Error=   0.8, PIDTerms= 0.014/ 0.000/ 0.000/ 0.000, Output= 0.014(-0.500/0.500)
Auto.Battery_Info: Voltage=12.74V (10.99V)
Auto.printPidInfo_Info: encoderXPidCtrl: Target=  16.7, Input=  16.8, Error=  -0.1, PIDTerms=-0.015/ 0.000/ 0.000/ 0.000, Output=-0.015(-1.000/1.000)
Auto.printPidInfo_Info: encoderYPidCtrl: Target=  16.1, Input=  20.2, Error=  -4.1, PIDTerms=-0.082/ 0.000/ 0.004/ 0.000, Output=-0.078(-1.000/1.000)
Auto.printPidInfo_Info: gyroPidCtrl: Target=   0.0, Input=  -0.8, Error=   0.8, PIDTerms= 0.014/ 0.000/ 0.000/ 0.000, Output= 0.014(-0.500/0.500)
Auto.Robot_Info: ***** [13.068] *****              DONE: xPos= 16.72/  0.00,yPos= 19.95/ -6.50,heading=  -0.8/   0.0,volt=12.76V(10.99V)
