Auto.FtcAuto_Info: Sun Dec 03 00:39:51 PST 2017: ***** Starting autonomous *****
Auto.Robot_Info: ***** [0.085] *****  DEPLOY_JEWEL_ARM: xPos=  0.00/  0.00,yPos=  0.00/  0.00,heading=   0.0/   0.0,volt=13.03V(13.00V)
Auto.WHACK_JEWEL_Info: VuMark: UNKNOWN
Auto.WHACK_JEWEL_Info: 0: Color=BLUE, HSV=[180.000000/0.298969/0.380392]
Auto.Robot_Info: ***** [0.659] *****       WHACK_JEWEL: xPos=  0.00/  0.00,yPos=  0.00/  0.00,heading=   0.1/   0.0,volt=13.03V(13.00V)
Auto.Robot_Info: ***** [1.237] ***** MOVE_JEWEL_ARM_UP: xPos=  0.00/  0.00,yPos=  0.00/  0.00,heading=   0.1/   0.0,volt=13.00V(12.99V)
Auto.Robot_Info: ***** [1.653] *****   RESET_JEWEL_ARM: xPos=  0.00/  0.00,yPos=  0.00/  0.00,heading=   0.1/   0.0,volt=13.01V(12.99V)
Auto.DO_DELAY_Info: Delay=0
Auto.Robot_Info: ***** [2.002] *****          DO_DELAY: xPos=  0.00/  0.00,yPos=  0.00/  0.00,heading=   0.1/   0.0,volt=13.00V(12.99V)
Auto.Robot_Info: ***** [2.106] *****   GRAB_LIFT_GLYPH: xPos=  0.00/  0.00,yPos=  0.00/  0.00,heading=   0.1/   0.0,volt=13.01V(12.99V)
Auto.Robot_Info: ***** [4.258] ***** DRIVE_OFF_PLATFORM: xPos=  0.00/  0.00,yPos=  0.00/  0.00,heading=   0.1/   0.0,volt=12.24V(12.55V)
Auto.Robot_Info: ***** [5.088] *****     DRIVE_TO_WALL: xPos=  2.47/  0.00,yPos= 14.66/  0.00,heading=  -2.1/   0.0,volt=12.82V(12.35V)
Auto.Robot_Info: ***** [5.243] ***** TURN_TO_CRYPTOBOX: xPos=  2.67/  0.00,yPos= 18.95/  0.00,heading=  -2.8/ -90.0,volt=12.83V(12.35V)
Auto.Battery_Info: Voltage=12.83V (12.35V)
Auto.printPidInfo_Info: encoderXPidCtrl: Target=   2.7, Input=   0.0, Error=   0.0, PIDTerms= 0.000/ 0.000/ 0.000/ 0.000, Output= 0.000(-1.000/1.000)
Auto.printPidInfo_Info: encoderYPidCtrl: Target=  19.0, Input=   0.0, Error=   0.0, PIDTerms= 0.000/ 0.000/ 0.000/ 0.000, Output= 0.000(-1.000/1.000)
Auto.printPidInfo_Info: gyroPidCtrl: Target= -90.0, Input=   0.0, Error= -87.2, PIDTerms= 0.000/ 0.000/ 0.000/ 0.000, Output= 0.000(-0.500/0.500)
Auto.Battery_Info: Voltage=12.27V (12.24V)
Auto.printPidInfo_Info: encoderXPidCtrl: Target=   2.7, Input=   0.0, Error=   0.0, PIDTerms= 0.000/ 0.000/ 0.000/ 0.000, Output= 0.000(-1.000/1.000)
Auto.printPidInfo_Info: encoderYPidCtrl: Target=  19.0, Input=   0.0, Error=   0.0, PIDTerms= 0.000/ 0.000/ 0.000/ 0.000, Output= 0.000(-1.000/1.000)
Auto.printPidInfo_Info: gyroPidCtrl: Target= -90.0, Input=  -2.8, Error= -87.2, PIDTerms=-1.570/ 0.000/ 0.000/-0.000, Output=-0.500(-0.500/0.500)
Auto.Battery_Info: Voltage=12.35V (12.24V)
Auto.printPidInfo_Info: encoderXPidCtrl: Target=   2.7, Input=   0.0, Error=   0.0, PIDTerms= 0.000/ 0.000/ 0.000/ 0.000, Output= 0.000(-1.000/1.000)
Auto.printPidInfo_Info: encoderYPidCtrl: Target=  19.0, Input=   0.0, Error=   0.0, PIDTerms= 0.000/ 0.000/ 0.000/ 0.000, Output= 0.000(-1.000/1.000)
Auto.printPidInfo_Info: gyroPidCtrl: Target= -90.0, Input=  -2.9, Error= -87.1, PIDTerms=-1.569/ 0.000/ 0.001/-0.000, Output=-0.500(-0.500/0.500)
Auto.Battery_Info: Voltage=12.34V (12.24V)
Auto.printPidInfo_Info: encoderXPidCtrl: Target=   2.7, Input=   0.0, Error=   0.0, PIDTerms= 0.000/ 0.000/ 0.000/ 0.000, Output= 0.000(-1.000/1.000)
Auto.printPidInfo_Info: encoderYPidCtrl: Target=  19.0, Input=   0.0, Error=   0.0, PIDTerms= 0.000/ 0.000/ 0.000/ 0.000, Output= 0.000(-1.000/1.000)
Auto.printPidInfo_Info: gyroPidCtrl: Target= -90.0, Input=  -4.7, Error= -85.3, PIDTerms=-1.535/ 0.000/ 0.026/-0.000, Output=-0.500(-0.500/0.500)
Auto.Battery_Info: Voltage=12.30V (12.24V)
Auto.printPidInfo_Info: encoderXPidCtrl: Target=   2.7, Input=   0.0, Error=   0.0, PIDTerms= 0.000/ 0.000/ 0.000/ 0.000, Output= 0.000(-1.000/1.000)
Auto.printPidInfo_Info: encoderYPidCtrl: Target=  19.0, Input=   0.0, Error=   0.0, PIDTerms= 0.000/ 0.000/ 0.000/ 0.000, Output= 0.000(-1.000/1.000)
Auto.printPidInfo_Info: gyroPidCtrl: Target= -90.0, Input= -13.2, Error= -76.8, PIDTerms=-1.383/ 0.000/ 0.140/-0.000, Output=-0.500(-0.500/0.500)
Auto.Battery_Info: Voltage=12.33V (12.24V)
Auto.printPidInfo_Info: encoderXPidCtrl: Target=   2.7, Input=   0.0, Error=   0.0, PIDTerms= 0.000/ 0.000/ 0.000/ 0.000, Output= 0.000(-1.000/1.000)
Auto.printPidInfo_Info: encoderYPidCtrl: Target=  19.0, Input=   0.0, Error=   0.0, PIDTerms= 0.000/ 0.000/ 0.000/ 0.000, Output= 0.000(-1.000/1.000)
Auto.printPidInfo_Info: gyroPidCtrl: Target= -90.0, Input= -25.7, Error= -64.3, PIDTerms=-1.157/ 0.000/ 0.168/-0.000, Output=-0.500(-0.500/0.500)
Auto.Battery_Info: Voltage=12.39V (12.24V)
Auto.printPidInfo_Info: encoderXPidCtrl: Target=   2.7, Input=   0.0, Error=   0.0, PIDTerms= 0.000/ 0.000/ 0.000/ 0.000, Output= 0.000(-1.000/1.000)
Auto.printPidInfo_Info: encoderYPidCtrl: Target=  19.0, Input=   0.0, Error=   0.0, PIDTerms= 0.000/ 0.000/ 0.000/ 0.000, Output= 0.000(-1.000/1.000)
Auto.printPidInfo_Info: gyroPidCtrl: Target= -90.0, Input= -33.8, Error= -56.2, PIDTerms=-1.011/ 0.000/ 0.135/-0.000, Output=-0.500(-0.500/0.500)
Auto.Battery_Info: Voltage=12.38V (12.24V)
Auto.printPidInfo_Info: encoderXPidCtrl: Target=   2.7, Input=   0.0, Error=   0.0, PIDTerms= 0.000/ 0.000/ 0.000/ 0.000, Output= 0.000(-1.000/1.000)
Auto.printPidInfo_Info: encoderYPidCtrl: Target=  19.0, Input=   0.0, Error=   0.0, PIDTerms= 0.000/ 0.000/ 0.000/ 0.000, Output= 0.000(-1.000/1.000)
Auto.printPidInfo_Info: gyroPidCtrl: Target= -90.0, Input= -42.9, Error= -47.1, PIDTerms=-0.847/ 0.000/ 0.168/-0.000, Output=-0.500(-0.500/0.500)
Auto.Battery_Info: Voltage=12.38V (12.24V)
Auto.printPidInfo_Info: encoderXPidCtrl: Target=   2.7, Input=   0.0, Error=   0.0, PIDTerms= 0.000/ 0.000/ 0.000/ 0.000, Output= 0.000(-1.000/1.000)
Auto.printPidInfo_Info: encoderYPidCtrl: Target=  19.0, Input=   0.0, Error=   0.0, PIDTerms= 0.000/ 0.000/ 0.000/ 0.000, Output= 0.000(-1.000/1.000)
Auto.printPidInfo_Info: gyroPidCtrl: Target= -90.0, Input= -52.3, Error= -37.7, PIDTerms=-0.679/ 0.000/ 0.168/-0.000, Output=-0.500(-0.500/0.500)
Auto.Battery_Info: Voltage=12.56V (12.24V)
Auto.printPidInfo_Info: encoderXPidCtrl: Target=   2.7, Input=   0.0, Error=   0.0, PIDTerms= 0.000/ 0.000/ 0.000/ 0.000, Output= 0.000(-1.000/1.000)
Auto.printPidInfo_Info: encoderYPidCtrl: Target=  19.0, Input=   0.0, Error=   0.0, PIDTerms= 0.000/ 0.000/ 0.000/ 0.000, Output= 0.000(-1.000/1.000)
Auto.printPidInfo_Info: gyroPidCtrl: Target= -90.0, Input= -62.5, Error= -27.5, PIDTerms=-0.495/ 0.000/ 0.141/-0.000, Output=-0.355(-0.500/0.500)
Auto.Battery_Info: Voltage=12.78V (12.24V)
Auto.printPidInfo_Info: encoderXPidCtrl: Target=   2.7, Input=   0.0, Error=   0.0, PIDTerms= 0.000/ 0.000/ 0.000/ 0.000, Output= 0.000(-1.000/1.000)
Auto.printPidInfo_Info: encoderYPidCtrl: Target=  19.0, Input=   0.0, Error=   0.0, PIDTerms= 0.000/ 0.000/ 0.000/ 0.000, Output= 0.000(-1.000/1.000)
Auto.printPidInfo_Info: gyroPidCtrl: Target= -90.0, Input= -75.2, Error= -14.8, PIDTerms=-0.266/ 0.000/ 0.123/-0.000, Output=-0.144(-0.500/0.500)
Auto.Battery_Info: Voltage=12.40V (12.24V)
Auto.printPidInfo_Info: encoderXPidCtrl: Target=   2.7, Input=   0.0, Error=   0.0, PIDTerms= 0.000/ 0.000/ 0.000/ 0.000, Output= 0.000(-1.000/1.000)
Auto.printPidInfo_Info: encoderYPidCtrl: Target=  19.0, Input=   0.0, Error=   0.0, PIDTerms= 0.000/ 0.000/ 0.000/ 0.000, Output= 0.000(-1.000/1.000)
Auto.printPidInfo_Info: gyroPidCtrl: Target= -90.0, Input= -95.4, Error=   5.4, PIDTerms= 0.097/ 0.000/ 0.300/-0.000, Output= 0.397(-0.500/0.500)
Auto.Battery_Info: Voltage=12.44V (12.24V)
Auto.printPidInfo_Info: encoderXPidCtrl: Target=   2.7, Input=   0.0, Error=   0.0, PIDTerms= 0.000/ 0.000/ 0.000/ 0.000, Output= 0.000(-1.000/1.000)
Auto.printPidInfo_Info: encoderYPidCtrl: Target=  19.0, Input=   0.0, Error=   0.0, PIDTerms= 0.000/ 0.000/ 0.000/ 0.000, Output= 0.000(-1.000/1.000)
Auto.printPidInfo_Info: gyroPidCtrl: Target= -90.0, Input=-105.4, Error=  15.4, PIDTerms= 0.278/ 0.000/ 0.140/-0.000, Output= 0.418(-0.500/0.500)
Auto.Battery_Info: Voltage=12.48V (12.24V)
Auto.printPidInfo_Info: encoderXPidCtrl: Target=   2.7, Input=   0.0, Error=   0.0, PIDTerms= 0.000/ 0.000/ 0.000/ 0.000, Output= 0.000(-1.000/1.000)
Auto.printPidInfo_Info: encoderYPidCtrl: Target=  19.0, Input=   0.0, Error=   0.0, PIDTerms= 0.000/ 0.000/ 0.000/ 0.000, Output= 0.000(-1.000/1.000)
Auto.printPidInfo_Info: gyroPidCtrl: Target= -90.0, Input=-108.2, Error=  18.2, PIDTerms= 0.328/ 0.000/ 0.033/-0.000, Output= 0.361(-0.500/0.500)
Auto.Battery_Info: Voltage=12.84V (12.24V)
Auto.printPidInfo_Info: encoderXPidCtrl: Target=   2.7, Input=   0.0, Error=   0.0, PIDTerms= 0.000/ 0.000/ 0.000/ 0.000, Output= 0.000(-1.000/1.000)
Auto.printPidInfo_Info: encoderYPidCtrl: Target=  19.0, Input=   0.0, Error=   0.0, PIDTerms= 0.000/ 0.000/ 0.000/ 0.000, Output= 0.000(-1.000/1.000)
Auto.printPidInfo_Info: gyroPidCtrl: Target= -90.0, Input= -98.4, Error=   8.4, PIDTerms= 0.151/ 0.000/-0.104/-0.000, Output= 0.047(-0.500/0.500)
Auto.Battery_Info: Voltage=12.66V (12.24V)
Auto.printPidInfo_Info: encoderXPidCtrl: Target=   2.7, Input=   0.0, Error=   0.0, PIDTerms= 0.000/ 0.000/ 0.000/ 0.000, Output= 0.000(-1.000/1.000)
Auto.printPidInfo_Info: encoderYPidCtrl: Target=  19.0, Input=   0.0, Error=   0.0, PIDTerms= 0.000/ 0.000/ 0.000/ 0.000, Output= 0.000(-1.000/1.000)
Auto.printPidInfo_Info: gyroPidCtrl: Target= -90.0, Input= -86.8, Error=  -3.2, PIDTerms=-0.058/ 0.000/-0.197/-0.000, Output=-0.255(-0.500/0.500)
Auto.Battery_Info: Voltage=12.66V (12.24V)
Auto.printPidInfo_Info: encoderXPidCtrl: Target=   2.7, Input=   0.0, Error=   0.0, PIDTerms= 0.000/ 0.000/ 0.000/ 0.000, Output= 0.000(-1.000/1.000)
Auto.printPidInfo_Info: encoderYPidCtrl: Target=  19.0, Input=   0.0, Error=   0.0, PIDTerms= 0.000/ 0.000/ 0.000/ 0.000, Output= 0.000(-1.000/1.000)
Auto.printPidInfo_Info: gyroPidCtrl: Target= -90.0, Input= -81.1, Error=  -8.9, PIDTerms=-0.160/ 0.000/-0.079/-0.000, Output=-0.239(-0.500/0.500)
Auto.Battery_Info: Voltage=12.71V (12.24V)
Auto.printPidInfo_Info: encoderXPidCtrl: Target=   2.7, Input=   0.0, Error=   0.0, PIDTerms= 0.000/ 0.000/ 0.000/ 0.000, Output= 0.000(-1.000/1.000)
Auto.printPidInfo_Info: encoderYPidCtrl: Target=  19.0, Input=   0.0, Error=   0.0, PIDTerms= 0.000/ 0.000/ 0.000/ 0.000, Output= 0.000(-1.000/1.000)
Auto.printPidInfo_Info: gyroPidCtrl: Target= -90.0, Input= -80.0, Error= -10.0, PIDTerms=-0.181/ 0.000/-0.015/-0.000, Output=-0.195(-0.500/0.500)
Auto.Battery_Info: Voltage=12.82V (12.24V)
Auto.printPidInfo_Info: encoderXPidCtrl: Target=   2.7, Input=   0.0, Error=   0.0, PIDTerms= 0.000/ 0.000/ 0.000/ 0.000, Output= 0.000(-1.000/1.000)
Auto.printPidInfo_Info: encoderYPidCtrl: Target=  19.0, Input=   0.0, Error=   0.0, PIDTerms= 0.000/ 0.000/ 0.000/ 0.000, Output= 0.000(-1.000/1.000)
Auto.printPidInfo_Info: gyroPidCtrl: Target= -90.0, Input= -83.7, Error=  -6.3, PIDTerms=-0.113/ 0.000/ 0.054/-0.000, Output=-0.059(-0.500/0.500)
Auto.Battery_Info: Voltage=12.86V (12.24V)
Auto.printPidInfo_Info: encoderXPidCtrl: Target=   2.7, Input=   0.0, Error=   0.0, PIDTerms= 0.000/ 0.000/ 0.000/ 0.000, Output= 0.000(-1.000/1.000)
Auto.printPidInfo_Info: encoderYPidCtrl: Target=  19.0, Input=   0.0, Error=   0.0, PIDTerms= 0.000/ 0.000/ 0.000/ 0.000, Output= 0.000(-1.000/1.000)
Auto.printPidInfo_Info: gyroPidCtrl: Target= -90.0, Input= -87.9, Error=  -2.1, PIDTerms=-0.038/ 0.000/ 0.075/-0.000, Output= 0.037(-0.500/0.500)
Auto.Battery_Info: Voltage=12.86V (12.24V)
Auto.printPidInfo_Info: encoderXPidCtrl: Target=   2.7, Input=   0.0, Error=   0.0, PIDTerms= 0.000/ 0.000/ 0.000/ 0.000, Output= 0.000(-1.000/1.000)
Auto.printPidInfo_Info: encoderYPidCtrl: Target=  19.0, Input=   0.0, Error=   0.0, PIDTerms= 0.000/ 0.000/ 0.000/ 0.000, Output= 0.000(-1.000/1.000)
Auto.printPidInfo_Info: gyroPidCtrl: Target= -90.0, Input= -89.4, Error=  -0.6, PIDTerms=-0.011/ 0.000/ 0.021/-0.000, Output= 0.009(-0.500/0.500)
Auto.Robot_Info: ***** [8.317] *****   ALIGN_CRYPTOBOX: xPos= 13.08/ 13.50,yPos=  9.43/  0.00,heading= -89.3/ -90.0,volt=12.88V(12.24V)
Auto.Battery_Info: Voltage=12.88V (12.24V)
Auto.printPidInfo_Info: encoderXPidCtrl: Target=  26.6, Input=   0.0, Error=  13.5, PIDTerms= 0.000/ 0.000/ 0.000/ 0.000, Output= 0.000(-1.000/1.000)
Auto.printPidInfo_Info: encoderYPidCtrl: Target=   9.4, Input=   0.0, Error=   0.0, PIDTerms= 0.000/ 0.000/ 0.000/ 0.000, Output= 0.000(-1.000/1.000)
Auto.printPidInfo_Info: gyroPidCtrl: Target= -90.0, Input= -89.3, Error=  -0.7, PIDTerms=-0.012/ 0.000/-0.000/-0.000, Output= 0.000(-0.500/0.500)
Auto.Battery_Info: Voltage=11.14V (11.15V)
Auto.printPidInfo_Info: encoderXPidCtrl: Target=  26.6, Input=  13.1, Error=  13.5, PIDTerms= 2.025/ 0.000/ 0.000/ 0.000, Output= 1.000(-1.000/1.000)
Auto.printPidInfo_Info: encoderYPidCtrl: Target=   9.4, Input=   9.4, Error=   0.0, PIDTerms= 0.000/ 0.000/ 0.000/ 0.000, Output= 0.000(-1.000/1.000)
Auto.printPidInfo_Info: gyroPidCtrl: Target= -90.0, Input= -89.3, Error=  -0.7, PIDTerms=-0.013/ 0.000/ 0.000/-0.000, Output=-0.013(-0.500/0.500)
Auto.Battery_Info: Voltage=11.21V (11.15V)
Auto.printPidInfo_Info: encoderXPidCtrl: Target=  26.6, Input=  13.4, Error=  13.2, PIDTerms= 1.984/ 0.000/-0.033/ 0.000, Output= 1.000(-1.000/1.000)
Auto.printPidInfo_Info: encoderYPidCtrl: Target=   9.4, Input=   9.4, Error=  -0.0, PIDTerms=-0.000/ 0.000/-0.000/ 0.000, Output=-0.000(-1.000/1.000)
Auto.printPidInfo_Info: gyroPidCtrl: Target= -90.0, Input= -89.3, Error=  -0.7, PIDTerms=-0.013/ 0.000/-0.000/-0.000, Output=-0.013(-0.500/0.500)
Auto.Battery_Info: Voltage=11.38V (11.15V)
Auto.printPidInfo_Info: encoderXPidCtrl: Target=  26.6, Input=  16.3, Error=  10.3, PIDTerms= 1.543/ 0.000/-0.338/ 0.000, Output= 1.000(-1.000/1.000)
Auto.printPidInfo_Info: encoderYPidCtrl: Target=   9.4, Input=   9.6, Error=  -0.2, PIDTerms=-0.004/ 0.000/-0.003/ 0.000, Output=-0.007(-1.000/1.000)
Auto.printPidInfo_Info: gyroPidCtrl: Target= -90.0, Input= -89.8, Error=  -0.2, PIDTerms=-0.004/ 0.000/ 0.007/-0.000, Output= 0.003(-0.500/0.500)
Auto.Battery_Info: Voltage=12.03V (11.15V)
Auto.printPidInfo_Info: encoderXPidCtrl: Target=  26.6, Input=  19.2, Error=   7.3, PIDTerms= 1.100/ 0.000/-0.289/ 0.000, Output= 0.811(-1.000/1.000)
Auto.printPidInfo_Info: encoderYPidCtrl: Target=   9.4, Input=   9.7, Error=  -0.3, PIDTerms=-0.005/ 0.000/-0.001/ 0.000, Output=-0.007(-1.000/1.000)
Auto.printPidInfo_Info: gyroPidCtrl: Target= -90.0, Input= -90.8, Error=   0.8, PIDTerms= 0.015/ 0.000/ 0.014/-0.000, Output= 0.029(-0.500/0.500)
Auto.Battery_Info: Voltage=12.80V (11.15V)
Auto.printPidInfo_Info: encoderXPidCtrl: Target=  26.6, Input=  24.0, Error=   2.6, PIDTerms= 0.391/ 0.000/-0.419/ 0.000, Output=-0.028(-1.000/1.000)
Auto.printPidInfo_Info: encoderYPidCtrl: Target=   9.4, Input=   9.5, Error=  -0.1, PIDTerms=-0.002/ 0.000/ 0.002/ 0.000, Output=-0.000(-1.000/1.000)
Auto.printPidInfo_Info: gyroPidCtrl: Target= -90.0, Input= -91.8, Error=   1.8, PIDTerms= 0.033/ 0.000/ 0.012/-0.000, Output= 0.045(-0.500/0.500)
Auto.Battery_Info: Voltage=12.18V (11.15V)
Auto.printPidInfo_Info: encoderXPidCtrl: Target=  26.6, Input=  27.2, Error=  -0.6, PIDTerms=-0.094/ 0.000/-0.327/ 0.000, Output=-0.421(-1.000/1.000)
Auto.printPidInfo_Info: encoderYPidCtrl: Target=   9.4, Input=   9.5, Error=  -0.1, PIDTerms=-0.001/ 0.000/ 0.001/ 0.000, Output=-0.000(-1.000/1.000)
Auto.printPidInfo_Info: gyroPidCtrl: Target= -90.0, Input= -94.1, Error=   4.1, PIDTerms= 0.073/ 0.000/ 0.030/-0.000, Output= 0.103(-0.500/0.500)
Auto.Battery_Info: Voltage=12.60V (11.15V)
Auto.printPidInfo_Info: encoderXPidCtrl: Target=  26.6, Input=  27.8, Error=  -1.2, PIDTerms=-0.187/ 0.000/-0.055/ 0.000, Output=-0.242(-1.000/1.000)
Auto.printPidInfo_Info: encoderYPidCtrl: Target=   9.4, Input=   9.6, Error=  -0.2, PIDTerms=-0.004/ 0.000/-0.002/ 0.000, Output=-0.006(-1.000/1.000)
Auto.printPidInfo_Info: gyroPidCtrl: Target= -90.0, Input= -94.3, Error=   4.3, PIDTerms= 0.078/ 0.000/ 0.003/-0.000, Output= 0.080(-0.500/0.500)
Auto.Battery_Info: Voltage=12.78V (11.15V)
Auto.printPidInfo_Info: encoderXPidCtrl: Target=  26.6, Input=  27.0, Error=  -0.4, PIDTerms=-0.057/ 0.000/ 0.116/ 0.000, Output= 0.058(-1.000/1.000)
Auto.printPidInfo_Info: encoderYPidCtrl: Target=   9.4, Input=   9.7, Error=  -0.2, PIDTerms=-0.005/ 0.000/-0.000/ 0.000, Output=-0.005(-1.000/1.000)
Auto.printPidInfo_Info: gyroPidCtrl: Target= -90.0, Input= -90.6, Error=   0.6, PIDTerms= 0.011/ 0.000/-0.066/-0.000, Output=-0.055(-0.500/0.500)
Auto.Battery_Info: Voltage=12.76V (11.15V)
Auto.printPidInfo_Info: encoderXPidCtrl: Target=  26.6, Input=  26.6, Error=   0.0, PIDTerms= 0.001/ 0.000/ 0.036/ 0.000, Output= 0.037(-1.000/1.000)
Auto.printPidInfo_Info: encoderYPidCtrl: Target=   9.4, Input=   9.7, Error=  -0.3, PIDTerms=-0.005/ 0.000/-0.000/ 0.000, Output=-0.006(-1.000/1.000)
Auto.printPidInfo_Info: gyroPidCtrl: Target= -90.0, Input= -87.2, Error=  -2.8, PIDTerms=-0.051/ 0.000/-0.043/-0.000, Output=-0.094(-0.500/0.500)
Auto.Battery_Info: Voltage=12.73V (11.15V)
Auto.printPidInfo_Info: encoderXPidCtrl: Target=  26.6, Input=  26.9, Error=  -0.4, PIDTerms=-0.054/ 0.000/-0.037/ 0.000, Output=-0.090(-1.000/1.000)
Auto.printPidInfo_Info: encoderYPidCtrl: Target=   9.4, Input=   9.7, Error=  -0.3, PIDTerms=-0.005/ 0.000/ 0.000/ 0.000, Output=-0.005(-1.000/1.000)
Auto.printPidInfo_Info: gyroPidCtrl: Target= -90.0, Input= -85.2, Error=  -4.8, PIDTerms=-0.086/ 0.000/-0.026/-0.000, Output=-0.112(-0.500/0.500)
Auto.Battery_Info: Voltage=12.81V (11.15V)
Auto.printPidInfo_Info: encoderXPidCtrl: Target=  26.6, Input=  26.9, Error=  -0.3, PIDTerms=-0.052/ 0.000/ 0.001/ 0.000, Output=-0.052(-1.000/1.000)
Auto.printPidInfo_Info: encoderYPidCtrl: Target=   9.4, Input=   9.7, Error=  -0.2, PIDTerms=-0.005/ 0.000/ 0.000/ 0.000, Output=-0.005(-1.000/1.000)
Auto.printPidInfo_Info: gyroPidCtrl: Target= -90.0, Input= -85.6, Error=  -4.4, PIDTerms=-0.078/ 0.000/ 0.006/-0.000, Output=-0.073(-0.500/0.500)
Auto.Battery_Info: Voltage=12.80V (11.15V)
Auto.printPidInfo_Info: encoderXPidCtrl: Target=  26.6, Input=  26.9, Error=  -0.3, PIDTerms=-0.042/ 0.000/ 0.007/ 0.000, Output=-0.035(-1.000/1.000)
Auto.printPidInfo_Info: encoderYPidCtrl: Target=   9.4, Input=   9.7, Error=  -0.3, PIDTerms=-0.005/ 0.000/-0.000/ 0.000, Output=-0.006(-1.000/1.000)
Auto.printPidInfo_Info: gyroPidCtrl: Target= -90.0, Input= -85.9, Error=  -4.1, PIDTerms=-0.074/ 0.000/ 0.003/-0.000, Output=-0.071(-0.500/0.500)
Auto.Battery_Info: Voltage=12.80V (11.15V)
Auto.printPidInfo_Info: encoderXPidCtrl: Target=  26.6, Input=  26.9, Error=  -0.3, PIDTerms=-0.041/ 0.000/ 0.000/ 0.000, Output=-0.041(-1.000/1.000)
Auto.printPidInfo_Info: encoderYPidCtrl: Target=   9.4, Input=   9.7, Error=  -0.3, PIDTerms=-0.005/ 0.000/-0.000/ 0.000, Output=-0.005(-1.000/1.000)
Auto.printPidInfo_Info: gyroPidCtrl: Target= -90.0, Input= -86.2, Error=  -3.8, PIDTerms=-0.069/ 0.000/ 0.004/-0.000, Output=-0.065(-0.500/0.500)
Auto.Battery_Info: Voltage=12.82V (11.15V)
Auto.printPidInfo_Info: encoderXPidCtrl: Target=  26.6, Input=  26.9, Error=  -0.3, PIDTerms=-0.041/ 0.000/ 0.000/ 0.000, Output=-0.041(-1.000/1.000)
Auto.printPidInfo_Info: encoderYPidCtrl: Target=   9.4, Input=   9.7, Error=  -0.3, PIDTerms=-0.005/ 0.000/ 0.000/ 0.000, Output=-0.005(-1.000/1.000)
Auto.printPidInfo_Info: gyroPidCtrl: Target= -90.0, Input= -86.2, Error=  -3.8, PIDTerms=-0.069/ 0.000/ 0.000/-0.000, Output=-0.069(-0.500/0.500)
Auto.Robot_Info: ***** [10.587] *****    SET_DOWN_GLYPH: xPos= 26.86/ 13.50,yPos=  9.70/  0.00,heading= -86.2/ -90.0,volt=12.84V(11.15V)
Auto.Robot_Info: ***** [12.688] *****     RELEASE_GLYPH: xPos= 26.86/ 13.50,yPos=  9.70/  0.00,heading= -86.2/ -90.0,volt=12.89V(11.15V)
Auto.Robot_Info: ***** [13.284] *****      PUSH_FORWARD: xPos= 26.86/  0.00,yPos=  9.70/ 16.00,heading= -86.1/ -90.0,volt=12.90V(11.15V)
Auto.Battery_Info: Voltage=12.90V (11.15V)
Auto.printPidInfo_Info: encoderXPidCtrl: Target=  26.9, Input=  26.9, Error=   0.0, PIDTerms=-0.041/ 0.000/ 0.000/ 0.000, Output= 0.000(-1.000/1.000)
Auto.printPidInfo_Info: encoderYPidCtrl: Target=  25.7, Input=   9.7, Error=  16.0, PIDTerms=-0.005/ 0.000/ 0.000/ 0.000, Output= 0.000(-1.000/1.000)
Auto.printPidInfo_Info: gyroPidCtrl: Target= -90.0, Input= -86.2, Error=  -3.9, PIDTerms=-0.069/ 0.000/-0.000/-0.000, Output= 0.000(-0.500/0.500)
Auto.Battery_Info: Voltage=12.58V (11.15V)
Auto.printPidInfo_Info: encoderXPidCtrl: Target=  26.9, Input=  26.9, Error=   0.0, PIDTerms= 0.000/ 0.000/ 0.000/ 0.000, Output= 0.000(-1.000/1.000)
Auto.printPidInfo_Info: encoderYPidCtrl: Target=  25.7, Input=   9.7, Error=  16.0, PIDTerms= 0.320/ 0.000/ 0.000/ 0.000, Output= 0.320(-1.000/1.000)
Auto.printPidInfo_Info: gyroPidCtrl: Target= -90.0, Input= -86.1, Error=  -3.9, PIDTerms=-0.069/ 0.000/ 0.000/-0.000, Output=-0.069(-0.500/0.500)
Auto.Battery_Info: Voltage=12.61V (11.15V)
Auto.printPidInfo_Info: encoderXPidCtrl: Target=  26.9, Input=  26.9, Error=  -0.1, PIDTerms=-0.014/ 0.000/-0.007/ 0.000, Output=-0.021(-1.000/1.000)
Auto.printPidInfo_Info: encoderYPidCtrl: Target=  25.7, Input=  10.0, Error=  15.7, PIDTerms= 0.314/ 0.000/-0.003/ 0.000, Output= 0.311(-1.000/1.000)
Auto.printPidInfo_Info: gyroPidCtrl: Target= -90.0, Input= -86.2, Error=  -3.8, PIDTerms=-0.069/ 0.000/ 0.000/-0.000, Output=-0.069(-0.500/0.500)
Auto.Battery_Info: Voltage=12.70V (11.15V)
Auto.printPidInfo_Info: encoderXPidCtrl: Target=  26.9, Input=  26.9, Error=  -0.0, PIDTerms=-0.001/ 0.000/ 0.009/ 0.000, Output= 0.008(-1.000/1.000)
Auto.printPidInfo_Info: encoderYPidCtrl: Target=  25.7, Input=  11.2, Error=  14.5, PIDTerms= 0.289/ 0.000/-0.018/ 0.000, Output= 0.271(-1.000/1.000)
Auto.printPidInfo_Info: gyroPidCtrl: Target= -90.0, Input= -86.6, Error=  -3.4, PIDTerms=-0.061/ 0.000/ 0.006/-0.000, Output=-0.055(-0.500/0.500)
Auto.Battery_Info: Voltage=12.71V (11.15V)
Auto.printPidInfo_Info: encoderXPidCtrl: Target=  26.9, Input=  26.8, Error=   0.0, PIDTerms= 0.006/ 0.000/ 0.005/ 0.000, Output= 0.012(-1.000/1.000)
Auto.printPidInfo_Info: encoderYPidCtrl: Target=  25.7, Input=  13.0, Error=  12.7, PIDTerms= 0.253/ 0.000/-0.029/ 0.000, Output= 0.224(-1.000/1.000)
Auto.printPidInfo_Info: gyroPidCtrl: Target= -90.0, Input= -87.1, Error=  -2.9, PIDTerms=-0.052/ 0.000/ 0.007/-0.000, Output=-0.045(-0.500/0.500)
Auto.Battery_Info: Voltage=12.72V (11.15V)
Auto.printPidInfo_Info: encoderXPidCtrl: Target=  26.9, Input=  26.8, Error=   0.0, PIDTerms= 0.003/ 0.000/-0.003/ 0.000, Output= 0.001(-1.000/1.000)
Auto.printPidInfo_Info: encoderYPidCtrl: Target=  25.7, Input=  14.9, Error=  10.8, PIDTerms= 0.217/ 0.000/-0.033/ 0.000, Output= 0.184(-1.000/1.000)
Auto.printPidInfo_Info: gyroPidCtrl: Target= -90.0, Input= -87.5, Error=  -2.5, PIDTerms=-0.044/ 0.000/ 0.007/-0.000, Output=-0.037(-0.500/0.500)
Auto.Battery_Info: Voltage=12.73V (11.15V)
Auto.printPidInfo_Info: encoderXPidCtrl: Target=  26.9, Input=  26.9, Error=   0.0, PIDTerms= 0.001/ 0.000/-0.002/ 0.000, Output=-0.001(-1.000/1.000)
Auto.printPidInfo_Info: encoderYPidCtrl: Target=  25.7, Input=  15.8, Error=   9.9, PIDTerms= 0.197/ 0.000/-0.012/ 0.000, Output= 0.185(-1.000/1.000)
Auto.printPidInfo_Info: gyroPidCtrl: Target= -90.0, Input= -87.8, Error=  -2.2, PIDTerms=-0.039/ 0.000/ 0.003/-0.000, Output=-0.035(-0.500/0.500)
Auto.Battery_Info: Voltage=12.70V (11.15V)
Auto.printPidInfo_Info: encoderXPidCtrl: Target=  26.9, Input=  26.9, Error=   0.0, PIDTerms= 0.001/ 0.000/ 0.000/ 0.000, Output= 0.001(-1.000/1.000)
Auto.printPidInfo_Info: encoderYPidCtrl: Target=  25.7, Input=  15.8, Error=   9.9, PIDTerms= 0.197/ 0.000/ 0.000/ 0.000, Output= 0.197(-1.000/1.000)
Auto.printPidInfo_Info: gyroPidCtrl: Target= -90.0, Input= -88.3, Error=  -1.7, PIDTerms=-0.030/ 0.000/ 0.006/-0.000, Output=-0.025(-0.500/0.500)
Auto.Battery_Info: Voltage=12.69V (11.15V)
Auto.printPidInfo_Info: encoderXPidCtrl: Target=  26.9, Input=  26.9, Error=  -0.0, PIDTerms=-0.002/ 0.000/-0.001/ 0.000, Output=-0.003(-1.000/1.000)
Auto.printPidInfo_Info: encoderYPidCtrl: Target=  25.7, Input=  15.8, Error=   9.9, PIDTerms= 0.198/ 0.000/ 0.000/ 0.000, Output= 0.198(-1.000/1.000)
Auto.printPidInfo_Info: gyroPidCtrl: Target= -90.0, Input= -88.3, Error=  -1.7, PIDTerms=-0.030/ 0.000/ 0.000/-0.000, Output=-0.030(-0.500/0.500)
Auto.Battery_Info: Voltage=12.70V (11.15V)
Auto.printPidInfo_Info: encoderXPidCtrl: Target=  26.9, Input=  26.9, Error=  -0.0, PIDTerms=-0.002/ 0.000/ 0.000/ 0.000, Output=-0.002(-1.000/1.000)
Auto.printPidInfo_Info: encoderYPidCtrl: Target=  25.7, Input=  15.8, Error=   9.9, PIDTerms= 0.198/ 0.000/ 0.000/ 0.000, Output= 0.198(-1.000/1.000)
Auto.printPidInfo_Info: gyroPidCtrl: Target= -90.0, Input= -88.3, Error=  -1.7, PIDTerms=-0.030/ 0.000/ 0.000/-0.000, Output=-0.030(-0.500/0.500)
Auto.Robot_Info: ***** [14.932] *****          BACK_OFF: xPos= 26.86/  0.00,yPos= 15.77/ -6.50,heading= -88.3/ -90.0,volt=12.91V(11.15V)
Auto.Battery_Info: Voltage=12.91V (11.15V)
Auto.printPidInfo_Info: encoderXPidCtrl: Target=  26.9, Input=  26.9, Error=   0.0, PIDTerms=-0.002/ 0.000/ 0.000/ 0.000, Output= 0.000(-1.000/1.000)
Auto.printPidInfo_Info: encoderYPidCtrl: Target=   9.3, Input=  15.8, Error=  -6.5, PIDTerms= 0.198/ 0.000/ 0.000/ 0.000, Output= 0.000(-1.000/1.000)
Auto.printPidInfo_Info: gyroPidCtrl: Target= -90.0, Input= -88.3, Error=  -1.7, PIDTerms=-0.030/ 0.000/ 0.000/-0.000, Output= 0.000(-0.500/0.500)
Auto.Battery_Info: Voltage=12.82V (11.15V)
Auto.printPidInfo_Info: encoderXPidCtrl: Target=  26.9, Input=  26.9, Error=   0.0, PIDTerms= 0.000/ 0.000/ 0.000/ 0.000, Output= 0.000(-1.000/1.000)
Auto.printPidInfo_Info: encoderYPidCtrl: Target=   9.3, Input=  15.8, Error=  -6.5, PIDTerms=-0.130/ 0.000/ 0.000/ 0.000, Output=-0.130(-1.000/1.000)
Auto.printPidInfo_Info: gyroPidCtrl: Target= -90.0, Input= -88.3, Error=  -1.7, PIDTerms=-0.030/ 0.000/ 0.000/-0.000, Output=-0.030(-0.500/0.500)
Auto.Battery_Info: Voltage=12.82V (11.15V)
Auto.printPidInfo_Info: encoderXPidCtrl: Target=  26.9, Input=  26.9, Error=   0.0, PIDTerms= 0.000/ 0.000/ 0.000/ 0.000, Output= 0.000(-1.000/1.000)
Auto.printPidInfo_Info: encoderYPidCtrl: Target=   9.3, Input=  15.5, Error=  -6.2, PIDTerms=-0.125/ 0.000/ 0.004/ 0.000, Output=-0.121(-1.000/1.000)
Auto.printPidInfo_Info: gyroPidCtrl: Target= -90.0, Input= -88.3, Error=  -1.7, PIDTerms=-0.031/ 0.000/-0.001/-0.000, Output=-0.033(-0.500/0.500)
Auto.Battery_Info: Voltage=12.87V (11.15V)
Auto.printPidInfo_Info: encoderXPidCtrl: Target=  26.9, Input=  26.8, Error=   0.0, PIDTerms= 0.004/ 0.000/ 0.002/ 0.000, Output= 0.006(-1.000/1.000)
Auto.printPidInfo_Info: encoderYPidCtrl: Target=   9.3, Input=  14.6, Error=  -5.3, PIDTerms=-0.106/ 0.000/ 0.011/ 0.000, Output=-0.095(-1.000/1.000)
Auto.printPidInfo_Info: gyroPidCtrl: Target= -90.0, Input= -88.2, Error=  -1.8, PIDTerms=-0.032/ 0.000/-0.000/-0.000, Output=-0.032(-0.500/0.500)
Auto.Battery_Info: Voltage=12.88V (11.15V)
Auto.printPidInfo_Info: encoderXPidCtrl: Target=  26.9, Input=  26.8, Error=   0.0, PIDTerms= 0.002/ 0.000/-0.001/ 0.000, Output= 0.001(-1.000/1.000)
Auto.printPidInfo_Info: encoderYPidCtrl: Target=   9.3, Input=  14.1, Error=  -4.8, PIDTerms=-0.096/ 0.000/ 0.009/ 0.000, Output=-0.087(-1.000/1.000)
Auto.printPidInfo_Info: gyroPidCtrl: Target= -90.0, Input= -88.4, Error=  -1.6, PIDTerms=-0.028/ 0.000/ 0.004/-0.000, Output=-0.024(-0.500/0.500)
Auto.Battery_Info: Voltage=12.88V (11.15V)
Auto.printPidInfo_Info: encoderXPidCtrl: Target=  26.9, Input=  26.9, Error=  -0.0, PIDTerms=-0.005/ 0.000/-0.005/ 0.000, Output=-0.011(-1.000/1.000)
Auto.printPidInfo_Info: encoderYPidCtrl: Target=   9.3, Input=  13.8, Error=  -4.5, PIDTerms=-0.090/ 0.000/ 0.005/ 0.000, Output=-0.086(-1.000/1.000)
Auto.printPidInfo_Info: gyroPidCtrl: Target= -90.0, Input= -88.4, Error=  -1.6, PIDTerms=-0.028/ 0.000/-0.000/-0.000, Output=-0.028(-0.500/0.500)
Auto.Battery_Info: Voltage=12.88V (11.15V)
Auto.printPidInfo_Info: encoderXPidCtrl: Target=  26.9, Input=  27.0, Error=  -0.1, PIDTerms=-0.014/ 0.000/-0.005/ 0.000, Output=-0.019(-1.000/1.000)
Auto.printPidInfo_Info: encoderYPidCtrl: Target=   9.3, Input=  13.5, Error=  -4.3, PIDTerms=-0.086/ 0.000/ 0.003/ 0.000, Output=-0.082(-1.000/1.000)
Auto.printPidInfo_Info: gyroPidCtrl: Target= -90.0, Input= -88.4, Error=  -1.6, PIDTerms=-0.028/ 0.000/ 0.000/-0.000, Output=-0.028(-0.500/0.500)
Auto.Battery_Info: Voltage=12.88V (11.15V)
Auto.printPidInfo_Info: encoderXPidCtrl: Target=  26.9, Input=  27.0, Error=  -0.1, PIDTerms=-0.014/ 0.000/-0.000/ 0.000, Output=-0.015(-1.000/1.000)
Auto.printPidInfo_Info: encoderYPidCtrl: Target=   9.3, Input=  13.5, Error=  -4.2, PIDTerms=-0.084/ 0.000/ 0.001/ 0.000, Output=-0.082(-1.000/1.000)
Auto.printPidInfo_Info: gyroPidCtrl: Target= -90.0, Input= -88.5, Error=  -1.5, PIDTerms=-0.028/ 0.000/ 0.000/-0.000, Output=-0.027(-0.500/0.500)
Auto.Robot_Info: ***** [16.191] *****              DONE: xPos= 26.96/  0.00,yPos= 13.44/ -6.50,heading= -88.6/ -90.0,volt=12.90V(11.15V)
