Auto.FtcAuto_Info: Sun Dec 03 00:33:02 PST 2017: ***** Starting autonomous *****
Auto.Robot_Info: ***** [0.076] *****  DEPLOY_JEWEL_ARM: xPos=  0.00/  0.00,yPos=  0.00/  0.00,heading=  -0.0/   0.0,volt=13.03V(13.00V)
Auto.WHACK_JEWEL_Info: VuMark: UNKNOWN
Auto.WHACK_JEWEL_Info: 0: Color=RED, HSV=[6.835443/0.564286/0.549020]
Auto.Robot_Info: ***** [0.734] *****       WHACK_JEWEL: xPos=  0.00/  0.00,yPos=  0.00/  0.00,heading=  -0.0/   0.0,volt=13.00V(12.95V)
Auto.Robot_Info: ***** [1.374] ***** MOVE_JEWEL_ARM_UP: xPos=  0.00/  0.00,yPos=  0.00/  0.00,heading=  -0.0/   0.0,volt=13.00V(12.95V)
Auto.Robot_Info: ***** [1.768] *****   RESET_JEWEL_ARM: xPos=  0.00/  0.00,yPos=  0.00/  0.00,heading=  -0.0/   0.0,volt=12.99V(12.95V)
Auto.DO_DELAY_Info: Delay=0
Auto.Robot_Info: ***** [2.080] *****          DO_DELAY: xPos=  0.00/  0.00,yPos=  0.00/  0.00,heading=  -0.0/   0.0,volt=13.00V(12.95V)
Auto.Robot_Info: ***** [2.179] *****   GRAB_LIFT_GLYPH: xPos=  0.00/  0.00,yPos=  0.00/  0.00,heading=  -0.0/   0.0,volt=13.01V(12.95V)
Auto.Robot_Info: ***** [4.404] ***** DRIVE_OFF_PLATFORM: xPos=  0.00/  0.00,yPos=  0.00/  0.00,heading=  -0.1/   0.0,volt=12.21V(12.49V)
Auto.Robot_Info: ***** [5.230] *****     DRIVE_TO_WALL: xPos=  0.07/  0.00,yPos= 16.09/  0.00,heading=  -1.7/   0.0,volt=12.87V(12.31V)
Auto.Robot_Info: ***** [5.399] ***** TURN_TO_CRYPTOBOX: xPos=  0.27/  0.00,yPos= 21.45/  0.00,heading=  -2.0/   0.0,volt=12.88V(12.31V)
Auto.Battery_Info: Voltage=12.88V (12.31V)
Auto.printPidInfo_Info: encoderXPidCtrl: Target=   0.3, Input=   0.0, Error=   0.0, PIDTerms= 0.000/ 0.000/ 0.000/ 0.000, Output= 0.000(-1.000/1.000)
Auto.printPidInfo_Info: encoderYPidCtrl: Target=  21.5, Input=   0.0, Error=   0.0, PIDTerms= 0.000/ 0.000/ 0.000/ 0.000, Output= 0.000(-1.000/1.000)
Auto.printPidInfo_Info: gyroPidCtrl: Target=   0.0, Input=   0.0, Error=   2.0, PIDTerms= 0.000/ 0.000/ 0.000/ 0.000, Output= 0.000(-0.500/0.500)
Auto.Battery_Info: Voltage=12.88V (12.31V)
Auto.printPidInfo_Info: encoderXPidCtrl: Target=   0.3, Input=   0.3, Error=   0.0, PIDTerms= 0.000/ 0.000/ 0.000/ 0.000, Output= 0.000(-1.000/1.000)
Auto.printPidInfo_Info: encoderYPidCtrl: Target=  21.5, Input=  21.5, Error=   0.0, PIDTerms= 0.000/ 0.000/ 0.000/ 0.000, Output= 0.000(-1.000/1.000)
Auto.printPidInfo_Info: gyroPidCtrl: Target=   0.0, Input=  -2.0, Error=   2.0, PIDTerms= 0.036/ 0.000/ 0.000/ 0.000, Output= 0.036(-0.500/0.500)
Auto.Battery_Info: Voltage=12.88V (12.31V)
Auto.printPidInfo_Info: encoderXPidCtrl: Target=   0.3, Input=   0.3, Error=  -0.0, PIDTerms=-0.004/ 0.000/-0.003/ 0.000, Output=-0.008(-1.000/1.000)
Auto.printPidInfo_Info: encoderYPidCtrl: Target=  21.5, Input=  22.1, Error=  -0.7, PIDTerms=-0.014/ 0.000/-0.012/ 0.000, Output=-0.025(-1.000/1.000)
Auto.printPidInfo_Info: gyroPidCtrl: Target=   0.0, Input=  -2.5, Error=   2.5, PIDTerms= 0.044/ 0.000/ 0.007/ 0.000, Output= 0.051(-0.500/0.500)
Auto.Battery_Info: Voltage=12.87V (12.31V)
Auto.printPidInfo_Info: encoderXPidCtrl: Target=   0.3, Input=   0.3, Error=  -0.0, PIDTerms=-0.002/ 0.000/ 0.002/ 0.000, Output=-0.000(-1.000/1.000)
Auto.printPidInfo_Info: encoderYPidCtrl: Target=  21.5, Input=  22.7, Error=  -1.2, PIDTerms=-0.025/ 0.000/-0.009/ 0.000, Output=-0.034(-1.000/1.000)
Auto.printPidInfo_Info: gyroPidCtrl: Target=   0.0, Input=  -1.9, Error=   1.9, PIDTerms= 0.035/ 0.000/-0.008/ 0.000, Output= 0.026(-0.500/0.500)
Auto.Battery_Info: Voltage=12.92V (12.31V)
Auto.printPidInfo_Info: encoderXPidCtrl: Target=   0.3, Input=   0.2, Error=   0.0, PIDTerms= 0.006/ 0.000/ 0.006/ 0.000, Output= 0.012(-1.000/1.000)
Auto.printPidInfo_Info: encoderYPidCtrl: Target=  21.5, Input=  22.7, Error=  -1.3, PIDTerms=-0.026/ 0.000/-0.001/ 0.000, Output=-0.027(-1.000/1.000)
Auto.printPidInfo_Info: gyroPidCtrl: Target=   0.0, Input=  -1.8, Error=   1.8, PIDTerms= 0.032/ 0.000/-0.002/ 0.000, Output= 0.031(-0.500/0.500)
Auto.Robot_Info: ***** [6.228] *****   ALIGN_CRYPTOBOX: xPos=  0.23/ 16.00,yPos= 22.74/  0.00,heading=  -1.8/   0.0,volt=12.94V(12.31V)
Auto.Battery_Info: Voltage=12.92V (12.31V)
Auto.printPidInfo_Info: encoderXPidCtrl: Target=  16.2, Input=   0.2, Error=  16.0, PIDTerms= 0.006/ 0.000/ 0.000/ 0.000, Output= 0.000(-1.000/1.000)
Auto.printPidInfo_Info: encoderYPidCtrl: Target=  22.7, Input=  22.7, Error=   0.0, PIDTerms=-0.026/ 0.000/ 0.000/ 0.000, Output= 0.000(-1.000/1.000)
Auto.printPidInfo_Info: gyroPidCtrl: Target=   0.0, Input=  -1.8, Error=   1.8, PIDTerms= 0.032/ 0.000/-0.000/ 0.000, Output= 0.000(-0.500/0.500)
Auto.Battery_Info: Voltage=11.15V (10.99V)
Auto.printPidInfo_Info: encoderXPidCtrl: Target=  16.2, Input=   0.2, Error=  16.0, PIDTerms= 2.400/ 0.000/ 0.000/ 0.000, Output= 1.000(-1.000/1.000)
Auto.printPidInfo_Info: encoderYPidCtrl: Target=  22.7, Input=  22.7, Error=   0.0, PIDTerms= 0.000/ 0.000/ 0.000/ 0.000, Output= 0.000(-1.000/1.000)
Auto.printPidInfo_Info: gyroPidCtrl: Target=   0.0, Input=  -1.8, Error=   1.8, PIDTerms= 0.032/ 0.000/ 0.000/ 0.000, Output= 0.032(-0.500/0.500)
Auto.Battery_Info: Voltage=11.48V (10.99V)
Auto.printPidInfo_Info: encoderXPidCtrl: Target=  16.2, Input=   0.9, Error=  15.4, PIDTerms= 2.306/ 0.000/-0.044/ 0.000, Output= 1.000(-1.000/1.000)
Auto.printPidInfo_Info: encoderYPidCtrl: Target=  22.7, Input=  22.8, Error=  -0.1, PIDTerms=-0.002/ 0.000/-0.001/ 0.000, Output=-0.003(-1.000/1.000)
Auto.printPidInfo_Info: gyroPidCtrl: Target=   0.0, Input=  -1.8, Error=   1.8, PIDTerms= 0.032/ 0.000/ 0.000/ 0.000, Output= 0.032(-0.500/0.500)
Auto.Battery_Info: Voltage=11.65V (10.99V)
Auto.printPidInfo_Info: encoderXPidCtrl: Target=  16.2, Input=   5.4, Error=  10.9, PIDTerms= 1.628/ 0.000/-0.380/ 0.000, Output= 1.000(-1.000/1.000)
Auto.printPidInfo_Info: encoderYPidCtrl: Target=  22.7, Input=  22.9, Error=  -0.2, PIDTerms=-0.004/ 0.000/-0.001/ 0.000, Output=-0.005(-1.000/1.000)
Auto.printPidInfo_Info: gyroPidCtrl: Target=   0.0, Input=   0.4, Error=  -0.4, PIDTerms=-0.008/ 0.000/-0.025/ 0.000, Output=-0.033(-0.500/0.500)
Auto.Battery_Info: Voltage=12.48V (10.99V)
Auto.printPidInfo_Info: encoderXPidCtrl: Target=  16.2, Input=   9.9, Error=   6.3, PIDTerms= 0.947/ 0.000/-0.494/ 0.000, Output= 0.453(-1.000/1.000)
Auto.printPidInfo_Info: encoderYPidCtrl: Target=  22.7, Input=  22.9, Error=  -0.2, PIDTerms=-0.003/ 0.000/ 0.001/ 0.000, Output=-0.003(-1.000/1.000)
Auto.printPidInfo_Info: gyroPidCtrl: Target=   0.0, Input=   1.8, Error=  -1.8, PIDTerms=-0.032/ 0.000/-0.020/ 0.000, Output=-0.052(-0.500/0.500)
Auto.Battery_Info: Voltage=12.79V (10.99V)
Auto.printPidInfo_Info: encoderXPidCtrl: Target=  16.2, Input=  13.0, Error=   3.3, PIDTerms= 0.489/ 0.000/-0.339/ 0.000, Output= 0.150(-1.000/1.000)
Auto.printPidInfo_Info: encoderYPidCtrl: Target=  22.7, Input=  22.9, Error=  -0.2, PIDTerms=-0.003/ 0.000/ 0.000/ 0.000, Output=-0.003(-1.000/1.000)
Auto.printPidInfo_Info: gyroPidCtrl: Target=   0.0, Input=   1.5, Error=  -1.5, PIDTerms=-0.026/ 0.000/ 0.005/ 0.000, Output=-0.022(-0.500/0.500)
Auto.Battery_Info: Voltage=12.60V (10.99V)
Auto.printPidInfo_Info: encoderXPidCtrl: Target=  16.2, Input=  16.0, Error=   0.2, PIDTerms= 0.037/ 0.000/-0.297/ 0.000, Output=-0.261(-1.000/1.000)
Auto.printPidInfo_Info: encoderYPidCtrl: Target=  22.7, Input=  22.8, Error=  -0.1, PIDTerms=-0.002/ 0.000/ 0.001/ 0.000, Output=-0.001(-1.000/1.000)
Auto.printPidInfo_Info: gyroPidCtrl: Target=   0.0, Input=  -0.2, Error=   0.2, PIDTerms= 0.004/ 0.000/ 0.022/ 0.000, Output= 0.026(-0.500/0.500)
Auto.Battery_Info: Voltage=12.67V (10.99V)
Auto.printPidInfo_Info: encoderXPidCtrl: Target=  16.2, Input=  17.0, Error=  -0.8, PIDTerms=-0.114/ 0.000/-0.086/ 0.000, Output=-0.200(-1.000/1.000)
Auto.printPidInfo_Info: encoderYPidCtrl: Target=  22.7, Input=  22.7, Error=  -0.0, PIDTerms=-0.000/ 0.000/ 0.001/ 0.000, Output= 0.001(-1.000/1.000)
Auto.printPidInfo_Info: gyroPidCtrl: Target=   0.0, Input=  -3.0, Error=   3.0, PIDTerms= 0.055/ 0.000/ 0.033/ 0.000, Output= 0.087(-0.500/0.500)
Auto.Battery_Info: Voltage=12.80V (10.99V)
Auto.printPidInfo_Info: encoderXPidCtrl: Target=  16.2, Input=  16.3, Error=  -0.0, PIDTerms=-0.007/ 0.000/ 0.081/ 0.000, Output= 0.074(-1.000/1.000)
Auto.printPidInfo_Info: encoderYPidCtrl: Target=  22.7, Input=  22.6, Error=   0.1, PIDTerms= 0.002/ 0.000/ 0.002/ 0.000, Output= 0.005(-1.000/1.000)
Auto.printPidInfo_Info: gyroPidCtrl: Target=   0.0, Input=  -5.4, Error=   5.4, PIDTerms= 0.097/ 0.000/ 0.035/ 0.000, Output= 0.132(-0.500/0.500)
Auto.Battery_Info: Voltage=12.84V (10.99V)
Auto.printPidInfo_Info: encoderXPidCtrl: Target=  16.2, Input=  16.1, Error=   0.1, PIDTerms= 0.012/ 0.000/ 0.015/ 0.000, Output= 0.028(-1.000/1.000)
Auto.printPidInfo_Info: encoderYPidCtrl: Target=  22.7, Input=  22.6, Error=   0.1, PIDTerms= 0.003/ 0.000/ 0.000/ 0.000, Output= 0.003(-1.000/1.000)
Auto.printPidInfo_Info: gyroPidCtrl: Target=   0.0, Input=  -4.6, Error=   4.6, PIDTerms= 0.082/ 0.000/-0.013/ 0.000, Output= 0.070(-0.500/0.500)
Auto.Battery_Info: Voltage=12.84V (10.99V)
Auto.printPidInfo_Info: encoderXPidCtrl: Target=  16.2, Input=  16.5, Error=  -0.3, PIDTerms=-0.040/ 0.000/-0.036/ 0.000, Output=-0.076(-1.000/1.000)
Auto.printPidInfo_Info: encoderYPidCtrl: Target=  22.7, Input=  22.7, Error=   0.1, PIDTerms= 0.002/ 0.000/-0.001/ 0.000, Output= 0.001(-1.000/1.000)
Auto.printPidInfo_Info: gyroPidCtrl: Target=   0.0, Input=  -3.4, Error=   3.4, PIDTerms= 0.061/ 0.000/-0.016/ 0.000, Output= 0.045(-0.500/0.500)
Auto.Battery_Info: Voltage=12.88V (10.99V)
Auto.printPidInfo_Info: encoderXPidCtrl: Target=  16.2, Input=  16.5, Error=  -0.3, PIDTerms=-0.038/ 0.000/ 0.001/ 0.000, Output=-0.036(-1.000/1.000)
Auto.printPidInfo_Info: encoderYPidCtrl: Target=  22.7, Input=  22.7, Error=   0.1, PIDTerms= 0.002/ 0.000/-0.000/ 0.000, Output= 0.001(-1.000/1.000)
Auto.printPidInfo_Info: gyroPidCtrl: Target=   0.0, Input=  -2.7, Error=   2.7, PIDTerms= 0.049/ 0.000/-0.007/ 0.000, Output= 0.042(-0.500/0.500)
Auto.Battery_Info: Voltage=12.88V (10.99V)
Auto.printPidInfo_Info: encoderXPidCtrl: Target=  16.2, Input=  16.5, Error=  -0.2, PIDTerms=-0.034/ 0.000/ 0.002/ 0.000, Output=-0.032(-1.000/1.000)
Auto.printPidInfo_Info: encoderYPidCtrl: Target=  22.7, Input=  22.6, Error=   0.1, PIDTerms= 0.002/ 0.000/ 0.000/ 0.000, Output= 0.002(-1.000/1.000)
Auto.printPidInfo_Info: gyroPidCtrl: Target=   0.0, Input=  -2.7, Error=   2.7, PIDTerms= 0.048/ 0.000/-0.001/ 0.000, Output= 0.048(-0.500/0.500)
Auto.Battery_Info: Voltage=12.88V (10.99V)
Auto.printPidInfo_Info: encoderXPidCtrl: Target=  16.2, Input=  16.5, Error=  -0.2, PIDTerms=-0.034/ 0.000/ 0.000/ 0.000, Output=-0.034(-1.000/1.000)
Auto.printPidInfo_Info: encoderYPidCtrl: Target=  22.7, Input=  22.6, Error=   0.1, PIDTerms= 0.002/ 0.000/ 0.000/ 0.000, Output= 0.002(-1.000/1.000)
Auto.printPidInfo_Info: gyroPidCtrl: Target=   0.0, Input=  -2.7, Error=   2.7, PIDTerms= 0.048/ 0.000/ 0.000/ 0.000, Output= 0.049(-0.500/0.500)
Auto.Robot_Info: ***** [8.475] *****    SET_DOWN_GLYPH: xPos= 16.46/ 16.00,yPos= 22.64/  0.00,heading=  -2.7/   0.0,volt=12.88V(10.99V)
Auto.Robot_Info: ***** [10.555] *****     RELEASE_GLYPH: xPos= 16.46/ 16.00,yPos= 22.64/  0.00,heading=  -2.7/   0.0,volt=12.90V(10.99V)
Auto.Robot_Info: ***** [11.123] *****      PUSH_FORWARD: xPos= 16.46/  0.00,yPos= 22.64/ 16.00,heading=  -2.7/   0.0,volt=12.98V(10.99V)
Auto.Battery_Info: Voltage=12.98V (10.99V)
Auto.printPidInfo_Info: encoderXPidCtrl: Target=  16.5, Input=  16.5, Error=   0.0, PIDTerms=-0.034/ 0.000/ 0.000/ 0.000, Output= 0.000(-1.000/1.000)
Auto.printPidInfo_Info: encoderYPidCtrl: Target=  38.6, Input=  22.6, Error=  16.0, PIDTerms= 0.002/ 0.000/ 0.000/ 0.000, Output= 0.000(-1.000/1.000)
Auto.printPidInfo_Info: gyroPidCtrl: Target=   0.0, Input=  -2.7, Error=   2.7, PIDTerms= 0.048/ 0.000/-0.000/ 0.000, Output= 0.000(-0.500/0.500)
Auto.Battery_Info: Voltage=12.63V (10.99V)
Auto.printPidInfo_Info: encoderXPidCtrl: Target=  16.5, Input=  16.5, Error=   0.0, PIDTerms= 0.000/ 0.000/ 0.000/ 0.000, Output= 0.000(-1.000/1.000)
Auto.printPidInfo_Info: encoderYPidCtrl: Target=  38.6, Input=  22.6, Error=  16.0, PIDTerms= 0.320/ 0.000/ 0.000/ 0.000, Output= 0.320(-1.000/1.000)
Auto.printPidInfo_Info: gyroPidCtrl: Target=   0.0, Input=  -2.7, Error=   2.7, PIDTerms= 0.049/ 0.000/ 0.000/ 0.000, Output= 0.049(-0.500/0.500)
Auto.Battery_Info: Voltage=12.69V (10.99V)
Auto.printPidInfo_Info: encoderXPidCtrl: Target=  16.5, Input=  16.4, Error=   0.0, PIDTerms= 0.006/ 0.000/ 0.004/ 0.000, Output= 0.010(-1.000/1.000)
Auto.printPidInfo_Info: encoderYPidCtrl: Target=  38.6, Input=  23.1, Error=  15.6, PIDTerms= 0.312/ 0.000/-0.005/ 0.000, Output= 0.307(-1.000/1.000)
Auto.printPidInfo_Info: gyroPidCtrl: Target=   0.0, Input=  -2.7, Error=   2.7, PIDTerms= 0.049/ 0.000/-0.000/ 0.000, Output= 0.049(-0.500/0.500)
Auto.Battery_Info: Voltage=12.74V (10.99V)
Auto.printPidInfo_Info: encoderXPidCtrl: Target=  16.5, Input=  16.6, Error=  -0.2, PIDTerms=-0.023/ 0.000/-0.019/ 0.000, Output=-0.042(-1.000/1.000)
Auto.printPidInfo_Info: encoderYPidCtrl: Target=  38.6, Input=  24.4, Error=  14.2, PIDTerms= 0.285/ 0.000/-0.019/ 0.000, Output= 0.266(-1.000/1.000)
Auto.printPidInfo_Info: gyroPidCtrl: Target=   0.0, Input=  -1.9, Error=   1.9, PIDTerms= 0.034/ 0.000/-0.011/ 0.000, Output= 0.023(-0.500/0.500)
Auto.Battery_Info: Voltage=12.79V (10.99V)
Auto.printPidInfo_Info: encoderXPidCtrl: Target=  16.5, Input=  16.6, Error=  -0.2, PIDTerms=-0.026/ 0.000/-0.002/ 0.000, Output=-0.028(-1.000/1.000)
Auto.printPidInfo_Info: encoderYPidCtrl: Target=  38.6, Input=  26.1, Error=  12.6, PIDTerms= 0.252/ 0.000/-0.022/ 0.000, Output= 0.230(-1.000/1.000)
Auto.printPidInfo_Info: gyroPidCtrl: Target=   0.0, Input=  -1.5, Error=   1.5, PIDTerms= 0.027/ 0.000/-0.004/ 0.000, Output= 0.023(-0.500/0.500)
Auto.Battery_Info: Voltage=12.89V (10.99V)
Auto.printPidInfo_Info: encoderXPidCtrl: Target=  16.5, Input=  16.6, Error=  -0.1, PIDTerms=-0.019/ 0.000/ 0.003/ 0.000, Output=-0.016(-1.000/1.000)
Auto.printPidInfo_Info: encoderYPidCtrl: Target=  38.6, Input=  29.2, Error=   9.5, PIDTerms= 0.189/ 0.000/-0.033/ 0.000, Output= 0.156(-1.000/1.000)
Auto.printPidInfo_Info: gyroPidCtrl: Target=   0.0, Input=  -1.2, Error=   1.2, PIDTerms= 0.022/ 0.000/-0.003/ 0.000, Output= 0.020(-0.500/0.500)
Auto.Battery_Info: Voltage=12.92V (10.99V)
Auto.printPidInfo_Info: encoderXPidCtrl: Target=  16.5, Input=  16.6, Error=  -0.1, PIDTerms=-0.019/ 0.000/ 0.000/ 0.000, Output=-0.018(-1.000/1.000)
Auto.printPidInfo_Info: encoderYPidCtrl: Target=  38.6, Input=  31.3, Error=   7.4, PIDTerms= 0.147/ 0.000/-0.031/ 0.000, Output= 0.117(-1.000/1.000)
Auto.printPidInfo_Info: gyroPidCtrl: Target=   0.0, Input=  -1.2, Error=   1.2, PIDTerms= 0.021/ 0.000/-0.001/ 0.000, Output= 0.020(-0.500/0.500)
Auto.Battery_Info: Voltage=12.92V (10.99V)
Auto.printPidInfo_Info: encoderXPidCtrl: Target=  16.5, Input=  16.6, Error=  -0.1, PIDTerms=-0.014/ 0.000/ 0.003/ 0.000, Output=-0.011(-1.000/1.000)
Auto.printPidInfo_Info: encoderYPidCtrl: Target=  38.6, Input=  33.1, Error=   5.5, PIDTerms= 0.110/ 0.000/-0.027/ 0.000, Output= 0.083(-1.000/1.000)
Auto.printPidInfo_Info: gyroPidCtrl: Target=   0.0, Input=  -1.1, Error=   1.1, PIDTerms= 0.019/ 0.000/-0.001/ 0.000, Output= 0.018(-0.500/0.500)
Auto.Battery_Info: Voltage=12.94V (10.99V)
Auto.printPidInfo_Info: encoderXPidCtrl: Target=  16.5, Input=  16.5, Error=  -0.1, PIDTerms=-0.011/ 0.000/ 0.001/ 0.000, Output=-0.010(-1.000/1.000)
Auto.printPidInfo_Info: encoderYPidCtrl: Target=  38.6, Input=  34.9, Error=   3.7, PIDTerms= 0.075/ 0.000/-0.020/ 0.000, Output= 0.055(-1.000/1.000)
Auto.printPidInfo_Info: gyroPidCtrl: Target=   0.0, Input=  -1.0, Error=   1.0, PIDTerms= 0.019/ 0.000/-0.000/ 0.000, Output= 0.018(-0.500/0.500)
Auto.Battery_Info: Voltage=12.92V (10.99V)
Auto.printPidInfo_Info: encoderXPidCtrl: Target=  16.5, Input=  16.6, Error=  -0.2, PIDTerms=-0.027/ 0.000/-0.012/ 0.000, Output=-0.039(-1.000/1.000)
Auto.printPidInfo_Info: encoderYPidCtrl: Target=  38.6, Input=  35.0, Error=   3.7, PIDTerms= 0.074/ 0.000/-0.001/ 0.000, Output= 0.072(-1.000/1.000)
Auto.printPidInfo_Info: gyroPidCtrl: Target=   0.0, Input=  -0.7, Error=   0.7, PIDTerms= 0.013/ 0.000/-0.005/ 0.000, Output= 0.009(-0.500/0.500)
Auto.Battery_Info: Voltage=12.92V (10.99V)
Auto.printPidInfo_Info: encoderXPidCtrl: Target=  16.5, Input=  16.6, Error=  -0.2, PIDTerms=-0.027/ 0.000/ 0.000/ 0.000, Output=-0.027(-1.000/1.000)
Auto.printPidInfo_Info: encoderYPidCtrl: Target=  38.6, Input=  35.0, Error=   3.7, PIDTerms= 0.074/ 0.000/ 0.000/ 0.000, Output= 0.074(-1.000/1.000)
Auto.printPidInfo_Info: gyroPidCtrl: Target=   0.0, Input=  -0.5, Error=   0.5, PIDTerms= 0.008/ 0.000/-0.003/ 0.000, Output= 0.005(-0.500/0.500)
Auto.Robot_Info: ***** [12.965] *****          BACK_OFF: xPos= 16.64/  0.00,yPos= 34.96/ -6.50,heading=  -0.5/   0.0,volt=12.98V(10.99V)
Auto.Battery_Info: Voltage=12.98V (10.99V)
Auto.printPidInfo_Info: encoderXPidCtrl: Target=  16.6, Input=  16.6, Error=   0.0, PIDTerms=-0.027/ 0.000/ 0.000/ 0.000, Output= 0.000(-1.000/1.000)
Auto.printPidInfo_Info: encoderYPidCtrl: Target=  28.5, Input=  35.0, Error=  -6.5, PIDTerms= 0.074/ 0.000/ 0.000/ 0.000, Output= 0.000(-1.000/1.000)
Auto.printPidInfo_Info: gyroPidCtrl: Target=   0.0, Input=  -0.5, Error=   0.5, PIDTerms= 0.008/ 0.000/-0.000/ 0.000, Output= 0.000(-0.500/0.500)
Auto.Battery_Info: Voltage=12.91V (10.99V)
Auto.printPidInfo_Info: encoderXPidCtrl: Target=  16.6, Input=  16.6, Error=   0.0, PIDTerms= 0.000/ 0.000/ 0.000/ 0.000, Output= 0.000(-1.000/1.000)
Auto.printPidInfo_Info: encoderYPidCtrl: Target=  28.5, Input=  35.0, Error=  -6.5, PIDTerms=-0.130/ 0.000/ 0.000/ 0.000, Output=-0.130(-1.000/1.000)
Auto.printPidInfo_Info: gyroPidCtrl: Target=   0.0, Input=  -0.5, Error=   0.5, PIDTerms= 0.008/ 0.000/ 0.000/ 0.000, Output= 0.008(-0.500/0.500)
Auto.Battery_Info: Voltage=12.90V (10.99V)
Auto.printPidInfo_Info: encoderXPidCtrl: Target=  16.6, Input=  16.6, Error=   0.0, PIDTerms= 0.001/ 0.000/ 0.001/ 0.000, Output= 0.002(-1.000/1.000)
Auto.printPidInfo_Info: encoderYPidCtrl: Target=  28.5, Input=  34.9, Error=  -6.4, PIDTerms=-0.129/ 0.000/ 0.001/ 0.000, Output=-0.128(-1.000/1.000)
Auto.printPidInfo_Info: gyroPidCtrl: Target=   0.0, Input=  -0.5, Error=   0.5, PIDTerms= 0.008/ 0.000/ 0.000/ 0.000, Output= 0.008(-0.500/0.500)
Auto.Battery_Info: Voltage=12.90V (10.99V)
Auto.printPidInfo_Info: encoderXPidCtrl: Target=  16.6, Input=  16.6, Error=   0.0, PIDTerms= 0.007/ 0.000/ 0.004/ 0.000, Output= 0.011(-1.000/1.000)
Auto.printPidInfo_Info: encoderYPidCtrl: Target=  28.5, Input=  34.1, Error=  -5.6, PIDTerms=-0.113/ 0.000/ 0.013/ 0.000, Output=-0.100(-1.000/1.000)
Auto.printPidInfo_Info: gyroPidCtrl: Target=   0.0, Input=  -0.5, Error=   0.5, PIDTerms= 0.009/ 0.000/ 0.000/ 0.000, Output= 0.009(-0.500/0.500)
Auto.Battery_Info: Voltage=12.91V (10.99V)
Auto.printPidInfo_Info: encoderXPidCtrl: Target=  16.6, Input=  16.7, Error=  -0.0, PIDTerms=-0.003/ 0.000/-0.007/ 0.000, Output=-0.010(-1.000/1.000)
Auto.printPidInfo_Info: encoderYPidCtrl: Target=  28.5, Input=  33.6, Error=  -5.1, PIDTerms=-0.103/ 0.000/ 0.008/ 0.000, Output=-0.095(-1.000/1.000)
Auto.printPidInfo_Info: gyroPidCtrl: Target=   0.0, Input=  -0.5, Error=   0.5, PIDTerms= 0.009/ 0.000/ 0.000/ 0.000, Output= 0.009(-0.500/0.500)
Auto.Battery_Info: Voltage=12.92V (10.99V)
Auto.printPidInfo_Info: encoderXPidCtrl: Target=  16.6, Input=  16.7, Error=  -0.0, PIDTerms=-0.003/ 0.000/ 0.000/ 0.000, Output=-0.003(-1.000/1.000)
Auto.printPidInfo_Info: encoderYPidCtrl: Target=  28.5, Input=  33.2, Error=  -4.8, PIDTerms=-0.095/ 0.000/ 0.005/ 0.000, Output=-0.090(-1.000/1.000)
Auto.printPidInfo_Info: gyroPidCtrl: Target=   0.0, Input=  -0.6, Error=   0.6, PIDTerms= 0.010/ 0.000/ 0.001/ 0.000, Output= 0.011(-0.500/0.500)
Auto.Battery_Info: Voltage=12.92V (10.99V)
Auto.printPidInfo_Info: encoderXPidCtrl: Target=  16.6, Input=  16.6, Error=   0.0, PIDTerms= 0.000/ 0.000/ 0.002/ 0.000, Output= 0.002(-1.000/1.000)
Auto.printPidInfo_Info: encoderYPidCtrl: Target=  28.5, Input=  32.9, Error=  -4.4, PIDTerms=-0.088/ 0.000/ 0.006/ 0.000, Output=-0.082(-1.000/1.000)
Auto.printPidInfo_Info: gyroPidCtrl: Target=   0.0, Input=  -0.6, Error=   0.6, PIDTerms= 0.011/ 0.000/ 0.000/ 0.000, Output= 0.011(-0.500/0.500)
Auto.Battery_Info: Voltage=12.94V (10.99V)
Auto.printPidInfo_Info: encoderXPidCtrl: Target=  16.6, Input=  16.6, Error=  -0.0, PIDTerms=-0.001/ 0.000/-0.000/ 0.000, Output=-0.001(-1.000/1.000)
Auto.printPidInfo_Info: encoderYPidCtrl: Target=  28.5, Input=  32.6, Error=  -4.2, PIDTerms=-0.083/ 0.000/ 0.004/ 0.000, Output=-0.080(-1.000/1.000)
Auto.printPidInfo_Info: gyroPidCtrl: Target=   0.0, Input=  -0.6, Error=   0.6, PIDTerms= 0.011/ 0.000/ 0.000/ 0.000, Output= 0.011(-0.500/0.500)
Auto.Robot_Info: ***** [14.189] *****              DONE: xPos= 16.65/  0.00,yPos= 32.48/ -6.50,heading=  -0.6/   0.0,volt=12.99V(10.99V)
