Auto.FtcAuto_Info: Sat Dec 02 23:23:35 PST 2017: ***** Starting autonomous *****
Auto.Robot_Info: [0.075]  DEPLOY_JEWEL_ARM: xPos= -5.15/  0.00,yPos= -5.97/  0.00,heading=  -0.0/   0.0,volt=12.40V(12.37V)
Auto.WHACK_JEWEL_Info: VuMark: UNKNOWN
Auto.WHACK_JEWEL_Info: 0: Color=RED, HSV=[8.823530/0.539683/0.494118]
Auto.Robot_Info: [0.686]       WHACK_JEWEL: xPos= -5.15/  0.00,yPos= -5.97/  0.00,heading=   0.0/   0.0,volt=12.40V(12.35V)
Auto.Robot_Info: [1.389] MOVE_JEWEL_ARM_UP: xPos= -5.15/  0.00,yPos= -5.97/  0.00,heading=   0.0/   0.0,volt=12.43V(12.35V)
Auto.Robot_Info: [1.757]   RESET_JEWEL_ARM: xPos= -5.15/  0.00,yPos= -5.97/  0.00,heading=   0.0/   0.0,volt=12.38V(12.35V)
Auto.DO_DELAY_Info: Delay=0
Auto.Robot_Info: [2.068]          DO_DELAY: xPos= -5.15/  0.00,yPos= -5.97/  0.00,heading=   0.0/   0.0,volt=12.38V(12.33V)
Auto.Robot_Info: [2.154]   GRAB_LIFT_GLYPH: xPos= -5.15/  0.00,yPos= -5.97/  0.00,heading=   0.0/   0.0,volt=12.42V(12.33V)
Auto.Robot_Info: [4.416] DRIVE_OFF_PLATFORM: xPos= -5.15/  0.00,yPos= -5.97/ 25.00,heading=  -0.0/   0.0,volt=12.32V(11.80V)
Auto.Battery_Info: Voltage=12.32V (11.80V)
Auto.printPidInfo_Info: encoderXPidCtrl: Target=  -5.2, Input=   0.0, Error=   0.0, PIDTerms= 0.000/ 0.000/ 0.000/ 0.000, Output= 0.000(-1.000/1.000)
Auto.printPidInfo_Info: encoderYPidCtrl: Target=  19.0, Input=   0.0, Error=  25.0, PIDTerms= 0.000/ 0.000/ 0.000/ 0.000, Output= 0.000(-0.500/0.500)
Auto.printPidInfo_Info: gyroPidCtrl: Target=   0.0, Input=   0.0, Error=   0.0, PIDTerms= 0.000/ 0.000/ 0.000/ 0.000, Output= 0.000(-0.500/0.500)
Auto.Battery_Info: Voltage=11.67V (11.67V)
Auto.printPidInfo_Info: encoderXPidCtrl: Target=  -5.2, Input=  -5.2, Error=   0.0, PIDTerms= 0.000/ 0.000/ 0.000/-0.000, Output= 0.000(-1.000/1.000)
Auto.printPidInfo_Info: encoderYPidCtrl: Target=  19.0, Input=  -6.0, Error=  25.0, PIDTerms= 0.500/ 0.000/ 0.000/ 0.000, Output= 0.500(-0.500/0.500)
Auto.printPidInfo_Info: gyroPidCtrl: Target=   0.0, Input=  -0.0, Error=   0.0, PIDTerms= 0.000/ 0.000/ 0.000/ 0.000, Output= 0.000(-0.500/0.500)
Auto.Battery_Info: Voltage=11.06V (10.91V)
Auto.printPidInfo_Info: encoderXPidCtrl: Target=  -5.2, Input=  -0.0, Error=  -5.1, PIDTerms=-0.767/ 0.000/-0.473/-0.000, Output=-1.000(-1.000/1.000)
Auto.printPidInfo_Info: encoderYPidCtrl: Target=  19.0, Input=   0.4, Error=  18.7, PIDTerms= 0.373/ 0.000/-0.086/ 0.000, Output= 0.287(-0.500/0.500)
Auto.printPidInfo_Info: gyroPidCtrl: Target=   0.0, Input=   0.0, Error=  -0.0, PIDTerms=-0.000/ 0.000/-0.000/ 0.000, Output=-0.000(-0.500/0.500)
Auto.Battery_Info: Voltage=11.39V (10.91V)
Auto.printPidInfo_Info: encoderXPidCtrl: Target=  -5.2, Input=  -0.4, Error=  -4.8, PIDTerms=-0.717/ 0.000/ 0.025/-0.000, Output=-0.691(-1.000/1.000)
Auto.printPidInfo_Info: encoderYPidCtrl: Target=  19.0, Input=   2.1, Error=  16.9, PIDTerms= 0.339/ 0.000/-0.019/ 0.000, Output= 0.320(-0.500/0.500)
Auto.printPidInfo_Info: gyroPidCtrl: Target=   0.0, Input=   0.2, Error=  -0.2, PIDTerms=-0.003/ 0.000/-0.001/ 0.000, Output=-0.004(-0.500/0.500)
Auto.Battery_Info: Voltage=12.11V (10.91V)
Auto.printPidInfo_Info: encoderXPidCtrl: Target=  -5.2, Input=  -3.5, Error=  -1.6, PIDTerms=-0.245/ 0.000/ 0.359/-0.000, Output= 0.114(-1.000/1.000)
Auto.printPidInfo_Info: encoderYPidCtrl: Target=  19.0, Input=   3.8, Error=  15.2, PIDTerms= 0.304/ 0.000/-0.029/ 0.000, Output= 0.275(-0.500/0.500)
Auto.printPidInfo_Info: gyroPidCtrl: Target=   0.0, Input=   0.8, Error=  -0.8, PIDTerms=-0.015/ 0.000/-0.010/ 0.000, Output=-0.025(-0.500/0.500)
Auto.Battery_Info: Voltage=12.00V (10.91V)
Auto.printPidInfo_Info: encoderXPidCtrl: Target=  -5.2, Input=  -5.5, Error=   0.3, PIDTerms= 0.050/ 0.000/ 0.233/-0.000, Output= 0.284(-1.000/1.000)
Auto.printPidInfo_Info: encoderYPidCtrl: Target=  19.0, Input=   5.6, Error=  13.4, PIDTerms= 0.268/ 0.000/-0.031/ 0.000, Output= 0.237(-0.500/0.500)
Auto.printPidInfo_Info: gyroPidCtrl: Target=   0.0, Input=   2.7, Error=  -2.7, PIDTerms=-0.049/ 0.000/-0.030/ 0.000, Output=-0.079(-0.500/0.500)
Auto.Battery_Info: Voltage=11.10V (10.91V)
Auto.printPidInfo_Info: encoderXPidCtrl: Target=  -5.2, Input=   1.3, Error=  -6.4, PIDTerms=-0.961/ 0.000/-0.458/-0.000, Output=-1.000(-1.000/1.000)
Auto.printPidInfo_Info: encoderYPidCtrl: Target=  19.0, Input=   2.2, Error=  16.9, PIDTerms= 0.337/ 0.000/ 0.034/ 0.000, Output= 0.372(-0.500/0.500)
Auto.printPidInfo_Info: gyroPidCtrl: Target=   0.0, Input=   1.6, Error=  -1.6, PIDTerms=-0.029/ 0.000/ 0.010/ 0.000, Output=-0.019(-0.500/0.500)
Auto.Battery_Info: Voltage=10.71V (10.71V)
Auto.printPidInfo_Info: encoderXPidCtrl: Target=  -5.2, Input=   2.3, Error=  -7.5, PIDTerms=-1.122/ 0.000/-0.115/-0.000, Output=-1.000(-1.000/1.000)
Auto.printPidInfo_Info: encoderYPidCtrl: Target=  19.0, Input=   4.7, Error=  14.3, PIDTerms= 0.287/ 0.000/-0.040/ 0.000, Output= 0.247(-0.500/0.500)
Auto.printPidInfo_Info: gyroPidCtrl: Target=   0.0, Input=   2.0, Error=  -2.0, PIDTerms=-0.036/ 0.000/-0.005/ 0.000, Output=-0.041(-0.500/0.500)
Auto.Battery_Info: Voltage=10.97V (10.71V)
Auto.printPidInfo_Info: encoderXPidCtrl: Target=  -5.2, Input=   0.3, Error=  -5.4, PIDTerms=-0.816/ 0.000/ 0.248/-0.000, Output=-0.567(-1.000/1.000)
Auto.printPidInfo_Info: encoderYPidCtrl: Target=  19.0, Input=   6.7, Error=  12.3, PIDTerms= 0.247/ 0.000/-0.035/ 0.000, Output= 0.211(-0.500/0.500)
Auto.printPidInfo_Info: gyroPidCtrl: Target=   0.0, Input=  -0.8, Error=   0.8, PIDTerms= 0.014/ 0.000/ 0.045/ 0.000, Output= 0.059(-0.500/0.500)
Auto.Battery_Info: Voltage=11.67V (10.71V)
Auto.printPidInfo_Info: encoderXPidCtrl: Target=  -5.2, Input=  -1.9, Error=  -3.2, PIDTerms=-0.481/ 0.000/ 0.195/-0.000, Output=-0.285(-1.000/1.000)
Auto.printPidInfo_Info: encoderYPidCtrl: Target=  19.0, Input=   8.3, Error=  10.8, PIDTerms= 0.215/ 0.000/-0.020/ 0.000, Output= 0.195(-0.500/0.500)
Auto.printPidInfo_Info: gyroPidCtrl: Target=   0.0, Input=  -5.2, Error=   5.2, PIDTerms= 0.094/ 0.000/ 0.052/ 0.000, Output= 0.145(-0.500/0.500)
Auto.Battery_Info: Voltage=10.88V (10.71V)
Auto.printPidInfo_Info: encoderXPidCtrl: Target=  -5.2, Input=   1.5, Error=  -6.6, PIDTerms=-0.997/ 0.000/-0.325/-0.000, Output=-1.000(-1.000/1.000)
Auto.printPidInfo_Info: encoderYPidCtrl: Target=  19.0, Input=   3.7, Error=  15.3, PIDTerms= 0.306/ 0.000/ 0.063/ 0.000, Output= 0.370(-0.500/0.500)
Auto.printPidInfo_Info: gyroPidCtrl: Target=   0.0, Input= -10.1, Error=  10.1, PIDTerms= 0.183/ 0.000/ 0.062/ 0.000, Output= 0.245(-0.500/0.500)
Auto.Battery_Info: Voltage=10.88V (10.71V)
Auto.printPidInfo_Info: encoderXPidCtrl: Target=  -5.2, Input=   0.4, Error=  -5.6, PIDTerms=-0.840/ 0.000/ 0.105/-0.000, Output=-0.735(-1.000/1.000)
Auto.printPidInfo_Info: encoderYPidCtrl: Target=  19.0, Input=   5.1, Error=  14.0, PIDTerms= 0.279/ 0.000/-0.020/ 0.000, Output= 0.260(-0.500/0.500)
Auto.printPidInfo_Info: gyroPidCtrl: Target=   0.0, Input=  -8.3, Error=   8.3, PIDTerms= 0.149/ 0.000/-0.025/ 0.000, Output= 0.124(-0.500/0.500)
Auto.Battery_Info: Voltage=11.35V (10.71V)
Auto.printPidInfo_Info: encoderXPidCtrl: Target=  -5.2, Input=  -0.7, Error=  -4.5, PIDTerms=-0.669/ 0.000/ 0.160/-0.000, Output=-0.509(-1.000/1.000)
Auto.printPidInfo_Info: encoderYPidCtrl: Target=  19.0, Input=   5.9, Error=  13.1, PIDTerms= 0.262/ 0.000/-0.018/ 0.000, Output= 0.243(-0.500/0.500)
Auto.printPidInfo_Info: gyroPidCtrl: Target=   0.0, Input=  -4.3, Error=   4.3, PIDTerms= 0.078/ 0.000/-0.074/ 0.000, Output= 0.004(-0.500/0.500)
Auto.Battery_Info: Voltage=11.62V (10.71V)
Auto.printPidInfo_Info: encoderXPidCtrl: Target=  -5.2, Input=  -2.6, Error=  -2.6, PIDTerms=-0.383/ 0.000/ 0.163/-0.000, Output=-0.219(-1.000/1.000)
Auto.printPidInfo_Info: encoderYPidCtrl: Target=  19.0, Input=   7.3, Error=  11.7, PIDTerms= 0.234/ 0.000/-0.017/ 0.000, Output= 0.216(-0.500/0.500)
Auto.printPidInfo_Info: gyroPidCtrl: Target=   0.0, Input=  -1.9, Error=   1.9, PIDTerms= 0.034/ 0.000/-0.028/ 0.000, Output= 0.006(-0.500/0.500)
Auto.Robot_Info: [6.693]     DRIVE_TO_WALL: xPos=  1.45/  0.00,yPos=  3.53/ 25.00,heading=  -0.2/   0.0,volt=12.02V(10.71V)
Auto.Robot_Info: [6.781] TURN_TO_CRYPTOBOX: xPos=  1.50/  0.00,yPos=  3.57/  0.00,heading=  -0.4/   0.0,volt=12.03V(10.71V)
Auto.Battery_Info: Voltage=12.04V (10.71V)
Auto.printPidInfo_Info: encoderXPidCtrl: Target=   1.5, Input=   1.5, Error=   0.0, PIDTerms=-0.996/ 0.000/-0.270/-0.000, Output= 0.000(-1.000/1.000)
Auto.printPidInfo_Info: encoderYPidCtrl: Target=   3.6, Input=   2.3, Error=   0.0, PIDTerms= 0.334/ 0.000/ 0.048/ 0.000, Output= 0.000(-1.000/1.000)
Auto.printPidInfo_Info: gyroPidCtrl: Target=   0.0, Input=   1.9, Error=   0.4, PIDTerms=-0.035/ 0.000/-0.034/ 0.000, Output= 0.000(-0.500/0.500)
Auto.Battery_Info: Voltage=12.18V (10.71V)
Auto.printPidInfo_Info: encoderXPidCtrl: Target=   1.5, Input=   1.5, Error=   0.0, PIDTerms= 0.000/ 0.000/ 0.000/ 0.000, Output= 0.000(-1.000/1.000)
Auto.printPidInfo_Info: encoderYPidCtrl: Target=   3.6, Input=   3.6, Error=   0.0, PIDTerms= 0.000/ 0.000/ 0.000/ 0.000, Output= 0.000(-1.000/1.000)
Auto.printPidInfo_Info: gyroPidCtrl: Target=   0.0, Input=  -0.4, Error=   0.4, PIDTerms= 0.007/ 0.000/ 0.000/ 0.000, Output= 0.007(-0.500/0.500)
Auto.Battery_Info: Voltage=12.24V (10.71V)
Auto.printPidInfo_Info: encoderXPidCtrl: Target=   1.5, Input=   1.5, Error=  -0.0, PIDTerms=-0.003/ 0.000/-0.002/ 0.000, Output=-0.004(-1.000/1.000)
Auto.printPidInfo_Info: encoderYPidCtrl: Target=   3.6, Input=   3.6, Error=  -0.0, PIDTerms=-0.000/ 0.000/-0.000/ 0.000, Output=-0.000(-1.000/1.000)
Auto.printPidInfo_Info: gyroPidCtrl: Target=   0.0, Input=  -0.4, Error=   0.4, PIDTerms= 0.007/ 0.000/-0.000/ 0.000, Output= 0.007(-0.500/0.500)
Auto.Robot_Info: [7.230]   ALIGN_CRYPTOBOX: xPos=  1.52/ 16.00,yPos=  3.59/  0.00,heading=  -0.4/   0.0,volt=12.28V(10.71V)
Auto.Battery_Info: Voltage=12.27V (10.71V)
Auto.printPidInfo_Info: encoderXPidCtrl: Target=  17.5, Input=   1.5, Error=  16.0, PIDTerms=-0.003/ 0.000/-0.000/ 0.000, Output= 0.000(-1.000/1.000)
Auto.printPidInfo_Info: encoderYPidCtrl: Target=   3.6, Input=   3.6, Error=   0.0, PIDTerms=-0.000/ 0.000/-0.000/ 0.000, Output= 0.000(-1.000/1.000)
Auto.printPidInfo_Info: gyroPidCtrl: Target=   0.0, Input=  -0.5, Error=   0.4, PIDTerms= 0.008/ 0.000/ 0.001/ 0.000, Output= 0.000(-0.500/0.500)
Auto.Battery_Info: Voltage=10.12V (10.19V)
Auto.printPidInfo_Info: encoderXPidCtrl: Target=  17.5, Input=   1.5, Error=  16.0, PIDTerms= 2.400/ 0.000/ 0.000/ 0.000, Output= 1.000(-1.000/1.000)
Auto.printPidInfo_Info: encoderYPidCtrl: Target=   3.6, Input=   3.6, Error=   0.0, PIDTerms= 0.000/ 0.000/ 0.000/ 0.000, Output= 0.000(-1.000/1.000)
Auto.printPidInfo_Info: gyroPidCtrl: Target=   0.0, Input=  -0.4, Error=   0.4, PIDTerms= 0.008/ 0.000/ 0.000/ 0.000, Output= 0.008(-0.500/0.500)
Auto.Battery_Info: Voltage=10.44V (10.19V)
Auto.printPidInfo_Info: encoderXPidCtrl: Target=  17.5, Input=   2.0, Error=  15.6, PIDTerms= 2.334/ 0.000/-0.042/ 0.000, Output= 1.000(-1.000/1.000)
Auto.printPidInfo_Info: encoderYPidCtrl: Target=   3.6, Input=   3.6, Error=   0.0, PIDTerms= 0.000/ 0.000/ 0.000/ 0.000, Output= 0.000(-1.000/1.000)
Auto.printPidInfo_Info: gyroPidCtrl: Target=   0.0, Input=  -0.4, Error=   0.4, PIDTerms= 0.008/ 0.000/ 0.000/ 0.000, Output= 0.008(-0.500/0.500)
Auto.Battery_Info: Voltage=10.67V (10.19V)
Auto.printPidInfo_Info: encoderXPidCtrl: Target=  17.5, Input=   5.3, Error=  12.2, PIDTerms= 1.836/ 0.000/-0.325/ 0.000, Output= 1.000(-1.000/1.000)
Auto.printPidInfo_Info: encoderYPidCtrl: Target=   3.6, Input=   3.6, Error=  -0.1, PIDTerms=-0.001/ 0.000/-0.001/ 0.000, Output=-0.002(-1.000/1.000)
Auto.printPidInfo_Info: gyroPidCtrl: Target=   0.0, Input=   0.1, Error=  -0.1, PIDTerms=-0.003/ 0.000/-0.008/ 0.000, Output=-0.010(-0.500/0.500)
Auto.Battery_Info: Voltage=10.96V (10.19V)
Auto.printPidInfo_Info: encoderXPidCtrl: Target=  17.5, Input=   8.3, Error=   9.2, PIDTerms= 1.378/ 0.000/-0.313/ 0.000, Output= 1.000(-1.000/1.000)
Auto.printPidInfo_Info: encoderYPidCtrl: Target=   3.6, Input=   3.6, Error=  -0.0, PIDTerms=-0.000/ 0.000/ 0.001/ 0.000, Output= 0.000(-1.000/1.000)
Auto.printPidInfo_Info: gyroPidCtrl: Target=   0.0, Input=   1.1, Error=  -1.1, PIDTerms=-0.020/ 0.000/-0.013/ 0.000, Output=-0.033(-0.500/0.500)
Auto.Battery_Info: Voltage=11.88V (10.19V)
Auto.printPidInfo_Info: encoderXPidCtrl: Target=  17.5, Input=  12.0, Error=   5.6, PIDTerms= 0.834/ 0.000/-0.437/ 0.000, Output= 0.398(-1.000/1.000)
Auto.printPidInfo_Info: encoderYPidCtrl: Target=   3.6, Input=   3.6, Error=  -0.0, PIDTerms=-0.001/ 0.000/-0.001/ 0.000, Output=-0.001(-1.000/1.000)
Auto.printPidInfo_Info: gyroPidCtrl: Target=   0.0, Input=  -0.1, Error=   0.1, PIDTerms= 0.001/ 0.000/ 0.019/ 0.000, Output= 0.020(-0.500/0.500)
Auto.Battery_Info: Voltage=12.11V (10.19V)
Auto.printPidInfo_Info: encoderXPidCtrl: Target=  17.5, Input=  15.7, Error=   1.8, PIDTerms= 0.271/ 0.000/-0.405/ 0.000, Output=-0.134(-1.000/1.000)
Auto.printPidInfo_Info: encoderYPidCtrl: Target=   3.6, Input=   3.6, Error=   0.0, PIDTerms= 0.000/ 0.000/ 0.001/ 0.000, Output= 0.001(-1.000/1.000)
Auto.printPidInfo_Info: gyroPidCtrl: Target=   0.0, Input=  -1.1, Error=   1.1, PIDTerms= 0.020/ 0.000/ 0.015/ 0.000, Output= 0.036(-0.500/0.500)
Auto.Battery_Info: Voltage=12.00V (10.19V)
Auto.printPidInfo_Info: encoderXPidCtrl: Target=  17.5, Input=  17.7, Error=  -0.1, PIDTerms=-0.022/ 0.000/-0.193/ 0.000, Output=-0.215(-1.000/1.000)
Auto.printPidInfo_Info: encoderYPidCtrl: Target=   3.6, Input=   3.6, Error=   0.0, PIDTerms= 0.001/ 0.000/ 0.000/ 0.000, Output= 0.001(-1.000/1.000)
Auto.printPidInfo_Info: gyroPidCtrl: Target=   0.0, Input=  -3.0, Error=   3.0, PIDTerms= 0.054/ 0.000/ 0.024/ 0.000, Output= 0.078(-0.500/0.500)
Auto.Battery_Info: Voltage=12.18V (10.19V)
Auto.printPidInfo_Info: encoderXPidCtrl: Target=  17.5, Input=  17.5, Error=   0.0, PIDTerms= 0.003/ 0.000/ 0.016/ 0.000, Output= 0.019(-1.000/1.000)
Auto.printPidInfo_Info: encoderYPidCtrl: Target=   3.6, Input=   3.6, Error=   0.0, PIDTerms= 0.000/ 0.000/-0.000/ 0.000, Output= 0.000(-1.000/1.000)
Auto.printPidInfo_Info: gyroPidCtrl: Target=   0.0, Input=  -5.3, Error=   5.3, PIDTerms= 0.095/ 0.000/ 0.029/ 0.000, Output= 0.124(-0.500/0.500)
Auto.Battery_Info: Voltage=12.22V (10.19V)
Auto.printPidInfo_Info: encoderXPidCtrl: Target=  17.5, Input=  17.4, Error=   0.2, PIDTerms= 0.023/ 0.000/ 0.011/ 0.000, Output= 0.034(-1.000/1.000)
Auto.printPidInfo_Info: encoderYPidCtrl: Target=   3.6, Input=   3.5, Error=   0.0, PIDTerms= 0.001/ 0.000/ 0.000/ 0.000, Output= 0.001(-1.000/1.000)
Auto.printPidInfo_Info: gyroPidCtrl: Target=   0.0, Input=  -4.9, Error=   4.9, PIDTerms= 0.088/ 0.000/-0.004/ 0.000, Output= 0.084(-0.500/0.500)
Auto.Battery_Info: Voltage=12.20V (10.19V)
Auto.printPidInfo_Info: encoderXPidCtrl: Target=  17.5, Input=  17.7, Error=  -0.1, PIDTerms=-0.020/ 0.000/-0.028/ 0.000, Output=-0.048(-1.000/1.000)
Auto.printPidInfo_Info: encoderYPidCtrl: Target=   3.6, Input=   3.6, Error=   0.0, PIDTerms= 0.000/ 0.000/-0.000/ 0.000, Output= 0.000(-1.000/1.000)
Auto.printPidInfo_Info: gyroPidCtrl: Target=   0.0, Input=  -3.9, Error=   3.9, PIDTerms= 0.070/ 0.000/-0.014/ 0.000, Output= 0.056(-0.500/0.500)
Auto.Battery_Info: Voltage=12.23V (10.19V)
Auto.printPidInfo_Info: encoderXPidCtrl: Target=  17.5, Input=  17.6, Error=  -0.1, PIDTerms=-0.019/ 0.000/ 0.001/ 0.000, Output=-0.018(-1.000/1.000)
Auto.printPidInfo_Info: encoderYPidCtrl: Target=   3.6, Input=   3.6, Error=   0.0, PIDTerms= 0.000/ 0.000/ 0.000/ 0.000, Output= 0.000(-1.000/1.000)
Auto.printPidInfo_Info: gyroPidCtrl: Target=   0.0, Input=  -3.6, Error=   3.6, PIDTerms= 0.065/ 0.000/-0.003/ 0.000, Output= 0.061(-0.500/0.500)
Auto.Battery_Info: Voltage=12.22V (10.19V)
Auto.printPidInfo_Info: encoderXPidCtrl: Target=  17.5, Input=  17.6, Error=  -0.1, PIDTerms=-0.019/ 0.000/ 0.000/ 0.000, Output=-0.019(-1.000/1.000)
Auto.printPidInfo_Info: encoderYPidCtrl: Target=   3.6, Input=   3.6, Error=   0.0, PIDTerms= 0.000/ 0.000/ 0.000/ 0.000, Output= 0.000(-1.000/1.000)
Auto.printPidInfo_Info: gyroPidCtrl: Target=   0.0, Input=  -3.6, Error=   3.6, PIDTerms= 0.065/ 0.000/ 0.000/ 0.000, Output= 0.066(-0.500/0.500)
Auto.Robot_Info: [9.203]      MOVE_FORWARD: xPos= 17.65/  0.00,yPos=  3.57/  9.00,heading=  -3.6/   0.0,volt=12.28V(10.19V)
Auto.Battery_Info: Voltage=12.28V (10.19V)
Auto.printPidInfo_Info: encoderXPidCtrl: Target=  17.6, Input=  17.6, Error=   0.0, PIDTerms=-0.019/ 0.000/ 0.000/ 0.000, Output= 0.000(-1.000/1.000)
Auto.printPidInfo_Info: encoderYPidCtrl: Target=  12.6, Input=   3.6, Error=   9.0, PIDTerms= 0.000/ 0.000/ 0.000/ 0.000, Output= 0.000(-1.000/1.000)
Auto.printPidInfo_Info: gyroPidCtrl: Target=   0.0, Input=  -3.6, Error=   3.6, PIDTerms= 0.065/ 0.000/-0.000/ 0.000, Output= 0.000(-0.500/0.500)
Auto.Battery_Info: Voltage=12.13V (10.19V)
Auto.printPidInfo_Info: encoderXPidCtrl: Target=  17.6, Input=  17.6, Error=   0.0, PIDTerms= 0.000/ 0.000/ 0.000/ 0.000, Output= 0.000(-1.000/1.000)
Auto.printPidInfo_Info: encoderYPidCtrl: Target=  12.6, Input=   3.6, Error=   9.0, PIDTerms= 0.180/ 0.000/ 0.000/ 0.000, Output= 0.180(-1.000/1.000)
Auto.printPidInfo_Info: gyroPidCtrl: Target=   0.0, Input=  -3.6, Error=   3.6, PIDTerms= 0.065/ 0.000/ 0.000/ 0.000, Output= 0.065(-0.500/0.500)
Auto.Battery_Info: Voltage=12.14V (10.19V)
Auto.printPidInfo_Info: encoderXPidCtrl: Target=  17.6, Input=  17.7, Error=  -0.0, PIDTerms=-0.001/ 0.000/-0.000/ 0.000, Output=-0.001(-1.000/1.000)
Auto.printPidInfo_Info: encoderYPidCtrl: Target=  12.6, Input=   3.6, Error=   9.0, PIDTerms= 0.179/ 0.000/-0.001/ 0.000, Output= 0.179(-1.000/1.000)
Auto.printPidInfo_Info: gyroPidCtrl: Target=   0.0, Input=  -3.6, Error=   3.6, PIDTerms= 0.065/ 0.000/ 0.000/ 0.000, Output= 0.065(-0.500/0.500)
Auto.Battery_Info: Voltage=12.17V (10.19V)
Auto.printPidInfo_Info: encoderXPidCtrl: Target=  17.6, Input=  17.7, Error=  -0.0, PIDTerms=-0.001/ 0.000/ 0.000/ 0.000, Output=-0.001(-1.000/1.000)
Auto.printPidInfo_Info: encoderYPidCtrl: Target=  12.6, Input=   4.1, Error=   8.5, PIDTerms= 0.170/ 0.000/-0.008/ 0.000, Output= 0.162(-1.000/1.000)
Auto.printPidInfo_Info: gyroPidCtrl: Target=   0.0, Input=  -3.5, Error=   3.5, PIDTerms= 0.063/ 0.000/-0.002/ 0.000, Output= 0.061(-0.500/0.500)
Auto.Battery_Info: Voltage=12.15V (10.19V)
Auto.printPidInfo_Info: encoderXPidCtrl: Target=  17.6, Input=  17.7, Error=  -0.0, PIDTerms=-0.002/ 0.000/-0.001/ 0.000, Output=-0.003(-1.000/1.000)
Auto.printPidInfo_Info: encoderYPidCtrl: Target=  12.6, Input=   4.6, Error=   8.0, PIDTerms= 0.160/ 0.000/-0.008/ 0.000, Output= 0.151(-1.000/1.000)
Auto.printPidInfo_Info: gyroPidCtrl: Target=   0.0, Input=  -3.3, Error=   3.3, PIDTerms= 0.059/ 0.000/-0.003/ 0.000, Output= 0.057(-0.500/0.500)
Auto.Battery_Info: Voltage=12.16V (10.19V)
Auto.printPidInfo_Info: encoderXPidCtrl: Target=  17.6, Input=  17.7, Error=  -0.0, PIDTerms=-0.005/ 0.000/-0.002/ 0.000, Output=-0.007(-1.000/1.000)
Auto.printPidInfo_Info: encoderYPidCtrl: Target=  12.6, Input=   5.2, Error=   7.4, PIDTerms= 0.147/ 0.000/-0.009/ 0.000, Output= 0.139(-1.000/1.000)
Auto.printPidInfo_Info: gyroPidCtrl: Target=   0.0, Input=  -3.2, Error=   3.2, PIDTerms= 0.057/ 0.000/-0.002/ 0.000, Output= 0.056(-0.500/0.500)
Auto.Battery_Info: Voltage=12.18V (10.19V)
Auto.printPidInfo_Info: encoderXPidCtrl: Target=  17.6, Input=  17.7, Error=  -0.0, PIDTerms=-0.003/ 0.000/ 0.001/ 0.000, Output=-0.002(-1.000/1.000)
Auto.printPidInfo_Info: encoderYPidCtrl: Target=  12.6, Input=   5.8, Error=   6.8, PIDTerms= 0.135/ 0.000/-0.012/ 0.000, Output= 0.124(-1.000/1.000)
Auto.printPidInfo_Info: gyroPidCtrl: Target=   0.0, Input=  -2.9, Error=   2.9, PIDTerms= 0.052/ 0.000/-0.005/ 0.000, Output= 0.047(-0.500/0.500)
Auto.Battery_Info: Voltage=12.18V (10.19V)
Auto.printPidInfo_Info: encoderXPidCtrl: Target=  17.6, Input=  17.6, Error=   0.0, PIDTerms= 0.003/ 0.000/ 0.004/ 0.000, Output= 0.006(-1.000/1.000)
Auto.printPidInfo_Info: encoderYPidCtrl: Target=  12.6, Input=   6.3, Error=   6.2, PIDTerms= 0.125/ 0.000/-0.007/ 0.000, Output= 0.118(-1.000/1.000)
Auto.printPidInfo_Info: gyroPidCtrl: Target=   0.0, Input=  -2.8, Error=   2.8, PIDTerms= 0.050/ 0.000/-0.002/ 0.000, Output= 0.048(-0.500/0.500)
Auto.Battery_Info: Voltage=12.22V (10.19V)
Auto.printPidInfo_Info: encoderXPidCtrl: Target=  17.6, Input=  17.6, Error=   0.1, PIDTerms= 0.012/ 0.000/ 0.007/ 0.000, Output= 0.020(-1.000/1.000)
Auto.printPidInfo_Info: encoderYPidCtrl: Target=  12.6, Input=   6.8, Error=   5.7, PIDTerms= 0.114/ 0.000/-0.008/ 0.000, Output= 0.106(-1.000/1.000)
Auto.printPidInfo_Info: gyroPidCtrl: Target=   0.0, Input=  -2.7, Error=   2.7, PIDTerms= 0.048/ 0.000/-0.002/ 0.000, Output= 0.046(-0.500/0.500)
Auto.Robot_Info: [10.527]    SET_DOWN_GLYPH: xPos= 17.70/  0.00,yPos=  7.48/  9.00,heading=  -2.3/   0.0,volt=12.30V(10.19V)
Auto.Robot_Info: [12.766]     RELEASE_GLYPH: xPos= 17.70/  0.00,yPos=  7.47/  9.00,heading=  -2.3/   0.0,volt=12.30V(10.19V)
Auto.Robot_Info: [13.337]          BACK_OFF: xPos= 17.70/  0.00,yPos=  7.47/ -4.50,heading=  -2.2/   0.0,volt=12.37V(10.19V)
Auto.Battery_Info: Voltage=12.37V (10.19V)
Auto.printPidInfo_Info: encoderXPidCtrl: Target=  17.7, Input=  17.6, Error=   0.0, PIDTerms= 0.007/ 0.000/-0.003/ 0.000, Output= 0.000(-1.000/1.000)
Auto.printPidInfo_Info: encoderYPidCtrl: Target=   3.0, Input=   7.2, Error=  -4.5, PIDTerms= 0.107/ 0.000/-0.004/ 0.000, Output= 0.000(-1.000/1.000)
Auto.printPidInfo_Info: gyroPidCtrl: Target=   0.0, Input=  -2.4, Error=   2.2, PIDTerms= 0.044/ 0.000/-0.002/ 0.000, Output= 0.000(-0.500/0.500)
Auto.Battery_Info: Voltage=12.31V (10.19V)
Auto.printPidInfo_Info: encoderXPidCtrl: Target=  17.7, Input=  17.7, Error=   0.0, PIDTerms= 0.000/ 0.000/ 0.000/ 0.000, Output= 0.000(-1.000/1.000)
Auto.printPidInfo_Info: encoderYPidCtrl: Target=   3.0, Input=   7.5, Error=  -4.5, PIDTerms=-0.090/ 0.000/ 0.000/ 0.000, Output=-0.090(-1.000/1.000)
Auto.printPidInfo_Info: gyroPidCtrl: Target=   0.0, Input=  -2.2, Error=   2.2, PIDTerms= 0.040/ 0.000/ 0.000/ 0.000, Output= 0.040(-0.500/0.500)
Auto.Battery_Info: Voltage=12.28V (10.19V)
Auto.printPidInfo_Info: encoderXPidCtrl: Target=  17.7, Input=  17.7, Error=  -0.0, PIDTerms=-0.001/ 0.000/-0.000/ 0.000, Output=-0.001(-1.000/1.000)
Auto.printPidInfo_Info: encoderYPidCtrl: Target=   3.0, Input=   7.4, Error=  -4.4, PIDTerms=-0.088/ 0.000/ 0.001/ 0.000, Output=-0.086(-1.000/1.000)
Auto.printPidInfo_Info: gyroPidCtrl: Target=   0.0, Input=  -2.3, Error=   2.3, PIDTerms= 0.041/ 0.000/ 0.000/ 0.000, Output= 0.041(-0.500/0.500)
Auto.Battery_Info: Voltage=12.28V (10.19V)
Auto.printPidInfo_Info: encoderXPidCtrl: Target=  17.7, Input=  17.6, Error=   0.1, PIDTerms= 0.012/ 0.000/ 0.008/ 0.000, Output= 0.021(-1.000/1.000)
Auto.printPidInfo_Info: encoderYPidCtrl: Target=   3.0, Input=   7.2, Error=  -4.2, PIDTerms=-0.084/ 0.000/ 0.003/ 0.000, Output=-0.081(-1.000/1.000)
Auto.printPidInfo_Info: gyroPidCtrl: Target=   0.0, Input=  -2.3, Error=   2.3, PIDTerms= 0.041/ 0.000/ 0.000/ 0.000, Output= 0.041(-0.500/0.500)
Auto.Battery_Info: Voltage=12.29V (10.19V)
Auto.printPidInfo_Info: encoderXPidCtrl: Target=  17.7, Input=  17.6, Error=   0.1, PIDTerms= 0.013/ 0.000/ 0.000/ 0.000, Output= 0.013(-1.000/1.000)
Auto.printPidInfo_Info: encoderYPidCtrl: Target=   3.0, Input=   7.1, Error=  -4.2, PIDTerms=-0.083/ 0.000/ 0.000/ 0.000, Output=-0.083(-1.000/1.000)
Auto.printPidInfo_Info: gyroPidCtrl: Target=   0.0, Input=  -2.1, Error=   2.1, PIDTerms= 0.038/ 0.000/-0.002/ 0.000, Output= 0.036(-0.500/0.500)
Auto.Battery_Info: Voltage=12.31V (10.19V)
Auto.printPidInfo_Info: encoderXPidCtrl: Target=  17.7, Input=  17.6, Error=   0.1, PIDTerms= 0.008/ 0.000/-0.003/ 0.000, Output= 0.004(-1.000/1.000)
Auto.printPidInfo_Info: encoderYPidCtrl: Target=   3.0, Input=   7.1, Error=  -4.1, PIDTerms=-0.083/ 0.000/ 0.001/ 0.000, Output=-0.082(-1.000/1.000)
Auto.printPidInfo_Info: gyroPidCtrl: Target=   0.0, Input=  -2.1, Error=   2.1, PIDTerms= 0.038/ 0.000/-0.000/ 0.000, Output= 0.038(-0.500/0.500)
Auto.Battery_Info: Voltage=12.32V (10.19V)
Auto.printPidInfo_Info: encoderXPidCtrl: Target=  17.7, Input=  17.7, Error=   0.0, PIDTerms= 0.003/ 0.000/-0.003/ 0.000, Output=-0.000(-1.000/1.000)
Auto.printPidInfo_Info: encoderYPidCtrl: Target=   3.0, Input=   7.1, Error=  -4.1, PIDTerms=-0.082/ 0.000/ 0.000/ 0.000, Output=-0.081(-1.000/1.000)
Auto.printPidInfo_Info: gyroPidCtrl: Target=   0.0, Input=  -2.1, Error=   2.1, PIDTerms= 0.038/ 0.000/-0.000/ 0.000, Output= 0.038(-0.500/0.500)
Auto.Robot_Info: [14.523]              DONE: xPos= 17.68/  0.00,yPos=  7.05/ -4.50,heading=  -2.1/   0.0,volt=12.37V(10.19V)
