Auto.FtcAuto_Info: Sun Dec 03 00:04:03 PST 2017: ***** Starting autonomous *****
Auto.Robot_Info: ***** [0.084] *****  DEPLOY_JEWEL_ARM: xPos=  0.00/  0.00,yPos=  0.00/  0.00,heading=  -0.0/   0.0,volt=12.26V(12.19V)
Auto.WHACK_JEWEL_Info: VuMark: UNKNOWN
Auto.WHACK_JEWEL_Info: 0: Color=RED, HSV=[7.692308/0.573529/0.533333]
Auto.Robot_Info: ***** [0.584] *****       WHACK_JEWEL: xPos=  0.00/  0.00,yPos=  0.00/  0.00,heading=   0.0/   0.0,volt=12.27V(12.19V)
Auto.Robot_Info: ***** [1.173] ***** MOVE_JEWEL_ARM_UP: xPos=  0.00/  0.00,yPos=  0.00/  0.00,heading=   0.0/   0.0,volt=12.28V(12.19V)
Auto.Robot_Info: ***** [1.592] *****   RESET_JEWEL_ARM: xPos=  0.00/  0.00,yPos=  0.00/  0.00,heading=   0.0/   0.0,volt=12.28V(12.19V)
Auto.DO_DELAY_Info: Delay=0
Auto.Robot_Info: ***** [1.915] *****          DO_DELAY: xPos=  0.00/  0.00,yPos=  0.00/  0.00,heading=   0.0/   0.0,volt=12.26V(12.19V)
Auto.Robot_Info: ***** [2.026] *****   GRAB_LIFT_GLYPH: xPos=  0.00/  0.00,yPos=  0.00/  0.00,heading=   0.0/   0.0,volt=12.25V(12.19V)
Auto.Robot_Info: ***** [4.214] ***** DRIVE_OFF_PLATFORM: xPos=  0.00/  0.00,yPos=  0.00/-20.00,heading=   0.0/   0.0,volt=12.17V(11.64V)
Auto.Battery_Info: Voltage=12.17V (11.64V)
Auto.printPidInfo_Info: encoderXPidCtrl: Target=   0.0, Input=   0.0, Error=   0.0, PIDTerms= 0.000/ 0.000/ 0.000/ 0.000, Output= 0.000(-1.000/1.000)
Auto.printPidInfo_Info: encoderYPidCtrl: Target= -20.0, Input=   0.0, Error= -20.0, PIDTerms= 0.000/ 0.000/ 0.000/ 0.000, Output= 0.000(-0.500/0.500)
Auto.printPidInfo_Info: gyroPidCtrl: Target=   0.0, Input=   0.0, Error=  -0.0, PIDTerms= 0.000/ 0.000/ 0.000/ 0.000, Output= 0.000(-0.500/0.500)
Auto.Battery_Info: Voltage=11.67V (11.64V)
Auto.printPidInfo_Info: encoderXPidCtrl: Target=   0.0, Input=   0.0, Error=   0.0, PIDTerms= 0.000/ 0.000/ 0.000/ 0.000, Output= 0.000(-1.000/1.000)
Auto.printPidInfo_Info: encoderYPidCtrl: Target= -20.0, Input=   0.0, Error= -20.0, PIDTerms=-0.400/ 0.000/ 0.000/-0.000, Output=-0.400(-0.500/0.500)
Auto.printPidInfo_Info: gyroPidCtrl: Target=   0.0, Input=   0.0, Error=  -0.0, PIDTerms=-0.000/ 0.000/ 0.000/ 0.000, Output=-0.000(-0.500/0.500)
Auto.Battery_Info: Voltage=11.73V (11.64V)
Auto.printPidInfo_Info: encoderXPidCtrl: Target=   0.0, Input=  -0.0, Error=   0.0, PIDTerms= 0.002/ 0.000/ 0.001/ 0.000, Output= 0.003(-1.000/1.000)
Auto.printPidInfo_Info: encoderYPidCtrl: Target= -20.0, Input=  -0.3, Error= -19.7, PIDTerms=-0.395/ 0.000/ 0.005/-0.000, Output=-0.390(-0.500/0.500)
Auto.printPidInfo_Info: gyroPidCtrl: Target=   0.0, Input=   0.0, Error=  -0.0, PIDTerms=-0.000/ 0.000/ 0.000/ 0.000, Output=-0.000(-0.500/0.500)
Auto.Battery_Info: Voltage=11.88V (11.64V)
Auto.printPidInfo_Info: encoderXPidCtrl: Target=   0.0, Input=   0.2, Error=  -0.2, PIDTerms=-0.023/ 0.000/-0.017/ 0.000, Output=-0.039(-1.000/1.000)
Auto.printPidInfo_Info: encoderYPidCtrl: Target= -20.0, Input=  -1.6, Error= -18.4, PIDTerms=-0.367/ 0.000/ 0.021/-0.000, Output=-0.347(-0.500/0.500)
Auto.printPidInfo_Info: gyroPidCtrl: Target=   0.0, Input=  -0.2, Error=   0.2, PIDTerms= 0.004/ 0.000/ 0.003/ 0.000, Output= 0.007(-0.500/0.500)
Auto.Battery_Info: Voltage=11.94V (11.64V)
Auto.printPidInfo_Info: encoderXPidCtrl: Target=   0.0, Input=   0.1, Error=  -0.1, PIDTerms=-0.021/ 0.000/ 0.001/ 0.000, Output=-0.020(-1.000/1.000)
Auto.printPidInfo_Info: encoderYPidCtrl: Target= -20.0, Input=  -3.0, Error= -17.0, PIDTerms=-0.340/ 0.000/ 0.022/-0.000, Output=-0.319(-0.500/0.500)
Auto.printPidInfo_Info: gyroPidCtrl: Target=   0.0, Input=  -0.2, Error=   0.2, PIDTerms= 0.004/ 0.000/-0.000/ 0.000, Output= 0.003(-0.500/0.500)
Auto.Battery_Info: Voltage=11.81V (11.64V)
Auto.printPidInfo_Info: encoderXPidCtrl: Target=   0.0, Input=   0.1, Error=  -0.1, PIDTerms=-0.017/ 0.000/ 0.002/ 0.000, Output=-0.014(-1.000/1.000)
Auto.printPidInfo_Info: encoderYPidCtrl: Target= -20.0, Input=  -5.2, Error= -14.8, PIDTerms=-0.297/ 0.000/ 0.025/-0.000, Output=-0.272(-0.500/0.500)
Auto.printPidInfo_Info: gyroPidCtrl: Target=   0.0, Input=  -0.6, Error=   0.6, PIDTerms= 0.010/ 0.000/ 0.004/ 0.000, Output= 0.014(-0.500/0.500)
Auto.Battery_Info: Voltage=10.92V (10.92V)
Auto.printPidInfo_Info: encoderXPidCtrl: Target=   0.0, Input= -14.4, Error=  14.4, PIDTerms= 2.159/ 0.000/ 1.102/ 0.000, Output= 1.000(-1.000/1.000)
Auto.printPidInfo_Info: encoderYPidCtrl: Target= -20.0, Input=   6.9, Error= -26.9, PIDTerms=-0.539/ 0.000/-0.135/-0.000, Output=-0.500(-0.500/0.500)
Auto.printPidInfo_Info: gyroPidCtrl: Target=   0.0, Input=  -1.0, Error=   1.0, PIDTerms= 0.017/ 0.000/ 0.004/ 0.000, Output= 0.021(-0.500/0.500)
Auto.Battery_Info: Voltage=11.34V (10.92V)
Auto.printPidInfo_Info: encoderXPidCtrl: Target=   0.0, Input= -16.3, Error=  16.3, PIDTerms= 2.447/ 0.000/ 0.191/ 0.000, Output= 1.000(-1.000/1.000)
Auto.printPidInfo_Info: encoderYPidCtrl: Target= -20.0, Input=   4.2, Error= -24.2, PIDTerms=-0.483/ 0.000/ 0.041/-0.000, Output=-0.443(-0.500/0.500)
Auto.printPidInfo_Info: gyroPidCtrl: Target=   0.0, Input=   0.1, Error=  -0.1, PIDTerms=-0.002/ 0.000/-0.014/ 0.000, Output=-0.016(-0.500/0.500)
Auto.Battery_Info: Voltage=10.95V (10.92V)
Auto.printPidInfo_Info: encoderXPidCtrl: Target=   0.0, Input= -14.5, Error=  14.5, PIDTerms= 2.173/ 0.000/-0.267/ 0.000, Output= 1.000(-1.000/1.000)
Auto.printPidInfo_Info: encoderYPidCtrl: Target= -20.0, Input=   2.1, Error= -22.1, PIDTerms=-0.441/ 0.000/ 0.045/-0.000, Output=-0.396(-0.500/0.500)
Auto.printPidInfo_Info: gyroPidCtrl: Target=   0.0, Input=   1.2, Error=  -1.2, PIDTerms=-0.022/ 0.000/-0.022/ 0.000, Output=-0.044(-0.500/0.500)
Auto.Battery_Info: Voltage=11.10V (10.92V)
Auto.printPidInfo_Info: encoderXPidCtrl: Target=   0.0, Input= -13.0, Error=  13.0, PIDTerms= 1.951/ 0.000/-0.157/ 0.000, Output= 1.000(-1.000/1.000)
Auto.printPidInfo_Info: encoderYPidCtrl: Target= -20.0, Input=   0.6, Error= -20.6, PIDTerms=-0.411/ 0.000/ 0.023/-0.000, Output=-0.388(-0.500/0.500)
Auto.printPidInfo_Info: gyroPidCtrl: Target=   0.0, Input=   1.9, Error=  -1.9, PIDTerms=-0.033/ 0.000/-0.009/ 0.000, Output=-0.042(-0.500/0.500)
Auto.Battery_Info: Voltage=10.95V (10.92V)
Auto.printPidInfo_Info: encoderXPidCtrl: Target=   0.0, Input= -10.5, Error=  10.5, PIDTerms= 1.568/ 0.000/-0.266/ 0.000, Output= 1.000(-1.000/1.000)
Auto.printPidInfo_Info: encoderYPidCtrl: Target= -20.0, Input=  -1.5, Error= -18.5, PIDTerms=-0.369/ 0.000/ 0.032/-0.000, Output=-0.337(-0.500/0.500)
Auto.printPidInfo_Info: gyroPidCtrl: Target=   0.0, Input=   0.1, Error=  -0.1, PIDTerms=-0.001/ 0.000/ 0.025/ 0.000, Output= 0.023(-0.500/0.500)
Auto.Battery_Info: Voltage=11.10V (10.92V)
Auto.printPidInfo_Info: encoderXPidCtrl: Target=   0.0, Input=  -8.1, Error=   8.1, PIDTerms= 1.213/ 0.000/-0.233/ 0.000, Output= 0.980(-1.000/1.000)
Auto.printPidInfo_Info: encoderYPidCtrl: Target= -20.0, Input=  -3.4, Error= -16.6, PIDTerms=-0.332/ 0.000/ 0.027/-0.000, Output=-0.306(-0.500/0.500)
Auto.printPidInfo_Info: gyroPidCtrl: Target=   0.0, Input=  -2.8, Error=   2.8, PIDTerms= 0.051/ 0.000/ 0.038/ 0.000, Output= 0.090(-0.500/0.500)
Auto.Battery_Info: Voltage=11.26V (10.92V)
Auto.printPidInfo_Info: encoderXPidCtrl: Target=   0.0, Input=  -6.2, Error=   6.2, PIDTerms= 0.934/ 0.000/-0.213/ 0.000, Output= 0.721(-1.000/1.000)
Auto.printPidInfo_Info: encoderYPidCtrl: Target= -20.0, Input=  -4.7, Error= -15.3, PIDTerms=-0.306/ 0.000/ 0.022/-0.000, Output=-0.284(-0.500/0.500)
Auto.printPidInfo_Info: gyroPidCtrl: Target=   0.0, Input=  -4.4, Error=   4.4, PIDTerms= 0.080/ 0.000/ 0.024/ 0.000, Output= 0.104(-0.500/0.500)
Auto.Battery_Info: Voltage=11.71V (10.92V)
Auto.printPidInfo_Info: encoderXPidCtrl: Target=   0.0, Input=  -4.0, Error=   4.0, PIDTerms= 0.601/ 0.000/-0.275/ 0.000, Output= 0.327(-1.000/1.000)
Auto.printPidInfo_Info: encoderYPidCtrl: Target= -20.0, Input=  -6.1, Error= -13.9, PIDTerms=-0.279/ 0.000/ 0.025/-0.000, Output=-0.254(-0.500/0.500)
Auto.printPidInfo_Info: gyroPidCtrl: Target=   0.0, Input=  -4.8, Error=   4.8, PIDTerms= 0.087/ 0.000/ 0.006/ 0.000, Output= 0.093(-0.500/0.500)
Auto.Battery_Info: Voltage=11.97V (10.92V)
Auto.printPidInfo_Info: encoderXPidCtrl: Target=   0.0, Input=  -1.5, Error=   1.5, PIDTerms= 0.218/ 0.000/-0.185/ 0.000, Output= 0.034(-1.000/1.000)
Auto.printPidInfo_Info: encoderYPidCtrl: Target= -20.0, Input=  -7.9, Error= -12.1, PIDTerms=-0.243/ 0.000/ 0.019/-0.000, Output=-0.223(-0.500/0.500)
Auto.printPidInfo_Info: gyroPidCtrl: Target=   0.0, Input=  -4.2, Error=   4.2, PIDTerms= 0.075/ 0.000/-0.006/ 0.000, Output= 0.069(-0.500/0.500)
Auto.Robot_Info: ***** [6.483] *****     DRIVE_TO_WALL: xPos= -0.04/  0.00,yPos=-11.78/-20.00,heading=  -0.8/   0.0,volt=12.16V(10.92V)
Auto.Robot_Info: ***** [6.577] ***** TURN_TO_CRYPTOBOX: xPos= -0.09/  0.00,yPos=-11.91/  0.00,heading=   0.6/ 180.0,volt=12.16V(10.92V)
Auto.Battery_Info: Voltage=12.16V (10.92V)
Auto.printPidInfo_Info: encoderXPidCtrl: Target=  -0.1, Input=   0.0, Error=   0.0, PIDTerms=-0.002/ 0.000/-0.138/ 0.000, Output= 0.000(-1.000/1.000)
Auto.printPidInfo_Info: encoderYPidCtrl: Target= -11.9, Input=  -9.9, Error=   0.0, PIDTerms=-0.201/ 0.000/ 0.028/-0.000, Output= 0.000(-1.000/1.000)
Auto.printPidInfo_Info: gyroPidCtrl: Target= 180.0, Input=  -2.3, Error= 179.4, PIDTerms= 0.042/ 0.000/-0.023/ 0.000, Output= 0.000(-0.500/0.500)
Auto.Battery_Info: Voltage=11.48V (10.92V)
Auto.printPidInfo_Info: encoderXPidCtrl: Target=  -0.1, Input=   0.0, Error=   0.0, PIDTerms=-0.002/ 0.000/-0.138/ 0.000, Output= 0.000(-1.000/1.000)
Auto.printPidInfo_Info: encoderYPidCtrl: Target= -11.9, Input=  -9.9, Error=   0.0, PIDTerms=-0.201/ 0.000/ 0.028/-0.000, Output= 0.000(-1.000/1.000)
Auto.printPidInfo_Info: gyroPidCtrl: Target= 180.0, Input=   0.6, Error= 179.4, PIDTerms= 3.229/ 0.000/ 0.000/ 0.000, Output= 0.500(-0.500/0.500)
Auto.Battery_Info: Voltage=11.57V (10.92V)
Auto.printPidInfo_Info: encoderXPidCtrl: Target=  -0.1, Input=   0.0, Error=   0.0, PIDTerms=-0.002/ 0.000/-0.138/ 0.000, Output= 0.000(-1.000/1.000)
Auto.printPidInfo_Info: encoderYPidCtrl: Target= -11.9, Input=  -9.9, Error=   0.0, PIDTerms=-0.201/ 0.000/ 0.028/-0.000, Output= 0.000(-1.000/1.000)
Auto.printPidInfo_Info: gyroPidCtrl: Target= 180.0, Input=   0.8, Error= 179.2, PIDTerms= 3.225/ 0.000/-0.003/ 0.000, Output= 0.500(-0.500/0.500)
Auto.Battery_Info: Voltage=11.56V (10.92V)
Auto.printPidInfo_Info: encoderXPidCtrl: Target=  -0.1, Input=   0.0, Error=   0.0, PIDTerms=-0.002/ 0.000/-0.138/ 0.000, Output= 0.000(-1.000/1.000)
Auto.printPidInfo_Info: encoderYPidCtrl: Target= -11.9, Input=  -9.9, Error=   0.0, PIDTerms=-0.201/ 0.000/ 0.028/-0.000, Output= 0.000(-1.000/1.000)
Auto.printPidInfo_Info: gyroPidCtrl: Target= 180.0, Input=   2.0, Error= 178.0, PIDTerms= 3.203/ 0.000/-0.026/ 0.000, Output= 0.500(-0.500/0.500)
Auto.Battery_Info: Voltage=11.54V (10.92V)
Auto.printPidInfo_Info: encoderXPidCtrl: Target=  -0.1, Input=   0.0, Error=   0.0, PIDTerms=-0.002/ 0.000/-0.138/ 0.000, Output= 0.000(-1.000/1.000)
Auto.printPidInfo_Info: encoderYPidCtrl: Target= -11.9, Input=  -9.9, Error=   0.0, PIDTerms=-0.201/ 0.000/ 0.028/-0.000, Output= 0.000(-1.000/1.000)
Auto.printPidInfo_Info: gyroPidCtrl: Target= 180.0, Input=   8.8, Error= 171.2, PIDTerms= 3.081/ 0.000/-0.145/ 0.000, Output= 0.500(-0.500/0.500)
Auto.Battery_Info: Voltage=11.61V (10.92V)
Auto.printPidInfo_Info: encoderXPidCtrl: Target=  -0.1, Input=   0.0, Error=   0.0, PIDTerms=-0.002/ 0.000/-0.138/ 0.000, Output= 0.000(-1.000/1.000)
Auto.printPidInfo_Info: encoderYPidCtrl: Target= -11.9, Input=  -9.9, Error=   0.0, PIDTerms=-0.201/ 0.000/ 0.028/-0.000, Output= 0.000(-1.000/1.000)
Auto.printPidInfo_Info: gyroPidCtrl: Target= 180.0, Input=  16.3, Error= 163.7, PIDTerms= 2.947/ 0.000/-0.142/ 0.000, Output= 0.500(-0.500/0.500)
Auto.Battery_Info: Voltage=11.62V (10.92V)
Auto.printPidInfo_Info: encoderXPidCtrl: Target=  -0.1, Input=   0.0, Error=   0.0, PIDTerms=-0.002/ 0.000/-0.138/ 0.000, Output= 0.000(-1.000/1.000)
Auto.printPidInfo_Info: encoderYPidCtrl: Target= -11.9, Input=  -9.9, Error=   0.0, PIDTerms=-0.201/ 0.000/ 0.028/-0.000, Output= 0.000(-1.000/1.000)
Auto.printPidInfo_Info: gyroPidCtrl: Target= 180.0, Input=  23.3, Error= 156.7, PIDTerms= 2.820/ 0.000/-0.112/ 0.000, Output= 0.500(-0.500/0.500)
Auto.Battery_Info: Voltage=11.59V (10.92V)
Auto.printPidInfo_Info: encoderXPidCtrl: Target=  -0.1, Input=   0.0, Error=   0.0, PIDTerms=-0.002/ 0.000/-0.138/ 0.000, Output= 0.000(-1.000/1.000)
Auto.printPidInfo_Info: encoderYPidCtrl: Target= -11.9, Input=  -9.9, Error=   0.0, PIDTerms=-0.201/ 0.000/ 0.028/-0.000, Output= 0.000(-1.000/1.000)
Auto.printPidInfo_Info: gyroPidCtrl: Target= 180.0, Input=  33.7, Error= 146.3, PIDTerms= 2.634/ 0.000/-0.184/ 0.000, Output= 0.500(-0.500/0.500)
Auto.Battery_Info: Voltage=11.62V (10.92V)
Auto.printPidInfo_Info: encoderXPidCtrl: Target=  -0.1, Input=   0.0, Error=   0.0, PIDTerms=-0.002/ 0.000/-0.138/ 0.000, Output= 0.000(-1.000/1.000)
Auto.printPidInfo_Info: encoderYPidCtrl: Target= -11.9, Input=  -9.9, Error=   0.0, PIDTerms=-0.201/ 0.000/ 0.028/-0.000, Output= 0.000(-1.000/1.000)
Auto.printPidInfo_Info: gyroPidCtrl: Target= 180.0, Input=  43.5, Error= 136.5, PIDTerms= 2.457/ 0.000/-0.187/ 0.000, Output= 0.500(-0.500/0.500)
Auto.Battery_Info: Voltage=11.64V (10.92V)
Auto.printPidInfo_Info: encoderXPidCtrl: Target=  -0.1, Input=   0.0, Error=   0.0, PIDTerms=-0.002/ 0.000/-0.138/ 0.000, Output= 0.000(-1.000/1.000)
Auto.printPidInfo_Info: encoderYPidCtrl: Target= -11.9, Input=  -9.9, Error=   0.0, PIDTerms=-0.201/ 0.000/ 0.028/-0.000, Output= 0.000(-1.000/1.000)
Auto.printPidInfo_Info: gyroPidCtrl: Target= 180.0, Input=  50.0, Error= 130.0, PIDTerms= 2.339/ 0.000/-0.121/ 0.000, Output= 0.500(-0.500/0.500)
Auto.Battery_Info: Voltage=11.57V (10.92V)
Auto.printPidInfo_Info: encoderXPidCtrl: Target=  -0.1, Input=   0.0, Error=   0.0, PIDTerms=-0.002/ 0.000/-0.138/ 0.000, Output= 0.000(-1.000/1.000)
Auto.printPidInfo_Info: encoderYPidCtrl: Target= -11.9, Input=  -9.9, Error=   0.0, PIDTerms=-0.201/ 0.000/ 0.028/-0.000, Output= 0.000(-1.000/1.000)
Auto.printPidInfo_Info: gyroPidCtrl: Target= 180.0, Input=  60.1, Error= 119.9, PIDTerms= 2.159/ 0.000/-0.147/ 0.000, Output= 0.500(-0.500/0.500)
Auto.Battery_Info: Voltage=11.57V (10.92V)
Auto.printPidInfo_Info: encoderXPidCtrl: Target=  -0.1, Input=   0.0, Error=   0.0, PIDTerms=-0.002/ 0.000/-0.138/ 0.000, Output= 0.000(-1.000/1.000)
Auto.printPidInfo_Info: encoderYPidCtrl: Target= -11.9, Input=  -9.9, Error=   0.0, PIDTerms=-0.201/ 0.000/ 0.028/-0.000, Output= 0.000(-1.000/1.000)
Auto.printPidInfo_Info: gyroPidCtrl: Target= 180.0, Input=  72.0, Error= 108.0, PIDTerms= 1.945/ 0.000/-0.123/ 0.000, Output= 0.500(-0.500/0.500)
Auto.Battery_Info: Voltage=11.58V (10.92V)
Auto.printPidInfo_Info: encoderXPidCtrl: Target=  -0.1, Input=   0.0, Error=   0.0, PIDTerms=-0.002/ 0.000/-0.138/ 0.000, Output= 0.000(-1.000/1.000)
Auto.printPidInfo_Info: encoderYPidCtrl: Target= -11.9, Input=  -9.9, Error=   0.0, PIDTerms=-0.201/ 0.000/ 0.028/-0.000, Output= 0.000(-1.000/1.000)
Auto.printPidInfo_Info: gyroPidCtrl: Target= 180.0, Input=  88.0, Error=  92.0, PIDTerms= 1.657/ 0.000/-0.258/ 0.000, Output= 0.500(-0.500/0.500)
Auto.Battery_Info: Voltage=11.57V (10.92V)
Auto.printPidInfo_Info: encoderXPidCtrl: Target=  -0.1, Input=   0.0, Error=   0.0, PIDTerms=-0.002/ 0.000/-0.138/ 0.000, Output= 0.000(-1.000/1.000)
Auto.printPidInfo_Info: encoderYPidCtrl: Target= -11.9, Input=  -9.9, Error=   0.0, PIDTerms=-0.201/ 0.000/ 0.028/-0.000, Output= 0.000(-1.000/1.000)
Auto.printPidInfo_Info: gyroPidCtrl: Target= 180.0, Input=  97.2, Error=  82.8, PIDTerms= 1.490/ 0.000/-0.228/ 0.000, Output= 0.500(-0.500/0.500)
Auto.Battery_Info: Voltage=11.50V (10.92V)
Auto.printPidInfo_Info: encoderXPidCtrl: Target=  -0.1, Input=   0.0, Error=   0.0, PIDTerms=-0.002/ 0.000/-0.138/ 0.000, Output= 0.000(-1.000/1.000)
Auto.printPidInfo_Info: encoderYPidCtrl: Target= -11.9, Input=  -9.9, Error=   0.0, PIDTerms=-0.201/ 0.000/ 0.028/-0.000, Output= 0.000(-1.000/1.000)
Auto.printPidInfo_Info: gyroPidCtrl: Target= 180.0, Input= 105.5, Error=  74.5, PIDTerms= 1.341/ 0.000/-0.164/ 0.000, Output= 0.500(-0.500/0.500)
Auto.Battery_Info: Voltage=11.31V (10.92V)
Auto.printPidInfo_Info: encoderXPidCtrl: Target=  -0.1, Input=   0.0, Error=   0.0, PIDTerms=-0.002/ 0.000/-0.138/ 0.000, Output= 0.000(-1.000/1.000)
Auto.printPidInfo_Info: encoderYPidCtrl: Target= -11.9, Input=  -9.9, Error=   0.0, PIDTerms=-0.201/ 0.000/ 0.028/-0.000, Output= 0.000(-1.000/1.000)
Auto.printPidInfo_Info: gyroPidCtrl: Target= 180.0, Input= 112.2, Error=  67.8, PIDTerms= 1.220/ 0.000/-0.150/ 0.000, Output= 0.500(-0.500/0.500)
Auto.Battery_Info: Voltage=11.52V (10.92V)
Auto.printPidInfo_Info: encoderXPidCtrl: Target=  -0.1, Input=   0.0, Error=   0.0, PIDTerms=-0.002/ 0.000/-0.138/ 0.000, Output= 0.000(-1.000/1.000)
Auto.printPidInfo_Info: encoderYPidCtrl: Target= -11.9, Input=  -9.9, Error=   0.0, PIDTerms=-0.201/ 0.000/ 0.028/-0.000, Output= 0.000(-1.000/1.000)
Auto.printPidInfo_Info: gyroPidCtrl: Target= 180.0, Input= 121.5, Error=  58.5, PIDTerms= 1.052/ 0.000/-0.114/ 0.000, Output= 0.500(-0.500/0.500)
Auto.Battery_Info: Voltage=11.60V (10.92V)
Auto.printPidInfo_Info: encoderXPidCtrl: Target=  -0.1, Input=   0.0, Error=   0.0, PIDTerms=-0.002/ 0.000/-0.138/ 0.000, Output= 0.000(-1.000/1.000)
Auto.printPidInfo_Info: encoderYPidCtrl: Target= -11.9, Input=  -9.9, Error=   0.0, PIDTerms=-0.201/ 0.000/ 0.028/-0.000, Output= 0.000(-1.000/1.000)
Auto.printPidInfo_Info: gyroPidCtrl: Target= 180.0, Input= 127.7, Error=  52.3, PIDTerms= 0.942/ 0.000/-0.101/ 0.000, Output= 0.500(-0.500/0.500)
Auto.Battery_Info: Voltage=11.56V (10.92V)
Auto.printPidInfo_Info: encoderXPidCtrl: Target=  -0.1, Input=   0.0, Error=   0.0, PIDTerms=-0.002/ 0.000/-0.138/ 0.000, Output= 0.000(-1.000/1.000)
Auto.printPidInfo_Info: encoderYPidCtrl: Target= -11.9, Input=  -9.9, Error=   0.0, PIDTerms=-0.201/ 0.000/ 0.028/-0.000, Output= 0.000(-1.000/1.000)
Auto.printPidInfo_Info: gyroPidCtrl: Target= 180.0, Input= 132.0, Error=  48.0, PIDTerms= 0.864/ 0.000/-0.079/ 0.000, Output= 0.500(-0.500/0.500)
Auto.Battery_Info: Voltage=11.58V (10.92V)
Auto.printPidInfo_Info: encoderXPidCtrl: Target=  -0.1, Input=   0.0, Error=   0.0, PIDTerms=-0.002/ 0.000/-0.138/ 0.000, Output= 0.000(-1.000/1.000)
Auto.printPidInfo_Info: encoderYPidCtrl: Target= -11.9, Input=  -9.9, Error=   0.0, PIDTerms=-0.201/ 0.000/ 0.028/-0.000, Output= 0.000(-1.000/1.000)
Auto.printPidInfo_Info: gyroPidCtrl: Target= 180.0, Input= 139.8, Error=  40.2, PIDTerms= 0.724/ 0.000/-0.150/ 0.000, Output= 0.500(-0.500/0.500)
Auto.Battery_Info: Voltage=11.55V (10.92V)
Auto.printPidInfo_Info: encoderXPidCtrl: Target=  -0.1, Input=   0.0, Error=   0.0, PIDTerms=-0.002/ 0.000/-0.138/ 0.000, Output= 0.000(-1.000/1.000)
Auto.printPidInfo_Info: encoderYPidCtrl: Target= -11.9, Input=  -9.9, Error=   0.0, PIDTerms=-0.201/ 0.000/ 0.028/-0.000, Output= 0.000(-1.000/1.000)
Auto.printPidInfo_Info: gyroPidCtrl: Target= 180.0, Input= 147.8, Error=  32.2, PIDTerms= 0.579/ 0.000/-0.117/ 0.000, Output= 0.462(-0.500/0.500)
Auto.Battery_Info: Voltage=11.67V (10.92V)
Auto.printPidInfo_Info: encoderXPidCtrl: Target=  -0.1, Input=   0.0, Error=   0.0, PIDTerms=-0.002/ 0.000/-0.138/ 0.000, Output= 0.000(-1.000/1.000)
Auto.printPidInfo_Info: encoderYPidCtrl: Target= -11.9, Input=  -9.9, Error=   0.0, PIDTerms=-0.201/ 0.000/ 0.028/-0.000, Output= 0.000(-1.000/1.000)
Auto.printPidInfo_Info: gyroPidCtrl: Target= 180.0, Input= 156.6, Error=  23.4, PIDTerms= 0.422/ 0.000/-0.094/ 0.000, Output= 0.328(-0.500/0.500)
Auto.Battery_Info: Voltage=12.06V (10.92V)
Auto.printPidInfo_Info: encoderXPidCtrl: Target=  -0.1, Input=   0.0, Error=   0.0, PIDTerms=-0.002/ 0.000/-0.138/ 0.000, Output= 0.000(-1.000/1.000)
Auto.printPidInfo_Info: encoderYPidCtrl: Target= -11.9, Input=  -9.9, Error=   0.0, PIDTerms=-0.201/ 0.000/ 0.028/-0.000, Output= 0.000(-1.000/1.000)
Auto.printPidInfo_Info: gyroPidCtrl: Target= 180.0, Input= 172.6, Error=   7.4, PIDTerms= 0.134/ 0.000/-0.234/ 0.000, Output=-0.100(-0.500/0.500)
Auto.Battery_Info: Voltage=12.09V (10.92V)
Auto.printPidInfo_Info: encoderXPidCtrl: Target=  -0.1, Input=   0.0, Error=   0.0, PIDTerms=-0.002/ 0.000/-0.138/ 0.000, Output= 0.000(-1.000/1.000)
Auto.printPidInfo_Info: encoderYPidCtrl: Target= -11.9, Input=  -9.9, Error=   0.0, PIDTerms=-0.201/ 0.000/ 0.028/-0.000, Output= 0.000(-1.000/1.000)
Auto.printPidInfo_Info: gyroPidCtrl: Target= 180.0, Input= 179.5, Error=   0.5, PIDTerms= 0.010/ 0.000/-0.107/ 0.000, Output=-0.097(-0.500/0.500)
Auto.Battery_Info: Voltage=12.12V (10.92V)
Auto.printPidInfo_Info: encoderXPidCtrl: Target=  -0.1, Input=   0.0, Error=   0.0, PIDTerms=-0.002/ 0.000/-0.138/ 0.000, Output= 0.000(-1.000/1.000)
Auto.printPidInfo_Info: encoderYPidCtrl: Target= -11.9, Input=  -9.9, Error=   0.0, PIDTerms=-0.201/ 0.000/ 0.028/-0.000, Output= 0.000(-1.000/1.000)
Auto.printPidInfo_Info: gyroPidCtrl: Target= 180.0, Input= 181.9, Error=  -1.9, PIDTerms=-0.034/ 0.000/-0.033/ 0.000, Output=-0.067(-0.500/0.500)
Auto.Robot_Info: ***** [9.795] *****   ALIGN_CRYPTOBOX: xPos= -0.56/ -8.00,yPos=-11.50/  0.00,heading= 180.8/ 180.0,volt=12.12V(10.92V)
Auto.Battery_Info: Voltage=12.12V (10.92V)
Auto.printPidInfo_Info: encoderXPidCtrl: Target=  -8.6, Input=   0.0, Error=  -8.0, PIDTerms=-0.002/ 0.000/-0.138/ 0.000, Output= 0.000(-1.000/1.000)
Auto.printPidInfo_Info: encoderYPidCtrl: Target= -11.5, Input=  -9.9, Error=   0.0, PIDTerms=-0.201/ 0.000/ 0.028/-0.000, Output= 0.000(-1.000/1.000)
Auto.printPidInfo_Info: gyroPidCtrl: Target= 180.0, Input= 181.0, Error=  -0.8, PIDTerms=-0.018/ 0.000/ 0.010/ 0.000, Output= 0.000(-0.500/0.500)
Auto.Battery_Info: Voltage=10.12V (10.12V)
Auto.printPidInfo_Info: encoderXPidCtrl: Target=  -8.6, Input=  -0.6, Error=  -8.0, PIDTerms=-1.200/ 0.000/ 0.000/-0.000, Output=-1.000(-1.000/1.000)
Auto.printPidInfo_Info: encoderYPidCtrl: Target= -11.5, Input= -11.5, Error=   0.0, PIDTerms= 0.000/ 0.000/ 0.000/-0.000, Output= 0.000(-1.000/1.000)
Auto.printPidInfo_Info: gyroPidCtrl: Target= 180.0, Input= 180.8, Error=  -0.8, PIDTerms=-0.014/ 0.000/ 0.000/ 0.000, Output=-0.014(-0.500/0.500)
Auto.Battery_Info: Voltage=10.30V (10.12V)
Auto.printPidInfo_Info: encoderXPidCtrl: Target=  -8.6, Input=  -0.9, Error=  -7.7, PIDTerms=-1.152/ 0.000/ 0.031/-0.000, Output=-1.000(-1.000/1.000)
Auto.printPidInfo_Info: encoderYPidCtrl: Target= -11.5, Input= -11.5, Error=   0.0, PIDTerms= 0.000/ 0.000/ 0.000/-0.000, Output= 0.000(-1.000/1.000)
Auto.printPidInfo_Info: gyroPidCtrl: Target= 180.0, Input= 180.8, Error=  -0.8, PIDTerms=-0.014/ 0.000/ 0.000/ 0.000, Output=-0.014(-0.500/0.500)
Auto.Battery_Info: Voltage=11.36V (10.12V)
Auto.printPidInfo_Info: encoderXPidCtrl: Target=  -8.6, Input=  -3.3, Error=  -5.3, PIDTerms=-0.791/ 0.000/ 0.195/-0.000, Output=-0.596(-1.000/1.000)
Auto.printPidInfo_Info: encoderYPidCtrl: Target= -11.5, Input= -11.3, Error=  -0.2, PIDTerms=-0.003/ 0.000/-0.002/-0.000, Output=-0.006(-1.000/1.000)
Auto.printPidInfo_Info: gyroPidCtrl: Target= 180.0, Input= 179.9, Error=   0.1, PIDTerms= 0.002/ 0.000/ 0.009/ 0.000, Output= 0.012(-0.500/0.500)
Auto.Battery_Info: Voltage=11.77V (10.12V)
Auto.printPidInfo_Info: encoderXPidCtrl: Target=  -8.6, Input=  -7.5, Error=  -1.0, PIDTerms=-0.156/ 0.000/ 0.401/-0.000, Output= 0.244(-1.000/1.000)
Auto.printPidInfo_Info: encoderYPidCtrl: Target= -11.5, Input= -11.5, Error=   0.0, PIDTerms= 0.001/ 0.000/ 0.003/-0.000, Output= 0.003(-1.000/1.000)
Auto.printPidInfo_Info: gyroPidCtrl: Target= 180.0, Input= 176.0, Error=   4.0, PIDTerms= 0.073/ 0.000/ 0.049/ 0.000, Output= 0.122(-0.500/0.500)
Auto.Battery_Info: Voltage=11.48V (10.12V)
Auto.printPidInfo_Info: encoderXPidCtrl: Target=  -8.6, Input=  -9.8, Error=   1.3, PIDTerms= 0.188/ 0.000/ 0.218/-0.000, Output= 0.406(-1.000/1.000)
Auto.printPidInfo_Info: encoderYPidCtrl: Target= -11.5, Input= -11.8, Error=   0.3, PIDTerms= 0.005/ 0.000/ 0.003/-0.000, Output= 0.008(-1.000/1.000)
Auto.printPidInfo_Info: gyroPidCtrl: Target= 180.0, Input= 176.7, Error=   3.3, PIDTerms= 0.060/ 0.000/-0.009/ 0.000, Output= 0.051(-0.500/0.500)
Auto.Battery_Info: Voltage=12.04V (10.12V)
Auto.printPidInfo_Info: encoderXPidCtrl: Target=  -8.6, Input=  -9.4, Error=   0.9, PIDTerms= 0.128/ 0.000/-0.037/-0.000, Output= 0.091(-1.000/1.000)
Auto.printPidInfo_Info: encoderYPidCtrl: Target= -11.5, Input= -11.8, Error=   0.3, PIDTerms= 0.007/ 0.000/ 0.001/-0.000, Output= 0.008(-1.000/1.000)
Auto.printPidInfo_Info: gyroPidCtrl: Target= 180.0, Input= 178.2, Error=   1.8, PIDTerms= 0.032/ 0.000/-0.019/ 0.000, Output= 0.013(-0.500/0.500)
Auto.Battery_Info: Voltage=12.06V (10.12V)
Auto.printPidInfo_Info: encoderXPidCtrl: Target=  -8.6, Input=  -8.5, Error=  -0.0, PIDTerms=-0.002/ 0.000/-0.078/-0.000, Output=-0.080(-1.000/1.000)
Auto.printPidInfo_Info: encoderYPidCtrl: Target= -11.5, Input= -11.7, Error=   0.2, PIDTerms= 0.004/ 0.000/-0.002/-0.000, Output= 0.002(-1.000/1.000)
Auto.printPidInfo_Info: gyroPidCtrl: Target= 180.0, Input= 180.2, Error=  -0.2, PIDTerms=-0.003/ 0.000/-0.023/ 0.000, Output=-0.026(-0.500/0.500)
Auto.Robot_Info: ***** [11.064] *****    SET_DOWN_GLYPH: xPos= -8.79/ -8.00,yPos=-11.64/  0.00,heading= 181.0/ 180.0,volt=12.07V(10.12V)
Auto.Robot_Info: ***** [13.175] *****     RELEASE_GLYPH: xPos= -8.79/ -8.00,yPos=-11.65/  0.00,heading= 180.9/ 180.0,volt=12.14V(10.12V)
Auto.Robot_Info: ***** [13.759] *****      PUSH_FORWARD: xPos= -8.79/  0.00,yPos=-11.65/ 15.00,heading= 180.9/ 180.0,volt=12.18V(10.12V)
Auto.Battery_Info: Voltage=12.17V (10.12V)
Auto.printPidInfo_Info: encoderXPidCtrl: Target=  -8.8, Input=  -8.5, Error=   0.0, PIDTerms=-0.007/ 0.000/-0.003/-0.000, Output= 0.000(-1.000/1.000)
Auto.printPidInfo_Info: encoderYPidCtrl: Target=   3.4, Input= -11.6, Error=  15.0, PIDTerms= 0.003/ 0.000/-0.001/-0.000, Output= 0.000(-1.000/1.000)
Auto.printPidInfo_Info: gyroPidCtrl: Target= 180.0, Input= 180.9, Error=  -0.9, PIDTerms=-0.015/ 0.000/-0.008/ 0.000, Output= 0.000(-0.500/0.500)
Auto.Battery_Info: Voltage=11.84V (10.12V)
Auto.printPidInfo_Info: encoderXPidCtrl: Target=  -8.8, Input=  -8.8, Error=   0.0, PIDTerms= 0.000/ 0.000/ 0.000/-0.000, Output= 0.000(-1.000/1.000)
Auto.printPidInfo_Info: encoderYPidCtrl: Target=   3.4, Input= -11.6, Error=  15.0, PIDTerms= 0.300/ 0.000/ 0.000/ 0.000, Output= 0.300(-1.000/1.000)
Auto.printPidInfo_Info: gyroPidCtrl: Target= 180.0, Input= 180.9, Error=  -0.9, PIDTerms=-0.016/ 0.000/ 0.000/ 0.000, Output=-0.016(-0.500/0.500)
Auto.Battery_Info: Voltage=11.88V (10.12V)
Auto.printPidInfo_Info: encoderXPidCtrl: Target=  -8.8, Input=  -8.8, Error=  -0.0, PIDTerms=-0.005/ 0.000/-0.004/-0.000, Output=-0.009(-1.000/1.000)
Auto.printPidInfo_Info: encoderYPidCtrl: Target=   3.4, Input= -11.4, Error=  14.8, PIDTerms= 0.296/ 0.000/-0.003/ 0.000, Output= 0.293(-1.000/1.000)
Auto.printPidInfo_Info: gyroPidCtrl: Target= 180.0, Input= 180.9, Error=  -0.9, PIDTerms=-0.016/ 0.000/-0.000/ 0.000, Output=-0.017(-0.500/0.500)
Auto.Battery_Info: Voltage=11.94V (10.12V)
Auto.printPidInfo_Info: encoderXPidCtrl: Target=  -8.8, Input=  -8.8, Error=   0.0, PIDTerms= 0.002/ 0.000/ 0.005/-0.000, Output= 0.007(-1.000/1.000)
Auto.printPidInfo_Info: encoderYPidCtrl: Target=   3.4, Input= -10.4, Error=  13.8, PIDTerms= 0.276/ 0.000/-0.013/ 0.000, Output= 0.263(-1.000/1.000)
Auto.printPidInfo_Info: gyroPidCtrl: Target= 180.0, Input= 180.7, Error=  -0.7, PIDTerms=-0.012/ 0.000/ 0.003/ 0.000, Output=-0.010(-0.500/0.500)
Auto.Battery_Info: Voltage=11.91V (10.12V)
Auto.printPidInfo_Info: encoderXPidCtrl: Target=  -8.8, Input=  -8.8, Error=  -0.0, PIDTerms=-0.001/ 0.000/-0.002/-0.000, Output=-0.003(-1.000/1.000)
Auto.printPidInfo_Info: encoderYPidCtrl: Target=   3.4, Input=  -9.1, Error=  12.5, PIDTerms= 0.249/ 0.000/-0.025/ 0.000, Output= 0.224(-1.000/1.000)
Auto.printPidInfo_Info: gyroPidCtrl: Target= 180.0, Input= 180.7, Error=  -0.7, PIDTerms=-0.012/ 0.000/ 0.000/ 0.000, Output=-0.012(-0.500/0.500)
Auto.Battery_Info: Voltage=11.92V (10.12V)
Auto.printPidInfo_Info: encoderXPidCtrl: Target=  -8.8, Input=  -8.7, Error=  -0.1, PIDTerms=-0.009/ 0.000/-0.006/-0.000, Output=-0.015(-1.000/1.000)
Auto.printPidInfo_Info: encoderYPidCtrl: Target=   3.4, Input=  -8.1, Error=  11.5, PIDTerms= 0.230/ 0.000/-0.015/ 0.000, Output= 0.215(-1.000/1.000)
Auto.printPidInfo_Info: gyroPidCtrl: Target= 180.0, Input= 180.7, Error=  -0.7, PIDTerms=-0.013/ 0.000/-0.000/ 0.000, Output=-0.013(-0.500/0.500)
Auto.Battery_Info: Voltage=11.84V (10.12V)
Auto.printPidInfo_Info: encoderXPidCtrl: Target=  -8.8, Input=  -8.7, Error=  -0.1, PIDTerms=-0.016/ 0.000/-0.004/-0.000, Output=-0.020(-1.000/1.000)
Auto.printPidInfo_Info: encoderYPidCtrl: Target=   3.4, Input=  -8.1, Error=  11.4, PIDTerms= 0.229/ 0.000/-0.001/ 0.000, Output= 0.228(-1.000/1.000)
Auto.printPidInfo_Info: gyroPidCtrl: Target= 180.0, Input= 181.8, Error=  -1.8, PIDTerms=-0.032/ 0.000/-0.011/ 0.000, Output=-0.043(-0.500/0.500)
Auto.Battery_Info: Voltage=11.84V (10.12V)
Auto.printPidInfo_Info: encoderXPidCtrl: Target=  -8.8, Input=  -8.7, Error=  -0.1, PIDTerms=-0.017/ 0.000/-0.000/-0.000, Output=-0.017(-1.000/1.000)
Auto.printPidInfo_Info: encoderYPidCtrl: Target=   3.4, Input=  -8.1, Error=  11.4, PIDTerms= 0.229/ 0.000/-0.000/ 0.000, Output= 0.229(-1.000/1.000)
Auto.printPidInfo_Info: gyroPidCtrl: Target= 180.0, Input= 182.0, Error=  -2.0, PIDTerms=-0.037/ 0.000/-0.004/ 0.000, Output=-0.041(-0.500/0.500)
Auto.Battery_Info: Voltage=11.85V (10.12V)
Auto.printPidInfo_Info: encoderXPidCtrl: Target=  -8.8, Input=  -8.7, Error=  -0.1, PIDTerms=-0.017/ 0.000/ 0.000/-0.000, Output=-0.017(-1.000/1.000)
Auto.printPidInfo_Info: encoderYPidCtrl: Target=   3.4, Input=  -8.1, Error=  11.4, PIDTerms= 0.229/ 0.000/ 0.000/ 0.000, Output= 0.229(-1.000/1.000)
Auto.printPidInfo_Info: gyroPidCtrl: Target= 180.0, Input= 182.0, Error=  -2.0, PIDTerms=-0.037/ 0.000/-0.000/ 0.000, Output=-0.037(-0.500/0.500)
Auto.Robot_Info: ***** [15.187] *****          BACK_OFF: xPos= -8.68/  0.00,yPos= -8.11/ -6.50,heading= 182.0/ 180.0,volt=12.18V(10.12V)
Auto.Battery_Info: Voltage=12.17V (10.12V)
Auto.printPidInfo_Info: encoderXPidCtrl: Target=  -8.7, Input=  -8.7, Error=   0.0, PIDTerms=-0.017/ 0.000/ 0.000/-0.000, Output= 0.000(-1.000/1.000)
Auto.printPidInfo_Info: encoderYPidCtrl: Target= -14.6, Input=  -8.1, Error=  -6.5, PIDTerms= 0.229/ 0.000/ 0.000/ 0.000, Output= 0.000(-1.000/1.000)
Auto.printPidInfo_Info: gyroPidCtrl: Target= 180.0, Input= 182.0, Error=  -2.0, PIDTerms=-0.037/ 0.000/ 0.000/ 0.000, Output= 0.000(-0.500/0.500)
Auto.Battery_Info: Voltage=12.13V (10.12V)
Auto.printPidInfo_Info: encoderXPidCtrl: Target=  -8.7, Input=  -8.7, Error=   0.0, PIDTerms= 0.000/ 0.000/ 0.000/-0.000, Output= 0.000(-1.000/1.000)
Auto.printPidInfo_Info: encoderYPidCtrl: Target= -14.6, Input=  -8.1, Error=  -6.5, PIDTerms=-0.130/ 0.000/ 0.000/-0.000, Output=-0.130(-1.000/1.000)
Auto.printPidInfo_Info: gyroPidCtrl: Target= 180.0, Input= 182.0, Error=  -2.0, PIDTerms=-0.037/ 0.000/ 0.000/ 0.000, Output=-0.037(-0.500/0.500)
Auto.Battery_Info: Voltage=12.14V (10.12V)
Auto.printPidInfo_Info: encoderXPidCtrl: Target=  -8.7, Input=  -8.7, Error=  -0.0, PIDTerms=-0.002/ 0.000/-0.001/-0.000, Output=-0.003(-1.000/1.000)
Auto.printPidInfo_Info: encoderYPidCtrl: Target= -14.6, Input=  -8.3, Error=  -6.3, PIDTerms=-0.126/ 0.000/ 0.003/-0.000, Output=-0.123(-1.000/1.000)
Auto.printPidInfo_Info: gyroPidCtrl: Target= 180.0, Input= 182.1, Error=  -2.1, PIDTerms=-0.039/ 0.000/-0.002/ 0.000, Output=-0.040(-0.500/0.500)
Auto.Battery_Info: Voltage=12.16V (10.12V)
Auto.printPidInfo_Info: encoderXPidCtrl: Target=  -8.7, Input=  -8.6, Error=  -0.1, PIDTerms=-0.009/ 0.000/-0.004/-0.000, Output=-0.013(-1.000/1.000)
Auto.printPidInfo_Info: encoderYPidCtrl: Target= -14.6, Input=  -9.2, Error=  -5.4, PIDTerms=-0.108/ 0.000/ 0.011/-0.000, Output=-0.097(-1.000/1.000)
Auto.printPidInfo_Info: gyroPidCtrl: Target= 180.0, Input= 182.4, Error=  -2.4, PIDTerms=-0.043/ 0.000/-0.003/ 0.000, Output=-0.046(-0.500/0.500)
Auto.Battery_Info: Voltage=12.14V (10.12V)
Auto.printPidInfo_Info: encoderXPidCtrl: Target=  -8.7, Input=  -8.7, Error=   0.0, PIDTerms= 0.000/ 0.000/ 0.006/-0.000, Output= 0.006(-1.000/1.000)
Auto.printPidInfo_Info: encoderYPidCtrl: Target= -14.6, Input=  -9.8, Error=  -4.9, PIDTerms=-0.097/ 0.000/ 0.008/-0.000, Output=-0.089(-1.000/1.000)
Auto.printPidInfo_Info: gyroPidCtrl: Target= 180.0, Input= 182.1, Error=  -2.1, PIDTerms=-0.037/ 0.000/ 0.004/ 0.000, Output=-0.033(-0.500/0.500)
Auto.Battery_Info: Voltage=12.14V (10.12V)
Auto.printPidInfo_Info: encoderXPidCtrl: Target=  -8.7, Input=  -8.7, Error=   0.1, PIDTerms= 0.010/ 0.000/ 0.007/-0.000, Output= 0.017(-1.000/1.000)
Auto.printPidInfo_Info: encoderYPidCtrl: Target= -14.6, Input= -10.1, Error=  -4.5, PIDTerms=-0.090/ 0.000/ 0.006/-0.000, Output=-0.084(-1.000/1.000)
Auto.printPidInfo_Info: gyroPidCtrl: Target= 180.0, Input= 182.0, Error=  -2.0, PIDTerms=-0.036/ 0.000/ 0.001/ 0.000, Output=-0.036(-0.500/0.500)
Auto.Battery_Info: Voltage=12.13V (10.12V)
Auto.printPidInfo_Info: encoderXPidCtrl: Target=  -8.7, Input=  -8.7, Error=   0.0, PIDTerms= 0.006/ 0.000/-0.003/-0.000, Output= 0.004(-1.000/1.000)
Auto.printPidInfo_Info: encoderYPidCtrl: Target= -14.6, Input= -10.3, Error=  -4.3, PIDTerms=-0.086/ 0.000/ 0.003/-0.000, Output=-0.083(-1.000/1.000)
Auto.printPidInfo_Info: gyroPidCtrl: Target= 180.0, Input= 182.0, Error=  -2.0, PIDTerms=-0.035/ 0.000/ 0.001/ 0.000, Output=-0.034(-0.500/0.500)
Auto.Battery_Info: Voltage=12.14V (10.12V)
Auto.printPidInfo_Info: encoderXPidCtrl: Target=  -8.7, Input=  -8.7, Error=   0.0, PIDTerms= 0.000/ 0.000/-0.004/-0.000, Output=-0.004(-1.000/1.000)
Auto.printPidInfo_Info: encoderYPidCtrl: Target= -14.6, Input= -10.5, Error=  -4.1, PIDTerms=-0.082/ 0.000/ 0.002/-0.000, Output=-0.080(-1.000/1.000)
Auto.printPidInfo_Info: gyroPidCtrl: Target= 180.0, Input= 181.9, Error=  -1.9, PIDTerms=-0.034/ 0.000/ 0.001/ 0.000, Output=-0.034(-0.500/0.500)
Auto.Robot_Info: ***** [16.369] *****              DONE: xPos= -8.66/  0.00,yPos=-10.61/ -6.50,heading= 181.8/ 180.0,volt=12.22V(10.12V)
