Auto.FtcAuto_Info: Sat Dec 02 23:03:37 PST 2017: ***** Starting autonomous *****
Auto.Robot_Info: [0.102]  DEPLOY_JEWEL_ARM: xPos= -4.66/  0.00,yPos= -5.41/  0.00,heading=  -0.0/   0.0,volt=12.43V(12.41V)
Auto.WHACK_JEWEL_Info: VuMark: UNKNOWN
Auto.WHACK_JEWEL_Info: 0: Color=RED, HSV=[8.823530/0.539683/0.494118]
Auto.Robot_Info: [0.706]       WHACK_JEWEL: xPos= -4.66/  0.00,yPos= -5.41/  0.00,heading=   0.0/   0.0,volt=12.45V(12.38V)
Auto.Robot_Info: [1.227] MOVE_JEWEL_ARM_UP: xPos= -4.66/  0.00,yPos= -5.41/  0.00,heading=   0.0/   0.0,volt=12.44V(12.38V)
Auto.Robot_Info: [1.644]   RESET_JEWEL_ARM: xPos= -4.66/  0.00,yPos= -5.41/  0.00,heading=   0.0/   0.0,volt=12.43V(12.38V)
Auto.DO_DELAY_Info: Delay=0
Auto.Robot_Info: [1.964]          DO_DELAY: xPos= -4.66/  0.00,yPos= -5.41/  0.00,heading=   0.0/   0.0,volt=12.44V(12.38V)
Auto.Robot_Info: [2.060]   GRAB_LIFT_GLYPH: xPos= -4.66/  0.00,yPos= -5.41/  0.00,heading=   0.0/   0.0,volt=12.44V(12.38V)
Auto.Robot_Info: [4.259] DRIVE_OFF_PLATFORM: xPos= -4.66/  0.00,yPos= -5.41/ 25.00,heading=   0.0/   0.0,volt=12.32V(11.86V)
Auto.Battery_Info: Voltage=12.32V (11.86V)
Auto.printPidInfo_Info: encoderYPidCtrl: Target=  19.6, Input=   0.0, Error=  25.0, PIDTerms= 0.000/ 0.000/ 0.000/ 0.000, Output= 0.000(-0.500/0.500)
Auto.printPidInfo_Info: gyroPidCtrl: Target=   0.0, Input=   0.0, Error=  -0.0, PIDTerms= 0.000/ 0.000/ 0.000/ 0.000, Output= 0.000(-0.500/0.500)
Auto.Battery_Info: Voltage=11.65V (11.64V)
Auto.printPidInfo_Info: encoderYPidCtrl: Target=  19.6, Input=  -5.4, Error=  25.0, PIDTerms= 0.500/ 0.000/ 0.000/ 0.000, Output= 0.500(-0.500/0.500)
Auto.printPidInfo_Info: gyroPidCtrl: Target=   0.0, Input=   0.0, Error=  -0.0, PIDTerms=-0.001/ 0.000/ 0.000/ 0.000, Output=-0.001(-0.500/0.500)
Auto.Battery_Info: Voltage=10.95V (10.89V)
Auto.printPidInfo_Info: encoderYPidCtrl: Target=  19.6, Input=   0.3, Error=  19.3, PIDTerms= 0.385/ 0.000/-0.070/ 0.000, Output= 0.315(-0.500/0.500)
Auto.printPidInfo_Info: gyroPidCtrl: Target=   0.0, Input=   0.0, Error=  -0.0, PIDTerms=-0.001/ 0.000/ 0.000/ 0.000, Output=-0.001(-0.500/0.500)
Auto.Battery_Info: Voltage=11.55V (10.89V)
Auto.printPidInfo_Info: encoderYPidCtrl: Target=  19.6, Input=   2.4, Error=  17.2, PIDTerms= 0.344/ 0.000/-0.028/ 0.000, Output= 0.316(-0.500/0.500)
Auto.printPidInfo_Info: gyroPidCtrl: Target=   0.0, Input=   0.2, Error=  -0.2, PIDTerms=-0.003/ 0.000/-0.002/ 0.000, Output=-0.005(-0.500/0.500)
Auto.Battery_Info: Voltage=12.17V (10.89V)
Auto.printPidInfo_Info: encoderYPidCtrl: Target=  19.6, Input=   3.7, Error=  15.9, PIDTerms= 0.318/ 0.000/-0.020/ 0.000, Output= 0.297(-0.500/0.500)
Auto.printPidInfo_Info: gyroPidCtrl: Target=   0.0, Input=  -0.3, Error=   0.3, PIDTerms= 0.006/ 0.000/ 0.007/ 0.000, Output= 0.013(-0.500/0.500)
Auto.Battery_Info: Voltage=11.98V (10.89V)
Auto.printPidInfo_Info: encoderYPidCtrl: Target=  19.6, Input=   5.7, Error=  13.9, PIDTerms= 0.278/ 0.000/-0.026/ 0.000, Output= 0.252(-0.500/0.500)
Auto.printPidInfo_Info: gyroPidCtrl: Target=   0.0, Input=   0.6, Error=  -0.6, PIDTerms=-0.010/ 0.000/-0.011/ 0.000, Output=-0.021(-0.500/0.500)
Auto.Battery_Info: Voltage=11.39V (10.89V)
Auto.printPidInfo_Info: encoderYPidCtrl: Target=  19.6, Input=   2.7, Error=  16.9, PIDTerms= 0.338/ 0.000/ 0.039/ 0.000, Output= 0.377(-0.500/0.500)
Auto.printPidInfo_Info: gyroPidCtrl: Target=   0.0, Input=  -0.0, Error=   0.0, PIDTerms= 0.000/ 0.000/ 0.007/ 0.000, Output= 0.007(-0.500/0.500)
Auto.Battery_Info: Voltage=11.23V (10.89V)
Auto.printPidInfo_Info: encoderYPidCtrl: Target=  19.6, Input=   6.3, Error=  13.3, PIDTerms= 0.266/ 0.000/-0.060/ 0.000, Output= 0.206(-0.500/0.500)
Auto.printPidInfo_Info: gyroPidCtrl: Target=   0.0, Input=   2.9, Error=  -2.9, PIDTerms=-0.053/ 0.000/-0.044/ 0.000, Output=-0.096(-0.500/0.500)
Auto.Battery_Info: Voltage=12.05V (10.89V)
Auto.printPidInfo_Info: encoderYPidCtrl: Target=  19.6, Input=   8.3, Error=  11.3, PIDTerms= 0.225/ 0.000/-0.036/ 0.000, Output= 0.189(-0.500/0.500)
Auto.printPidInfo_Info: gyroPidCtrl: Target=   0.0, Input=   0.7, Error=  -0.7, PIDTerms=-0.013/ 0.000/ 0.036/ 0.000, Output= 0.024(-0.500/0.500)
Auto.Battery_Info: Voltage=12.17V (10.89V)
Auto.printPidInfo_Info: encoderYPidCtrl: Target=  19.6, Input=  10.7, Error=   8.8, PIDTerms= 0.177/ 0.000/-0.033/ 0.000, Output= 0.144(-0.500/0.500)
Auto.printPidInfo_Info: gyroPidCtrl: Target=   0.0, Input=  -4.0, Error=   4.0, PIDTerms= 0.072/ 0.000/ 0.058/ 0.000, Output= 0.131(-0.500/0.500)
Auto.Battery_Info: Voltage=10.87V (10.87V)
Auto.printPidInfo_Info: encoderYPidCtrl: Target=  19.6, Input=   8.4, Error=  11.1, PIDTerms= 0.223/ 0.000/ 0.021/ 0.000, Output= 0.244(-0.500/0.500)
Auto.printPidInfo_Info: gyroPidCtrl: Target=   0.0, Input=  -7.3, Error=   7.3, PIDTerms= 0.132/ 0.000/ 0.028/ 0.000, Output= 0.160(-0.500/0.500)
Auto.Battery_Info: Voltage=11.55V (10.87V)
Auto.printPidInfo_Info: encoderYPidCtrl: Target=  19.6, Input=   9.6, Error=  10.0, PIDTerms= 0.199/ 0.000/-0.020/ 0.000, Output= 0.179(-0.500/0.500)
Auto.printPidInfo_Info: gyroPidCtrl: Target=   0.0, Input=  -5.1, Error=   5.1, PIDTerms= 0.092/ 0.000/-0.035/ 0.000, Output= 0.057(-0.500/0.500)
Auto.Battery_Info: Voltage=12.10V (10.87V)
Auto.printPidInfo_Info: encoderYPidCtrl: Target=  19.6, Input=  10.6, Error=   9.0, PIDTerms= 0.179/ 0.000/-0.013/ 0.000, Output= 0.166(-0.500/0.500)
Auto.printPidInfo_Info: gyroPidCtrl: Target=   0.0, Input=  -2.6, Error=   2.6, PIDTerms= 0.047/ 0.000/-0.031/ 0.000, Output= 0.016(-0.500/0.500)
Auto.Battery_Info: Voltage=12.20V (10.87V)
Auto.printPidInfo_Info: encoderYPidCtrl: Target=  19.6, Input=  11.6, Error=   8.0, PIDTerms= 0.159/ 0.000/-0.017/ 0.000, Output= 0.142(-0.500/0.500)
Auto.printPidInfo_Info: gyroPidCtrl: Target=   0.0, Input=   1.9, Error=  -1.9, PIDTerms=-0.034/ 0.000/-0.069/ 0.000, Output=-0.104(-0.500/0.500)
Auto.Robot_Info: [6.504]     DRIVE_TO_WALL: xPos= -4.00/  0.00,yPos= 13.54/ 25.00,heading=   4.4/   0.0,volt=12.32V(10.87V)
Auto.Robot_Info: [6.584] TURN_TO_CRYPTOBOX: xPos= -4.00/  0.00,yPos= 13.54/  0.00,heading=   3.5/   0.0,volt=12.32V(10.87V)
Auto.Battery_Info: Voltage=12.32V (10.87V)
Auto.printPidInfo_Info: gyroPidCtrl: Target=   0.0, Input=   3.5, Error=  -3.5, PIDTerms=-0.063/ 0.000/-0.018/ 0.000, Output= 0.000(-0.500/0.500)
Auto.Battery_Info: Voltage=12.30V (10.87V)
Auto.printPidInfo_Info: gyroPidCtrl: Target=   0.0, Input=   3.5, Error=  -3.5, PIDTerms=-0.064/ 0.000/ 0.000/ 0.000, Output=-0.064(-0.500/0.500)
Auto.Battery_Info: Voltage=12.30V (10.87V)
Auto.printPidInfo_Info: gyroPidCtrl: Target=   0.0, Input=   3.3, Error=  -3.3, PIDTerms=-0.060/ 0.000/ 0.002/ 0.000, Output=-0.058(-0.500/0.500)
Auto.Battery_Info: Voltage=12.30V (10.87V)
Auto.printPidInfo_Info: gyroPidCtrl: Target=   0.0, Input=   3.4, Error=  -3.4, PIDTerms=-0.060/ 0.000/-0.000/ 0.000, Output=-0.061(-0.500/0.500)
Auto.Robot_Info: [7.264]   ALIGN_CRYPTOBOX: xPos= -4.00/ 16.00,yPos= 13.56/  0.00,heading=   3.3/   0.0,volt=12.34V(10.87V)
Auto.Battery_Info: Voltage=12.34V (10.87V)
Auto.printPidInfo_Info: encoderXPidCtrl: Target=  12.0, Input=  -4.0, Error=  16.0, PIDTerms= 0.000/ 0.000/ 0.000/-0.000, Output= 0.000(-1.000/1.000)
Auto.printPidInfo_Info: gyroPidCtrl: Target=   0.0, Input=   3.3, Error=  -3.3, PIDTerms=-0.060/ 0.000/ 0.000/ 0.000, Output= 0.000(-0.500/0.500)
Auto.Battery_Info: Voltage=10.20V (10.31V)
Auto.printPidInfo_Info: encoderXPidCtrl: Target=  12.0, Input=  -4.0, Error=  16.0, PIDTerms= 2.400/ 0.000/ 0.000/ 0.000, Output= 1.000(-1.000/1.000)
Auto.printPidInfo_Info: gyroPidCtrl: Target=   0.0, Input=   3.3, Error=  -3.3, PIDTerms=-0.060/ 0.000/ 0.000/ 0.000, Output=-0.060(-0.500/0.500)
Auto.Battery_Info: Voltage=10.60V (10.31V)
Auto.printPidInfo_Info: encoderXPidCtrl: Target=  12.0, Input=  -3.6, Error=  15.7, PIDTerms= 2.348/ 0.000/-0.036/ 0.000, Output= 1.000(-1.000/1.000)
Auto.printPidInfo_Info: gyroPidCtrl: Target=   0.0, Input=   3.3, Error=  -3.3, PIDTerms=-0.060/ 0.000/ 0.000/ 0.000, Output=-0.060(-0.500/0.500)
Auto.Battery_Info: Voltage=10.79V (10.31V)
Auto.printPidInfo_Info: encoderXPidCtrl: Target=  12.0, Input=  -1.2, Error=  13.2, PIDTerms= 1.981/ 0.000/-0.251/ 0.000, Output= 1.000(-1.000/1.000)
Auto.printPidInfo_Info: gyroPidCtrl: Target=   0.0, Input=   3.2, Error=  -3.2, PIDTerms=-0.057/ 0.000/ 0.002/ 0.000, Output=-0.055(-0.500/0.500)
Auto.Battery_Info: Voltage=10.85V (10.31V)
Auto.printPidInfo_Info: encoderXPidCtrl: Target=  12.0, Input=   1.4, Error=  10.6, PIDTerms= 1.594/ 0.000/-0.373/ 0.000, Output= 1.000(-1.000/1.000)
Auto.printPidInfo_Info: gyroPidCtrl: Target=   0.0, Input=   2.0, Error=  -2.0, PIDTerms=-0.036/ 0.000/ 0.023/ 0.000, Output=-0.013(-0.500/0.500)
Auto.Battery_Info: Voltage=11.22V (10.31V)
Auto.printPidInfo_Info: encoderXPidCtrl: Target=  12.0, Input=   4.3, Error=   7.7, PIDTerms= 1.159/ 0.000/-0.297/ 0.000, Output= 0.862(-1.000/1.000)
Auto.printPidInfo_Info: gyroPidCtrl: Target=   0.0, Input=   0.7, Error=  -0.7, PIDTerms=-0.013/ 0.000/ 0.017/ 0.000, Output= 0.004(-0.500/0.500)
Auto.Battery_Info: Voltage=12.16V (10.31V)
Auto.printPidInfo_Info: encoderXPidCtrl: Target=  12.0, Input=   8.2, Error=   3.8, PIDTerms= 0.568/ 0.000/-0.371/ 0.000, Output= 0.197(-1.000/1.000)
Auto.printPidInfo_Info: gyroPidCtrl: Target=   0.0, Input=  -1.6, Error=   1.6, PIDTerms= 0.029/ 0.000/ 0.029/ 0.000, Output= 0.058(-0.500/0.500)
Auto.Battery_Info: Voltage=11.94V (10.31V)
Auto.printPidInfo_Info: encoderXPidCtrl: Target=  12.0, Input=  11.5, Error=   0.5, PIDTerms= 0.076/ 0.000/-0.335/ 0.000, Output=-0.260(-1.000/1.000)
Auto.printPidInfo_Info: gyroPidCtrl: Target=   0.0, Input=  -3.0, Error=   3.0, PIDTerms= 0.054/ 0.000/ 0.019/ 0.000, Output= 0.074(-0.500/0.500)
Auto.Battery_Info: Voltage=11.72V (10.31V)
Auto.printPidInfo_Info: encoderXPidCtrl: Target=  12.0, Input=  13.2, Error=  -1.2, PIDTerms=-0.173/ 0.000/-0.184/ 0.000, Output=-0.358(-1.000/1.000)
Auto.printPidInfo_Info: gyroPidCtrl: Target=   0.0, Input=  -4.4, Error=   4.4, PIDTerms= 0.080/ 0.000/ 0.021/ 0.000, Output= 0.101(-0.500/0.500)
Auto.Battery_Info: Voltage=12.24V (10.31V)
Auto.printPidInfo_Info: encoderXPidCtrl: Target=  12.0, Input=  12.7, Error=  -0.7, PIDTerms=-0.100/ 0.000/ 0.048/ 0.000, Output=-0.051(-1.000/1.000)
Auto.printPidInfo_Info: gyroPidCtrl: Target=   0.0, Input=  -4.6, Error=   4.6, PIDTerms= 0.083/ 0.000/ 0.002/ 0.000, Output= 0.085(-0.500/0.500)
Auto.Battery_Info: Voltage=12.29V (10.31V)
Auto.printPidInfo_Info: encoderXPidCtrl: Target=  12.0, Input=  12.1, Error=  -0.1, PIDTerms=-0.014/ 0.000/ 0.056/ 0.000, Output= 0.042(-1.000/1.000)
Auto.printPidInfo_Info: gyroPidCtrl: Target=   0.0, Input=  -3.1, Error=   3.1, PIDTerms= 0.057/ 0.000/-0.019/ 0.000, Output= 0.037(-0.500/0.500)
Auto.Battery_Info: Voltage=12.30V (10.31V)
Auto.printPidInfo_Info: encoderXPidCtrl: Target=  12.0, Input=  12.1, Error=  -0.1, PIDTerms=-0.014/ 0.000/ 0.000/ 0.000, Output=-0.014(-1.000/1.000)
Auto.printPidInfo_Info: gyroPidCtrl: Target=   0.0, Input=  -0.2, Error=   0.2, PIDTerms= 0.003/ 0.000/-0.042/ 0.000, Output=-0.039(-0.500/0.500)
Auto.Robot_Info: [8.981]      MOVE_FORWARD: xPos= 12.13/  0.00,yPos= 13.66/  9.00,heading=   0.1/   0.0,volt=12.31V(10.31V)
Auto.Battery_Info: Voltage=12.31V (10.31V)
Auto.printPidInfo_Info: encoderYPidCtrl: Target=  22.7, Input=  13.7, Error=   9.0, PIDTerms=-0.003/ 0.000/-0.001/ 0.000, Output= 0.000(-1.000/1.000)
Auto.printPidInfo_Info: gyroPidCtrl: Target=   0.0, Input=   0.1, Error=  -0.1, PIDTerms=-0.002/ 0.000/-0.004/ 0.000, Output= 0.000(-0.500/0.500)
Auto.Battery_Info: Voltage=12.16V (10.31V)
Auto.printPidInfo_Info: encoderYPidCtrl: Target=  22.7, Input=  13.7, Error=   9.0, PIDTerms= 0.180/ 0.000/ 0.000/ 0.000, Output= 0.180(-1.000/1.000)
Auto.printPidInfo_Info: gyroPidCtrl: Target=   0.0, Input=   0.1, Error=  -0.1, PIDTerms=-0.002/ 0.000/ 0.000/ 0.000, Output=-0.002(-0.500/0.500)
Auto.Battery_Info: Voltage=12.17V (10.31V)
Auto.printPidInfo_Info: encoderYPidCtrl: Target=  22.7, Input=  13.7, Error=   8.9, PIDTerms= 0.179/ 0.000/-0.001/ 0.000, Output= 0.178(-1.000/1.000)
Auto.printPidInfo_Info: gyroPidCtrl: Target=   0.0, Input=   0.1, Error=  -0.1, PIDTerms=-0.002/ 0.000/ 0.000/ 0.000, Output=-0.002(-0.500/0.500)
Auto.Battery_Info: Voltage=12.19V (10.31V)
Auto.printPidInfo_Info: encoderYPidCtrl: Target=  22.7, Input=  14.3, Error=   8.3, PIDTerms= 0.166/ 0.000/-0.008/ 0.000, Output= 0.158(-1.000/1.000)
Auto.printPidInfo_Info: gyroPidCtrl: Target=   0.0, Input=   0.1, Error=  -0.1, PIDTerms=-0.002/ 0.000/ 0.000/ 0.000, Output=-0.001(-0.500/0.500)
Auto.Battery_Info: Voltage=12.22V (10.31V)
Auto.printPidInfo_Info: encoderYPidCtrl: Target=  22.7, Input=  15.0, Error=   7.6, PIDTerms= 0.153/ 0.000/-0.010/ 0.000, Output= 0.143(-1.000/1.000)
Auto.printPidInfo_Info: gyroPidCtrl: Target=   0.0, Input=   0.0, Error=  -0.0, PIDTerms=-0.000/ 0.000/ 0.001/ 0.000, Output= 0.001(-0.500/0.500)
Auto.Battery_Info: Voltage=12.23V (10.31V)
Auto.printPidInfo_Info: encoderYPidCtrl: Target=  22.7, Input=  15.6, Error=   7.0, PIDTerms= 0.140/ 0.000/-0.009/ 0.000, Output= 0.131(-1.000/1.000)
Auto.printPidInfo_Info: gyroPidCtrl: Target=   0.0, Input=   0.0, Error=  -0.0, PIDTerms=-0.000/ 0.000/ 0.000/ 0.000, Output=-0.000(-0.500/0.500)
Auto.Battery_Info: Voltage=12.25V (10.31V)
Auto.printPidInfo_Info: encoderYPidCtrl: Target=  22.7, Input=  16.5, Error=   6.2, PIDTerms= 0.124/ 0.000/-0.011/ 0.000, Output= 0.113(-1.000/1.000)
Auto.printPidInfo_Info: gyroPidCtrl: Target=   0.0, Input=   0.0, Error=  -0.0, PIDTerms=-0.000/ 0.000/-0.000/ 0.000, Output=-0.000(-0.500/0.500)
Auto.Battery_Info: Voltage=12.27V (10.31V)
Auto.printPidInfo_Info: encoderYPidCtrl: Target=  22.7, Input=  17.2, Error=   5.5, PIDTerms= 0.110/ 0.000/-0.009/ 0.000, Output= 0.101(-1.000/1.000)
Auto.printPidInfo_Info: gyroPidCtrl: Target=   0.0, Input=   0.0, Error=  -0.0, PIDTerms=-0.000/ 0.000/ 0.000/ 0.000, Output=-0.000(-0.500/0.500)
Auto.Robot_Info: [10.293]    SET_DOWN_GLYPH: xPos= 12.34/  0.00,yPos= 18.07/  9.00,heading=   0.0/   0.0,volt=12.32V(10.31V)
Auto.Robot_Info: [12.294]     RELEASE_GLYPH: xPos= 12.35/  0.00,yPos= 18.06/  9.00,heading=  -0.0/   0.0,volt=12.33V(10.31V)
Auto.Robot_Info: [12.850]          BACK_OFF: xPos= 12.35/  0.00,yPos= 18.06/ -4.50,heading=  -0.0/   0.0,volt=12.40V(10.31V)
Auto.Battery_Info: Voltage=12.39V (10.31V)
Auto.printPidInfo_Info: encoderYPidCtrl: Target=  13.6, Input=  17.8, Error=  -4.5, PIDTerms= 0.097/ 0.000/-0.007/ 0.000, Output= 0.000(-1.000/1.000)
Auto.printPidInfo_Info: gyroPidCtrl: Target=   0.0, Input=   0.0, Error=   0.0, PIDTerms=-0.000/ 0.000/-0.000/ 0.000, Output= 0.000(-0.500/0.500)
Auto.Battery_Info: Voltage=12.34V (10.31V)
Auto.printPidInfo_Info: encoderYPidCtrl: Target=  13.6, Input=  18.1, Error=  -4.5, PIDTerms=-0.090/ 0.000/ 0.000/ 0.000, Output=-0.090(-1.000/1.000)
Auto.printPidInfo_Info: gyroPidCtrl: Target=   0.0, Input=  -0.0, Error=   0.0, PIDTerms= 0.001/ 0.000/ 0.000/ 0.000, Output= 0.001(-0.500/0.500)
Auto.Battery_Info: Voltage=12.35V (10.31V)
Auto.printPidInfo_Info: encoderYPidCtrl: Target=  13.6, Input=  18.0, Error=  -4.4, PIDTerms=-0.089/ 0.000/ 0.001/ 0.000, Output=-0.088(-1.000/1.000)
Auto.printPidInfo_Info: gyroPidCtrl: Target=   0.0, Input=  -0.0, Error=   0.0, PIDTerms= 0.000/ 0.000/-0.000/ 0.000, Output= 0.000(-0.500/0.500)
Auto.Battery_Info: Voltage=12.36V (10.31V)
Auto.printPidInfo_Info: encoderYPidCtrl: Target=  13.6, Input=  17.6, Error=  -4.0, PIDTerms=-0.081/ 0.000/ 0.007/ 0.000, Output=-0.073(-1.000/1.000)
Auto.printPidInfo_Info: gyroPidCtrl: Target=   0.0, Input=  -0.0, Error=   0.0, PIDTerms= 0.000/ 0.000/ 0.000/ 0.000, Output= 0.000(-0.500/0.500)
Auto.Battery_Info: Voltage=12.36V (10.31V)
Auto.printPidInfo_Info: encoderYPidCtrl: Target=  13.6, Input=  17.4, Error=  -3.9, PIDTerms=-0.077/ 0.000/ 0.003/ 0.000, Output=-0.074(-1.000/1.000)
Auto.printPidInfo_Info: gyroPidCtrl: Target=   0.0, Input=  -0.0, Error=   0.0, PIDTerms= 0.000/ 0.000/-0.000/ 0.000, Output= 0.000(-0.500/0.500)
Auto.Battery_Info: Voltage=12.36V (10.31V)
Auto.printPidInfo_Info: encoderYPidCtrl: Target=  13.6, Input=  17.4, Error=  -3.9, PIDTerms=-0.077/ 0.000/ 0.000/ 0.000, Output=-0.077(-1.000/1.000)
Auto.printPidInfo_Info: gyroPidCtrl: Target=   0.0, Input=  -0.0, Error=   0.0, PIDTerms= 0.000/ 0.000/ 0.000/ 0.000, Output= 0.000(-0.500/0.500)
Auto.Robot_Info: [13.691]              DONE: xPos= 12.42/  0.00,yPos= 17.42/ -4.50,heading=  -0.0/   0.0,volt=12.40V(10.31V)
