Auto.FtcAuto_Info: Sat Dec 02 23:08:28 PST 2017: ***** Starting autonomous *****
Auto.Robot_Info: [0.080]  DEPLOY_JEWEL_ARM: xPos= 38.33/  0.00,yPos=-52.51/  0.00,heading=  -0.0/   0.0,volt=12.44V(12.41V)
Auto.WHACK_JEWEL_Info: VuMark: UNKNOWN
Auto.WHACK_JEWEL_Info: 0: Color=RED, HSV=[12.244899/0.457944/0.419608]
Auto.Robot_Info: [0.601]       WHACK_JEWEL: xPos= 38.33/  0.00,yPos=-52.51/  0.00,heading=  -0.0/   0.0,volt=12.44V(12.41V)
Auto.Robot_Info: [1.207] MOVE_JEWEL_ARM_UP: xPos= 38.33/  0.00,yPos=-52.51/  0.00,heading=  -0.0/   0.0,volt=12.39V(12.38V)
Auto.Robot_Info: [1.645]   RESET_JEWEL_ARM: xPos= 38.33/  0.00,yPos=-52.51/  0.00,heading=  -0.0/   0.0,volt=12.42V(12.38V)
Auto.DO_DELAY_Info: Delay=0
Auto.Robot_Info: [2.012]          DO_DELAY: xPos= 38.33/  0.00,yPos=-52.51/  0.00,heading=  -0.0/   0.0,volt=12.44V(12.37V)
Auto.Robot_Info: [2.104]   GRAB_LIFT_GLYPH: xPos= 38.33/  0.00,yPos=-52.51/  0.00,heading=  -0.0/   0.0,volt=12.42V(12.37V)
Auto.Robot_Info: [4.349] DRIVE_OFF_PLATFORM: xPos= 38.33/  0.00,yPos=-52.51/ 25.00,heading=  -0.0/   0.0,volt=12.34V(11.85V)
Auto.Battery_Info: Voltage=12.34V (11.85V)
Auto.printPidInfo_Info: encoderYPidCtrl: Target= -27.5, Input=   0.0, Error=  25.0, PIDTerms= 0.000/ 0.000/ 0.000/ 0.000, Output= 0.000(-0.500/0.500)
Auto.printPidInfo_Info: gyroPidCtrl: Target=   0.0, Input=   0.0, Error=   0.0, PIDTerms= 0.000/ 0.000/ 0.000/ 0.000, Output= 0.000(-0.500/0.500)
Auto.Battery_Info: Voltage=11.66V (11.66V)
Auto.printPidInfo_Info: encoderYPidCtrl: Target= -27.5, Input= -52.5, Error=  25.0, PIDTerms= 0.500/ 0.000/ 0.000/-0.000, Output= 0.500(-0.500/0.500)
Auto.printPidInfo_Info: gyroPidCtrl: Target=   0.0, Input=  -0.0, Error=   0.0, PIDTerms= 0.000/ 0.000/ 0.000/ 0.000, Output= 0.000(-0.500/0.500)
Auto.Battery_Info: Voltage=11.06V (11.06V)
Auto.printPidInfo_Info: encoderYPidCtrl: Target= -27.5, Input=   0.5, Error= -28.0, PIDTerms=-0.559/ 0.000/-0.533/-0.000, Output=-0.500(-0.500/0.500)
Auto.printPidInfo_Info: gyroPidCtrl: Target=   0.0, Input=  -0.0, Error=   0.0, PIDTerms= 0.000/ 0.000/-0.000/ 0.000, Output= 0.000(-0.500/0.500)
Auto.Battery_Info: Voltage=11.10V (11.06V)
Auto.printPidInfo_Info: encoderYPidCtrl: Target= -27.5, Input=   2.4, Error= -29.9, PIDTerms=-0.598/ 0.000/-0.024/-0.000, Output=-0.500(-0.500/0.500)
Auto.printPidInfo_Info: gyroPidCtrl: Target=   0.0, Input=   0.3, Error=  -0.3, PIDTerms=-0.005/ 0.000/-0.003/ 0.000, Output=-0.008(-0.500/0.500)
Auto.Battery_Info: Voltage=11.17V (11.06V)
Auto.printPidInfo_Info: encoderYPidCtrl: Target= -27.5, Input=   1.2, Error= -28.8, PIDTerms=-0.575/ 0.000/ 0.017/-0.000, Output=-0.500(-0.500/0.500)
Auto.printPidInfo_Info: gyroPidCtrl: Target=   0.0, Input=   0.9, Error=  -0.9, PIDTerms=-0.015/ 0.000/-0.008/ 0.000, Output=-0.024(-0.500/0.500)
Auto.Battery_Info: Voltage=11.60V (11.06V)
Auto.printPidInfo_Info: encoderYPidCtrl: Target= -27.5, Input=   0.4, Error= -27.9, PIDTerms=-0.558/ 0.000/ 0.010/-0.000, Output=-0.500(-0.500/0.500)
Auto.printPidInfo_Info: gyroPidCtrl: Target=   0.0, Input=   0.1, Error=  -0.1, PIDTerms=-0.001/ 0.000/ 0.008/ 0.000, Output= 0.007(-0.500/0.500)
Auto.Battery_Info: Voltage=11.49V (11.06V)
Auto.printPidInfo_Info: encoderYPidCtrl: Target= -27.5, Input=  -0.2, Error= -27.4, PIDTerms=-0.547/ 0.000/ 0.007/-0.000, Output=-0.500(-0.500/0.500)
Auto.printPidInfo_Info: gyroPidCtrl: Target=   0.0, Input=   1.9, Error=  -1.9, PIDTerms=-0.034/ 0.000/-0.021/ 0.000, Output=-0.055(-0.500/0.500)
Auto.Battery_Info: Voltage=10.48V (10.38V)
Auto.printPidInfo_Info: encoderYPidCtrl: Target= -27.5, Input=   6.1, Error= -33.6, PIDTerms=-0.672/ 0.000/-0.065/-0.000, Output=-0.500(-0.500/0.500)
Auto.printPidInfo_Info: gyroPidCtrl: Target=   0.0, Input=   0.6, Error=  -0.6, PIDTerms=-0.011/ 0.000/ 0.012/ 0.000, Output= 0.001(-0.500/0.500)
Auto.Battery_Info: Voltage=10.47V (10.38V)
Auto.printPidInfo_Info: encoderYPidCtrl: Target= -27.5, Input=   3.8, Error= -31.3, PIDTerms=-0.626/ 0.000/ 0.037/-0.000, Output=-0.500(-0.500/0.500)
Auto.printPidInfo_Info: gyroPidCtrl: Target=   0.0, Input=  -0.3, Error=   0.3, PIDTerms= 0.005/ 0.000/ 0.013/ 0.000, Output= 0.017(-0.500/0.500)
Auto.Battery_Info: Voltage=11.15V (10.38V)
Auto.printPidInfo_Info: encoderYPidCtrl: Target= -27.5, Input=   2.9, Error= -30.4, PIDTerms=-0.609/ 0.000/ 0.012/-0.000, Output=-0.500(-0.500/0.500)
Auto.printPidInfo_Info: gyroPidCtrl: Target=   0.0, Input=   0.9, Error=  -0.9, PIDTerms=-0.015/ 0.000/-0.015/ 0.000, Output=-0.030(-0.500/0.500)
Auto.Battery_Info: Voltage=11.31V (10.38V)
Auto.printPidInfo_Info: encoderYPidCtrl: Target= -27.5, Input=   1.5, Error= -29.0, PIDTerms=-0.580/ 0.000/ 0.018/-0.000, Output=-0.500(-0.500/0.500)
Auto.printPidInfo_Info: gyroPidCtrl: Target=   0.0, Input=   1.1, Error=  -1.1, PIDTerms=-0.019/ 0.000/-0.002/ 0.000, Output=-0.022(-0.500/0.500)
Auto.Battery_Info: Voltage=11.43V (10.38V)
Auto.printPidInfo_Info: encoderYPidCtrl: Target= -27.5, Input=  -1.5, Error= -26.0, PIDTerms=-0.520/ 0.000/ 0.036/-0.000, Output=-0.483(-0.500/0.500)
Auto.printPidInfo_Info: gyroPidCtrl: Target=   0.0, Input=   0.2, Error=  -0.2, PIDTerms=-0.004/ 0.000/ 0.009/ 0.000, Output= 0.005(-0.500/0.500)
Auto.Battery_Info: Voltage=11.71V (10.38V)
Auto.printPidInfo_Info: encoderYPidCtrl: Target= -27.5, Input=  -3.7, Error= -23.8, PIDTerms=-0.477/ 0.000/ 0.035/-0.000, Output=-0.441(-0.500/0.500)
Auto.printPidInfo_Info: gyroPidCtrl: Target=   0.0, Input=   0.3, Error=  -0.3, PIDTerms=-0.006/ 0.000/-0.001/ 0.000, Output=-0.007(-0.500/0.500)
Auto.Robot_Info: [6.595]     DRIVE_TO_WALL: xPos=  9.29/  0.00,yPos=  9.10/ 25.00,heading=   1.6/   0.0,volt=12.27V(10.38V)
Auto.Robot_Info: [6.725] TURN_TO_CRYPTOBOX: xPos=  9.29/  0.00,yPos=  9.07/  0.00,heading=  -0.1/   0.0,volt=12.28V(10.38V)
Auto.Battery_Info: Voltage=12.28V (10.38V)
Auto.printPidInfo_Info: gyroPidCtrl: Target=   0.0, Input=   0.9, Error=   0.1, PIDTerms=-0.016/ 0.000/-0.008/ 0.000, Output= 0.000(-0.500/0.500)
Auto.Battery_Info: Voltage=12.29V (10.38V)
Auto.printPidInfo_Info: gyroPidCtrl: Target=   0.0, Input=  -0.1, Error=   0.1, PIDTerms= 0.001/ 0.000/ 0.000/ 0.000, Output= 0.001(-0.500/0.500)
Auto.Battery_Info: Voltage=12.29V (10.38V)
Auto.printPidInfo_Info: gyroPidCtrl: Target=   0.0, Input=  -1.0, Error=   1.0, PIDTerms= 0.017/ 0.000/ 0.011/ 0.000, Output= 0.028(-0.500/0.500)
Auto.Robot_Info: [7.254]   ALIGN_CRYPTOBOX: xPos=  9.20/ 16.00,yPos=  9.17/  0.00,heading=  -0.4/   0.0,volt=12.30V(10.38V)
Auto.Battery_Info: Voltage=12.30V (10.38V)
Auto.printPidInfo_Info: encoderXPidCtrl: Target=  25.2, Input=   9.2, Error=  16.0, PIDTerms= 0.013/ 0.000/ 0.001/ 0.000, Output= 0.000(-1.000/1.000)
Auto.printPidInfo_Info: gyroPidCtrl: Target=   0.0, Input=  -0.3, Error=   0.4, PIDTerms= 0.006/ 0.000/-0.007/ 0.000, Output= 0.000(-0.500/0.500)
Auto.Battery_Info: Voltage=10.25V (10.22V)
Auto.printPidInfo_Info: encoderXPidCtrl: Target=  25.2, Input=   9.2, Error=  16.0, PIDTerms= 2.400/ 0.000/ 0.000/ 0.000, Output= 1.000(-1.000/1.000)
Auto.printPidInfo_Info: gyroPidCtrl: Target=   0.0, Input=  -0.4, Error=   0.4, PIDTerms= 0.007/ 0.000/ 0.000/ 0.000, Output= 0.007(-0.500/0.500)
Auto.Battery_Info: Voltage=10.24V (10.20V)
Auto.printPidInfo_Info: encoderXPidCtrl: Target=  25.2, Input=   9.5, Error=  15.7, PIDTerms= 2.351/ 0.000/-0.035/ 0.000, Output= 1.000(-1.000/1.000)
Auto.printPidInfo_Info: gyroPidCtrl: Target=   0.0, Input=  -0.4, Error=   0.4, PIDTerms= 0.007/ 0.000/-0.000/ 0.000, Output= 0.006(-0.500/0.500)
Auto.Battery_Info: Voltage= 9.78V ( 9.78V)
Auto.printPidInfo_Info: encoderXPidCtrl: Target=  25.2, Input=  12.6, Error=  12.6, PIDTerms= 1.889/ 0.000/-0.238/ 0.000, Output= 1.000(-1.000/1.000)
Auto.printPidInfo_Info: gyroPidCtrl: Target=   0.0, Input=   0.6, Error=  -0.6, PIDTerms=-0.010/ 0.000/-0.010/ 0.000, Output=-0.020(-0.500/0.500)
Auto.Battery_Info: Voltage= 9.87V ( 9.78V)
Auto.printPidInfo_Info: encoderXPidCtrl: Target=  25.2, Input=  16.4, Error=   8.8, PIDTerms= 1.324/ 0.000/-0.367/ 0.000, Output= 0.958(-1.000/1.000)
Auto.printPidInfo_Info: gyroPidCtrl: Target=   0.0, Input=   1.8, Error=  -1.8, PIDTerms=-0.032/ 0.000/-0.015/ 0.000, Output=-0.047(-0.500/0.500)
Auto.Battery_Info: Voltage=10.21V ( 9.78V)
Auto.printPidInfo_Info: encoderXPidCtrl: Target=  25.2, Input=  18.9, Error=   6.3, PIDTerms= 0.950/ 0.000/-0.219/ 0.000, Output= 0.731(-1.000/1.000)
Auto.printPidInfo_Info: gyroPidCtrl: Target=   0.0, Input=  -0.8, Error=   0.8, PIDTerms= 0.014/ 0.000/ 0.030/ 0.000, Output= 0.043(-0.500/0.500)
Auto.Battery_Info: Voltage=10.90V ( 9.78V)
Auto.printPidInfo_Info: encoderXPidCtrl: Target=  25.2, Input=  20.7, Error=   4.5, PIDTerms= 0.676/ 0.000/-0.188/ 0.000, Output= 0.488(-1.000/1.000)
Auto.printPidInfo_Info: gyroPidCtrl: Target=   0.0, Input=  -0.8, Error=   0.8, PIDTerms= 0.015/ 0.000/ 0.001/ 0.000, Output= 0.015(-0.500/0.500)
Auto.Battery_Info: Voltage=11.25V ( 9.78V)
Auto.printPidInfo_Info: encoderXPidCtrl: Target=  25.2, Input=  21.8, Error=   3.4, PIDTerms= 0.511/ 0.000/-0.101/ 0.000, Output= 0.410(-1.000/1.000)
Auto.printPidInfo_Info: gyroPidCtrl: Target=   0.0, Input=  -1.8, Error=   1.8, PIDTerms= 0.032/ 0.000/ 0.012/ 0.000, Output= 0.043(-0.500/0.500)
Auto.Battery_Info: Voltage=11.01V ( 9.78V)
Auto.printPidInfo_Info: encoderXPidCtrl: Target=  25.2, Input=  22.0, Error=   3.2, PIDTerms= 0.486/ 0.000/-0.014/ 0.000, Output= 0.472(-1.000/1.000)
Auto.printPidInfo_Info: gyroPidCtrl: Target=   0.0, Input=  -2.9, Error=   2.9, PIDTerms= 0.052/ 0.000/ 0.013/ 0.000, Output= 0.065(-0.500/0.500)
Auto.Battery_Info: Voltage= 0.00V ( 0.00V)
Auto.printPidInfo_Info: encoderXPidCtrl: Target=  25.2, Input=  22.1, Error=   3.1, PIDTerms= 0.468/ 0.000/-0.014/ 0.000, Output= 0.454(-1.000/1.000)
Auto.printPidInfo_Info: gyroPidCtrl: Target=   0.0, Input=  -2.9, Error=   2.9, PIDTerms= 0.052/ 0.000/-0.001/ 0.000, Output= 0.051(-0.500/0.500)
