Auto.FtcAuto_Info: Sat Dec 02 22:31:36 PST 2017: ***** Starting autonomous *****
Auto.Robot_Info: [0.094]  DEPLOY_JEWEL_ARM: xPos= -1.47/  0.00,yPos= -1.71/  0.00,heading=  -0.0/   0.0,volt=12.45V(12.41V)
Auto.WHACK_JEWEL_Info: VuMark: UNKNOWN
Auto.WHACK_JEWEL_Info: 0: Color=RED, HSV=[7.692308/0.573529/0.533333]
Auto.Robot_Info: [0.731]       WHACK_JEWEL: xPos= -1.47/  0.00,yPos= -1.71/  0.00,heading=   0.0/   0.0,volt=12.45V(12.41V)
Auto.Robot_Info: [1.390] MOVE_JEWEL_ARM_UP: xPos= -1.47/  0.00,yPos= -1.71/  0.00,heading=   0.0/   0.0,volt=12.48V(12.41V)
Auto.Robot_Info: [1.729]   RESET_JEWEL_ARM: xPos= -1.47/  0.00,yPos= -1.71/  0.00,heading=  -0.0/   0.0,volt=12.46V(12.41V)
Auto.DO_DELAY_Info: Delay=0
Auto.Robot_Info: [2.062]          DO_DELAY: xPos= -1.47/  0.00,yPos= -1.71/  0.00,heading=  -0.0/   0.0,volt=12.44V(12.41V)
Auto.Robot_Info: [2.185]   GRAB_LIFT_GLYPH: xPos= -1.47/  0.00,yPos= -1.71/  0.00,heading=  -0.0/   0.0,volt=12.44V(12.41V)
Auto.Robot_Info: [4.335] DRIVE_OFF_PLATFORM: xPos= -1.47/  0.00,yPos= -1.71/ 25.00,heading=  -0.0/   0.0,volt=12.34V(11.85V)
Auto.Battery_Info: Voltage=12.34V (11.85V)
Auto.printPidInfo_Info: encoderYPidCtrl: Target=  23.3, Input=   0.0, Error=  25.0, PIDTerms= 0.000/ 0.000/ 0.000/ 0.000, Output= 0.000(-0.500/0.500)
Auto.printPidInfo_Info: gyroPidCtrl: Target=   0.0, Input=   0.0, Error=   0.0, PIDTerms= 0.000/ 0.000/ 0.000/ 0.000, Output= 0.000(-0.500/0.500)
Auto.Battery_Info: Voltage=11.66V (11.63V)
Auto.printPidInfo_Info: encoderYPidCtrl: Target=  23.3, Input=  -1.7, Error=  25.0, PIDTerms= 0.500/ 0.000/ 0.000/ 0.000, Output= 0.500(-0.500/0.500)
Auto.printPidInfo_Info: gyroPidCtrl: Target=   0.0, Input=  -0.0, Error=   0.0, PIDTerms= 0.001/ 0.000/ 0.000/ 0.000, Output= 0.001(-0.500/0.500)
Auto.Battery_Info: Voltage=11.56V (11.61V)
Auto.printPidInfo_Info: encoderYPidCtrl: Target=  23.3, Input=   0.3, Error=  23.0, PIDTerms= 0.460/ 0.000/-0.026/ 0.000, Output= 0.434(-0.500/0.500)
Auto.printPidInfo_Info: gyroPidCtrl: Target=   0.0, Input=  -0.0, Error=   0.0, PIDTerms= 0.001/ 0.000/ 0.000/ 0.000, Output= 0.001(-0.500/0.500)
Auto.Battery_Info: Voltage=11.96V (11.61V)
Auto.printPidInfo_Info: encoderYPidCtrl: Target=  23.3, Input=   2.0, Error=  21.3, PIDTerms= 0.427/ 0.000/-0.023/ 0.000, Output= 0.404(-0.500/0.500)
Auto.printPidInfo_Info: gyroPidCtrl: Target=   0.0, Input=  -0.1, Error=   0.1, PIDTerms= 0.001/ 0.000/ 0.000/ 0.000, Output= 0.001(-0.500/0.500)
Auto.Battery_Info: Voltage=12.00V (11.61V)
Auto.printPidInfo_Info: encoderYPidCtrl: Target=  23.3, Input=   4.3, Error=  19.0, PIDTerms= 0.380/ 0.000/-0.032/ 0.000, Output= 0.348(-0.500/0.500)
Auto.printPidInfo_Info: gyroPidCtrl: Target=   0.0, Input=   0.1, Error=  -0.1, PIDTerms=-0.002/ 0.000/-0.002/ 0.000, Output=-0.005(-0.500/0.500)
Auto.Battery_Info: Voltage=12.19V (11.61V)
Auto.printPidInfo_Info: encoderYPidCtrl: Target=  23.3, Input=   7.9, Error=  15.4, PIDTerms= 0.309/ 0.000/-0.039/ 0.000, Output= 0.270(-0.500/0.500)
Auto.printPidInfo_Info: gyroPidCtrl: Target=   0.0, Input=   1.7, Error=  -1.7, PIDTerms=-0.030/ 0.000/-0.015/ 0.000, Output=-0.046(-0.500/0.500)
Auto.Battery_Info: Voltage=11.46V (11.46V)
Auto.printPidInfo_Info: encoderYPidCtrl: Target=  23.3, Input=   8.9, Error=  14.4, PIDTerms= 0.288/ 0.000/-0.010/ 0.000, Output= 0.278(-0.500/0.500)
Auto.printPidInfo_Info: gyroPidCtrl: Target=   0.0, Input=   2.7, Error=  -2.7, PIDTerms=-0.049/ 0.000/-0.009/ 0.000, Output=-0.057(-0.500/0.500)
Auto.Battery_Info: Voltage=10.95V (10.92V)
Auto.printPidInfo_Info: encoderYPidCtrl: Target=  23.3, Input=  13.8, Error=   9.5, PIDTerms= 0.190/ 0.000/-0.092/ 0.000, Output= 0.099(-0.500/0.500)
Auto.printPidInfo_Info: gyroPidCtrl: Target=   0.0, Input=   3.3, Error=  -3.3, PIDTerms=-0.059/ 0.000/-0.010/ 0.000, Output=-0.068(-0.500/0.500)
Auto.Battery_Info: Voltage=11.13V (10.92V)
Auto.printPidInfo_Info: encoderYPidCtrl: Target=  23.3, Input=  12.3, Error=  10.9, PIDTerms= 0.219/ 0.000/ 0.012/ 0.000, Output= 0.231(-0.500/0.500)
Auto.printPidInfo_Info: gyroPidCtrl: Target=   0.0, Input=   2.0, Error=  -2.0, PIDTerms=-0.037/ 0.000/ 0.009/ 0.000, Output=-0.027(-0.500/0.500)
Auto.Battery_Info: Voltage=12.12V (10.92V)
Auto.printPidInfo_Info: encoderYPidCtrl: Target=  23.3, Input=  13.8, Error=   9.5, PIDTerms= 0.189/ 0.000/-0.021/ 0.000, Output= 0.169(-0.500/0.500)
Auto.printPidInfo_Info: gyroPidCtrl: Target=   0.0, Input=   0.2, Error=  -0.2, PIDTerms=-0.004/ 0.000/ 0.023/ 0.000, Output= 0.019(-0.500/0.500)
Auto.Battery_Info: Voltage=11.96V (10.92V)
Auto.printPidInfo_Info: encoderYPidCtrl: Target=  23.3, Input=  14.9, Error=   8.4, PIDTerms= 0.167/ 0.000/-0.016/ 0.000, Output= 0.152(-0.500/0.500)
Auto.printPidInfo_Info: gyroPidCtrl: Target=   0.0, Input=  -0.1, Error=   0.1, PIDTerms= 0.003/ 0.000/ 0.005/ 0.000, Output= 0.007(-0.500/0.500)
Auto.Battery_Info: Voltage=12.23V (10.92V)
Auto.printPidInfo_Info: encoderYPidCtrl: Target=  23.3, Input=  16.6, Error=   6.7, PIDTerms= 0.134/ 0.000/-0.017/ 0.000, Output= 0.117(-0.500/0.500)
Auto.printPidInfo_Info: gyroPidCtrl: Target=   0.0, Input=   0.4, Error=  -0.4, PIDTerms=-0.008/ 0.000/-0.005/ 0.000, Output=-0.013(-0.500/0.500)
Auto.Robot_Info: [6.449]     DRIVE_TO_WALL: xPos= -1.09/  0.00,yPos= 18.15/ 14.50,heading=   3.5/   0.0,volt=12.35V(10.92V)
Auto.Battery_Info: Voltage=12.35V (10.92V)
Auto.printPidInfo_Info: sonarYPidCtrl: Target=  14.5, Input=   0.0, Error=  91.3, PIDTerms= 0.000/ 0.000/ 0.000/ 0.000, Output= 0.000(-1.000/1.000)
Auto.printPidInfo_Info: gyroPidCtrl: Target=   0.0, Input=   3.8, Error=  -3.5, PIDTerms=-0.069/ 0.000/-0.045/ 0.000, Output= 0.000(-0.500/0.500)
Auto.Battery_Info: Voltage=10.71V (10.62V)
Auto.printPidInfo_Info: sonarYPidCtrl: Target=  14.5, Input= 105.8, Error=  91.3, PIDTerms= 1.023/ 0.000/ 0.000/ 0.000, Output= 1.000(-1.000/1.000)
Auto.printPidInfo_Info: gyroPidCtrl: Target=   0.0, Input=   3.5, Error=  -3.5, PIDTerms=-0.063/ 0.000/ 0.000/ 0.000, Output=-0.063(-0.500/0.500)
Auto.Battery_Info: Voltage=11.48V (10.62V)
Auto.printPidInfo_Info: sonarYPidCtrl: Target=  14.5, Input= 105.8, Error=  91.3, PIDTerms= 1.023/ 0.000/ 0.000/ 0.000, Output= 1.000(-1.000/1.000)
Auto.printPidInfo_Info: gyroPidCtrl: Target=   0.0, Input=   3.5, Error=  -3.5, PIDTerms=-0.063/ 0.000/ 0.000/ 0.000, Output=-0.063(-0.500/0.500)
Auto.Battery_Info: Voltage=10.38V (10.38V)
Auto.printPidInfo_Info: sonarYPidCtrl: Target=  14.5, Input= 106.4, Error=  91.9, PIDTerms= 1.030/ 0.000/ 0.000/ 0.000, Output= 1.000(-1.000/1.000)
Auto.printPidInfo_Info: gyroPidCtrl: Target=   0.0, Input=   3.0, Error=  -3.0, PIDTerms=-0.054/ 0.000/ 0.008/ 0.000, Output=-0.046(-0.500/0.500)
Auto.Battery_Info: Voltage= 9.84V ( 9.81V)
Auto.printPidInfo_Info: sonarYPidCtrl: Target=  14.5, Input= 106.4, Error=  91.9, PIDTerms= 1.030/ 0.000/ 0.000/ 0.000, Output= 1.000(-1.000/1.000)
Auto.printPidInfo_Info: gyroPidCtrl: Target=   0.0, Input=   1.0, Error=  -1.0, PIDTerms=-0.018/ 0.000/ 0.027/ 0.000, Output= 0.009(-0.500/0.500)
Auto.Battery_Info: Voltage= 0.00V ( 0.00V)
Auto.printPidInfo_Info: sonarYPidCtrl: Target=  14.5, Input= 106.4, Error=  91.9, PIDTerms= 1.030/ 0.000/ 0.000/ 0.000, Output= 1.000(-1.000/1.000)
Auto.printPidInfo_Info: gyroPidCtrl: Target=   0.0, Input=   4.7, Error=  -4.7, PIDTerms=-0.084/ 0.000/-0.047/ 0.000, Output=-0.131(-0.500/0.500)
