Auto.FtcAuto_Info: Sun Dec 03 00:31:11 PST 2017: ***** Starting autonomous *****
Auto.Robot_Info: ***** [0.080] *****  DEPLOY_JEWEL_ARM: xPos=  0.00/  0.00,yPos=  0.00/  0.00,heading=   0.0/   0.0,volt=13.04V(13.01V)
Auto.WHACK_JEWEL_Info: VuMark: UNKNOWN
Auto.WHACK_JEWEL_Info: 0: Color=RED, HSV=[6.585366/0.565517/0.568627]
Auto.Robot_Info: ***** [0.642] *****       WHACK_JEWEL: xPos=  0.00/  0.00,yPos=  0.00/  0.00,heading=   0.0/   0.0,volt=13.07V(13.01V)
Auto.Robot_Info: ***** [1.317] ***** MOVE_JEWEL_ARM_UP: xPos=  0.00/  0.00,yPos=  0.00/  0.00,heading=   0.0/   0.0,volt=13.04V(13.00V)
Auto.Robot_Info: ***** [1.658] *****   RESET_JEWEL_ARM: xPos=  0.00/  0.00,yPos=  0.00/  0.00,heading=   0.0/   0.0,volt=13.05V(13.00V)
Auto.DO_DELAY_Info: Delay=0
Auto.Robot_Info: ***** [2.039] *****          DO_DELAY: xPos=  0.00/  0.00,yPos=  0.00/  0.00,heading=  -0.0/   0.0,volt=13.04V(13.00V)
Auto.Robot_Info: ***** [2.146] *****   GRAB_LIFT_GLYPH: xPos=  0.00/  0.00,yPos=  0.00/  0.00,heading=  -0.0/   0.0,volt=13.05V(13.00V)
Auto.Robot_Info: ***** [4.342] ***** DRIVE_OFF_PLATFORM: xPos=  0.00/  0.00,yPos=  0.00/  0.00,heading=  -0.0/   0.0,volt=12.30V(12.56V)
Auto.Robot_Info: ***** [5.124] *****     DRIVE_TO_WALL: xPos=  1.23/  0.00,yPos=-17.62/  0.00,heading=  -1.9/   0.0,volt=12.90V(12.36V)
Auto.Robot_Info: ***** [5.262] ***** TURN_TO_CRYPTOBOX: xPos=  4.35/  0.00,yPos=-25.26/  0.00,heading=  -1.5/ 180.0,volt=12.92V(12.36V)
Auto.Battery_Info: Voltage=12.93V (12.36V)
Auto.printPidInfo_Info: encoderXPidCtrl: Target=   4.3, Input=   0.0, Error=   0.0, PIDTerms= 0.000/ 0.000/ 0.000/ 0.000, Output= 0.000(-1.000/1.000)
Auto.printPidInfo_Info: encoderYPidCtrl: Target= -25.3, Input=   0.0, Error=   0.0, PIDTerms= 0.000/ 0.000/ 0.000/ 0.000, Output= 0.000(-1.000/1.000)
Auto.printPidInfo_Info: gyroPidCtrl: Target= 180.0, Input=   0.0, Error= 181.5, PIDTerms= 0.000/ 0.000/ 0.000/ 0.000, Output= 0.000(-0.500/0.500)
Auto.Battery_Info: Voltage=12.40V (12.36V)
Auto.printPidInfo_Info: encoderXPidCtrl: Target=   4.3, Input=   0.0, Error=   0.0, PIDTerms= 0.000/ 0.000/ 0.000/ 0.000, Output= 0.000(-1.000/1.000)
Auto.printPidInfo_Info: encoderYPidCtrl: Target= -25.3, Input=   0.0, Error=   0.0, PIDTerms= 0.000/ 0.000/ 0.000/ 0.000, Output= 0.000(-1.000/1.000)
Auto.printPidInfo_Info: gyroPidCtrl: Target= 180.0, Input=  -1.5, Error= 181.5, PIDTerms= 3.267/ 0.000/ 0.000/ 0.000, Output= 0.500(-0.500/0.500)
Auto.Battery_Info: Voltage=12.48V (12.36V)
Auto.printPidInfo_Info: encoderXPidCtrl: Target=   4.3, Input=   0.0, Error=   0.0, PIDTerms= 0.000/ 0.000/ 0.000/ 0.000, Output= 0.000(-1.000/1.000)
Auto.printPidInfo_Info: encoderYPidCtrl: Target= -25.3, Input=   0.0, Error=   0.0, PIDTerms= 0.000/ 0.000/ 0.000/ 0.000, Output= 0.000(-1.000/1.000)
Auto.printPidInfo_Info: gyroPidCtrl: Target= 180.0, Input=  -0.3, Error= 180.3, PIDTerms= 3.245/ 0.000/-0.017/ 0.000, Output= 0.500(-0.500/0.500)
Auto.Battery_Info: Voltage=12.43V (12.36V)
Auto.printPidInfo_Info: encoderXPidCtrl: Target=   4.3, Input=   0.0, Error=   0.0, PIDTerms= 0.000/ 0.000/ 0.000/ 0.000, Output= 0.000(-1.000/1.000)
Auto.printPidInfo_Info: encoderYPidCtrl: Target= -25.3, Input=   0.0, Error=   0.0, PIDTerms= 0.000/ 0.000/ 0.000/ 0.000, Output= 0.000(-1.000/1.000)
Auto.printPidInfo_Info: gyroPidCtrl: Target= 180.0, Input=   1.5, Error= 178.5, PIDTerms= 3.214/ 0.000/-0.018/ 0.000, Output= 0.500(-0.500/0.500)
Auto.Battery_Info: Voltage=12.45V (12.36V)
Auto.printPidInfo_Info: encoderXPidCtrl: Target=   4.3, Input=   0.0, Error=   0.0, PIDTerms= 0.000/ 0.000/ 0.000/ 0.000, Output= 0.000(-1.000/1.000)
Auto.printPidInfo_Info: encoderYPidCtrl: Target= -25.3, Input=   0.0, Error=   0.0, PIDTerms= 0.000/ 0.000/ 0.000/ 0.000, Output= 0.000(-1.000/1.000)
Auto.printPidInfo_Info: gyroPidCtrl: Target= 180.0, Input=  12.4, Error= 167.6, PIDTerms= 3.017/ 0.000/-0.117/ 0.000, Output= 0.500(-0.500/0.500)
Auto.Battery_Info: Voltage=12.49V (12.36V)
Auto.printPidInfo_Info: encoderXPidCtrl: Target=   4.3, Input=   0.0, Error=   0.0, PIDTerms= 0.000/ 0.000/ 0.000/ 0.000, Output= 0.000(-1.000/1.000)
Auto.printPidInfo_Info: encoderYPidCtrl: Target= -25.3, Input=   0.0, Error=   0.0, PIDTerms= 0.000/ 0.000/ 0.000/ 0.000, Output= 0.000(-1.000/1.000)
Auto.printPidInfo_Info: gyroPidCtrl: Target= 180.0, Input=  31.3, Error= 148.7, PIDTerms= 2.677/ 0.000/-0.184/ 0.000, Output= 0.500(-0.500/0.500)
Auto.Battery_Info: Voltage=12.48V (12.36V)
Auto.printPidInfo_Info: encoderXPidCtrl: Target=   4.3, Input=   0.0, Error=   0.0, PIDTerms= 0.000/ 0.000/ 0.000/ 0.000, Output= 0.000(-1.000/1.000)
Auto.printPidInfo_Info: encoderYPidCtrl: Target= -25.3, Input=   0.0, Error=   0.0, PIDTerms= 0.000/ 0.000/ 0.000/ 0.000, Output= 0.000(-1.000/1.000)
Auto.printPidInfo_Info: gyroPidCtrl: Target= 180.0, Input=  48.7, Error= 131.3, PIDTerms= 2.363/ 0.000/-0.305/ 0.000, Output= 0.500(-0.500/0.500)
Auto.Battery_Info: Voltage=12.47V (12.36V)
Auto.printPidInfo_Info: encoderXPidCtrl: Target=   4.3, Input=   0.0, Error=   0.0, PIDTerms= 0.000/ 0.000/ 0.000/ 0.000, Output= 0.000(-1.000/1.000)
Auto.printPidInfo_Info: encoderYPidCtrl: Target= -25.3, Input=   0.0, Error=   0.0, PIDTerms= 0.000/ 0.000/ 0.000/ 0.000, Output= 0.000(-1.000/1.000)
Auto.printPidInfo_Info: gyroPidCtrl: Target= 180.0, Input=  58.7, Error= 121.3, PIDTerms= 2.184/ 0.000/-0.174/ 0.000, Output= 0.500(-0.500/0.500)
Auto.Battery_Info: Voltage=12.50V (12.36V)
Auto.printPidInfo_Info: encoderXPidCtrl: Target=   4.3, Input=   0.0, Error=   0.0, PIDTerms= 0.000/ 0.000/ 0.000/ 0.000, Output= 0.000(-1.000/1.000)
Auto.printPidInfo_Info: encoderYPidCtrl: Target= -25.3, Input=   0.0, Error=   0.0, PIDTerms= 0.000/ 0.000/ 0.000/ 0.000, Output= 0.000(-1.000/1.000)
Auto.printPidInfo_Info: gyroPidCtrl: Target= 180.0, Input=  69.2, Error= 110.8, PIDTerms= 1.995/ 0.000/-0.184/ 0.000, Output= 0.500(-0.500/0.500)
Auto.Battery_Info: Voltage=12.51V (12.36V)
Auto.printPidInfo_Info: encoderXPidCtrl: Target=   4.3, Input=   0.0, Error=   0.0, PIDTerms= 0.000/ 0.000/ 0.000/ 0.000, Output= 0.000(-1.000/1.000)
Auto.printPidInfo_Info: encoderYPidCtrl: Target= -25.3, Input=   0.0, Error=   0.0, PIDTerms= 0.000/ 0.000/ 0.000/ 0.000, Output= 0.000(-1.000/1.000)
Auto.printPidInfo_Info: gyroPidCtrl: Target= 180.0, Input=  80.1, Error=  99.9, PIDTerms= 1.798/ 0.000/-0.147/ 0.000, Output= 0.500(-0.500/0.500)
Auto.Battery_Info: Voltage=12.50V (12.36V)
Auto.printPidInfo_Info: encoderXPidCtrl: Target=   4.3, Input=   0.0, Error=   0.0, PIDTerms= 0.000/ 0.000/ 0.000/ 0.000, Output= 0.000(-1.000/1.000)
Auto.printPidInfo_Info: encoderYPidCtrl: Target= -25.3, Input=   0.0, Error=   0.0, PIDTerms= 0.000/ 0.000/ 0.000/ 0.000, Output= 0.000(-1.000/1.000)
Auto.printPidInfo_Info: gyroPidCtrl: Target= 180.0, Input=  95.9, Error=  84.1, PIDTerms= 1.514/ 0.000/-0.240/ 0.000, Output= 0.500(-0.500/0.500)
Auto.Battery_Info: Voltage=12.51V (12.36V)
Auto.printPidInfo_Info: encoderXPidCtrl: Target=   4.3, Input=   0.0, Error=   0.0, PIDTerms= 0.000/ 0.000/ 0.000/ 0.000, Output= 0.000(-1.000/1.000)
Auto.printPidInfo_Info: encoderYPidCtrl: Target= -25.3, Input=   0.0, Error=   0.0, PIDTerms= 0.000/ 0.000/ 0.000/ 0.000, Output= 0.000(-1.000/1.000)
Auto.printPidInfo_Info: gyroPidCtrl: Target= 180.0, Input= 106.9, Error=  73.1, PIDTerms= 1.315/ 0.000/-0.212/ 0.000, Output= 0.500(-0.500/0.500)
Auto.Battery_Info: Voltage=12.47V (12.36V)
Auto.printPidInfo_Info: encoderXPidCtrl: Target=   4.3, Input=   0.0, Error=   0.0, PIDTerms= 0.000/ 0.000/ 0.000/ 0.000, Output= 0.000(-1.000/1.000)
Auto.printPidInfo_Info: encoderYPidCtrl: Target= -25.3, Input=   0.0, Error=   0.0, PIDTerms= 0.000/ 0.000/ 0.000/ 0.000, Output= 0.000(-1.000/1.000)
Auto.printPidInfo_Info: gyroPidCtrl: Target= 180.0, Input= 119.0, Error=  61.0, PIDTerms= 1.098/ 0.000/-0.208/ 0.000, Output= 0.500(-0.500/0.500)
Auto.Battery_Info: Voltage=12.46V (12.36V)
Auto.printPidInfo_Info: encoderXPidCtrl: Target=   4.3, Input=   0.0, Error=   0.0, PIDTerms= 0.000/ 0.000/ 0.000/ 0.000, Output= 0.000(-1.000/1.000)
Auto.printPidInfo_Info: encoderYPidCtrl: Target= -25.3, Input=   0.0, Error=   0.0, PIDTerms= 0.000/ 0.000/ 0.000/ 0.000, Output= 0.000(-1.000/1.000)
Auto.printPidInfo_Info: gyroPidCtrl: Target= 180.0, Input= 131.1, Error=  48.9, PIDTerms= 0.881/ 0.000/-0.201/ 0.000, Output= 0.500(-0.500/0.500)
Auto.Battery_Info: Voltage=12.52V (12.36V)
Auto.printPidInfo_Info: encoderXPidCtrl: Target=   4.3, Input=   0.0, Error=   0.0, PIDTerms= 0.000/ 0.000/ 0.000/ 0.000, Output= 0.000(-1.000/1.000)
Auto.printPidInfo_Info: encoderYPidCtrl: Target= -25.3, Input=   0.0, Error=   0.0, PIDTerms= 0.000/ 0.000/ 0.000/ 0.000, Output= 0.000(-1.000/1.000)
Auto.printPidInfo_Info: gyroPidCtrl: Target= 180.0, Input= 144.1, Error=  35.9, PIDTerms= 0.646/ 0.000/-0.181/ 0.000, Output= 0.465(-0.500/0.500)
Auto.Battery_Info: Voltage=12.82V (12.36V)
Auto.printPidInfo_Info: encoderXPidCtrl: Target=   4.3, Input=   0.0, Error=   0.0, PIDTerms= 0.000/ 0.000/ 0.000/ 0.000, Output= 0.000(-1.000/1.000)
Auto.printPidInfo_Info: encoderYPidCtrl: Target= -25.3, Input=   0.0, Error=   0.0, PIDTerms= 0.000/ 0.000/ 0.000/ 0.000, Output= 0.000(-1.000/1.000)
Auto.printPidInfo_Info: gyroPidCtrl: Target= 180.0, Input= 159.0, Error=  21.0, PIDTerms= 0.379/ 0.000/-0.166/ 0.000, Output= 0.213(-0.500/0.500)
Auto.Battery_Info: Voltage=12.85V (12.36V)
Auto.printPidInfo_Info: encoderXPidCtrl: Target=   4.3, Input=   0.0, Error=   0.0, PIDTerms= 0.000/ 0.000/ 0.000/ 0.000, Output= 0.000(-1.000/1.000)
Auto.printPidInfo_Info: encoderYPidCtrl: Target= -25.3, Input=   0.0, Error=   0.0, PIDTerms= 0.000/ 0.000/ 0.000/ 0.000, Output= 0.000(-1.000/1.000)
Auto.printPidInfo_Info: gyroPidCtrl: Target= 180.0, Input= 175.7, Error=   4.3, PIDTerms= 0.077/ 0.000/-0.228/ 0.000, Output=-0.151(-0.500/0.500)
Auto.Battery_Info: Voltage=12.66V (12.36V)
Auto.printPidInfo_Info: encoderXPidCtrl: Target=   4.3, Input=   0.0, Error=   0.0, PIDTerms= 0.000/ 0.000/ 0.000/ 0.000, Output= 0.000(-1.000/1.000)
Auto.printPidInfo_Info: encoderYPidCtrl: Target= -25.3, Input=   0.0, Error=   0.0, PIDTerms= 0.000/ 0.000/ 0.000/ 0.000, Output= 0.000(-1.000/1.000)
Auto.printPidInfo_Info: gyroPidCtrl: Target= 180.0, Input= 187.8, Error=  -7.8, PIDTerms=-0.140/ 0.000/-0.155/ 0.000, Output=-0.295(-0.500/0.500)
Auto.Battery_Info: Voltage=12.54V (12.36V)
Auto.printPidInfo_Info: encoderXPidCtrl: Target=   4.3, Input=   0.0, Error=   0.0, PIDTerms= 0.000/ 0.000/ 0.000/ 0.000, Output= 0.000(-1.000/1.000)
Auto.printPidInfo_Info: encoderYPidCtrl: Target= -25.3, Input=   0.0, Error=   0.0, PIDTerms= 0.000/ 0.000/ 0.000/ 0.000, Output= 0.000(-1.000/1.000)
Auto.printPidInfo_Info: gyroPidCtrl: Target= 180.0, Input= 195.1, Error= -15.1, PIDTerms=-0.272/ 0.000/-0.104/ 0.000, Output=-0.377(-0.500/0.500)
Auto.Battery_Info: Voltage=12.80V (12.36V)
Auto.printPidInfo_Info: encoderXPidCtrl: Target=   4.3, Input=   0.0, Error=   0.0, PIDTerms= 0.000/ 0.000/ 0.000/ 0.000, Output= 0.000(-1.000/1.000)
Auto.printPidInfo_Info: encoderYPidCtrl: Target= -25.3, Input=   0.0, Error=   0.0, PIDTerms= 0.000/ 0.000/ 0.000/ 0.000, Output= 0.000(-1.000/1.000)
Auto.printPidInfo_Info: gyroPidCtrl: Target= 180.0, Input= 192.4, Error= -12.4, PIDTerms=-0.223/ 0.000/ 0.035/ 0.000, Output=-0.188(-0.500/0.500)
Auto.Battery_Info: Voltage=12.92V (12.36V)
Auto.printPidInfo_Info: encoderXPidCtrl: Target=   4.3, Input=   0.0, Error=   0.0, PIDTerms= 0.000/ 0.000/ 0.000/ 0.000, Output= 0.000(-1.000/1.000)
Auto.printPidInfo_Info: encoderYPidCtrl: Target= -25.3, Input=   0.0, Error=   0.0, PIDTerms= 0.000/ 0.000/ 0.000/ 0.000, Output= 0.000(-1.000/1.000)
Auto.printPidInfo_Info: gyroPidCtrl: Target= 180.0, Input= 186.1, Error=  -6.1, PIDTerms=-0.110/ 0.000/ 0.090/ 0.000, Output=-0.020(-0.500/0.500)
Auto.Battery_Info: Voltage=12.82V (12.36V)
Auto.printPidInfo_Info: encoderXPidCtrl: Target=   4.3, Input=   0.0, Error=   0.0, PIDTerms= 0.000/ 0.000/ 0.000/ 0.000, Output= 0.000(-1.000/1.000)
Auto.printPidInfo_Info: encoderYPidCtrl: Target= -25.3, Input=   0.0, Error=   0.0, PIDTerms= 0.000/ 0.000/ 0.000/ 0.000, Output= 0.000(-1.000/1.000)
Auto.printPidInfo_Info: gyroPidCtrl: Target= 180.0, Input= 177.7, Error=   2.3, PIDTerms= 0.041/ 0.000/ 0.121/ 0.000, Output= 0.162(-0.500/0.500)
Auto.Robot_Info: ***** [8.516] *****   ALIGN_CRYPTOBOX: xPos= -2.73/-19.00,yPos=-15.78/  0.00,heading= 174.6/ 180.0,volt=12.95V(12.36V)
Auto.Battery_Info: Voltage=12.95V (12.36V)
Auto.printPidInfo_Info: encoderXPidCtrl: Target= -21.7, Input=   0.0, Error= -19.0, PIDTerms= 0.000/ 0.000/ 0.000/ 0.000, Output= 0.000(-1.000/1.000)
Auto.printPidInfo_Info: encoderYPidCtrl: Target= -15.8, Input=   0.0, Error=   0.0, PIDTerms= 0.000/ 0.000/ 0.000/ 0.000, Output= 0.000(-1.000/1.000)
Auto.printPidInfo_Info: gyroPidCtrl: Target= 180.0, Input= 174.4, Error=   5.4, PIDTerms= 0.101/ 0.000/ 0.035/ 0.000, Output= 0.000(-0.500/0.500)
Auto.Battery_Info: Voltage=11.34V (11.22V)
Auto.printPidInfo_Info: encoderXPidCtrl: Target= -21.7, Input=  -2.7, Error= -19.0, PIDTerms=-2.850/ 0.000/ 0.000/-0.000, Output=-1.000(-1.000/1.000)
Auto.printPidInfo_Info: encoderYPidCtrl: Target= -15.8, Input= -15.8, Error=   0.0, PIDTerms= 0.000/ 0.000/ 0.000/-0.000, Output= 0.000(-1.000/1.000)
Auto.printPidInfo_Info: gyroPidCtrl: Target= 180.0, Input= 174.6, Error=   5.4, PIDTerms= 0.098/ 0.000/ 0.000/ 0.000, Output= 0.098(-0.500/0.500)
Auto.Battery_Info: Voltage=11.51V (11.22V)
Auto.printPidInfo_Info: encoderXPidCtrl: Target= -21.7, Input=  -3.4, Error= -18.4, PIDTerms=-2.753/ 0.000/ 0.055/-0.000, Output=-1.000(-1.000/1.000)
Auto.printPidInfo_Info: encoderYPidCtrl: Target= -15.8, Input= -15.8, Error=   0.1, PIDTerms= 0.001/ 0.000/ 0.001/-0.000, Output= 0.002(-1.000/1.000)
Auto.printPidInfo_Info: gyroPidCtrl: Target= 180.0, Input= 175.8, Error=   4.2, PIDTerms= 0.076/ 0.000/-0.013/ 0.000, Output= 0.063(-0.500/0.500)
Auto.Battery_Info: Voltage=11.61V (11.22V)
Auto.printPidInfo_Info: encoderXPidCtrl: Target= -21.7, Input=  -6.5, Error= -15.2, PIDTerms=-2.283/ 0.000/ 0.272/-0.000, Output=-1.000(-1.000/1.000)
Auto.printPidInfo_Info: encoderYPidCtrl: Target= -15.8, Input= -15.8, Error=   0.1, PIDTerms= 0.001/ 0.000/ 0.000/-0.000, Output= 0.001(-1.000/1.000)
Auto.printPidInfo_Info: gyroPidCtrl: Target= 180.0, Input= 175.8, Error=   4.2, PIDTerms= 0.075/ 0.000/-0.001/ 0.000, Output= 0.075(-0.500/0.500)
Auto.Battery_Info: Voltage=11.62V (11.22V)
Auto.printPidInfo_Info: encoderXPidCtrl: Target= -21.7, Input= -10.7, Error= -11.0, PIDTerms=-1.656/ 0.000/ 0.434/-0.000, Output=-1.000(-1.000/1.000)
Auto.printPidInfo_Info: encoderYPidCtrl: Target= -15.8, Input= -15.9, Error=   0.2, PIDTerms= 0.003/ 0.000/ 0.002/-0.000, Output= 0.005(-1.000/1.000)
Auto.printPidInfo_Info: gyroPidCtrl: Target= 180.0, Input= 177.1, Error=   2.9, PIDTerms= 0.052/ 0.000/-0.018/ 0.000, Output= 0.034(-0.500/0.500)
Auto.Battery_Info: Voltage=12.17V (11.22V)
Auto.printPidInfo_Info: encoderXPidCtrl: Target= -21.7, Input= -14.6, Error=  -7.1, PIDTerms=-1.072/ 0.000/ 0.346/-0.000, Output=-0.727(-1.000/1.000)
Auto.printPidInfo_Info: encoderYPidCtrl: Target= -15.8, Input= -16.0, Error=   0.3, PIDTerms= 0.005/ 0.000/ 0.001/-0.000, Output= 0.007(-1.000/1.000)
Auto.printPidInfo_Info: gyroPidCtrl: Target= 180.0, Input= 179.8, Error=   0.2, PIDTerms= 0.004/ 0.000/-0.032/ 0.000, Output=-0.027(-0.500/0.500)
Auto.Battery_Info: Voltage=12.87V (11.22V)
Auto.printPidInfo_Info: encoderXPidCtrl: Target= -21.7, Input= -18.9, Error=  -2.8, PIDTerms=-0.423/ 0.000/ 0.407/-0.000, Output=-0.016(-1.000/1.000)
Auto.printPidInfo_Info: encoderYPidCtrl: Target= -15.8, Input= -16.1, Error=   0.3, PIDTerms= 0.006/ 0.000/ 0.001/-0.000, Output= 0.007(-1.000/1.000)
Auto.printPidInfo_Info: gyroPidCtrl: Target= 180.0, Input= 182.6, Error=  -2.6, PIDTerms=-0.047/ 0.000/-0.035/ 0.000, Output=-0.082(-0.500/0.500)
Auto.Battery_Info: Voltage=12.29V (11.22V)
Auto.printPidInfo_Info: encoderXPidCtrl: Target= -21.7, Input= -22.9, Error=   1.2, PIDTerms= 0.174/ 0.000/ 0.267/-0.000, Output= 0.441(-1.000/1.000)
Auto.printPidInfo_Info: encoderYPidCtrl: Target= -15.8, Input= -16.2, Error=   0.5, PIDTerms= 0.009/ 0.000/ 0.001/-0.000, Output= 0.011(-1.000/1.000)
Auto.printPidInfo_Info: gyroPidCtrl: Target= 180.0, Input= 184.6, Error=  -4.6, PIDTerms=-0.084/ 0.000/-0.018/ 0.000, Output=-0.102(-0.500/0.500)
Auto.Battery_Info: Voltage=12.57V (11.22V)
Auto.printPidInfo_Info: encoderXPidCtrl: Target= -21.7, Input= -23.4, Error=   1.7, PIDTerms= 0.255/ 0.000/ 0.042/-0.000, Output= 0.297(-1.000/1.000)
Auto.printPidInfo_Info: encoderYPidCtrl: Target= -15.8, Input= -16.3, Error=   0.6, PIDTerms= 0.011/ 0.000/ 0.001/-0.000, Output= 0.012(-1.000/1.000)
Auto.printPidInfo_Info: gyroPidCtrl: Target= 180.0, Input= 185.0, Error=  -5.0, PIDTerms=-0.090/ 0.000/-0.003/ 0.000, Output=-0.093(-0.500/0.500)
Auto.Battery_Info: Voltage=12.86V (11.22V)
Auto.printPidInfo_Info: encoderXPidCtrl: Target= -21.7, Input= -22.2, Error=   0.5, PIDTerms= 0.077/ 0.000/-0.125/-0.000, Output=-0.048(-1.000/1.000)
Auto.printPidInfo_Info: encoderYPidCtrl: Target= -15.8, Input= -16.3, Error=   0.5, PIDTerms= 0.010/ 0.000/-0.001/-0.000, Output= 0.008(-1.000/1.000)
Auto.printPidInfo_Info: gyroPidCtrl: Target= 180.0, Input= 180.0, Error=  -0.0, PIDTerms=-0.001/ 0.000/ 0.069/ 0.000, Output= 0.068(-0.500/0.500)
Auto.Battery_Info: Voltage=12.80V (11.22V)
Auto.printPidInfo_Info: encoderXPidCtrl: Target= -21.7, Input= -21.6, Error=  -0.1, PIDTerms=-0.019/ 0.000/-0.049/-0.000, Output=-0.068(-1.000/1.000)
Auto.printPidInfo_Info: encoderYPidCtrl: Target= -15.8, Input= -16.2, Error=   0.4, PIDTerms= 0.008/ 0.000/-0.001/-0.000, Output= 0.007(-1.000/1.000)
Auto.printPidInfo_Info: gyroPidCtrl: Target= 180.0, Input= 175.9, Error=   4.1, PIDTerms= 0.075/ 0.000/ 0.043/ 0.000, Output= 0.118(-0.500/0.500)
Auto.Battery_Info: Voltage=12.78V (11.22V)
Auto.printPidInfo_Info: encoderXPidCtrl: Target= -21.7, Input= -22.0, Error=   0.2, PIDTerms= 0.034/ 0.000/ 0.030/-0.000, Output= 0.065(-1.000/1.000)
Auto.printPidInfo_Info: encoderYPidCtrl: Target= -15.8, Input= -16.1, Error=   0.4, PIDTerms= 0.007/ 0.000/-0.000/-0.000, Output= 0.007(-1.000/1.000)
Auto.printPidInfo_Info: gyroPidCtrl: Target= 180.0, Input= 173.1, Error=   6.9, PIDTerms= 0.124/ 0.000/ 0.031/ 0.000, Output= 0.156(-0.500/0.500)
Auto.Battery_Info: Voltage=12.86V (11.22V)
Auto.printPidInfo_Info: encoderXPidCtrl: Target= -21.7, Input= -22.0, Error=   0.2, PIDTerms= 0.033/ 0.000/-0.001/-0.000, Output= 0.032(-1.000/1.000)
Auto.printPidInfo_Info: encoderYPidCtrl: Target= -15.8, Input= -16.1, Error=   0.3, PIDTerms= 0.007/ 0.000/-0.000/-0.000, Output= 0.006(-1.000/1.000)
Auto.printPidInfo_Info: gyroPidCtrl: Target= 180.0, Input= 173.5, Error=   6.5, PIDTerms= 0.117/ 0.000/-0.005/ 0.000, Output= 0.112(-0.500/0.500)
Auto.Robot_Info: ***** [10.768] *****    SET_DOWN_GLYPH: xPos=-21.89/-19.00,yPos=-16.10/  0.00,heading= 174.4/ 180.0,volt=12.93V(11.22V)
Auto.Robot_Info: ***** [12.741] *****     RELEASE_GLYPH: xPos=-21.89/-19.00,yPos=-16.10/  0.00,heading= 174.5/ 180.0,volt=12.95V(11.22V)
Auto.Robot_Info: ***** [13.273] *****      PUSH_FORWARD: xPos=-21.89/  0.00,yPos=-16.10/ 15.00,heading= 174.5/ 180.0,volt=12.97V(11.22V)
Auto.Battery_Info: Voltage=12.97V (11.22V)
Auto.printPidInfo_Info: encoderXPidCtrl: Target= -21.9, Input= -21.9, Error=   0.0, PIDTerms= 0.022/ 0.000/-0.007/-0.000, Output= 0.000(-1.000/1.000)
Auto.printPidInfo_Info: encoderYPidCtrl: Target=  -1.1, Input= -16.1, Error=  15.0, PIDTerms= 0.006/ 0.000/-0.000/-0.000, Output= 0.000(-1.000/1.000)
Auto.printPidInfo_Info: gyroPidCtrl: Target= 180.0, Input= 173.9, Error=   5.5, PIDTerms= 0.109/ 0.000/-0.006/ 0.000, Output= 0.000(-0.500/0.500)
Auto.Battery_Info: Voltage=12.69V (11.22V)
Auto.printPidInfo_Info: encoderXPidCtrl: Target= -21.9, Input= -21.9, Error=   0.0, PIDTerms= 0.000/ 0.000/ 0.000/-0.000, Output= 0.000(-1.000/1.000)
Auto.printPidInfo_Info: encoderYPidCtrl: Target=  -1.1, Input= -16.1, Error=  15.0, PIDTerms= 0.300/ 0.000/ 0.000/-0.000, Output= 0.300(-1.000/1.000)
Auto.printPidInfo_Info: gyroPidCtrl: Target= 180.0, Input= 174.5, Error=   5.5, PIDTerms= 0.099/ 0.000/ 0.000/ 0.000, Output= 0.099(-0.500/0.500)
Auto.Battery_Info: Voltage=12.72V (11.22V)
Auto.printPidInfo_Info: encoderXPidCtrl: Target= -21.9, Input= -21.9, Error=   0.0, PIDTerms= 0.003/ 0.000/ 0.002/-0.000, Output= 0.005(-1.000/1.000)
Auto.printPidInfo_Info: encoderYPidCtrl: Target=  -1.1, Input= -15.9, Error=  14.8, PIDTerms= 0.297/ 0.000/-0.002/-0.000, Output= 0.294(-1.000/1.000)
Auto.printPidInfo_Info: gyroPidCtrl: Target= 180.0, Input= 174.5, Error=   5.5, PIDTerms= 0.099/ 0.000/ 0.000/ 0.000, Output= 0.099(-0.500/0.500)
Auto.Battery_Info: Voltage=12.80V (11.22V)
Auto.printPidInfo_Info: encoderXPidCtrl: Target= -21.9, Input= -21.8, Error=  -0.0, PIDTerms=-0.006/ 0.000/-0.007/-0.000, Output=-0.014(-1.000/1.000)
Auto.printPidInfo_Info: encoderYPidCtrl: Target=  -1.1, Input= -14.8, Error=  13.7, PIDTerms= 0.274/ 0.000/-0.019/-0.000, Output= 0.255(-1.000/1.000)
Auto.printPidInfo_Info: gyroPidCtrl: Target= 180.0, Input= 175.3, Error=   4.7, PIDTerms= 0.085/ 0.000/-0.012/ 0.000, Output= 0.073(-0.500/0.500)
Auto.Battery_Info: Voltage=12.82V (11.22V)
Auto.printPidInfo_Info: encoderXPidCtrl: Target= -21.9, Input= -21.8, Error=  -0.1, PIDTerms=-0.019/ 0.000/-0.007/-0.000, Output=-0.026(-1.000/1.000)
Auto.printPidInfo_Info: encoderYPidCtrl: Target=  -1.1, Input= -13.4, Error=  12.3, PIDTerms= 0.246/ 0.000/-0.018/-0.000, Output= 0.228(-1.000/1.000)
Auto.printPidInfo_Info: gyroPidCtrl: Target= 180.0, Input= 176.5, Error=   3.5, PIDTerms= 0.063/ 0.000/-0.014/ 0.000, Output= 0.050(-0.500/0.500)
Auto.Battery_Info: Voltage=12.84V (11.22V)
Auto.printPidInfo_Info: encoderXPidCtrl: Target= -21.9, Input= -21.8, Error=  -0.1, PIDTerms=-0.016/ 0.000/ 0.002/-0.000, Output=-0.014(-1.000/1.000)
Auto.printPidInfo_Info: encoderYPidCtrl: Target=  -1.1, Input= -10.8, Error=   9.7, PIDTerms= 0.194/ 0.000/-0.037/-0.000, Output= 0.157(-1.000/1.000)
Auto.printPidInfo_Info: gyroPidCtrl: Target= 180.0, Input= 177.4, Error=   2.6, PIDTerms= 0.047/ 0.000/-0.012/ 0.000, Output= 0.035(-0.500/0.500)
Auto.Battery_Info: Voltage=12.89V (11.22V)
Auto.printPidInfo_Info: encoderXPidCtrl: Target= -21.9, Input= -21.7, Error=  -0.2, PIDTerms=-0.023/ 0.000/-0.004/-0.000, Output=-0.027(-1.000/1.000)
Auto.printPidInfo_Info: encoderYPidCtrl: Target=  -1.1, Input=  -8.5, Error=   7.4, PIDTerms= 0.148/ 0.000/-0.031/-0.000, Output= 0.117(-1.000/1.000)
Auto.printPidInfo_Info: gyroPidCtrl: Target= 180.0, Input= 178.1, Error=   1.9, PIDTerms= 0.034/ 0.000/-0.009/ 0.000, Output= 0.026(-0.500/0.500)
Auto.Battery_Info: Voltage=12.86V (11.22V)
Auto.printPidInfo_Info: encoderXPidCtrl: Target= -21.9, Input= -21.8, Error=  -0.1, PIDTerms=-0.020/ 0.000/ 0.003/-0.000, Output=-0.017(-1.000/1.000)
Auto.printPidInfo_Info: encoderYPidCtrl: Target=  -1.1, Input=  -8.4, Error=   7.3, PIDTerms= 0.146/ 0.000/-0.002/-0.000, Output= 0.144(-1.000/1.000)
Auto.printPidInfo_Info: gyroPidCtrl: Target= 180.0, Input= 178.7, Error=   1.3, PIDTerms= 0.023/ 0.000/-0.011/ 0.000, Output= 0.012(-0.500/0.500)
Auto.Battery_Info: Voltage=12.88V (11.22V)
Auto.printPidInfo_Info: encoderXPidCtrl: Target= -21.9, Input= -21.8, Error=  -0.1, PIDTerms=-0.018/ 0.000/ 0.001/-0.000, Output=-0.017(-1.000/1.000)
Auto.printPidInfo_Info: encoderYPidCtrl: Target=  -1.1, Input=  -8.4, Error=   7.3, PIDTerms= 0.146/ 0.000/ 0.000/-0.000, Output= 0.146(-1.000/1.000)
Auto.printPidInfo_Info: gyroPidCtrl: Target= 180.0, Input= 178.9, Error=   1.1, PIDTerms= 0.020/ 0.000/-0.002/ 0.000, Output= 0.018(-0.500/0.500)
Auto.Battery_Info: Voltage=12.88V (11.22V)
Auto.printPidInfo_Info: encoderXPidCtrl: Target= -21.9, Input= -21.8, Error=  -0.1, PIDTerms=-0.018/ 0.000/ 0.000/-0.000, Output=-0.018(-1.000/1.000)
Auto.printPidInfo_Info: encoderYPidCtrl: Target=  -1.1, Input=  -8.4, Error=   7.3, PIDTerms= 0.146/ 0.000/ 0.000/-0.000, Output= 0.146(-1.000/1.000)
Auto.printPidInfo_Info: gyroPidCtrl: Target= 180.0, Input= 179.0, Error=   1.0, PIDTerms= 0.018/ 0.000/-0.002/ 0.000, Output= 0.016(-0.500/0.500)
Auto.Robot_Info: ***** [14.806] *****          BACK_OFF: xPos=-21.76/  0.00,yPos= -8.42/ -6.50,heading= 179.0/ 180.0,volt=12.99V(11.22V)
Auto.Battery_Info: Voltage=12.99V (11.22V)
Auto.printPidInfo_Info: encoderXPidCtrl: Target= -21.8, Input= -21.8, Error=   0.0, PIDTerms=-0.018/ 0.000/ 0.000/-0.000, Output= 0.000(-1.000/1.000)
Auto.printPidInfo_Info: encoderYPidCtrl: Target= -14.9, Input=  -8.4, Error=  -6.5, PIDTerms= 0.146/ 0.000/ 0.000/-0.000, Output= 0.000(-1.000/1.000)
Auto.printPidInfo_Info: gyroPidCtrl: Target= 180.0, Input= 179.0, Error=   1.0, PIDTerms= 0.018/ 0.000/-0.000/ 0.000, Output= 0.000(-0.500/0.500)
Auto.Battery_Info: Voltage=12.91V (11.22V)
Auto.printPidInfo_Info: encoderXPidCtrl: Target= -21.8, Input= -21.8, Error=   0.0, PIDTerms= 0.000/ 0.000/ 0.000/-0.000, Output= 0.000(-1.000/1.000)
Auto.printPidInfo_Info: encoderYPidCtrl: Target= -14.9, Input=  -8.4, Error=  -6.5, PIDTerms=-0.130/ 0.000/ 0.000/-0.000, Output=-0.130(-1.000/1.000)
Auto.printPidInfo_Info: gyroPidCtrl: Target= 180.0, Input= 179.0, Error=   1.0, PIDTerms= 0.018/ 0.000/ 0.000/ 0.000, Output= 0.018(-0.500/0.500)
Auto.Battery_Info: Voltage=12.90V (11.22V)
Auto.printPidInfo_Info: encoderXPidCtrl: Target= -21.8, Input= -21.8, Error=   0.0, PIDTerms= 0.001/ 0.000/ 0.000/-0.000, Output= 0.001(-1.000/1.000)
Auto.printPidInfo_Info: encoderYPidCtrl: Target= -14.9, Input=  -8.5, Error=  -6.4, PIDTerms=-0.127/ 0.000/ 0.002/-0.000, Output=-0.126(-1.000/1.000)
Auto.printPidInfo_Info: gyroPidCtrl: Target= 180.0, Input= 179.0, Error=   1.0, PIDTerms= 0.018/ 0.000/ 0.000/ 0.000, Output= 0.018(-0.500/0.500)
Auto.Battery_Info: Voltage=12.93V (11.22V)
Auto.printPidInfo_Info: encoderXPidCtrl: Target= -21.8, Input= -21.8, Error=  -0.0, PIDTerms=-0.001/ 0.000/-0.001/-0.000, Output=-0.002(-1.000/1.000)
Auto.printPidInfo_Info: encoderYPidCtrl: Target= -14.9, Input=  -9.5, Error=  -5.4, PIDTerms=-0.108/ 0.000/ 0.015/-0.000, Output=-0.094(-1.000/1.000)
Auto.printPidInfo_Info: gyroPidCtrl: Target= 180.0, Input= 179.0, Error=   1.0, PIDTerms= 0.017/ 0.000/-0.000/ 0.000, Output= 0.017(-0.500/0.500)
Auto.Battery_Info: Voltage=12.95V (11.22V)
Auto.printPidInfo_Info: encoderXPidCtrl: Target= -21.8, Input= -21.7, Error=  -0.0, PIDTerms=-0.005/ 0.000/-0.002/-0.000, Output=-0.007(-1.000/1.000)
Auto.printPidInfo_Info: encoderYPidCtrl: Target= -14.9, Input= -10.0, Error=  -4.9, PIDTerms=-0.098/ 0.000/ 0.006/-0.000, Output=-0.093(-1.000/1.000)
Auto.printPidInfo_Info: gyroPidCtrl: Target= 180.0, Input= 179.2, Error=   0.8, PIDTerms= 0.015/ 0.000/-0.001/ 0.000, Output= 0.014(-0.500/0.500)
Auto.Battery_Info: Voltage=12.96V (11.22V)
Auto.printPidInfo_Info: encoderXPidCtrl: Target= -21.8, Input= -21.7, Error=  -0.0, PIDTerms=-0.005/ 0.000/ 0.000/-0.000, Output=-0.005(-1.000/1.000)
Auto.printPidInfo_Info: encoderYPidCtrl: Target= -14.9, Input= -10.3, Error=  -4.6, PIDTerms=-0.092/ 0.000/ 0.005/-0.000, Output=-0.087(-1.000/1.000)
Auto.printPidInfo_Info: gyroPidCtrl: Target= 180.0, Input= 179.1, Error=   0.9, PIDTerms= 0.016/ 0.000/ 0.001/ 0.000, Output= 0.016(-0.500/0.500)
Auto.Battery_Info: Voltage=12.96V (11.22V)
Auto.printPidInfo_Info: encoderXPidCtrl: Target= -21.8, Input= -21.7, Error=  -0.0, PIDTerms=-0.006/ 0.000/-0.001/-0.000, Output=-0.007(-1.000/1.000)
Auto.printPidInfo_Info: encoderYPidCtrl: Target= -14.9, Input= -10.5, Error=  -4.4, PIDTerms=-0.088/ 0.000/ 0.003/-0.000, Output=-0.084(-1.000/1.000)
Auto.printPidInfo_Info: gyroPidCtrl: Target= 180.0, Input= 179.1, Error=   0.9, PIDTerms= 0.016/ 0.000/-0.000/ 0.000, Output= 0.016(-0.500/0.500)
Auto.Battery_Info: Voltage=12.94V (11.22V)
Auto.printPidInfo_Info: encoderXPidCtrl: Target= -21.8, Input= -21.7, Error=  -0.1, PIDTerms=-0.011/ 0.000/-0.003/-0.000, Output=-0.015(-1.000/1.000)
Auto.printPidInfo_Info: encoderYPidCtrl: Target= -14.9, Input= -10.6, Error=  -4.3, PIDTerms=-0.086/ 0.000/ 0.001/-0.000, Output=-0.085(-1.000/1.000)
Auto.printPidInfo_Info: gyroPidCtrl: Target= 180.0, Input= 179.1, Error=   0.9, PIDTerms= 0.016/ 0.000/-0.000/ 0.000, Output= 0.016(-0.500/0.500)
Auto.Robot_Info: ***** [16.107] *****              DONE: xPos=-21.71/  0.00,yPos=-10.63/ -6.50,heading= 179.2/ 180.0,volt=12.98V(11.22V)
