Test.FtcAuto_Info: Sat Dec 02 22:02:09 PST 2017: ***** Starting autonomous *****
Test.Robot_Info: [0.099]  DEPLOY_JEWEL_ARM: xPos=  0.16/  0.00,yPos= -1.04/  0.00,heading=  -0.1/   0.0,volt=12.64V(12.58V)
Test.WHACK_JEWEL_Info: VuMark: UNKNOWN
Test.WHACK_JEWEL_Info: 0: Color=RED, HSV=[9.090909/0.503817/0.513726]
Test.Robot_Info: [0.632]       WHACK_JEWEL: xPos=  0.16/  0.00,yPos= -1.04/  0.00,heading=  -0.1/   0.0,volt=12.56V(12.56V)
Test.Robot_Info: [1.264] MOVE_JEWEL_ARM_UP: xPos=  0.16/  0.00,yPos= -1.04/  0.00,heading=  -0.0/   0.0,volt=12.59V(12.56V)
Test.Robot_Info: [1.683]   RESET_JEWEL_ARM: xPos=  0.16/  0.00,yPos= -1.04/  0.00,heading=  -0.0/   0.0,volt=12.59V(12.56V)
Test.DO_DELAY_Info: Delay=0
Test.Robot_Info: [2.020]          DO_DELAY: xPos=  0.16/  0.00,yPos= -1.04/  0.00,heading=  -0.0/   0.0,volt=12.56V(12.56V)
Test.Robot_Info: [2.119]   GRAB_LIFT_GLYPH: xPos=  0.16/  0.00,yPos= -1.04/  0.00,heading=  -0.0/   0.0,volt=12.64V(12.56V)
Test.Robot_Info: [4.312] DRIVE_OFF_PLATFORM: xPos=  0.16/  0.00,yPos= -1.04/ 25.00,heading=   0.0/   0.0,volt=12.52V(11.96V)
Test.Battery_Info: Voltage=12.52V (11.96V)
Test.printPidInfo_Info: encoderYPidCtrl: Target=  24.0, Input=   0.0, Error=  25.0, PIDTerms= 0.000/ 0.000/ 0.000/ 0.000, Output= 0.000(-0.500/0.500)
Test.printPidInfo_Info: gyroPidCtrl: Target=   0.0, Input=   0.0, Error=  -0.0, PIDTerms= 0.000/ 0.000/ 0.000/ 0.000, Output= 0.000(-0.500/0.500)
Test.Battery_Info: Voltage=11.80V (11.84V)
Test.printPidInfo_Info: encoderYPidCtrl: Target=  24.0, Input=  -1.0, Error=  25.0, PIDTerms= 0.500/ 0.000/ 0.000/ 0.000, Output= 0.500(-0.500/0.500)
Test.printPidInfo_Info: gyroPidCtrl: Target=   0.0, Input=   0.0, Error=  -0.0, PIDTerms=-0.000/ 0.000/ 0.000/ 0.000, Output=-0.000(-0.500/0.500)
Test.Battery_Info: Voltage=11.96V (11.84V)
Test.printPidInfo_Info: encoderYPidCtrl: Target=  24.0, Input=   0.4, Error=  23.5, PIDTerms= 0.471/ 0.000/-0.016/ 0.000, Output= 0.455(-0.500/0.500)
Test.printPidInfo_Info: gyroPidCtrl: Target=   0.0, Input=   0.0, Error=  -0.0, PIDTerms=-0.000/ 0.000/ 0.000/ 0.000, Output=-0.000(-0.500/0.500)
Test.Battery_Info: Voltage=12.15V (11.84V)
Test.printPidInfo_Info: encoderYPidCtrl: Target=  24.0, Input=   3.0, Error=  21.0, PIDTerms= 0.420/ 0.000/-0.027/ 0.000, Output= 0.393(-0.500/0.500)
Test.printPidInfo_Info: gyroPidCtrl: Target=   0.0, Input=   0.0, Error=  -0.0, PIDTerms=-0.000/ 0.000/ 0.000/ 0.000, Output=-0.000(-0.500/0.500)
Test.Battery_Info: Voltage=12.03V (11.84V)
Test.printPidInfo_Info: encoderYPidCtrl: Target=  24.0, Input=   5.6, Error=  18.4, PIDTerms= 0.368/ 0.000/-0.048/ 0.000, Output= 0.320(-0.500/0.500)
Test.printPidInfo_Info: gyroPidCtrl: Target=   0.0, Input=  -0.1, Error=   0.1, PIDTerms= 0.002/ 0.000/ 0.002/ 0.000, Output= 0.004(-0.500/0.500)
Test.Battery_Info: Voltage=12.22V (11.84V)
Test.printPidInfo_Info: encoderYPidCtrl: Target=  24.0, Input=   9.8, Error=  14.2, PIDTerms= 0.283/ 0.000/-0.039/ 0.000, Output= 0.244(-0.500/0.500)
Test.printPidInfo_Info: gyroPidCtrl: Target=   0.0, Input=  -0.0, Error=   0.0, PIDTerms= 0.001/ 0.000/-0.000/ 0.000, Output= 0.000(-0.500/0.500)
Test.Battery_Info: Voltage=11.11V (10.63V)
Test.printPidInfo_Info: encoderYPidCtrl: Target=  24.0, Input=  10.9, Error=  13.1, PIDTerms= 0.261/ 0.000/-0.012/ 0.000, Output= 0.249(-0.500/0.500)
Test.printPidInfo_Info: gyroPidCtrl: Target=   0.0, Input=  -0.5, Error=   0.5, PIDTerms= 0.010/ 0.000/ 0.005/ 0.000, Output= 0.014(-0.500/0.500)
Test.Battery_Info: Voltage=11.16V (10.63V)
Test.printPidInfo_Info: encoderYPidCtrl: Target=  24.0, Input=  15.7, Error=   8.3, PIDTerms= 0.166/ 0.000/-0.062/ 0.000, Output= 0.104(-0.500/0.500)
Test.printPidInfo_Info: gyroPidCtrl: Target=   0.0, Input=  -1.1, Error=   1.1, PIDTerms= 0.020/ 0.000/ 0.007/ 0.000, Output= 0.026(-0.500/0.500)
Test.Battery_Info: Voltage=12.25V (10.63V)
Test.printPidInfo_Info: encoderYPidCtrl: Target=  24.0, Input=  17.2, Error=   6.7, PIDTerms= 0.135/ 0.000/-0.023/ 0.000, Output= 0.112(-0.500/0.500)
Test.printPidInfo_Info: gyroPidCtrl: Target=   0.0, Input=  -2.4, Error=   2.4, PIDTerms= 0.044/ 0.000/ 0.018/ 0.000, Output= 0.062(-0.500/0.500)
Test.Battery_Info: Voltage=12.20V (10.63V)
Test.printPidInfo_Info: encoderYPidCtrl: Target=  24.0, Input=  18.6, Error=   5.4, PIDTerms= 0.107/ 0.000/-0.022/ 0.000, Output= 0.085(-0.500/0.500)
Test.printPidInfo_Info: gyroPidCtrl: Target=   0.0, Input=  -1.9, Error=   1.9, PIDTerms= 0.034/ 0.000/-0.008/ 0.000, Output= 0.026(-0.500/0.500)
Test.Battery_Info: Voltage=12.34V (10.63V)
Test.printPidInfo_Info: encoderYPidCtrl: Target=  24.0, Input=  19.7, Error=   4.2, PIDTerms= 0.085/ 0.000/-0.017/ 0.000, Output= 0.067(-0.500/0.500)
Test.printPidInfo_Info: gyroPidCtrl: Target=   0.0, Input=   0.3, Error=  -0.3, PIDTerms=-0.006/ 0.000/-0.031/ 0.000, Output=-0.037(-0.500/0.500)
Test.Battery_Info: Voltage=12.33V (10.63V)
Test.printPidInfo_Info: encoderYPidCtrl: Target=  24.0, Input=  20.6, Error=   3.4, PIDTerms= 0.068/ 0.000/-0.011/ 0.000, Output= 0.057(-0.500/0.500)
Test.printPidInfo_Info: gyroPidCtrl: Target=   0.0, Input=   1.8, Error=  -1.8, PIDTerms=-0.033/ 0.000/-0.019/ 0.000, Output=-0.052(-0.500/0.500)
Test.Battery_Info: Voltage=12.38V (10.63V)
Test.printPidInfo_Info: encoderYPidCtrl: Target=  24.0, Input=  20.9, Error=   3.1, PIDTerms= 0.062/ 0.000/-0.004/ 0.000, Output= 0.057(-0.500/0.500)
Test.printPidInfo_Info: gyroPidCtrl: Target=   0.0, Input=   2.2, Error=  -2.2, PIDTerms=-0.039/ 0.000/-0.004/ 0.000, Output=-0.044(-0.500/0.500)
Test.Robot_Info: [6.538]     DRIVE_TO_WALL: xPos=  0.15/  0.00,yPos= 21.16/ 14.50,heading=   1.0/   0.0,volt=12.46V(10.63V)
Test.Battery_Info: Voltage=12.45V (10.63V)
Test.printPidInfo_Info: sonarYPidCtrl: Target=  14.5, Input=   0.0, Error=  47.9, PIDTerms= 0.000/ 0.000/ 0.000/ 0.000, Output= 0.000(-1.000/1.000)
Test.printPidInfo_Info: gyroPidCtrl: Target=   0.0, Input=   1.6, Error=  -1.0, PIDTerms=-0.029/ 0.000/ 0.008/ 0.000, Output= 0.000(-0.500/0.500)
Test.Battery_Info: Voltage=11.64V (10.63V)
Test.printPidInfo_Info: sonarYPidCtrl: Target=  14.5, Input=  62.4, Error=  47.9, PIDTerms= 0.536/ 0.000/ 0.000/ 0.000, Output= 0.536(-1.000/1.000)
Test.printPidInfo_Info: gyroPidCtrl: Target=   0.0, Input=   1.0, Error=  -1.0, PIDTerms=-0.017/ 0.000/ 0.000/ 0.000, Output=-0.017(-0.500/0.500)
Test.Battery_Info: Voltage=11.82V (10.63V)
Test.printPidInfo_Info: sonarYPidCtrl: Target=  14.5, Input=  62.1, Error=  47.6, PIDTerms= 0.533/ 0.000/-0.000/ 0.000, Output= 0.533(-1.000/1.000)
Test.printPidInfo_Info: gyroPidCtrl: Target=   0.0, Input=   1.0, Error=  -1.0, PIDTerms=-0.017/ 0.000/ 0.000/ 0.000, Output=-0.017(-0.500/0.500)
Test.Battery_Info: Voltage=11.86V (10.63V)
Test.printPidInfo_Info: sonarYPidCtrl: Target=  14.5, Input=  61.8, Error=  47.3, PIDTerms= 0.529/ 0.000/-0.000/ 0.000, Output= 0.529(-1.000/1.000)
Test.printPidInfo_Info: gyroPidCtrl: Target=   0.0, Input=   0.7, Error=  -0.7, PIDTerms=-0.012/ 0.000/ 0.004/ 0.000, Output=-0.008(-0.500/0.500)
Test.Battery_Info: Voltage=11.21V (10.63V)
Test.printPidInfo_Info: sonarYPidCtrl: Target=  14.5, Input=  61.1, Error=  46.6, PIDTerms= 0.522/ 0.000/-0.000/ 0.000, Output= 0.522(-1.000/1.000)
Test.printPidInfo_Info: gyroPidCtrl: Target=   0.0, Input=   0.3, Error=  -0.3, PIDTerms=-0.005/ 0.000/ 0.005/ 0.000, Output= 0.000(-0.500/0.500)
Test.Battery_Info: Voltage=11.18V (10.63V)
Test.printPidInfo_Info: sonarYPidCtrl: Target=  14.5, Input=  60.8, Error=  46.3, PIDTerms= 0.519/ 0.000/-0.000/ 0.000, Output= 0.519(-1.000/1.000)
Test.printPidInfo_Info: gyroPidCtrl: Target=   0.0, Input=   0.0, Error=  -0.0, PIDTerms=-0.000/ 0.000/ 0.003/ 0.000, Output= 0.003(-0.500/0.500)
Test.Battery_Info: Voltage=11.18V (10.63V)
Test.printPidInfo_Info: sonarYPidCtrl: Target=  14.5, Input=  60.8, Error=  46.3, PIDTerms= 0.519/ 0.000/ 0.000/ 0.000, Output= 0.519(-1.000/1.000)
Test.printPidInfo_Info: gyroPidCtrl: Target=   0.0, Input=   1.9, Error=  -1.9, PIDTerms=-0.034/ 0.000/-0.021/ 0.000, Output=-0.055(-0.500/0.500)
Test.Battery_Info: Voltage=11.08V (10.63V)
Test.printPidInfo_Info: sonarYPidCtrl: Target=  14.5, Input=  60.5, Error=  46.0, PIDTerms= 0.515/ 0.000/-0.000/ 0.000, Output= 0.515(-1.000/1.000)
Test.printPidInfo_Info: gyroPidCtrl: Target=   0.0, Input=   1.8, Error=  -1.8, PIDTerms=-0.032/ 0.000/ 0.001/ 0.000, Output=-0.030(-0.500/0.500)
Test.Battery_Info: Voltage=11.13V (10.63V)
Test.printPidInfo_Info: sonarYPidCtrl: Target=  14.5, Input=  60.2, Error=  45.7, PIDTerms= 0.512/ 0.000/-0.000/ 0.000, Output= 0.512(-1.000/1.000)
Test.printPidInfo_Info: gyroPidCtrl: Target=   0.0, Input=   1.7, Error=  -1.7, PIDTerms=-0.031/ 0.000/ 0.001/ 0.000, Output=-0.031(-0.500/0.500)
Test.Battery_Info: Voltage=11.10V (10.63V)
Test.printPidInfo_Info: sonarYPidCtrl: Target=  14.5, Input=  60.2, Error=  45.7, PIDTerms= 0.512/ 0.000/ 0.000/ 0.000, Output= 0.512(-1.000/1.000)
Test.printPidInfo_Info: gyroPidCtrl: Target=   0.0, Input=   1.7, Error=  -1.7, PIDTerms=-0.031/ 0.000/-0.000/ 0.000, Output=-0.032(-0.500/0.500)
Test.Battery_Info: Voltage= 0.00V ( 0.00V)
Test.printPidInfo_Info: sonarYPidCtrl: Target=  14.5, Input=  59.6, Error=  45.1, PIDTerms= 0.505/ 0.000/-0.000/ 0.000, Output= 0.505(-1.000/1.000)
Test.printPidInfo_Info: gyroPidCtrl: Target=   0.0, Input=   1.7, Error=  -1.7, PIDTerms=-0.031/ 0.000/ 0.000/ 0.000, Output=-0.031(-0.500/0.500)
