Auto.FtcAuto_Info: Sat Dec 02 23:35:51 PST 2017: ***** Starting autonomous *****
Auto.Robot_Info: [0.087]  DEPLOY_JEWEL_ARM: xPos=  0.00/  0.00,yPos=  0.00/  0.00,heading=   0.0/   0.0,volt=12.39V(12.36V)
Auto.WHACK_JEWEL_Info: VuMark: UNKNOWN
Auto.WHACK_JEWEL_Info: 0: Color=RED, HSV=[15.384616/0.402062/0.380392]
Auto.Robot_Info: [0.655]       WHACK_JEWEL: xPos=  0.00/  0.00,yPos=  0.00/  0.00,heading=   0.0/   0.0,volt=12.40V(12.31V)
Auto.Robot_Info: [1.219] MOVE_JEWEL_ARM_UP: xPos=  0.00/  0.00,yPos=  0.00/  0.00,heading=   0.1/   0.0,volt=12.34V(12.31V)
Auto.Robot_Info: [1.649]   RESET_JEWEL_ARM: xPos=  0.00/  0.00,yPos=  0.00/  0.00,heading=   0.1/   0.0,volt=12.37V(12.31V)
Auto.DO_DELAY_Info: Delay=0
Auto.Robot_Info: [1.972]          DO_DELAY: xPos=  0.00/  0.00,yPos=  0.00/  0.00,heading=   0.1/   0.0,volt=12.38V(12.31V)
Auto.Robot_Info: [2.057]   GRAB_LIFT_GLYPH: xPos=  0.00/  0.00,yPos=  0.00/  0.00,heading=   0.1/   0.0,volt=12.39V(12.31V)
Auto.Robot_Info: [4.239] DRIVE_OFF_PLATFORM: xPos=  0.00/  0.00,yPos=  0.00/ 25.00,heading=   0.1/   0.0,volt=12.28V(11.80V)
Auto.Battery_Info: Voltage=12.27V (11.80V)
Auto.printPidInfo_Info: encoderXPidCtrl: Target=   0.0, Input=   0.0, Error=   0.0, PIDTerms= 0.000/ 0.000/ 0.000/ 0.000, Output= 0.000(-1.000/1.000)
Auto.printPidInfo_Info: encoderYPidCtrl: Target=  25.0, Input=   0.0, Error=  25.0, PIDTerms= 0.000/ 0.000/ 0.000/ 0.000, Output= 0.000(-0.500/0.500)
Auto.printPidInfo_Info: gyroPidCtrl: Target=   0.0, Input=   0.0, Error=  -0.1, PIDTerms= 0.000/ 0.000/ 0.000/ 0.000, Output= 0.000(-0.500/0.500)
Auto.Battery_Info: Voltage=11.59V (11.54V)
Auto.printPidInfo_Info: encoderXPidCtrl: Target=   0.0, Input=   0.0, Error=   0.0, PIDTerms= 0.000/ 0.000/ 0.000/ 0.000, Output= 0.000(-1.000/1.000)
Auto.printPidInfo_Info: encoderYPidCtrl: Target=  25.0, Input=   0.0, Error=  25.0, PIDTerms= 0.500/ 0.000/ 0.000/ 0.000, Output= 0.500(-0.500/0.500)
Auto.printPidInfo_Info: gyroPidCtrl: Target=   0.0, Input=   0.1, Error=  -0.1, PIDTerms=-0.001/ 0.000/ 0.000/ 0.000, Output=-0.001(-0.500/0.500)
Auto.Battery_Info: Voltage=11.70V (11.54V)
Auto.printPidInfo_Info: encoderXPidCtrl: Target=   0.0, Input=  -0.1, Error=   0.1, PIDTerms= 0.013/ 0.000/ 0.009/ 0.000, Output= 0.022(-1.000/1.000)
Auto.printPidInfo_Info: encoderYPidCtrl: Target=  25.0, Input=   0.4, Error=  24.6, PIDTerms= 0.492/ 0.000/-0.006/ 0.000, Output= 0.486(-0.500/0.500)
Auto.printPidInfo_Info: gyroPidCtrl: Target=   0.0, Input=   0.1, Error=  -0.1, PIDTerms=-0.001/ 0.000/ 0.000/ 0.000, Output=-0.001(-0.500/0.500)
Auto.Battery_Info: Voltage=11.89V (11.54V)
Auto.printPidInfo_Info: encoderXPidCtrl: Target=   0.0, Input=  -0.2, Error=   0.2, PIDTerms= 0.034/ 0.000/ 0.012/ 0.000, Output= 0.046(-1.000/1.000)
Auto.printPidInfo_Info: encoderYPidCtrl: Target=  25.0, Input=   2.2, Error=  22.8, PIDTerms= 0.457/ 0.000/-0.022/ 0.000, Output= 0.435(-0.500/0.500)
Auto.printPidInfo_Info: gyroPidCtrl: Target=   0.0, Input=   0.2, Error=  -0.2, PIDTerms=-0.004/ 0.000/-0.002/ 0.000, Output=-0.006(-0.500/0.500)
Auto.Battery_Info: Voltage=11.94V (11.54V)
Auto.printPidInfo_Info: encoderXPidCtrl: Target=   0.0, Input=  -0.2, Error=   0.2, PIDTerms= 0.023/ 0.000/-0.010/ 0.000, Output= 0.013(-1.000/1.000)
Auto.printPidInfo_Info: encoderYPidCtrl: Target=  25.0, Input=   4.7, Error=  20.3, PIDTerms= 0.405/ 0.000/-0.050/ 0.000, Output= 0.355(-0.500/0.500)
Auto.printPidInfo_Info: gyroPidCtrl: Target=   0.0, Input=  -0.3, Error=   0.3, PIDTerms= 0.005/ 0.000/ 0.008/ 0.000, Output= 0.013(-0.500/0.500)
Auto.Battery_Info: Voltage=12.12V (11.54V)
Auto.printPidInfo_Info: encoderXPidCtrl: Target=   0.0, Input=  -0.1, Error=   0.1, PIDTerms= 0.016/ 0.000/-0.004/ 0.000, Output= 0.012(-1.000/1.000)
Auto.printPidInfo_Info: encoderYPidCtrl: Target=  25.0, Input=   7.5, Error=  17.5, PIDTerms= 0.351/ 0.000/-0.033/ 0.000, Output= 0.318(-0.500/0.500)
Auto.printPidInfo_Info: gyroPidCtrl: Target=   0.0, Input=  -0.2, Error=   0.2, PIDTerms= 0.003/ 0.000/-0.001/ 0.000, Output= 0.003(-0.500/0.500)
Auto.Battery_Info: Voltage=11.36V (11.26V)
Auto.printPidInfo_Info: encoderXPidCtrl: Target=   0.0, Input=  -2.5, Error=   2.5, PIDTerms= 0.378/ 0.000/ 0.206/ 0.000, Output= 0.584(-1.000/1.000)
Auto.printPidInfo_Info: encoderYPidCtrl: Target=  25.0, Input=  16.3, Error=   8.7, PIDTerms= 0.174/ 0.000/-0.110/ 0.000, Output= 0.064(-0.500/0.500)
Auto.printPidInfo_Info: gyroPidCtrl: Target=   0.0, Input=   0.1, Error=  -0.1, PIDTerms=-0.003/ 0.000/-0.004/ 0.000, Output=-0.006(-0.500/0.500)
Auto.Battery_Info: Voltage=11.90V (11.26V)
Auto.printPidInfo_Info: encoderXPidCtrl: Target=   0.0, Input=  -2.2, Error=   2.2, PIDTerms= 0.326/ 0.000/-0.039/ 0.000, Output= 0.287(-1.000/1.000)
Auto.printPidInfo_Info: encoderYPidCtrl: Target=  25.0, Input=  20.6, Error=   4.4, PIDTerms= 0.088/ 0.000/-0.072/ 0.000, Output= 0.016(-0.500/0.500)
Auto.printPidInfo_Info: gyroPidCtrl: Target=   0.0, Input=   0.1, Error=  -0.1, PIDTerms=-0.002/ 0.000/ 0.001/ 0.000, Output=-0.001(-0.500/0.500)
Auto.Battery_Info: Voltage=11.88V (11.26V)
Auto.printPidInfo_Info: encoderXPidCtrl: Target=   0.0, Input=  -0.0, Error=   0.0, PIDTerms= 0.006/ 0.000/-0.288/ 0.000, Output=-0.282(-1.000/1.000)
Auto.printPidInfo_Info: encoderYPidCtrl: Target=  25.0, Input=  22.4, Error=   2.6, PIDTerms= 0.053/ 0.000/-0.035/ 0.000, Output= 0.018(-0.500/0.500)
Auto.printPidInfo_Info: gyroPidCtrl: Target=   0.0, Input=   0.6, Error=  -0.6, PIDTerms=-0.011/ 0.000/-0.009/ 0.000, Output=-0.019(-0.500/0.500)
Auto.Battery_Info: Voltage=12.00V (11.26V)
Auto.printPidInfo_Info: encoderXPidCtrl: Target=   0.0, Input=   0.8, Error=  -0.8, PIDTerms=-0.127/ 0.000/-0.096/ 0.000, Output=-0.223(-1.000/1.000)
Auto.printPidInfo_Info: encoderYPidCtrl: Target=  25.0, Input=  23.4, Error=   1.6, PIDTerms= 0.032/ 0.000/-0.016/ 0.000, Output= 0.016(-0.500/0.500)
Auto.printPidInfo_Info: gyroPidCtrl: Target=   0.0, Input=   2.3, Error=  -2.3, PIDTerms=-0.042/ 0.000/-0.025/ 0.000, Output=-0.067(-0.500/0.500)
Auto.Battery_Info: Voltage=12.25V (11.26V)
Auto.printPidInfo_Info: encoderXPidCtrl: Target=   0.0, Input=   0.1, Error=  -0.1, PIDTerms=-0.011/ 0.000/ 0.076/ 0.000, Output= 0.065(-1.000/1.000)
Auto.printPidInfo_Info: encoderYPidCtrl: Target=  25.0, Input=  24.0, Error=   1.0, PIDTerms= 0.020/ 0.000/-0.009/ 0.000, Output= 0.012(-0.500/0.500)
Auto.printPidInfo_Info: gyroPidCtrl: Target=   0.0, Input=   1.8, Error=  -1.8, PIDTerms=-0.032/ 0.000/ 0.007/ 0.000, Output=-0.025(-0.500/0.500)
Auto.Battery_Info: Voltage=12.28V (11.26V)
Auto.printPidInfo_Info: encoderXPidCtrl: Target=   0.0, Input=  -0.0, Error=   0.0, PIDTerms= 0.002/ 0.000/ 0.009/ 0.000, Output= 0.011(-1.000/1.000)
Auto.printPidInfo_Info: encoderYPidCtrl: Target=  25.0, Input=  24.1, Error=   0.9, PIDTerms= 0.019/ 0.000/-0.001/ 0.000, Output= 0.018(-0.500/0.500)
Auto.printPidInfo_Info: gyroPidCtrl: Target=   0.0, Input=   1.5, Error=  -1.5, PIDTerms=-0.027/ 0.000/ 0.003/ 0.000, Output=-0.024(-0.500/0.500)
Auto.Battery_Info: Voltage=12.25V (11.26V)
Auto.printPidInfo_Info: encoderXPidCtrl: Target=   0.0, Input=   0.3, Error=  -0.3, PIDTerms=-0.041/ 0.000/-0.029/ 0.000, Output=-0.070(-1.000/1.000)
Auto.printPidInfo_Info: encoderYPidCtrl: Target=  25.0, Input=  24.2, Error=   0.8, PIDTerms= 0.017/ 0.000/-0.002/ 0.000, Output= 0.015(-0.500/0.500)
Auto.printPidInfo_Info: gyroPidCtrl: Target=   0.0, Input=   1.3, Error=  -1.3, PIDTerms=-0.023/ 0.000/ 0.003/ 0.000, Output=-0.020(-0.500/0.500)
Auto.Battery_Info: Voltage=12.27V (11.26V)
Auto.printPidInfo_Info: encoderXPidCtrl: Target=   0.0, Input=   0.3, Error=  -0.3, PIDTerms=-0.042/ 0.000/-0.001/ 0.000, Output=-0.043(-1.000/1.000)
Auto.printPidInfo_Info: encoderYPidCtrl: Target=  25.0, Input=  24.2, Error=   0.8, PIDTerms= 0.017/ 0.000/-0.000/ 0.000, Output= 0.016(-0.500/0.500)
Auto.printPidInfo_Info: gyroPidCtrl: Target=   0.0, Input=   1.3, Error=  -1.3, PIDTerms=-0.023/ 0.000/ 0.000/ 0.000, Output=-0.023(-0.500/0.500)
Auto.Battery_Info: Voltage=12.28V (11.26V)
Auto.printPidInfo_Info: encoderXPidCtrl: Target=   0.0, Input=   0.2, Error=  -0.2, PIDTerms=-0.032/ 0.000/ 0.006/ 0.000, Output=-0.026(-1.000/1.000)
Auto.printPidInfo_Info: encoderYPidCtrl: Target=  25.0, Input=  24.1, Error=   0.9, PIDTerms= 0.018/ 0.000/ 0.001/ 0.000, Output= 0.019(-0.500/0.500)
Auto.printPidInfo_Info: gyroPidCtrl: Target=   0.0, Input=   1.3, Error=  -1.3, PIDTerms=-0.023/ 0.000/ 0.000/ 0.000, Output=-0.023(-0.500/0.500)
Auto.Robot_Info: [6.529]     DRIVE_TO_WALL: xPos=  0.21/  0.00,yPos= 24.11/ 25.00,heading=   1.2/   0.0,volt=12.29V(11.26V)
Auto.Robot_Info: [6.623] TURN_TO_CRYPTOBOX: xPos=  0.21/  0.00,yPos= 24.11/  0.00,heading=   1.2/   0.0,volt=12.29V(11.26V)
Auto.Battery_Info: Voltage=12.29V (11.26V)
Auto.printPidInfo_Info: encoderXPidCtrl: Target=   0.2, Input=   0.2, Error=   0.0, PIDTerms=-0.032/ 0.000/ 0.000/ 0.000, Output= 0.000(-1.000/1.000)
Auto.printPidInfo_Info: encoderYPidCtrl: Target=  24.1, Input=  24.1, Error=   0.0, PIDTerms= 0.018/ 0.000/ 0.000/ 0.000, Output= 0.000(-1.000/1.000)
Auto.printPidInfo_Info: gyroPidCtrl: Target=   0.0, Input=   1.2, Error=  -1.2, PIDTerms=-0.022/ 0.000/ 0.000/ 0.000, Output= 0.000(-0.500/0.500)
Auto.Battery_Info: Voltage=12.28V (11.26V)
Auto.printPidInfo_Info: encoderXPidCtrl: Target=   0.2, Input=   0.2, Error=   0.0, PIDTerms= 0.000/ 0.000/ 0.000/ 0.000, Output= 0.000(-1.000/1.000)
Auto.printPidInfo_Info: encoderYPidCtrl: Target=  24.1, Input=  24.1, Error=   0.0, PIDTerms= 0.000/ 0.000/ 0.000/ 0.000, Output= 0.000(-1.000/1.000)
Auto.printPidInfo_Info: gyroPidCtrl: Target=   0.0, Input=   1.2, Error=  -1.2, PIDTerms=-0.022/ 0.000/ 0.000/ 0.000, Output=-0.022(-0.500/0.500)
Auto.Battery_Info: Voltage=12.29V (11.26V)
Auto.printPidInfo_Info: encoderXPidCtrl: Target=   0.2, Input=   0.2, Error=   0.0, PIDTerms= 0.000/ 0.000/ 0.000/ 0.000, Output= 0.000(-1.000/1.000)
Auto.printPidInfo_Info: encoderYPidCtrl: Target=  24.1, Input=  24.1, Error=   0.0, PIDTerms= 0.000/ 0.000/ 0.000/ 0.000, Output= 0.000(-1.000/1.000)
Auto.printPidInfo_Info: gyroPidCtrl: Target=   0.0, Input=   1.2, Error=  -1.2, PIDTerms=-0.022/ 0.000/ 0.000/ 0.000, Output=-0.022(-0.500/0.500)
Auto.Robot_Info: [7.143]   ALIGN_CRYPTOBOX: xPos=  0.21/ 16.00,yPos= 24.11/  0.00,heading=   1.2/   0.0,volt=12.30V(11.26V)
Auto.Battery_Info: Voltage=12.30V (11.26V)
Auto.printPidInfo_Info: encoderXPidCtrl: Target=  16.2, Input=   0.2, Error=  16.0, PIDTerms= 0.000/ 0.000/ 0.000/ 0.000, Output= 0.000(-1.000/1.000)
Auto.printPidInfo_Info: encoderYPidCtrl: Target=  24.1, Input=  24.1, Error=   0.0, PIDTerms= 0.000/ 0.000/ 0.000/ 0.000, Output= 0.000(-1.000/1.000)
Auto.printPidInfo_Info: gyroPidCtrl: Target=   0.0, Input=   1.2, Error=  -1.2, PIDTerms=-0.022/ 0.000/ 0.000/ 0.000, Output= 0.000(-0.500/0.500)
Auto.Battery_Info: Voltage=10.20V (10.20V)
Auto.printPidInfo_Info: encoderXPidCtrl: Target=  16.2, Input=   0.2, Error=  16.0, PIDTerms= 2.400/ 0.000/ 0.000/ 0.000, Output= 1.000(-1.000/1.000)
Auto.printPidInfo_Info: encoderYPidCtrl: Target=  24.1, Input=  24.1, Error=   0.0, PIDTerms= 0.000/ 0.000/ 0.000/ 0.000, Output= 0.000(-1.000/1.000)
Auto.printPidInfo_Info: gyroPidCtrl: Target=   0.0, Input=   1.2, Error=  -1.2, PIDTerms=-0.022/ 0.000/ 0.000/ 0.000, Output=-0.022(-0.500/0.500)
Auto.Battery_Info: Voltage=10.64V (10.20V)
Auto.printPidInfo_Info: encoderXPidCtrl: Target=  16.2, Input=   0.5, Error=  15.7, PIDTerms= 2.362/ 0.000/-0.022/ 0.000, Output= 1.000(-1.000/1.000)
Auto.printPidInfo_Info: encoderYPidCtrl: Target=  24.1, Input=  24.1, Error=  -0.0, PIDTerms=-0.001/ 0.000/-0.000/ 0.000, Output=-0.001(-1.000/1.000)
Auto.printPidInfo_Info: gyroPidCtrl: Target=   0.0, Input=   1.2, Error=  -1.2, PIDTerms=-0.022/ 0.000/ 0.000/ 0.000, Output=-0.022(-0.500/0.500)
Auto.Battery_Info: Voltage=10.76V (10.20V)
Auto.printPidInfo_Info: encoderXPidCtrl: Target=  16.2, Input=   3.9, Error=  12.3, PIDTerms= 1.846/ 0.000/-0.330/ 0.000, Output= 1.000(-1.000/1.000)
Auto.printPidInfo_Info: encoderYPidCtrl: Target=  24.1, Input=  24.3, Error=  -0.2, PIDTerms=-0.004/ 0.000/-0.003/ 0.000, Output=-0.007(-1.000/1.000)
Auto.printPidInfo_Info: gyroPidCtrl: Target=   0.0, Input=   1.1, Error=  -1.1, PIDTerms=-0.020/ 0.000/ 0.002/ 0.000, Output=-0.018(-0.500/0.500)
Auto.Battery_Info: Voltage=11.14V (10.20V)
Auto.printPidInfo_Info: encoderXPidCtrl: Target=  16.2, Input=   7.6, Error=   8.6, PIDTerms= 1.294/ 0.000/-0.457/ 0.000, Output= 0.838(-1.000/1.000)
Auto.printPidInfo_Info: encoderYPidCtrl: Target=  24.1, Input=  24.3, Error=  -0.2, PIDTerms=-0.004/ 0.000/ 0.001/ 0.000, Output=-0.003(-1.000/1.000)
Auto.printPidInfo_Info: gyroPidCtrl: Target=   0.0, Input=   0.4, Error=  -0.4, PIDTerms=-0.007/ 0.000/ 0.012/ 0.000, Output= 0.005(-0.500/0.500)
Auto.Battery_Info: Voltage=11.59V (10.20V)
Auto.printPidInfo_Info: encoderXPidCtrl: Target=  16.2, Input=  10.8, Error=   5.4, PIDTerms= 0.812/ 0.000/-0.251/ 0.000, Output= 0.561(-1.000/1.000)
Auto.printPidInfo_Info: encoderYPidCtrl: Target=  24.1, Input=  24.3, Error=  -0.2, PIDTerms=-0.004/ 0.000/ 0.000/ 0.000, Output=-0.004(-1.000/1.000)
Auto.printPidInfo_Info: gyroPidCtrl: Target=   0.0, Input=  -1.0, Error=   1.0, PIDTerms= 0.018/ 0.000/ 0.014/ 0.000, Output= 0.032(-0.500/0.500)
Auto.Battery_Info: Voltage=12.09V (10.20V)
Auto.printPidInfo_Info: encoderXPidCtrl: Target=  16.2, Input=  14.8, Error=   1.4, PIDTerms= 0.216/ 0.000/-0.373/ 0.000, Output=-0.157(-1.000/1.000)
Auto.printPidInfo_Info: encoderYPidCtrl: Target=  24.1, Input=  24.3, Error=  -0.2, PIDTerms=-0.004/ 0.000/-0.000/ 0.000, Output=-0.004(-1.000/1.000)
Auto.printPidInfo_Info: gyroPidCtrl: Target=   0.0, Input=  -2.8, Error=   2.8, PIDTerms= 0.051/ 0.000/ 0.023/ 0.000, Output= 0.074(-0.500/0.500)
Auto.Battery_Info: Voltage=11.39V (10.20V)
Auto.printPidInfo_Info: encoderXPidCtrl: Target=  16.2, Input=  17.7, Error=  -1.5, PIDTerms=-0.227/ 0.000/-0.262/ 0.000, Output=-0.489(-1.000/1.000)
Auto.printPidInfo_Info: encoderYPidCtrl: Target=  24.1, Input=  24.2, Error=  -0.1, PIDTerms=-0.001/ 0.000/ 0.002/ 0.000, Output= 0.000(-1.000/1.000)
Auto.printPidInfo_Info: gyroPidCtrl: Target=   0.0, Input=  -4.4, Error=   4.4, PIDTerms= 0.080/ 0.000/ 0.019/ 0.000, Output= 0.099(-0.500/0.500)
Auto.Battery_Info: Voltage=12.09V (10.20V)
Auto.printPidInfo_Info: encoderXPidCtrl: Target=  16.2, Input=  17.5, Error=  -1.3, PIDTerms=-0.191/ 0.000/ 0.022/ 0.000, Output=-0.169(-1.000/1.000)
Auto.printPidInfo_Info: encoderYPidCtrl: Target=  24.1, Input=  24.2, Error=  -0.1, PIDTerms=-0.002/ 0.000/-0.000/ 0.000, Output=-0.002(-1.000/1.000)
Auto.printPidInfo_Info: gyroPidCtrl: Target=   0.0, Input=  -5.5, Error=   5.5, PIDTerms= 0.099/ 0.000/ 0.014/ 0.000, Output= 0.113(-0.500/0.500)
Auto.Battery_Info: Voltage=12.19V (10.20V)
Auto.printPidInfo_Info: encoderXPidCtrl: Target=  16.2, Input=  16.4, Error=  -0.2, PIDTerms=-0.034/ 0.000/ 0.104/ 0.000, Output= 0.071(-1.000/1.000)
Auto.printPidInfo_Info: encoderYPidCtrl: Target=  24.1, Input=  24.2, Error=  -0.0, PIDTerms=-0.001/ 0.000/ 0.001/ 0.000, Output=-0.000(-1.000/1.000)
Auto.printPidInfo_Info: gyroPidCtrl: Target=   0.0, Input=  -5.5, Error=   5.5, PIDTerms= 0.099/ 0.000/-0.000/ 0.000, Output= 0.099(-0.500/0.500)
Auto.Battery_Info: Voltage=12.22V (10.20V)
Auto.printPidInfo_Info: encoderXPidCtrl: Target=  16.2, Input=  16.0, Error=   0.2, PIDTerms= 0.034/ 0.000/ 0.045/ 0.000, Output= 0.079(-1.000/1.000)
Auto.printPidInfo_Info: encoderYPidCtrl: Target=  24.1, Input=  24.2, Error=  -0.1, PIDTerms=-0.001/ 0.000/-0.000/ 0.000, Output=-0.002(-1.000/1.000)
Auto.printPidInfo_Info: gyroPidCtrl: Target=   0.0, Input=  -1.8, Error=   1.8, PIDTerms= 0.032/ 0.000/-0.050/ 0.000, Output=-0.018(-0.500/0.500)
Auto.Battery_Info: Voltage=12.24V (10.20V)
Auto.printPidInfo_Info: encoderXPidCtrl: Target=  16.2, Input=  16.3, Error=  -0.1, PIDTerms=-0.017/ 0.000/-0.034/ 0.000, Output=-0.051(-1.000/1.000)
Auto.printPidInfo_Info: encoderYPidCtrl: Target=  24.1, Input=  24.2, Error=  -0.1, PIDTerms=-0.001/ 0.000/ 0.000/ 0.000, Output=-0.001(-1.000/1.000)
Auto.printPidInfo_Info: gyroPidCtrl: Target=   0.0, Input=   0.3, Error=  -0.3, PIDTerms=-0.005/ 0.000/-0.028/ 0.000, Output=-0.033(-0.500/0.500)
Auto.Robot_Info: [9.052]      MOVE_FORWARD: xPos= 16.51/  0.00,yPos= 24.15/  9.00,heading=   0.7/   0.0,volt=12.27V(10.20V)
Auto.Battery_Info: Voltage=12.27V (10.20V)
Auto.printPidInfo_Info: encoderXPidCtrl: Target=  16.5, Input=  16.5, Error=   0.0, PIDTerms=-0.045/ 0.000/-0.017/ 0.000, Output= 0.000(-1.000/1.000)
Auto.printPidInfo_Info: encoderYPidCtrl: Target=  33.2, Input=  24.1, Error=   9.0, PIDTerms=-0.001/ 0.000/ 0.000/ 0.000, Output= 0.000(-1.000/1.000)
Auto.printPidInfo_Info: gyroPidCtrl: Target=   0.0, Input=   0.7, Error=  -0.7, PIDTerms=-0.013/ 0.000/-0.005/ 0.000, Output= 0.000(-0.500/0.500)
Auto.Battery_Info: Voltage=12.11V (10.20V)
Auto.printPidInfo_Info: encoderXPidCtrl: Target=  16.5, Input=  16.5, Error=   0.0, PIDTerms= 0.000/ 0.000/ 0.000/ 0.000, Output= 0.000(-1.000/1.000)
Auto.printPidInfo_Info: encoderYPidCtrl: Target=  33.2, Input=  24.2, Error=   9.0, PIDTerms= 0.180/ 0.000/ 0.000/ 0.000, Output= 0.180(-1.000/1.000)
Auto.printPidInfo_Info: gyroPidCtrl: Target=   0.0, Input=   0.7, Error=  -0.7, PIDTerms=-0.012/ 0.000/ 0.000/ 0.000, Output=-0.012(-0.500/0.500)
Auto.Battery_Info: Voltage=12.12V (10.20V)
Auto.printPidInfo_Info: encoderXPidCtrl: Target=  16.5, Input=  16.5, Error=  -0.0, PIDTerms=-0.004/ 0.000/-0.002/ 0.000, Output=-0.007(-1.000/1.000)
Auto.printPidInfo_Info: encoderYPidCtrl: Target=  33.2, Input=  24.2, Error=   8.9, PIDTerms= 0.179/ 0.000/-0.001/ 0.000, Output= 0.178(-1.000/1.000)
Auto.printPidInfo_Info: gyroPidCtrl: Target=   0.0, Input=   0.7, Error=  -0.7, PIDTerms=-0.012/ 0.000/ 0.000/ 0.000, Output=-0.012(-0.500/0.500)
Auto.Battery_Info: Voltage=12.15V (10.20V)
Auto.printPidInfo_Info: encoderXPidCtrl: Target=  16.5, Input=  16.3, Error=   0.2, PIDTerms= 0.028/ 0.000/ 0.024/ 0.000, Output= 0.052(-1.000/1.000)
Auto.printPidInfo_Info: encoderYPidCtrl: Target=  33.2, Input=  24.9, Error=   8.2, PIDTerms= 0.164/ 0.000/-0.012/ 0.000, Output= 0.152(-1.000/1.000)
Auto.printPidInfo_Info: gyroPidCtrl: Target=   0.0, Input=   0.6, Error=  -0.6, PIDTerms=-0.011/ 0.000/ 0.001/ 0.000, Output=-0.011(-0.500/0.500)
Auto.Battery_Info: Voltage=12.17V (10.20V)
Auto.printPidInfo_Info: encoderXPidCtrl: Target=  16.5, Input=  16.3, Error=   0.2, PIDTerms= 0.025/ 0.000/-0.002/ 0.000, Output= 0.023(-1.000/1.000)
Auto.printPidInfo_Info: encoderYPidCtrl: Target=  33.2, Input=  25.5, Error=   7.7, PIDTerms= 0.153/ 0.000/-0.009/ 0.000, Output= 0.144(-1.000/1.000)
Auto.printPidInfo_Info: gyroPidCtrl: Target=   0.0, Input=   0.3, Error=  -0.3, PIDTerms=-0.006/ 0.000/ 0.004/ 0.000, Output=-0.002(-0.500/0.500)
Auto.Battery_Info: Voltage=12.19V (10.20V)
Auto.printPidInfo_Info: encoderXPidCtrl: Target=  16.5, Input=  16.4, Error=   0.1, PIDTerms= 0.021/ 0.000/-0.002/ 0.000, Output= 0.019(-1.000/1.000)
Auto.printPidInfo_Info: encoderYPidCtrl: Target=  33.2, Input=  26.2, Error=   7.0, PIDTerms= 0.140/ 0.000/-0.008/ 0.000, Output= 0.131(-1.000/1.000)
Auto.printPidInfo_Info: gyroPidCtrl: Target=   0.0, Input=   0.4, Error=  -0.4, PIDTerms=-0.006/ 0.000/-0.000/ 0.000, Output=-0.006(-0.500/0.500)
Auto.Battery_Info: Voltage=12.20V (10.20V)
Auto.printPidInfo_Info: encoderXPidCtrl: Target=  16.5, Input=  16.4, Error=   0.2, PIDTerms= 0.024/ 0.000/ 0.001/ 0.000, Output= 0.025(-1.000/1.000)
Auto.printPidInfo_Info: encoderYPidCtrl: Target=  33.2, Input=  27.0, Error=   6.1, PIDTerms= 0.123/ 0.000/-0.009/ 0.000, Output= 0.114(-1.000/1.000)
Auto.printPidInfo_Info: gyroPidCtrl: Target=   0.0, Input=   0.3, Error=  -0.3, PIDTerms=-0.006/ 0.000/ 0.000/ 0.000, Output=-0.006(-0.500/0.500)
Auto.Robot_Info: [10.206]    SET_DOWN_GLYPH: xPos= 16.37/  0.00,yPos= 28.50/  9.00,heading=   0.4/   0.0,volt=12.28V(10.20V)
Auto.Robot_Info: [12.205]     RELEASE_GLYPH: xPos= 16.37/  0.00,yPos= 28.50/  9.00,heading=   0.3/   0.0,volt=12.28V(10.20V)
Auto.Robot_Info: [12.806]          BACK_OFF: xPos= 16.37/  0.00,yPos= 28.50/ -4.50,heading=   0.3/   0.0,volt=12.34V(10.20V)
Auto.Battery_Info: Voltage=12.34V (10.20V)
Auto.printPidInfo_Info: encoderXPidCtrl: Target=  16.4, Input=  16.4, Error=   0.0, PIDTerms= 0.024/ 0.000/ 0.000/ 0.000, Output= 0.000(-1.000/1.000)
Auto.printPidInfo_Info: encoderYPidCtrl: Target=  24.0, Input=  28.1, Error=  -4.5, PIDTerms= 0.101/ 0.000/-0.016/ 0.000, Output= 0.000(-1.000/1.000)
Auto.printPidInfo_Info: gyroPidCtrl: Target=   0.0, Input=   0.4, Error=  -0.3, PIDTerms=-0.006/ 0.000/-0.000/ 0.000, Output= 0.000(-0.500/0.500)
Auto.Battery_Info: Voltage=12.30V (10.20V)
Auto.printPidInfo_Info: encoderXPidCtrl: Target=  16.4, Input=  16.4, Error=   0.0, PIDTerms= 0.000/ 0.000/ 0.000/ 0.000, Output= 0.000(-1.000/1.000)
Auto.printPidInfo_Info: encoderYPidCtrl: Target=  24.0, Input=  28.5, Error=  -4.5, PIDTerms=-0.090/ 0.000/ 0.000/ 0.000, Output=-0.090(-1.000/1.000)
Auto.printPidInfo_Info: gyroPidCtrl: Target=   0.0, Input=   0.3, Error=  -0.3, PIDTerms=-0.006/ 0.000/ 0.000/ 0.000, Output=-0.006(-0.500/0.500)
Auto.Battery_Info: Voltage=12.30V (10.20V)
Auto.printPidInfo_Info: encoderXPidCtrl: Target=  16.4, Input=  16.4, Error=  -0.0, PIDTerms=-0.003/ 0.000/-0.002/ 0.000, Output=-0.004(-1.000/1.000)
Auto.printPidInfo_Info: encoderYPidCtrl: Target=  24.0, Input=  28.4, Error=  -4.4, PIDTerms=-0.088/ 0.000/ 0.002/ 0.000, Output=-0.086(-1.000/1.000)
Auto.printPidInfo_Info: gyroPidCtrl: Target=   0.0, Input=   0.3, Error=  -0.3, PIDTerms=-0.006/ 0.000/ 0.000/ 0.000, Output=-0.006(-0.500/0.500)
Auto.Battery_Info: Voltage=12.30V (10.20V)
Auto.printPidInfo_Info: encoderXPidCtrl: Target=  16.4, Input=  16.4, Error=  -0.0, PIDTerms=-0.004/ 0.000/-0.001/ 0.000, Output=-0.004(-1.000/1.000)
Auto.printPidInfo_Info: encoderYPidCtrl: Target=  24.0, Input=  28.1, Error=  -4.1, PIDTerms=-0.082/ 0.000/ 0.004/ 0.000, Output=-0.078(-1.000/1.000)
Auto.printPidInfo_Info: gyroPidCtrl: Target=   0.0, Input=   0.3, Error=  -0.3, PIDTerms=-0.006/ 0.000/ 0.000/ 0.000, Output=-0.006(-0.500/0.500)
Auto.Battery_Info: Voltage=12.30V (10.20V)
Auto.printPidInfo_Info: encoderXPidCtrl: Target=  16.4, Input=  16.3, Error=   0.1, PIDTerms= 0.010/ 0.000/ 0.009/ 0.000, Output= 0.019(-1.000/1.000)
Auto.printPidInfo_Info: encoderYPidCtrl: Target=  24.0, Input=  28.0, Error=  -4.0, PIDTerms=-0.080/ 0.000/ 0.002/ 0.000, Output=-0.078(-1.000/1.000)
Auto.printPidInfo_Info: gyroPidCtrl: Target=   0.0, Input=   0.3, Error=  -0.3, PIDTerms=-0.006/ 0.000/ 0.000/ 0.000, Output=-0.005(-0.500/0.500)
Auto.Battery_Info: Voltage=12.31V (10.20V)
Auto.printPidInfo_Info: encoderXPidCtrl: Target=  16.4, Input=  16.3, Error=   0.1, PIDTerms= 0.011/ 0.000/ 0.001/ 0.000, Output= 0.011(-1.000/1.000)
Auto.printPidInfo_Info: encoderYPidCtrl: Target=  24.0, Input=  28.0, Error=  -4.0, PIDTerms=-0.079/ 0.000/ 0.000/ 0.000, Output=-0.079(-1.000/1.000)
Auto.printPidInfo_Info: gyroPidCtrl: Target=   0.0, Input=   0.3, Error=  -0.3, PIDTerms=-0.005/ 0.000/ 0.000/ 0.000, Output=-0.005(-0.500/0.500)
Auto.Battery_Info: Voltage=12.30V (10.20V)
Auto.printPidInfo_Info: encoderXPidCtrl: Target=  16.4, Input=  16.3, Error=   0.1, PIDTerms= 0.011/ 0.000/ 0.000/ 0.000, Output= 0.011(-1.000/1.000)
Auto.printPidInfo_Info: encoderYPidCtrl: Target=  24.0, Input=  28.0, Error=  -4.0, PIDTerms=-0.079/ 0.000/ 0.000/ 0.000, Output=-0.079(-1.000/1.000)
Auto.printPidInfo_Info: gyroPidCtrl: Target=   0.0, Input=   0.3, Error=  -0.3, PIDTerms=-0.005/ 0.000/-0.000/ 0.000, Output=-0.005(-0.500/0.500)
Auto.Robot_Info: [13.906]              DONE: xPos= 16.30/  0.00,yPos= 27.97/ -4.50,heading=   0.3/   0.0,volt=12.35V(10.20V)
