Auto.FtcAuto_Info: Sat Dec 02 23:56:42 PST 2017: ***** Starting autonomous *****
Auto.Robot_Info: [0.097]  DEPLOY_JEWEL_ARM: xPos=  0.00/  0.00,yPos=  0.00/  0.00,heading=   0.0/   0.0,volt=12.31V(12.30V)
Auto.WHACK_JEWEL_Info: VuMark: UNKNOWN
Auto.WHACK_JEWEL_Info: 0: Color=RED, HSV=[7.397260/0.536765/0.533333]
Auto.Robot_Info: [0.724]       WHACK_JEWEL: xPos=  0.00/  0.00,yPos=  0.00/  0.00,heading=   0.1/   0.0,volt=12.29V(12.22V)
Auto.Robot_Info: [1.429] MOVE_JEWEL_ARM_UP: xPos=  0.00/  0.00,yPos=  0.00/  0.00,heading=   0.1/   0.0,volt=12.27V(12.22V)
Auto.Robot_Info: [1.773]   RESET_JEWEL_ARM: xPos=  0.00/  0.00,yPos=  0.00/  0.00,heading=   0.1/   0.0,volt=12.28V(12.22V)
Auto.DO_DELAY_Info: Delay=0
Auto.Robot_Info: [2.128]          DO_DELAY: xPos=  0.00/  0.00,yPos=  0.00/  0.00,heading=   0.1/   0.0,volt=12.31V(12.22V)
Auto.Robot_Info: [2.225]   GRAB_LIFT_GLYPH: xPos=  0.00/  0.00,yPos=  0.00/  0.00,heading=   0.1/   0.0,volt=12.32V(12.22V)
Auto.Robot_Info: [4.340] DRIVE_OFF_PLATFORM: xPos=  0.00/  0.00,yPos=  0.00/-20.00,heading=   0.1/   0.0,volt=12.21V(11.68V)
Auto.Battery_Info: Voltage=12.21V (11.68V)
Auto.printPidInfo_Info: encoderXPidCtrl: Target=   0.0, Input=   0.0, Error=   0.0, PIDTerms= 0.000/ 0.000/ 0.000/ 0.000, Output= 0.000(-1.000/1.000)
Auto.printPidInfo_Info: encoderYPidCtrl: Target= -20.0, Input=   0.0, Error= -20.0, PIDTerms= 0.000/ 0.000/ 0.000/ 0.000, Output= 0.000(-0.500/0.500)
Auto.printPidInfo_Info: gyroPidCtrl: Target=   0.0, Input=   0.0, Error=  -0.1, PIDTerms= 0.000/ 0.000/ 0.000/ 0.000, Output= 0.000(-0.500/0.500)
Auto.Battery_Info: Voltage=11.69V (11.68V)
Auto.printPidInfo_Info: encoderXPidCtrl: Target=   0.0, Input=   0.0, Error=   0.0, PIDTerms= 0.000/ 0.000/ 0.000/ 0.000, Output= 0.000(-1.000/1.000)
Auto.printPidInfo_Info: encoderYPidCtrl: Target= -20.0, Input=   0.0, Error= -20.0, PIDTerms=-0.400/ 0.000/ 0.000/-0.000, Output=-0.400(-0.500/0.500)
Auto.printPidInfo_Info: gyroPidCtrl: Target=   0.0, Input=   0.1, Error=  -0.1, PIDTerms=-0.002/ 0.000/ 0.000/ 0.000, Output=-0.002(-0.500/0.500)
Auto.Battery_Info: Voltage=11.72V (11.68V)
Auto.printPidInfo_Info: encoderXPidCtrl: Target=   0.0, Input=  -0.1, Error=   0.1, PIDTerms= 0.008/ 0.000/ 0.005/ 0.000, Output= 0.012(-1.000/1.000)
Auto.printPidInfo_Info: encoderYPidCtrl: Target= -20.0, Input=  -0.3, Error= -19.7, PIDTerms=-0.394/ 0.000/ 0.004/-0.000, Output=-0.390(-0.500/0.500)
Auto.printPidInfo_Info: gyroPidCtrl: Target=   0.0, Input=   0.1, Error=  -0.1, PIDTerms=-0.002/ 0.000/ 0.000/ 0.000, Output=-0.002(-0.500/0.500)
Auto.Battery_Info: Voltage=11.91V (11.68V)
Auto.printPidInfo_Info: encoderXPidCtrl: Target=   0.0, Input=  -0.1, Error=   0.1, PIDTerms= 0.009/ 0.000/ 0.001/ 0.000, Output= 0.010(-1.000/1.000)
Auto.printPidInfo_Info: encoderYPidCtrl: Target= -20.0, Input=  -1.7, Error= -18.3, PIDTerms=-0.365/ 0.000/ 0.023/-0.000, Output=-0.342(-0.500/0.500)
Auto.printPidInfo_Info: gyroPidCtrl: Target=   0.0, Input=  -0.0, Error=   0.0, PIDTerms= 0.001/ 0.000/ 0.002/ 0.000, Output= 0.003(-0.500/0.500)
Auto.Battery_Info: Voltage=12.00V (11.68V)
Auto.printPidInfo_Info: encoderXPidCtrl: Target=   0.0, Input=  -0.1, Error=   0.1, PIDTerms= 0.009/ 0.000/-0.000/ 0.000, Output= 0.008(-1.000/1.000)
Auto.printPidInfo_Info: encoderYPidCtrl: Target= -20.0, Input=  -3.3, Error= -16.7, PIDTerms=-0.334/ 0.000/ 0.023/-0.000, Output=-0.311(-0.500/0.500)
Auto.printPidInfo_Info: gyroPidCtrl: Target=   0.0, Input=  -0.3, Error=   0.3, PIDTerms= 0.006/ 0.000/ 0.004/ 0.000, Output= 0.009(-0.500/0.500)
Auto.Battery_Info: Voltage=11.90V (11.68V)
Auto.printPidInfo_Info: encoderXPidCtrl: Target=   0.0, Input=  -0.1, Error=   0.1, PIDTerms= 0.015/ 0.000/ 0.004/ 0.000, Output= 0.019(-1.000/1.000)
Auto.printPidInfo_Info: encoderYPidCtrl: Target= -20.0, Input=  -5.9, Error= -14.1, PIDTerms=-0.283/ 0.000/ 0.033/-0.000, Output=-0.250(-0.500/0.500)
Auto.printPidInfo_Info: gyroPidCtrl: Target=   0.0, Input=  -0.7, Error=   0.7, PIDTerms= 0.012/ 0.000/ 0.004/ 0.000, Output= 0.017(-0.500/0.500)
Auto.Battery_Info: Voltage=11.68V (11.68V)
Auto.printPidInfo_Info: encoderXPidCtrl: Target=   0.0, Input=  -2.1, Error=   2.1, PIDTerms= 0.319/ 0.000/ 0.167/ 0.000, Output= 0.486(-1.000/1.000)
Auto.printPidInfo_Info: encoderYPidCtrl: Target= -20.0, Input=  -8.6, Error= -11.4, PIDTerms=-0.228/ 0.000/ 0.033/-0.000, Output=-0.195(-0.500/0.500)
Auto.printPidInfo_Info: gyroPidCtrl: Target=   0.0, Input=  -0.8, Error=   0.8, PIDTerms= 0.014/ 0.000/ 0.001/ 0.000, Output= 0.015(-0.500/0.500)
Auto.Battery_Info: Voltage=11.96V (11.68V)
Auto.printPidInfo_Info: encoderXPidCtrl: Target=   0.0, Input=  -2.0, Error=   2.0, PIDTerms= 0.294/ 0.000/-0.019/ 0.000, Output= 0.275(-1.000/1.000)
Auto.printPidInfo_Info: encoderYPidCtrl: Target= -20.0, Input= -12.1, Error=  -7.9, PIDTerms=-0.157/ 0.000/ 0.059/-0.000, Output=-0.098(-0.500/0.500)
Auto.printPidInfo_Info: gyroPidCtrl: Target=   0.0, Input=   0.2, Error=  -0.2, PIDTerms=-0.003/ 0.000/-0.015/ 0.000, Output=-0.018(-0.500/0.500)
Auto.Battery_Info: Voltage=12.04V (11.68V)
Auto.printPidInfo_Info: encoderXPidCtrl: Target=   0.0, Input=  -0.2, Error=   0.2, PIDTerms= 0.024/ 0.000/-0.210/ 0.000, Output=-0.186(-1.000/1.000)
Auto.printPidInfo_Info: encoderYPidCtrl: Target= -20.0, Input= -14.2, Error=  -5.8, PIDTerms=-0.116/ 0.000/ 0.036/-0.000, Output=-0.080(-0.500/0.500)
Auto.printPidInfo_Info: gyroPidCtrl: Target=   0.0, Input=   0.5, Error=  -0.5, PIDTerms=-0.008/ 0.000/-0.004/ 0.000, Output=-0.013(-0.500/0.500)
Auto.Battery_Info: Voltage=11.92V (11.68V)
Auto.printPidInfo_Info: encoderXPidCtrl: Target=   0.0, Input=   0.8, Error=  -0.8, PIDTerms=-0.119/ 0.000/-0.112/ 0.000, Output=-0.231(-1.000/1.000)
Auto.printPidInfo_Info: encoderYPidCtrl: Target= -20.0, Input= -15.5, Error=  -4.5, PIDTerms=-0.091/ 0.000/ 0.022/-0.000, Output=-0.069(-0.500/0.500)
Auto.printPidInfo_Info: gyroPidCtrl: Target=   0.0, Input=   0.6, Error=  -0.6, PIDTerms=-0.011/ 0.000/-0.003/ 0.000, Output=-0.014(-0.500/0.500)
Auto.Battery_Info: Voltage=10.90V (10.90V)
Auto.printPidInfo_Info: encoderXPidCtrl: Target=   0.0, Input=  -2.6, Error=   2.6, PIDTerms= 0.392/ 0.000/ 0.253/ 0.000, Output= 0.646(-1.000/1.000)
Auto.printPidInfo_Info: encoderYPidCtrl: Target= -20.0, Input= -13.5, Error=  -6.5, PIDTerms=-0.130/ 0.000/-0.021/-0.000, Output=-0.151(-0.500/0.500)
Auto.printPidInfo_Info: gyroPidCtrl: Target=   0.0, Input=  -1.2, Error=   1.2, PIDTerms= 0.022/ 0.000/ 0.018/ 0.000, Output= 0.041(-0.500/0.500)
Auto.Battery_Info: Voltage=10.95V (10.87V)
Auto.printPidInfo_Info: encoderXPidCtrl: Target=   0.0, Input= -10.7, Error=  10.7, PIDTerms= 1.604/ 0.000/ 0.910/ 0.000, Output= 1.000(-1.000/1.000)
Auto.printPidInfo_Info: encoderYPidCtrl: Target= -20.0, Input=  -4.3, Error= -15.7, PIDTerms=-0.313/ 0.000/-0.152/-0.000, Output=-0.465(-0.500/0.500)
Auto.printPidInfo_Info: gyroPidCtrl: Target=   0.0, Input=  -2.0, Error=   2.0, PIDTerms= 0.036/ 0.000/ 0.011/ 0.000, Output= 0.047(-0.500/0.500)
Auto.Battery_Info: Voltage=10.87V (10.82V)
Auto.printPidInfo_Info: encoderXPidCtrl: Target=   0.0, Input=  -9.2, Error=   9.2, PIDTerms= 1.375/ 0.000/-0.171/ 0.000, Output= 1.000(-1.000/1.000)
Auto.printPidInfo_Info: encoderYPidCtrl: Target= -20.0, Input=  -4.9, Error= -15.1, PIDTerms=-0.302/ 0.000/ 0.009/-0.000, Output=-0.293(-0.500/0.500)
Auto.printPidInfo_Info: gyroPidCtrl: Target=   0.0, Input=  -1.5, Error=   1.5, PIDTerms= 0.026/ 0.000/-0.008/ 0.000, Output= 0.018(-0.500/0.500)
Auto.Battery_Info: Voltage=10.96V (10.82V)
Auto.printPidInfo_Info: encoderXPidCtrl: Target=   0.0, Input=  -7.8, Error=   7.8, PIDTerms= 1.166/ 0.000/-0.169/ 0.000, Output= 0.997(-1.000/1.000)
Auto.printPidInfo_Info: encoderYPidCtrl: Target= -20.0, Input=  -5.9, Error= -14.1, PIDTerms=-0.282/ 0.000/ 0.018/-0.000, Output=-0.264(-0.500/0.500)
Auto.printPidInfo_Info: gyroPidCtrl: Target=   0.0, Input=  -0.5, Error=   0.5, PIDTerms= 0.008/ 0.000/-0.016/ 0.000, Output=-0.008(-0.500/0.500)
Auto.Battery_Info: Voltage=11.55V (10.82V)
Auto.printPidInfo_Info: encoderXPidCtrl: Target=   0.0, Input=  -5.1, Error=   5.1, PIDTerms= 0.769/ 0.000/-0.218/ 0.000, Output= 0.551(-1.000/1.000)
Auto.printPidInfo_Info: encoderYPidCtrl: Target= -20.0, Input=  -7.4, Error= -12.6, PIDTerms=-0.253/ 0.000/ 0.018/-0.000, Output=-0.235(-0.500/0.500)
Auto.printPidInfo_Info: gyroPidCtrl: Target=   0.0, Input=  -0.3, Error=   0.3, PIDTerms= 0.006/ 0.000/-0.001/ 0.000, Output= 0.005(-0.500/0.500)
Auto.Robot_Info: [6.584]     DRIVE_TO_WALL: xPos= -0.41/  0.00,yPos=-10.16/-20.00,heading=  -2.2/   0.0,volt=12.14V(10.82V)
Auto.Robot_Info: [6.673] TURN_TO_CRYPTOBOX: xPos= -0.33/  0.00,yPos=-10.29/  0.00,heading=  -3.4/ 180.0,volt=12.15V(10.82V)
Auto.Battery_Info: Voltage=12.15V (10.82V)
Auto.printPidInfo_Info: encoderXPidCtrl: Target=  -0.3, Input=  -2.5, Error=   0.0, PIDTerms= 0.380/ 0.000/-0.307/ 0.000, Output= 0.000(-1.000/1.000)
Auto.printPidInfo_Info: encoderYPidCtrl: Target= -10.3, Input=  -8.6, Error=   0.0, PIDTerms=-0.227/ 0.000/ 0.022/-0.000, Output= 0.000(-1.000/1.000)
Auto.printPidInfo_Info: gyroPidCtrl: Target= 180.0, Input=  -1.0, Error= 183.4, PIDTerms= 0.018/ 0.000/ 0.010/ 0.000, Output= 0.000(-0.500/0.500)
Auto.Battery_Info: Voltage=11.48V (10.82V)
Auto.printPidInfo_Info: encoderXPidCtrl: Target=  -0.3, Input=  -2.5, Error=   0.0, PIDTerms= 0.380/ 0.000/-0.307/ 0.000, Output= 0.000(-1.000/1.000)
Auto.printPidInfo_Info: encoderYPidCtrl: Target= -10.3, Input=  -8.6, Error=   0.0, PIDTerms=-0.227/ 0.000/ 0.022/-0.000, Output= 0.000(-1.000/1.000)
Auto.printPidInfo_Info: gyroPidCtrl: Target= 180.0, Input=  -3.4, Error= 183.4, PIDTerms= 3.300/ 0.000/ 0.000/ 0.000, Output= 0.500(-0.500/0.500)
Auto.Battery_Info: Voltage=11.62V (10.82V)
Auto.printPidInfo_Info: encoderXPidCtrl: Target=  -0.3, Input=  -2.5, Error=   0.0, PIDTerms= 0.380/ 0.000/-0.307/ 0.000, Output= 0.000(-1.000/1.000)
Auto.printPidInfo_Info: encoderYPidCtrl: Target= -10.3, Input=  -8.6, Error=   0.0, PIDTerms=-0.227/ 0.000/ 0.022/-0.000, Output= 0.000(-1.000/1.000)
Auto.printPidInfo_Info: gyroPidCtrl: Target= 180.0, Input=  -3.3, Error= 183.3, PIDTerms= 3.299/ 0.000/-0.001/ 0.000, Output= 0.500(-0.500/0.500)
Auto.Battery_Info: Voltage=11.65V (10.82V)
Auto.printPidInfo_Info: encoderXPidCtrl: Target=  -0.3, Input=  -2.5, Error=   0.0, PIDTerms= 0.380/ 0.000/-0.307/ 0.000, Output= 0.000(-1.000/1.000)
Auto.printPidInfo_Info: encoderYPidCtrl: Target= -10.3, Input=  -8.6, Error=   0.0, PIDTerms=-0.227/ 0.000/ 0.022/-0.000, Output= 0.000(-1.000/1.000)
Auto.printPidInfo_Info: gyroPidCtrl: Target= 180.0, Input=  -1.9, Error= 181.9, PIDTerms= 3.274/ 0.000/-0.026/ 0.000, Output= 0.500(-0.500/0.500)
Auto.Battery_Info: Voltage=11.64V (10.82V)
Auto.printPidInfo_Info: encoderXPidCtrl: Target=  -0.3, Input=  -2.5, Error=   0.0, PIDTerms= 0.380/ 0.000/-0.307/ 0.000, Output= 0.000(-1.000/1.000)
Auto.printPidInfo_Info: encoderYPidCtrl: Target= -10.3, Input=  -8.6, Error=   0.0, PIDTerms=-0.227/ 0.000/ 0.022/-0.000, Output= 0.000(-1.000/1.000)
Auto.printPidInfo_Info: gyroPidCtrl: Target= 180.0, Input=   4.6, Error= 175.4, PIDTerms= 3.157/ 0.000/-0.118/ 0.000, Output= 0.500(-0.500/0.500)
Auto.Battery_Info: Voltage=11.68V (10.82V)
Auto.printPidInfo_Info: encoderXPidCtrl: Target=  -0.3, Input=  -2.5, Error=   0.0, PIDTerms= 0.380/ 0.000/-0.307/ 0.000, Output= 0.000(-1.000/1.000)
Auto.printPidInfo_Info: encoderYPidCtrl: Target= -10.3, Input=  -8.6, Error=   0.0, PIDTerms=-0.227/ 0.000/ 0.022/-0.000, Output= 0.000(-1.000/1.000)
Auto.printPidInfo_Info: gyroPidCtrl: Target= 180.0, Input=  12.1, Error= 167.9, PIDTerms= 3.022/ 0.000/-0.144/ 0.000, Output= 0.500(-0.500/0.500)
Auto.Battery_Info: Voltage=11.63V (10.82V)
Auto.printPidInfo_Info: encoderXPidCtrl: Target=  -0.3, Input=  -2.5, Error=   0.0, PIDTerms= 0.380/ 0.000/-0.307/ 0.000, Output= 0.000(-1.000/1.000)
Auto.printPidInfo_Info: encoderYPidCtrl: Target= -10.3, Input=  -8.6, Error=   0.0, PIDTerms=-0.227/ 0.000/ 0.022/-0.000, Output= 0.000(-1.000/1.000)
Auto.printPidInfo_Info: gyroPidCtrl: Target= 180.0, Input=  19.4, Error= 160.6, PIDTerms= 2.891/ 0.000/-0.097/ 0.000, Output= 0.500(-0.500/0.500)
Auto.Battery_Info: Voltage=11.63V (10.82V)
Auto.printPidInfo_Info: encoderXPidCtrl: Target=  -0.3, Input=  -2.5, Error=   0.0, PIDTerms= 0.380/ 0.000/-0.307/ 0.000, Output= 0.000(-1.000/1.000)
Auto.printPidInfo_Info: encoderYPidCtrl: Target= -10.3, Input=  -8.6, Error=   0.0, PIDTerms=-0.227/ 0.000/ 0.022/-0.000, Output= 0.000(-1.000/1.000)
Auto.printPidInfo_Info: gyroPidCtrl: Target= 180.0, Input=  32.0, Error= 148.0, PIDTerms= 2.665/ 0.000/-0.192/ 0.000, Output= 0.500(-0.500/0.500)
Auto.Battery_Info: Voltage=11.63V (10.82V)
Auto.printPidInfo_Info: encoderXPidCtrl: Target=  -0.3, Input=  -2.5, Error=   0.0, PIDTerms= 0.380/ 0.000/-0.307/ 0.000, Output= 0.000(-1.000/1.000)
Auto.printPidInfo_Info: encoderYPidCtrl: Target= -10.3, Input=  -8.6, Error=   0.0, PIDTerms=-0.227/ 0.000/ 0.022/-0.000, Output= 0.000(-1.000/1.000)
Auto.printPidInfo_Info: gyroPidCtrl: Target= 180.0, Input=  42.2, Error= 137.8, PIDTerms= 2.480/ 0.000/-0.222/ 0.000, Output= 0.500(-0.500/0.500)
Auto.Battery_Info: Voltage=11.64V (10.82V)
Auto.printPidInfo_Info: encoderXPidCtrl: Target=  -0.3, Input=  -2.5, Error=   0.0, PIDTerms= 0.380/ 0.000/-0.307/ 0.000, Output= 0.000(-1.000/1.000)
Auto.printPidInfo_Info: encoderYPidCtrl: Target= -10.3, Input=  -8.6, Error=   0.0, PIDTerms=-0.227/ 0.000/ 0.022/-0.000, Output= 0.000(-1.000/1.000)
Auto.printPidInfo_Info: gyroPidCtrl: Target= 180.0, Input=  51.6, Error= 128.4, PIDTerms= 2.311/ 0.000/-0.162/ 0.000, Output= 0.500(-0.500/0.500)
Auto.Battery_Info: Voltage=11.66V (10.82V)
Auto.printPidInfo_Info: encoderXPidCtrl: Target=  -0.3, Input=  -2.5, Error=   0.0, PIDTerms= 0.380/ 0.000/-0.307/ 0.000, Output= 0.000(-1.000/1.000)
Auto.printPidInfo_Info: encoderYPidCtrl: Target= -10.3, Input=  -8.6, Error=   0.0, PIDTerms=-0.227/ 0.000/ 0.022/-0.000, Output= 0.000(-1.000/1.000)
Auto.printPidInfo_Info: gyroPidCtrl: Target= 180.0, Input=  60.0, Error= 120.0, PIDTerms= 2.159/ 0.000/-0.136/ 0.000, Output= 0.500(-0.500/0.500)
Auto.Battery_Info: Voltage=11.69V (10.82V)
Auto.printPidInfo_Info: encoderXPidCtrl: Target=  -0.3, Input=  -2.5, Error=   0.0, PIDTerms= 0.380/ 0.000/-0.307/ 0.000, Output= 0.000(-1.000/1.000)
Auto.printPidInfo_Info: encoderYPidCtrl: Target= -10.3, Input=  -8.6, Error=   0.0, PIDTerms=-0.227/ 0.000/ 0.022/-0.000, Output= 0.000(-1.000/1.000)
Auto.printPidInfo_Info: gyroPidCtrl: Target= 180.0, Input=  72.0, Error= 108.0, PIDTerms= 1.943/ 0.000/-0.123/ 0.000, Output= 0.500(-0.500/0.500)
Auto.Battery_Info: Voltage=11.67V (10.82V)
Auto.printPidInfo_Info: encoderXPidCtrl: Target=  -0.3, Input=  -2.5, Error=   0.0, PIDTerms= 0.380/ 0.000/-0.307/ 0.000, Output= 0.000(-1.000/1.000)
Auto.printPidInfo_Info: encoderYPidCtrl: Target= -10.3, Input=  -8.6, Error=   0.0, PIDTerms=-0.227/ 0.000/ 0.022/-0.000, Output= 0.000(-1.000/1.000)
Auto.printPidInfo_Info: gyroPidCtrl: Target= 180.0, Input=  88.7, Error=  91.3, PIDTerms= 1.643/ 0.000/-0.392/ 0.000, Output= 0.500(-0.500/0.500)
Auto.Battery_Info: Voltage=11.67V (10.82V)
Auto.printPidInfo_Info: encoderXPidCtrl: Target=  -0.3, Input=  -2.5, Error=   0.0, PIDTerms= 0.380/ 0.000/-0.307/ 0.000, Output= 0.000(-1.000/1.000)
Auto.printPidInfo_Info: encoderYPidCtrl: Target= -10.3, Input=  -8.6, Error=   0.0, PIDTerms=-0.227/ 0.000/ 0.022/-0.000, Output= 0.000(-1.000/1.000)
Auto.printPidInfo_Info: gyroPidCtrl: Target= 180.0, Input=  97.5, Error=  82.5, PIDTerms= 1.485/ 0.000/-0.165/ 0.000, Output= 0.500(-0.500/0.500)
Auto.Battery_Info: Voltage=11.66V (10.82V)
Auto.printPidInfo_Info: encoderXPidCtrl: Target=  -0.3, Input=  -2.5, Error=   0.0, PIDTerms= 0.380/ 0.000/-0.307/ 0.000, Output= 0.000(-1.000/1.000)
Auto.printPidInfo_Info: encoderYPidCtrl: Target= -10.3, Input=  -8.6, Error=   0.0, PIDTerms=-0.227/ 0.000/ 0.022/-0.000, Output= 0.000(-1.000/1.000)
Auto.printPidInfo_Info: gyroPidCtrl: Target= 180.0, Input= 106.3, Error=  73.7, PIDTerms= 1.327/ 0.000/-0.151/ 0.000, Output= 0.500(-0.500/0.500)
Auto.Battery_Info: Voltage=11.64V (10.82V)
Auto.printPidInfo_Info: encoderXPidCtrl: Target=  -0.3, Input=  -2.5, Error=   0.0, PIDTerms= 0.380/ 0.000/-0.307/ 0.000, Output= 0.000(-1.000/1.000)
Auto.printPidInfo_Info: encoderYPidCtrl: Target= -10.3, Input=  -8.6, Error=   0.0, PIDTerms=-0.227/ 0.000/ 0.022/-0.000, Output= 0.000(-1.000/1.000)
Auto.printPidInfo_Info: gyroPidCtrl: Target= 180.0, Input= 115.9, Error=  64.1, PIDTerms= 1.154/ 0.000/-0.162/ 0.000, Output= 0.500(-0.500/0.500)
Auto.Battery_Info: Voltage=11.65V (10.82V)
Auto.printPidInfo_Info: encoderXPidCtrl: Target=  -0.3, Input=  -2.5, Error=   0.0, PIDTerms= 0.380/ 0.000/-0.307/ 0.000, Output= 0.000(-1.000/1.000)
Auto.printPidInfo_Info: encoderYPidCtrl: Target= -10.3, Input=  -8.6, Error=   0.0, PIDTerms=-0.227/ 0.000/ 0.022/-0.000, Output= 0.000(-1.000/1.000)
Auto.printPidInfo_Info: gyroPidCtrl: Target= 180.0, Input= 125.5, Error=  54.5, PIDTerms= 0.980/ 0.000/-0.114/ 0.000, Output= 0.500(-0.500/0.500)
Auto.Battery_Info: Voltage=11.66V (10.82V)
Auto.printPidInfo_Info: encoderXPidCtrl: Target=  -0.3, Input=  -2.5, Error=   0.0, PIDTerms= 0.380/ 0.000/-0.307/ 0.000, Output= 0.000(-1.000/1.000)
Auto.printPidInfo_Info: encoderYPidCtrl: Target= -10.3, Input=  -8.6, Error=   0.0, PIDTerms=-0.227/ 0.000/ 0.022/-0.000, Output= 0.000(-1.000/1.000)
Auto.printPidInfo_Info: gyroPidCtrl: Target= 180.0, Input= 140.3, Error=  39.7, PIDTerms= 0.714/ 0.000/-0.250/ 0.000, Output= 0.464(-0.500/0.500)
Auto.Battery_Info: Voltage=11.73V (10.82V)
Auto.printPidInfo_Info: encoderXPidCtrl: Target=  -0.3, Input=  -2.5, Error=   0.0, PIDTerms= 0.380/ 0.000/-0.307/ 0.000, Output= 0.000(-1.000/1.000)
Auto.printPidInfo_Info: encoderYPidCtrl: Target= -10.3, Input=  -8.6, Error=   0.0, PIDTerms=-0.227/ 0.000/ 0.022/-0.000, Output= 0.000(-1.000/1.000)
Auto.printPidInfo_Info: gyroPidCtrl: Target= 180.0, Input= 150.0, Error=  30.0, PIDTerms= 0.540/ 0.000/-0.100/ 0.000, Output= 0.440(-0.500/0.500)
Auto.Battery_Info: Voltage=12.17V (10.82V)
Auto.printPidInfo_Info: encoderXPidCtrl: Target=  -0.3, Input=  -2.5, Error=   0.0, PIDTerms= 0.380/ 0.000/-0.307/ 0.000, Output= 0.000(-1.000/1.000)
Auto.printPidInfo_Info: encoderYPidCtrl: Target= -10.3, Input=  -8.6, Error=   0.0, PIDTerms=-0.227/ 0.000/ 0.022/-0.000, Output= 0.000(-1.000/1.000)
Auto.printPidInfo_Info: gyroPidCtrl: Target= 180.0, Input= 167.0, Error=  13.0, PIDTerms= 0.234/ 0.000/-0.280/ 0.000, Output=-0.047(-0.500/0.500)
Auto.Battery_Info: Voltage=12.16V (10.82V)
Auto.printPidInfo_Info: encoderXPidCtrl: Target=  -0.3, Input=  -2.5, Error=   0.0, PIDTerms= 0.380/ 0.000/-0.307/ 0.000, Output= 0.000(-1.000/1.000)
Auto.printPidInfo_Info: encoderYPidCtrl: Target= -10.3, Input=  -8.6, Error=   0.0, PIDTerms=-0.227/ 0.000/ 0.022/-0.000, Output= 0.000(-1.000/1.000)
Auto.printPidInfo_Info: gyroPidCtrl: Target= 180.0, Input= 177.7, Error=   2.3, PIDTerms= 0.041/ 0.000/-0.109/ 0.000, Output=-0.068(-0.500/0.500)
Auto.Battery_Info: Voltage=11.75V (10.82V)
Auto.printPidInfo_Info: encoderXPidCtrl: Target=  -0.3, Input=  -2.5, Error=   0.0, PIDTerms= 0.380/ 0.000/-0.307/ 0.000, Output= 0.000(-1.000/1.000)
Auto.printPidInfo_Info: encoderYPidCtrl: Target= -10.3, Input=  -8.6, Error=   0.0, PIDTerms=-0.227/ 0.000/ 0.022/-0.000, Output= 0.000(-1.000/1.000)
Auto.printPidInfo_Info: gyroPidCtrl: Target= 180.0, Input= 190.1, Error= -10.1, PIDTerms=-0.182/ 0.000/-0.158/ 0.000, Output=-0.339(-0.500/0.500)
Auto.Battery_Info: Voltage=12.02V (10.82V)
Auto.printPidInfo_Info: encoderXPidCtrl: Target=  -0.3, Input=  -2.5, Error=   0.0, PIDTerms= 0.380/ 0.000/-0.307/ 0.000, Output= 0.000(-1.000/1.000)
Auto.printPidInfo_Info: encoderYPidCtrl: Target= -10.3, Input=  -8.6, Error=   0.0, PIDTerms=-0.227/ 0.000/ 0.022/-0.000, Output= 0.000(-1.000/1.000)
Auto.printPidInfo_Info: gyroPidCtrl: Target= 180.0, Input= 190.0, Error= -10.0, PIDTerms=-0.179/ 0.000/ 0.002/ 0.000, Output=-0.177(-0.500/0.500)
Auto.Robot_Info: [9.855]   ALIGN_CRYPTOBOX: xPos=  2.53/ -4.00,yPos= -8.96/  0.00,heading= 181.9/ 180.0,volt=12.16V(10.82V)
Auto.Battery_Info: Voltage=12.16V (10.82V)
Auto.printPidInfo_Info: encoderXPidCtrl: Target=  -1.5, Input=  -2.5, Error=  -4.0, PIDTerms= 0.380/ 0.000/-0.307/ 0.000, Output= 0.000(-1.000/1.000)
Auto.printPidInfo_Info: encoderYPidCtrl: Target=  -9.0, Input=  -8.6, Error=   0.0, PIDTerms=-0.227/ 0.000/ 0.022/-0.000, Output= 0.000(-1.000/1.000)
Auto.printPidInfo_Info: gyroPidCtrl: Target= 180.0, Input= 189.7, Error=  -1.9, PIDTerms=-0.175/ 0.000/ 0.002/ 0.000, Output= 0.000(-0.500/0.500)
Auto.Battery_Info: Voltage=10.99V (10.82V)
Auto.printPidInfo_Info: encoderXPidCtrl: Target=  -1.5, Input=   2.5, Error=  -4.0, PIDTerms=-0.600/ 0.000/ 0.000/-0.000, Output=-0.600(-1.000/1.000)
Auto.printPidInfo_Info: encoderYPidCtrl: Target=  -9.0, Input=  -9.0, Error=   0.0, PIDTerms= 0.000/ 0.000/ 0.000/-0.000, Output= 0.000(-1.000/1.000)
Auto.printPidInfo_Info: gyroPidCtrl: Target= 180.0, Input= 181.9, Error=  -1.9, PIDTerms=-0.034/ 0.000/ 0.000/ 0.000, Output=-0.034(-0.500/0.500)
Auto.Battery_Info: Voltage=11.34V (10.82V)
Auto.printPidInfo_Info: encoderXPidCtrl: Target=  -1.5, Input=   2.2, Error=  -3.7, PIDTerms=-0.548/ 0.000/ 0.037/-0.000, Output=-0.512(-1.000/1.000)
Auto.printPidInfo_Info: encoderYPidCtrl: Target=  -9.0, Input=  -9.0, Error=   0.0, PIDTerms= 0.000/ 0.000/ 0.000/-0.000, Output= 0.000(-1.000/1.000)
Auto.printPidInfo_Info: gyroPidCtrl: Target= 180.0, Input= 180.7, Error=  -0.7, PIDTerms=-0.013/ 0.000/ 0.017/ 0.000, Output= 0.004(-0.500/0.500)
Auto.Battery_Info: Voltage=11.92V (10.82V)
Auto.printPidInfo_Info: encoderXPidCtrl: Target=  -1.5, Input=   1.0, Error=  -2.5, PIDTerms=-0.377/ 0.000/ 0.138/-0.000, Output=-0.239(-1.000/1.000)
Auto.printPidInfo_Info: encoderYPidCtrl: Target=  -9.0, Input=  -8.9, Error=  -0.0, PIDTerms=-0.001/ 0.000/-0.001/-0.000, Output=-0.001(-1.000/1.000)
Auto.printPidInfo_Info: gyroPidCtrl: Target= 180.0, Input= 179.1, Error=   0.9, PIDTerms= 0.017/ 0.000/ 0.026/ 0.000, Output= 0.043(-0.500/0.500)
Auto.Battery_Info: Voltage=12.09V (10.82V)
Auto.printPidInfo_Info: encoderXPidCtrl: Target=  -1.5, Input=  -0.0, Error=  -1.5, PIDTerms=-0.219/ 0.000/ 0.103/-0.000, Output=-0.115(-1.000/1.000)
Auto.printPidInfo_Info: encoderYPidCtrl: Target=  -9.0, Input=  -9.0, Error=   0.0, PIDTerms= 0.000/ 0.000/ 0.001/-0.000, Output= 0.001(-1.000/1.000)
Auto.printPidInfo_Info: gyroPidCtrl: Target= 180.0, Input= 178.2, Error=   1.8, PIDTerms= 0.032/ 0.000/ 0.011/ 0.000, Output= 0.043(-0.500/0.500)
Auto.Battery_Info: Voltage=12.10V (10.82V)
Auto.printPidInfo_Info: encoderXPidCtrl: Target=  -1.5, Input=  -0.5, Error=  -1.0, PIDTerms=-0.146/ 0.000/ 0.052/-0.000, Output=-0.094(-1.000/1.000)
Auto.printPidInfo_Info: encoderYPidCtrl: Target=  -9.0, Input=  -9.0, Error=   0.0, PIDTerms= 0.001/ 0.000/ 0.000/-0.000, Output= 0.001(-1.000/1.000)
Auto.printPidInfo_Info: gyroPidCtrl: Target= 180.0, Input= 179.5, Error=   0.5, PIDTerms= 0.010/ 0.000/-0.018/ 0.000, Output=-0.008(-0.500/0.500)
Auto.Robot_Info: [10.686]    SET_DOWN_GLYPH: xPos= -0.52/ -4.00,yPos= -8.99/  0.00,heading= 180.6/ 180.0,volt=12.15V(10.82V)
Auto.Robot_Info: [12.785]     RELEASE_GLYPH: xPos= -0.50/ -4.00,yPos= -8.98/  0.00,heading= 180.7/ 180.0,volt=12.17V(10.82V)
Auto.Robot_Info: [13.295]      PUSH_FORWARD: xPos= -0.49/  0.00,yPos= -8.99/ 15.00,heading= 180.7/ 180.0,volt=12.26V(10.82V)
Auto.Battery_Info: Voltage=12.26V (10.82V)
Auto.printPidInfo_Info: encoderXPidCtrl: Target=  -0.5, Input=  -0.5, Error=   0.0, PIDTerms=-0.143/ 0.000/ 0.002/-0.000, Output= 0.000(-1.000/1.000)
Auto.printPidInfo_Info: encoderYPidCtrl: Target=   6.0, Input=  -9.0, Error=  15.0, PIDTerms= 0.001/ 0.000/ 0.000/-0.000, Output= 0.000(-1.000/1.000)
Auto.printPidInfo_Info: gyroPidCtrl: Target= 180.0, Input= 180.7, Error=  -0.7, PIDTerms=-0.012/ 0.000/-0.016/ 0.000, Output= 0.000(-0.500/0.500)
Auto.Battery_Info: Voltage=11.91V (10.82V)
Auto.printPidInfo_Info: encoderXPidCtrl: Target=  -0.5, Input=  -0.5, Error=   0.0, PIDTerms= 0.000/ 0.000/ 0.000/-0.000, Output= 0.000(-1.000/1.000)
Auto.printPidInfo_Info: encoderYPidCtrl: Target=   6.0, Input=  -9.0, Error=  15.0, PIDTerms= 0.300/ 0.000/ 0.000/ 0.000, Output= 0.300(-1.000/1.000)
Auto.printPidInfo_Info: gyroPidCtrl: Target= 180.0, Input= 180.7, Error=  -0.7, PIDTerms=-0.013/ 0.000/ 0.000/ 0.000, Output=-0.013(-0.500/0.500)
Auto.Battery_Info: Voltage=11.86V (10.82V)
Auto.printPidInfo_Info: encoderXPidCtrl: Target=  -0.5, Input=  -0.4, Error=  -0.1, PIDTerms=-0.011/ 0.000/-0.007/-0.000, Output=-0.018(-1.000/1.000)
Auto.printPidInfo_Info: encoderYPidCtrl: Target=   6.0, Input=  -8.8, Error=  14.8, PIDTerms= 0.297/ 0.000/-0.003/ 0.000, Output= 0.294(-1.000/1.000)
Auto.printPidInfo_Info: gyroPidCtrl: Target= 180.0, Input= 180.7, Error=  -0.7, PIDTerms=-0.013/ 0.000/ 0.000/ 0.000, Output=-0.012(-0.500/0.500)
Auto.Battery_Info: Voltage=11.78V (10.82V)
Auto.printPidInfo_Info: encoderXPidCtrl: Target=  -0.5, Input=  -0.2, Error=  -0.3, PIDTerms=-0.049/ 0.000/-0.024/-0.000, Output=-0.073(-1.000/1.000)
Auto.printPidInfo_Info: encoderYPidCtrl: Target=   6.0, Input=  -7.8, Error=  13.8, PIDTerms= 0.277/ 0.000/-0.014/ 0.000, Output= 0.263(-1.000/1.000)
Auto.printPidInfo_Info: gyroPidCtrl: Target= 180.0, Input= 180.7, Error=  -0.7, PIDTerms=-0.013/ 0.000/-0.001/ 0.000, Output=-0.014(-0.500/0.500)
Auto.Battery_Info: Voltage=11.84V (10.82V)
Auto.printPidInfo_Info: encoderXPidCtrl: Target=  -0.5, Input=  -0.2, Error=  -0.3, PIDTerms=-0.046/ 0.000/ 0.002/-0.000, Output=-0.044(-1.000/1.000)
Auto.printPidInfo_Info: encoderYPidCtrl: Target=   6.0, Input=  -7.1, Error=  13.1, PIDTerms= 0.263/ 0.000/-0.013/ 0.000, Output= 0.250(-1.000/1.000)
Auto.printPidInfo_Info: gyroPidCtrl: Target= 180.0, Input= 180.6, Error=  -0.6, PIDTerms=-0.011/ 0.000/ 0.002/ 0.000, Output=-0.009(-0.500/0.500)
Auto.Battery_Info: Voltage=11.84V (10.82V)
Auto.printPidInfo_Info: encoderXPidCtrl: Target=  -0.5, Input=  -0.2, Error=  -0.3, PIDTerms=-0.043/ 0.000/ 0.002/-0.000, Output=-0.042(-1.000/1.000)
Auto.printPidInfo_Info: encoderYPidCtrl: Target=   6.0, Input=  -7.1, Error=  13.1, PIDTerms= 0.262/ 0.000/-0.000/ 0.000, Output= 0.262(-1.000/1.000)
Auto.printPidInfo_Info: gyroPidCtrl: Target= 180.0, Input= 179.8, Error=   0.2, PIDTerms= 0.004/ 0.000/ 0.010/ 0.000, Output= 0.014(-0.500/0.500)
Auto.Battery_Info: Voltage=11.84V (10.82V)
Auto.printPidInfo_Info: encoderXPidCtrl: Target=  -0.5, Input=  -0.2, Error=  -0.3, PIDTerms=-0.043/ 0.000/ 0.000/-0.000, Output=-0.043(-1.000/1.000)
Auto.printPidInfo_Info: encoderYPidCtrl: Target=   6.0, Input=  -7.1, Error=  13.1, PIDTerms= 0.262/ 0.000/ 0.000/ 0.000, Output= 0.262(-1.000/1.000)
Auto.printPidInfo_Info: gyroPidCtrl: Target= 180.0, Input= 179.7, Error=   0.3, PIDTerms= 0.005/ 0.000/ 0.001/ 0.000, Output= 0.007(-0.500/0.500)
Auto.Battery_Info: Voltage=11.83V (10.82V)
Auto.printPidInfo_Info: encoderXPidCtrl: Target=  -0.5, Input=  -0.2, Error=  -0.3, PIDTerms=-0.044/ 0.000/-0.000/-0.000, Output=-0.044(-1.000/1.000)
Auto.printPidInfo_Info: encoderYPidCtrl: Target=   6.0, Input=  -7.1, Error=  13.1, PIDTerms= 0.262/ 0.000/-0.000/ 0.000, Output= 0.262(-1.000/1.000)
Auto.printPidInfo_Info: gyroPidCtrl: Target= 180.0, Input= 179.7, Error=   0.3, PIDTerms= 0.005/ 0.000/-0.000/ 0.000, Output= 0.005(-0.500/0.500)
Auto.Battery_Info: Voltage=11.81V (10.82V)
Auto.printPidInfo_Info: encoderXPidCtrl: Target=  -0.5, Input=  -0.2, Error=  -0.3, PIDTerms=-0.044/ 0.000/ 0.000/-0.000, Output=-0.044(-1.000/1.000)
Auto.printPidInfo_Info: encoderYPidCtrl: Target=   6.0, Input=  -7.1, Error=  13.1, PIDTerms= 0.262/ 0.000/ 0.000/ 0.000, Output= 0.262(-1.000/1.000)
Auto.printPidInfo_Info: gyroPidCtrl: Target= 180.0, Input= 179.7, Error=   0.3, PIDTerms= 0.005/ 0.000/-0.000/ 0.000, Output= 0.005(-0.500/0.500)
Auto.Robot_Info: [14.745]          BACK_OFF: xPos= -0.19/  0.00,yPos= -7.12/ -6.50,heading= 179.7/ 180.0,volt=12.22V(10.82V)
Auto.Battery_Info: Voltage=12.22V (10.82V)
Auto.printPidInfo_Info: encoderXPidCtrl: Target=  -0.2, Input=  -0.2, Error=   0.0, PIDTerms=-0.044/ 0.000/ 0.000/-0.000, Output= 0.000(-1.000/1.000)
Auto.printPidInfo_Info: encoderYPidCtrl: Target= -13.6, Input=  -7.1, Error=  -6.5, PIDTerms= 0.262/ 0.000/ 0.000/ 0.000, Output= 0.000(-1.000/1.000)
Auto.printPidInfo_Info: gyroPidCtrl: Target= 180.0, Input= 179.7, Error=   0.3, PIDTerms= 0.005/ 0.000/-0.000/ 0.000, Output= 0.000(-0.500/0.500)
Auto.Battery_Info: Voltage=12.14V (10.82V)
Auto.printPidInfo_Info: encoderXPidCtrl: Target=  -0.2, Input=  -0.2, Error=   0.0, PIDTerms= 0.000/ 0.000/ 0.000/-0.000, Output= 0.000(-1.000/1.000)
Auto.printPidInfo_Info: encoderYPidCtrl: Target= -13.6, Input=  -7.1, Error=  -6.5, PIDTerms=-0.130/ 0.000/-0.000/-0.000, Output=-0.130(-1.000/1.000)
Auto.printPidInfo_Info: gyroPidCtrl: Target= 180.0, Input= 179.7, Error=   0.3, PIDTerms= 0.005/ 0.000/ 0.000/ 0.000, Output= 0.005(-0.500/0.500)
Auto.Battery_Info: Voltage=12.17V (10.82V)
Auto.printPidInfo_Info: encoderXPidCtrl: Target=  -0.2, Input=  -0.2, Error=   0.0, PIDTerms= 0.003/ 0.000/ 0.002/-0.000, Output= 0.005(-1.000/1.000)
Auto.printPidInfo_Info: encoderYPidCtrl: Target= -13.6, Input=  -7.2, Error=  -6.4, PIDTerms=-0.128/ 0.000/ 0.001/-0.000, Output=-0.127(-1.000/1.000)
Auto.printPidInfo_Info: gyroPidCtrl: Target= 180.0, Input= 179.7, Error=   0.3, PIDTerms= 0.005/ 0.000/ 0.000/ 0.000, Output= 0.005(-0.500/0.500)
Auto.Battery_Info: Voltage=12.20V (10.82V)
Auto.printPidInfo_Info: encoderXPidCtrl: Target=  -0.2, Input=  -0.2, Error=   0.0, PIDTerms= 0.003/ 0.000/-0.000/-0.000, Output= 0.002(-1.000/1.000)
Auto.printPidInfo_Info: encoderYPidCtrl: Target= -13.6, Input=  -8.2, Error=  -5.5, PIDTerms=-0.109/ 0.000/ 0.013/-0.000, Output=-0.096(-1.000/1.000)
Auto.printPidInfo_Info: gyroPidCtrl: Target= 180.0, Input= 179.7, Error=   0.3, PIDTerms= 0.005/ 0.000/-0.000/ 0.000, Output= 0.004(-0.500/0.500)
Auto.Battery_Info: Voltage=12.21V (10.82V)
Auto.printPidInfo_Info: encoderXPidCtrl: Target=  -0.2, Input=  -0.2, Error=   0.0, PIDTerms= 0.002/ 0.000/-0.000/-0.000, Output= 0.002(-1.000/1.000)
Auto.printPidInfo_Info: encoderYPidCtrl: Target= -13.6, Input=  -8.6, Error=  -5.0, PIDTerms=-0.100/ 0.000/ 0.007/-0.000, Output=-0.093(-1.000/1.000)
Auto.printPidInfo_Info: gyroPidCtrl: Target= 180.0, Input= 179.8, Error=   0.2, PIDTerms= 0.004/ 0.000/-0.000/ 0.000, Output= 0.004(-0.500/0.500)
Auto.Battery_Info: Voltage=12.18V (10.82V)
Auto.printPidInfo_Info: encoderXPidCtrl: Target=  -0.2, Input=  -0.2, Error=   0.0, PIDTerms= 0.001/ 0.000/-0.001/-0.000, Output= 0.000(-1.000/1.000)
Auto.printPidInfo_Info: encoderYPidCtrl: Target= -13.6, Input=  -8.9, Error=  -4.7, PIDTerms=-0.094/ 0.000/ 0.004/-0.000, Output=-0.090(-1.000/1.000)
Auto.printPidInfo_Info: gyroPidCtrl: Target= 180.0, Input= 179.8, Error=   0.2, PIDTerms= 0.004/ 0.000/-0.000/ 0.000, Output= 0.004(-0.500/0.500)
Auto.Battery_Info: Voltage=12.18V (10.82V)
Auto.printPidInfo_Info: encoderXPidCtrl: Target=  -0.2, Input=  -0.2, Error=   0.0, PIDTerms= 0.003/ 0.000/ 0.001/-0.000, Output= 0.004(-1.000/1.000)
Auto.printPidInfo_Info: encoderYPidCtrl: Target= -13.6, Input=  -9.1, Error=  -4.5, PIDTerms=-0.091/ 0.000/ 0.003/-0.000, Output=-0.088(-1.000/1.000)
Auto.printPidInfo_Info: gyroPidCtrl: Target= 180.0, Input= 179.8, Error=   0.2, PIDTerms= 0.004/ 0.000/-0.000/ 0.000, Output= 0.003(-0.500/0.500)
Auto.Battery_Info: Voltage=12.18V (10.82V)
Auto.printPidInfo_Info: encoderXPidCtrl: Target=  -0.2, Input=  -0.2, Error=   0.0, PIDTerms= 0.005/ 0.000/ 0.002/-0.000, Output= 0.006(-1.000/1.000)
Auto.printPidInfo_Info: encoderYPidCtrl: Target= -13.6, Input=  -9.1, Error=  -4.5, PIDTerms=-0.090/ 0.000/ 0.000/-0.000, Output=-0.090(-1.000/1.000)
Auto.printPidInfo_Info: gyroPidCtrl: Target= 180.0, Input= 179.8, Error=   0.2, PIDTerms= 0.003/ 0.000/-0.000/ 0.000, Output= 0.003(-0.500/0.500)
Auto.Robot_Info: [15.956]              DONE: xPos= -0.19/  0.00,yPos= -9.13/ -6.50,heading= 179.9/ 180.0,volt=12.23V(10.82V)
