Auto.FtcAuto_Info: Sat Dec 02 23:48:47 PST 2017: ***** Starting autonomous *****
Auto.Robot_Info: [0.109]  DEPLOY_JEWEL_ARM: xPos=  0.00/  0.00,yPos=  0.00/  0.00,heading=  -0.0/   0.0,volt=12.34V(12.31V)
Auto.WHACK_JEWEL_Info: VuMark: UNKNOWN
Auto.WHACK_JEWEL_Info: 0: Color=NO, HSV=[0.000000/0.565517/0.568627]
Auto.Robot_Info: [0.639]       WHACK_JEWEL: xPos=  0.00/  0.00,yPos=  0.00/  0.00,heading=   0.1/   0.0,volt=12.31V(12.30V)
Auto.WHACK_JEWEL_Info: VuMark: UNKNOWN
Auto.WHACK_JEWEL_Info: 1: Color=RED, HSV=[6.585366/0.602941/0.533333]
Auto.Robot_Info: [0.805]       WHACK_JEWEL: xPos=  0.00/  0.00,yPos=  0.00/  0.00,heading=   0.1/   0.0,volt=12.31V(12.30V)
Auto.Robot_Info: [1.440] MOVE_JEWEL_ARM_UP: xPos=  0.00/  0.00,yPos=  0.00/  0.00,heading=   0.1/   0.0,volt=12.30V(12.30V)
Auto.Robot_Info: [1.785]   RESET_JEWEL_ARM: xPos=  0.00/  0.00,yPos=  0.00/  0.00,heading=   0.1/   0.0,volt=12.29V(12.29V)
Auto.DO_DELAY_Info: Delay=0
Auto.Robot_Info: [2.206]          DO_DELAY: xPos=  0.00/  0.00,yPos=  0.00/  0.00,heading=   0.0/   0.0,volt=12.30V(12.28V)
Auto.Robot_Info: [2.294]   GRAB_LIFT_GLYPH: xPos=  0.00/  0.00,yPos=  0.00/  0.00,heading=   0.0/   0.0,volt=12.30V(12.28V)
Auto.Robot_Info: [4.493] DRIVE_OFF_PLATFORM: xPos=  0.00/  0.00,yPos=  0.00/ 25.00,heading=   0.1/   0.0,volt=12.20V(11.68V)
Auto.Battery_Info: Voltage=12.20V (11.68V)
Auto.printPidInfo_Info: encoderXPidCtrl: Target=   0.0, Input=   0.0, Error=   0.0, PIDTerms= 0.000/ 0.000/ 0.000/ 0.000, Output= 0.000(-1.000/1.000)
Auto.printPidInfo_Info: encoderYPidCtrl: Target=  25.0, Input=   0.0, Error=  25.0, PIDTerms= 0.000/ 0.000/ 0.000/ 0.000, Output= 0.000(-0.500/0.500)
Auto.printPidInfo_Info: gyroPidCtrl: Target=   0.0, Input=   0.0, Error=  -0.1, PIDTerms= 0.000/ 0.000/ 0.000/ 0.000, Output= 0.000(-0.500/0.500)
Auto.Battery_Info: Voltage=11.44V (11.48V)
Auto.printPidInfo_Info: encoderXPidCtrl: Target=   0.0, Input=   0.0, Error=   0.0, PIDTerms= 0.000/ 0.000/ 0.000/ 0.000, Output= 0.000(-1.000/1.000)
Auto.printPidInfo_Info: encoderYPidCtrl: Target=  25.0, Input=   0.0, Error=  25.0, PIDTerms= 0.500/ 0.000/ 0.000/ 0.000, Output= 0.500(-0.500/0.500)
Auto.printPidInfo_Info: gyroPidCtrl: Target=   0.0, Input=   0.1, Error=  -0.1, PIDTerms=-0.002/ 0.000/ 0.000/ 0.000, Output=-0.002(-0.500/0.500)
Auto.Battery_Info: Voltage=11.56V (11.48V)
Auto.printPidInfo_Info: encoderXPidCtrl: Target=   0.0, Input=  -0.0, Error=   0.0, PIDTerms= 0.007/ 0.000/ 0.005/ 0.000, Output= 0.012(-1.000/1.000)
Auto.printPidInfo_Info: encoderYPidCtrl: Target=  25.0, Input=   0.2, Error=  24.8, PIDTerms= 0.495/ 0.000/-0.004/ 0.000, Output= 0.492(-0.500/0.500)
Auto.printPidInfo_Info: gyroPidCtrl: Target=   0.0, Input=   0.1, Error=  -0.1, PIDTerms=-0.002/ 0.000/ 0.000/ 0.000, Output=-0.002(-0.500/0.500)
Auto.Battery_Info: Voltage=11.83V (11.48V)
Auto.printPidInfo_Info: encoderXPidCtrl: Target=   0.0, Input=  -0.2, Error=   0.2, PIDTerms= 0.033/ 0.000/ 0.015/ 0.000, Output= 0.048(-1.000/1.000)
Auto.printPidInfo_Info: encoderYPidCtrl: Target=  25.0, Input=   2.1, Error=  22.9, PIDTerms= 0.458/ 0.000/-0.023/ 0.000, Output= 0.435(-0.500/0.500)
Auto.printPidInfo_Info: gyroPidCtrl: Target=   0.0, Input=   0.3, Error=  -0.3, PIDTerms=-0.005/ 0.000/-0.002/ 0.000, Output=-0.006(-0.500/0.500)
Auto.Battery_Info: Voltage=12.00V (11.48V)
Auto.printPidInfo_Info: encoderXPidCtrl: Target=   0.0, Input=  -0.2, Error=   0.2, PIDTerms= 0.036/ 0.000/ 0.002/ 0.000, Output= 0.038(-1.000/1.000)
Auto.printPidInfo_Info: encoderYPidCtrl: Target=  25.0, Input=   4.5, Error=  20.5, PIDTerms= 0.410/ 0.000/-0.036/ 0.000, Output= 0.374(-0.500/0.500)
Auto.printPidInfo_Info: gyroPidCtrl: Target=   0.0, Input=   0.2, Error=  -0.2, PIDTerms=-0.003/ 0.000/ 0.001/ 0.000, Output=-0.003(-0.500/0.500)
Auto.Battery_Info: Voltage=12.00V (11.48V)
Auto.printPidInfo_Info: encoderXPidCtrl: Target=   0.0, Input=  -0.2, Error=   0.2, PIDTerms= 0.026/ 0.000/-0.006/ 0.000, Output= 0.020(-1.000/1.000)
Auto.printPidInfo_Info: encoderYPidCtrl: Target=  25.0, Input=   7.5, Error=  17.5, PIDTerms= 0.350/ 0.000/-0.043/ 0.000, Output= 0.307(-0.500/0.500)
Auto.printPidInfo_Info: gyroPidCtrl: Target=   0.0, Input=   0.5, Error=  -0.5, PIDTerms=-0.009/ 0.000/-0.004/ 0.000, Output=-0.014(-0.500/0.500)
Auto.Battery_Info: Voltage=11.36V (11.36V)
Auto.printPidInfo_Info: encoderXPidCtrl: Target=   0.0, Input=   5.0, Error=  -5.0, PIDTerms=-0.757/ 0.000/-0.305/ 0.000, Output=-1.000(-1.000/1.000)
Auto.printPidInfo_Info: encoderYPidCtrl: Target=  25.0, Input=   9.2, Error=  15.8, PIDTerms= 0.317/ 0.000/-0.014/ 0.000, Output= 0.303(-0.500/0.500)
Auto.printPidInfo_Info: gyroPidCtrl: Target=   0.0, Input=   1.3, Error=  -1.3, PIDTerms=-0.023/ 0.000/-0.006/ 0.000, Output=-0.029(-0.500/0.500)
Auto.Battery_Info: Voltage=11.13V (11.13V)
Auto.printPidInfo_Info: encoderXPidCtrl: Target=   0.0, Input=   4.9, Error=  -4.9, PIDTerms=-0.741/ 0.000/ 0.012/ 0.000, Output=-0.729(-1.000/1.000)
Auto.printPidInfo_Info: encoderYPidCtrl: Target=  25.0, Input=  14.0, Error=  11.0, PIDTerms= 0.220/ 0.000/-0.077/ 0.000, Output= 0.143(-0.500/0.500)
Auto.printPidInfo_Info: gyroPidCtrl: Target=   0.0, Input=   0.6, Error=  -0.6, PIDTerms=-0.010/ 0.000/ 0.011/ 0.000, Output= 0.000(-0.500/0.500)
Auto.Battery_Info: Voltage=12.08V (11.13V)
Auto.printPidInfo_Info: encoderXPidCtrl: Target=   0.0, Input=   2.5, Error=  -2.5, PIDTerms=-0.368/ 0.000/ 0.326/ 0.000, Output=-0.042(-1.000/1.000)
Auto.printPidInfo_Info: encoderYPidCtrl: Target=  25.0, Input=  15.8, Error=   9.2, PIDTerms= 0.183/ 0.000/-0.036/ 0.000, Output= 0.148(-0.500/0.500)
Auto.printPidInfo_Info: gyroPidCtrl: Target=   0.0, Input=  -0.7, Error=   0.7, PIDTerms= 0.013/ 0.000/ 0.022/ 0.000, Output= 0.035(-0.500/0.500)
Auto.Battery_Info: Voltage=12.10V (11.13V)
Auto.printPidInfo_Info: encoderXPidCtrl: Target=   0.0, Input=   0.9, Error=  -0.9, PIDTerms=-0.136/ 0.000/ 0.172/ 0.000, Output= 0.036(-1.000/1.000)
Auto.printPidInfo_Info: encoderYPidCtrl: Target=  25.0, Input=  16.9, Error=   8.1, PIDTerms= 0.162/ 0.000/-0.018/ 0.000, Output= 0.144(-0.500/0.500)
Auto.printPidInfo_Info: gyroPidCtrl: Target=   0.0, Input=  -2.7, Error=   2.7, PIDTerms= 0.049/ 0.000/ 0.030/ 0.000, Output= 0.079(-0.500/0.500)
Auto.Battery_Info: Voltage=12.15V (11.13V)
Auto.printPidInfo_Info: encoderXPidCtrl: Target=   0.0, Input=   0.5, Error=  -0.5, PIDTerms=-0.080/ 0.000/ 0.028/ 0.000, Output=-0.052(-1.000/1.000)
Auto.printPidInfo_Info: encoderYPidCtrl: Target=  25.0, Input=  18.8, Error=   6.2, PIDTerms= 0.123/ 0.000/-0.022/ 0.000, Output= 0.101(-0.500/0.500)
Auto.printPidInfo_Info: gyroPidCtrl: Target=   0.0, Input=  -2.7, Error=   2.7, PIDTerms= 0.049/ 0.000/ 0.000/ 0.000, Output= 0.050(-0.500/0.500)
Auto.Battery_Info: Voltage=12.09V (11.13V)
Auto.printPidInfo_Info: encoderXPidCtrl: Target=   0.0, Input=   0.7, Error=  -0.7, PIDTerms=-0.112/ 0.000/-0.018/ 0.000, Output=-0.131(-1.000/1.000)
Auto.printPidInfo_Info: encoderYPidCtrl: Target=  25.0, Input=  20.2, Error=   4.8, PIDTerms= 0.095/ 0.000/-0.018/ 0.000, Output= 0.077(-0.500/0.500)
Auto.printPidInfo_Info: gyroPidCtrl: Target=   0.0, Input=  -1.2, Error=   1.2, PIDTerms= 0.021/ 0.000/-0.018/ 0.000, Output= 0.003(-0.500/0.500)
Auto.Battery_Info: Voltage=12.13V (11.13V)
Auto.printPidInfo_Info: encoderXPidCtrl: Target=   0.0, Input=   0.5, Error=  -0.5, PIDTerms=-0.077/ 0.000/ 0.026/ 0.000, Output=-0.051(-1.000/1.000)
Auto.printPidInfo_Info: encoderYPidCtrl: Target=  25.0, Input=  21.1, Error=   3.9, PIDTerms= 0.077/ 0.000/-0.014/ 0.000, Output= 0.063(-0.500/0.500)
Auto.printPidInfo_Info: gyroPidCtrl: Target=   0.0, Input=  -0.6, Error=   0.6, PIDTerms= 0.011/ 0.000/-0.008/ 0.000, Output= 0.002(-0.500/0.500)
Auto.Battery_Info: Voltage=12.13V (11.13V)
Auto.printPidInfo_Info: encoderXPidCtrl: Target=   0.0, Input=   0.4, Error=  -0.4, PIDTerms=-0.057/ 0.000/ 0.015/ 0.000, Output=-0.042(-1.000/1.000)
Auto.printPidInfo_Info: encoderYPidCtrl: Target=  25.0, Input=  21.4, Error=   3.6, PIDTerms= 0.072/ 0.000/-0.004/ 0.000, Output= 0.068(-0.500/0.500)
Auto.printPidInfo_Info: gyroPidCtrl: Target=   0.0, Input=   0.0, Error=  -0.0, PIDTerms=-0.000/ 0.000/-0.009/ 0.000, Output=-0.009(-0.500/0.500)
Auto.Robot_Info: [6.772]     DRIVE_TO_WALL: xPos=  0.41/  0.00,yPos= 21.44/ 25.00,heading=   0.2/   0.0,volt=12.17V(11.13V)
Auto.Robot_Info: [6.876] TURN_TO_CRYPTOBOX: xPos=  0.41/  0.00,yPos= 21.43/  0.00,heading=   0.2/   0.0,volt=12.20V(11.13V)
Auto.Battery_Info: Voltage=12.20V (11.13V)
Auto.printPidInfo_Info: encoderXPidCtrl: Target=   0.4, Input=   0.4, Error=   0.0, PIDTerms=-0.061/ 0.000/-0.003/ 0.000, Output= 0.000(-1.000/1.000)
Auto.printPidInfo_Info: encoderYPidCtrl: Target=  21.4, Input=  21.4, Error=   0.0, PIDTerms= 0.071/ 0.000/-0.001/ 0.000, Output= 0.000(-1.000/1.000)
Auto.printPidInfo_Info: gyroPidCtrl: Target=   0.0, Input=   0.3, Error=  -0.2, PIDTerms=-0.006/ 0.000/-0.004/ 0.000, Output= 0.000(-0.500/0.500)
Auto.Battery_Info: Voltage=12.23V (11.13V)
Auto.printPidInfo_Info: encoderXPidCtrl: Target=   0.4, Input=   0.4, Error=   0.0, PIDTerms= 0.000/ 0.000/ 0.000/ 0.000, Output= 0.000(-1.000/1.000)
Auto.printPidInfo_Info: encoderYPidCtrl: Target=  21.4, Input=  21.4, Error=   0.0, PIDTerms= 0.000/ 0.000/ 0.000/ 0.000, Output= 0.000(-1.000/1.000)
Auto.printPidInfo_Info: gyroPidCtrl: Target=   0.0, Input=   0.2, Error=  -0.2, PIDTerms=-0.004/ 0.000/ 0.000/ 0.000, Output=-0.004(-0.500/0.500)
Auto.Robot_Info: [7.233]   ALIGN_CRYPTOBOX: xPos=  0.43/ 16.00,yPos= 21.43/  0.00,heading=   0.2/   0.0,volt=12.24V(11.13V)
Auto.Battery_Info: Voltage=12.24V (11.13V)
Auto.printPidInfo_Info: encoderXPidCtrl: Target=  16.4, Input=   0.4, Error=  16.0, PIDTerms=-0.002/ 0.000/-0.001/ 0.000, Output= 0.000(-1.000/1.000)
Auto.printPidInfo_Info: encoderYPidCtrl: Target=  21.4, Input=  21.4, Error=   0.0, PIDTerms= 0.000/ 0.000/ 0.000/ 0.000, Output= 0.000(-1.000/1.000)
Auto.printPidInfo_Info: gyroPidCtrl: Target=   0.0, Input=   0.2, Error=  -0.2, PIDTerms=-0.004/ 0.000/ 0.000/ 0.000, Output= 0.000(-0.500/0.500)
Auto.Battery_Info: Voltage=10.16V (10.25V)
Auto.printPidInfo_Info: encoderXPidCtrl: Target=  16.4, Input=   0.4, Error=  16.0, PIDTerms= 2.400/ 0.000/ 0.000/ 0.000, Output= 1.000(-1.000/1.000)
Auto.printPidInfo_Info: encoderYPidCtrl: Target=  21.4, Input=  21.4, Error=   0.0, PIDTerms= 0.000/ 0.000/ 0.000/ 0.000, Output= 0.000(-1.000/1.000)
Auto.printPidInfo_Info: gyroPidCtrl: Target=   0.0, Input=   0.2, Error=  -0.2, PIDTerms=-0.004/ 0.000/ 0.000/ 0.000, Output=-0.004(-0.500/0.500)
Auto.Battery_Info: Voltage=10.40V (10.25V)
Auto.printPidInfo_Info: encoderXPidCtrl: Target=  16.4, Input=   0.9, Error=  15.5, PIDTerms= 2.327/ 0.000/-0.051/ 0.000, Output= 1.000(-1.000/1.000)
Auto.printPidInfo_Info: encoderYPidCtrl: Target=  21.4, Input=  21.4, Error=   0.0, PIDTerms= 0.000/ 0.000/ 0.000/ 0.000, Output= 0.001(-1.000/1.000)
Auto.printPidInfo_Info: gyroPidCtrl: Target=   0.0, Input=   0.2, Error=  -0.2, PIDTerms=-0.004/ 0.000/-0.000/ 0.000, Output=-0.004(-0.500/0.500)
Auto.Battery_Info: Voltage=10.65V (10.25V)
Auto.printPidInfo_Info: encoderXPidCtrl: Target=  16.4, Input=   3.7, Error=  12.7, PIDTerms= 1.912/ 0.000/-0.283/ 0.000, Output= 1.000(-1.000/1.000)
Auto.printPidInfo_Info: encoderYPidCtrl: Target=  21.4, Input=  21.8, Error=  -0.3, PIDTerms=-0.007/ 0.000/-0.005/ 0.000, Output=-0.012(-1.000/1.000)
Auto.printPidInfo_Info: gyroPidCtrl: Target=   0.0, Input=   0.9, Error=  -0.9, PIDTerms=-0.016/ 0.000/-0.009/ 0.000, Output=-0.025(-0.500/0.500)
Auto.Battery_Info: Voltage=10.84V (10.25V)
Auto.printPidInfo_Info: encoderXPidCtrl: Target=  16.4, Input=   7.2, Error=   9.2, PIDTerms= 1.379/ 0.000/-0.342/ 0.000, Output= 1.000(-1.000/1.000)
Auto.printPidInfo_Info: encoderYPidCtrl: Target=  21.4, Input=  21.8, Error=  -0.4, PIDTerms=-0.008/ 0.000/-0.001/ 0.000, Output=-0.010(-1.000/1.000)
Auto.printPidInfo_Info: gyroPidCtrl: Target=   0.0, Input=   2.5, Error=  -2.5, PIDTerms=-0.045/ 0.000/-0.021/ 0.000, Output=-0.066(-0.500/0.500)
Auto.Battery_Info: Voltage=11.78V (10.25V)
Auto.printPidInfo_Info: encoderXPidCtrl: Target=  16.4, Input=  11.1, Error=   5.3, PIDTerms= 0.800/ 0.000/-0.400/ 0.000, Output= 0.400(-1.000/1.000)
Auto.printPidInfo_Info: encoderYPidCtrl: Target=  21.4, Input=  21.7, Error=  -0.2, PIDTerms=-0.005/ 0.000/ 0.003/ 0.000, Output=-0.002(-1.000/1.000)
Auto.printPidInfo_Info: gyroPidCtrl: Target=   0.0, Input=   2.2, Error=  -2.2, PIDTerms=-0.040/ 0.000/ 0.004/ 0.000, Output=-0.036(-0.500/0.500)
Auto.Battery_Info: Voltage=12.14V (10.25V)
Auto.printPidInfo_Info: encoderXPidCtrl: Target=  16.4, Input=  14.6, Error=   1.8, PIDTerms= 0.274/ 0.000/-0.367/ 0.000, Output=-0.093(-1.000/1.000)
Auto.printPidInfo_Info: encoderYPidCtrl: Target=  21.4, Input=  21.6, Error=  -0.2, PIDTerms=-0.003/ 0.000/ 0.001/ 0.000, Output=-0.002(-1.000/1.000)
Auto.printPidInfo_Info: gyroPidCtrl: Target=   0.0, Input=  -0.1, Error=   0.1, PIDTerms= 0.002/ 0.000/ 0.032/ 0.000, Output= 0.034(-0.500/0.500)
Auto.Battery_Info: Voltage=11.95V (10.25V)
Auto.printPidInfo_Info: encoderXPidCtrl: Target=  16.4, Input=  16.6, Error=  -0.2, PIDTerms=-0.032/ 0.000/-0.180/ 0.000, Output=-0.212(-1.000/1.000)
Auto.printPidInfo_Info: encoderYPidCtrl: Target=  21.4, Input=  21.4, Error=   0.0, PIDTerms= 0.000/ 0.000/ 0.002/ 0.000, Output= 0.002(-1.000/1.000)
Auto.printPidInfo_Info: gyroPidCtrl: Target=   0.0, Input=  -2.9, Error=   2.9, PIDTerms= 0.053/ 0.000/ 0.033/ 0.000, Output= 0.086(-0.500/0.500)
Auto.Battery_Info: Voltage=11.98V (10.25V)
Auto.printPidInfo_Info: encoderXPidCtrl: Target=  16.4, Input=  16.5, Error=  -0.1, PIDTerms=-0.012/ 0.000/ 0.015/ 0.000, Output= 0.003(-1.000/1.000)
Auto.printPidInfo_Info: encoderYPidCtrl: Target=  21.4, Input=  21.4, Error=   0.1, PIDTerms= 0.001/ 0.000/ 0.001/ 0.000, Output= 0.003(-1.000/1.000)
Auto.printPidInfo_Info: gyroPidCtrl: Target=   0.0, Input=  -6.7, Error=   6.7, PIDTerms= 0.121/ 0.000/ 0.059/ 0.000, Output= 0.179(-0.500/0.500)
Auto.Battery_Info: Voltage=12.08V (10.25V)
Auto.printPidInfo_Info: encoderXPidCtrl: Target=  16.4, Input=  16.3, Error=   0.1, PIDTerms= 0.013/ 0.000/ 0.018/ 0.000, Output= 0.031(-1.000/1.000)
Auto.printPidInfo_Info: encoderYPidCtrl: Target=  21.4, Input=  21.4, Error=   0.1, PIDTerms= 0.001/ 0.000/ 0.000/ 0.000, Output= 0.001(-1.000/1.000)
Auto.printPidInfo_Info: gyroPidCtrl: Target=   0.0, Input=  -6.8, Error=   6.8, PIDTerms= 0.123/ 0.000/ 0.001/ 0.000, Output= 0.124(-0.500/0.500)
Auto.Battery_Info: Voltage=12.10V (10.25V)
Auto.printPidInfo_Info: encoderXPidCtrl: Target=  16.4, Input=  16.6, Error=  -0.1, PIDTerms=-0.021/ 0.000/-0.026/ 0.000, Output=-0.047(-1.000/1.000)
Auto.printPidInfo_Info: encoderYPidCtrl: Target=  21.4, Input=  21.4, Error=   0.0, PIDTerms= 0.000/ 0.000/-0.001/ 0.000, Output=-0.001(-1.000/1.000)
Auto.printPidInfo_Info: gyroPidCtrl: Target=   0.0, Input=  -5.6, Error=   5.6, PIDTerms= 0.102/ 0.000/-0.018/ 0.000, Output= 0.084(-0.500/0.500)
Auto.Battery_Info: Voltage=12.14V (10.25V)
Auto.printPidInfo_Info: encoderXPidCtrl: Target=  16.4, Input=  16.6, Error=  -0.1, PIDTerms=-0.021/ 0.000/-0.000/ 0.000, Output=-0.022(-1.000/1.000)
Auto.printPidInfo_Info: encoderYPidCtrl: Target=  21.4, Input=  21.4, Error=   0.0, PIDTerms= 0.000/ 0.000/-0.000/ 0.000, Output= 0.000(-1.000/1.000)
Auto.printPidInfo_Info: gyroPidCtrl: Target=   0.0, Input=  -5.1, Error=   5.1, PIDTerms= 0.092/ 0.000/-0.007/ 0.000, Output= 0.085(-0.500/0.500)
Auto.Battery_Info: Voltage=12.13V (10.25V)
Auto.printPidInfo_Info: encoderXPidCtrl: Target=  16.4, Input=  16.6, Error=  -0.1, PIDTerms=-0.021/ 0.000/ 0.000/ 0.000, Output=-0.021(-1.000/1.000)
Auto.printPidInfo_Info: encoderYPidCtrl: Target=  21.4, Input=  21.4, Error=   0.0, PIDTerms= 0.000/ 0.000/ 0.000/ 0.000, Output= 0.000(-1.000/1.000)
Auto.printPidInfo_Info: gyroPidCtrl: Target=   0.0, Input=  -5.1, Error=   5.1, PIDTerms= 0.092/ 0.000/ 0.000/ 0.000, Output= 0.093(-0.500/0.500)
Auto.Robot_Info: [9.158]    SET_DOWN_GLYPH: xPos= 16.57/ 16.00,yPos= 21.43/  0.00,heading=  -5.1/   0.0,volt=12.22V(10.25V)
Auto.Robot_Info: [11.397]     RELEASE_GLYPH: xPos= 16.57/ 16.00,yPos= 21.43/  0.00,heading=  -5.2/   0.0,volt=12.20V(10.25V)
Auto.Robot_Info: [11.935]      PUSH_FORWARD: xPos= 16.57/  0.00,yPos= 21.43/ 16.00,heading=  -5.1/   0.0,volt=12.26V(10.25V)
Auto.Battery_Info: Voltage=12.26V (10.25V)
Auto.printPidInfo_Info: encoderXPidCtrl: Target=  16.6, Input=  16.6, Error=   0.0, PIDTerms=-0.021/ 0.000/ 0.000/ 0.000, Output= 0.000(-1.000/1.000)
Auto.printPidInfo_Info: encoderYPidCtrl: Target=  37.4, Input=  21.4, Error=  16.0, PIDTerms= 0.000/ 0.000/ 0.000/ 0.000, Output= 0.000(-1.000/1.000)
Auto.printPidInfo_Info: gyroPidCtrl: Target=   0.0, Input=  -5.1, Error=   5.1, PIDTerms= 0.092/ 0.000/-0.000/ 0.000, Output= 0.000(-0.500/0.500)
Auto.Battery_Info: Voltage=11.86V (10.25V)
Auto.printPidInfo_Info: encoderXPidCtrl: Target=  16.6, Input=  16.6, Error=   0.0, PIDTerms= 0.000/ 0.000/ 0.000/ 0.000, Output= 0.000(-1.000/1.000)
Auto.printPidInfo_Info: encoderYPidCtrl: Target=  37.4, Input=  21.4, Error=  16.0, PIDTerms= 0.320/ 0.000/ 0.000/ 0.000, Output= 0.320(-1.000/1.000)
Auto.printPidInfo_Info: gyroPidCtrl: Target=   0.0, Input=  -5.1, Error=   5.1, PIDTerms= 0.092/ 0.000/ 0.000/ 0.000, Output= 0.092(-0.500/0.500)
Auto.Battery_Info: Voltage=11.95V (10.25V)
Auto.printPidInfo_Info: encoderXPidCtrl: Target=  16.6, Input=  16.5, Error=   0.0, PIDTerms= 0.005/ 0.000/ 0.003/ 0.000, Output= 0.008(-1.000/1.000)
Auto.printPidInfo_Info: encoderYPidCtrl: Target=  37.4, Input=  21.6, Error=  15.8, PIDTerms= 0.316/ 0.000/-0.003/ 0.000, Output= 0.312(-1.000/1.000)
Auto.printPidInfo_Info: gyroPidCtrl: Target=   0.0, Input=  -5.1, Error=   5.1, PIDTerms= 0.092/ 0.000/-0.000/ 0.000, Output= 0.092(-0.500/0.500)
Auto.Battery_Info: Voltage=12.03V (10.25V)
Auto.printPidInfo_Info: encoderXPidCtrl: Target=  16.6, Input=  16.6, Error=  -0.1, PIDTerms=-0.010/ 0.000/-0.010/ 0.000, Output=-0.020(-1.000/1.000)
Auto.printPidInfo_Info: encoderYPidCtrl: Target=  37.4, Input=  22.8, Error=  14.6, PIDTerms= 0.292/ 0.000/-0.018/ 0.000, Output= 0.274(-1.000/1.000)
Auto.printPidInfo_Info: gyroPidCtrl: Target=   0.0, Input=  -4.3, Error=   4.3, PIDTerms= 0.078/ 0.000/-0.011/ 0.000, Output= 0.067(-0.500/0.500)
Auto.Battery_Info: Voltage=12.06V (10.25V)
Auto.printPidInfo_Info: encoderXPidCtrl: Target=  16.6, Input=  16.7, Error=  -0.1, PIDTerms=-0.020/ 0.000/-0.006/ 0.000, Output=-0.026(-1.000/1.000)
Auto.printPidInfo_Info: encoderYPidCtrl: Target=  37.4, Input=  24.5, Error=  12.9, PIDTerms= 0.258/ 0.000/-0.021/ 0.000, Output= 0.238(-1.000/1.000)
Auto.printPidInfo_Info: gyroPidCtrl: Target=   0.0, Input=  -3.7, Error=   3.7, PIDTerms= 0.067/ 0.000/-0.007/ 0.000, Output= 0.059(-0.500/0.500)
Auto.Battery_Info: Voltage=12.11V (10.25V)
Auto.printPidInfo_Info: encoderXPidCtrl: Target=  16.6, Input=  16.7, Error=  -0.2, PIDTerms=-0.024/ 0.000/-0.003/ 0.000, Output=-0.026(-1.000/1.000)
Auto.printPidInfo_Info: encoderYPidCtrl: Target=  37.4, Input=  26.3, Error=  11.1, PIDTerms= 0.223/ 0.000/-0.032/ 0.000, Output= 0.191(-1.000/1.000)
Auto.printPidInfo_Info: gyroPidCtrl: Target=   0.0, Input=  -3.1, Error=   3.1, PIDTerms= 0.055/ 0.000/-0.010/ 0.000, Output= 0.045(-0.500/0.500)
Auto.Battery_Info: Voltage=12.08V (10.25V)
Auto.printPidInfo_Info: encoderXPidCtrl: Target=  16.6, Input=  16.7, Error=  -0.2, PIDTerms=-0.023/ 0.000/ 0.000/ 0.000, Output=-0.023(-1.000/1.000)
Auto.printPidInfo_Info: encoderYPidCtrl: Target=  37.4, Input=  28.2, Error=   9.2, PIDTerms= 0.184/ 0.000/-0.027/ 0.000, Output= 0.157(-1.000/1.000)
Auto.printPidInfo_Info: gyroPidCtrl: Target=   0.0, Input=  -2.6, Error=   2.6, PIDTerms= 0.046/ 0.000/-0.006/ 0.000, Output= 0.040(-0.500/0.500)
Auto.Battery_Info: Voltage=12.14V (10.25V)
Auto.printPidInfo_Info: encoderXPidCtrl: Target=  16.6, Input=  16.8, Error=  -0.3, PIDTerms=-0.038/ 0.000/-0.011/ 0.000, Output=-0.049(-1.000/1.000)
Auto.printPidInfo_Info: encoderYPidCtrl: Target=  37.4, Input=  29.4, Error=   8.0, PIDTerms= 0.160/ 0.000/-0.021/ 0.000, Output= 0.139(-1.000/1.000)
Auto.printPidInfo_Info: gyroPidCtrl: Target=   0.0, Input=  -2.4, Error=   2.4, PIDTerms= 0.042/ 0.000/-0.003/ 0.000, Output= 0.039(-0.500/0.500)
Auto.Battery_Info: Voltage=12.13V (10.25V)
Auto.printPidInfo_Info: encoderXPidCtrl: Target=  16.6, Input=  16.9, Error=  -0.3, PIDTerms=-0.049/ 0.000/-0.008/ 0.000, Output=-0.058(-1.000/1.000)
Auto.printPidInfo_Info: encoderYPidCtrl: Target=  37.4, Input=  29.7, Error=   7.7, PIDTerms= 0.154/ 0.000/-0.004/ 0.000, Output= 0.149(-1.000/1.000)
Auto.printPidInfo_Info: gyroPidCtrl: Target=   0.0, Input=  -0.3, Error=   0.3, PIDTerms= 0.006/ 0.000/-0.028/ 0.000, Output=-0.022(-0.500/0.500)
Auto.Battery_Info: Voltage=12.13V (10.25V)
Auto.printPidInfo_Info: encoderXPidCtrl: Target=  16.6, Input=  16.9, Error=  -0.3, PIDTerms=-0.049/ 0.000/ 0.000/ 0.000, Output=-0.049(-1.000/1.000)
Auto.printPidInfo_Info: encoderYPidCtrl: Target=  37.4, Input=  29.7, Error=   7.7, PIDTerms= 0.154/ 0.000/ 0.000/ 0.000, Output= 0.154(-1.000/1.000)
Auto.printPidInfo_Info: gyroPidCtrl: Target=   0.0, Input=   0.2, Error=  -0.2, PIDTerms=-0.004/ 0.000/-0.010/ 0.000, Output=-0.014(-0.500/0.500)
Auto.Robot_Info: [13.377]          BACK_OFF: xPos= 16.90/  0.00,yPos= 29.73/ -6.50,heading=   0.2/   0.0,volt=12.29V(10.25V)
Auto.Battery_Info: Voltage=12.29V (10.25V)
Auto.printPidInfo_Info: encoderXPidCtrl: Target=  16.9, Input=  16.9, Error=   0.0, PIDTerms=-0.049/ 0.000/ 0.000/ 0.000, Output= 0.000(-1.000/1.000)
Auto.printPidInfo_Info: encoderYPidCtrl: Target=  23.2, Input=  29.7, Error=  -6.5, PIDTerms= 0.154/ 0.000/ 0.000/ 0.000, Output= 0.000(-1.000/1.000)
Auto.printPidInfo_Info: gyroPidCtrl: Target=   0.0, Input=   0.2, Error=  -0.2, PIDTerms=-0.004/ 0.000/-0.000/ 0.000, Output= 0.000(-0.500/0.500)
Auto.Battery_Info: Voltage=12.18V (10.25V)
Auto.printPidInfo_Info: encoderXPidCtrl: Target=  16.9, Input=  16.9, Error=   0.0, PIDTerms= 0.000/ 0.000/ 0.000/ 0.000, Output= 0.000(-1.000/1.000)
Auto.printPidInfo_Info: encoderYPidCtrl: Target=  23.2, Input=  29.7, Error=  -6.5, PIDTerms=-0.130/ 0.000/ 0.000/ 0.000, Output=-0.130(-1.000/1.000)
Auto.printPidInfo_Info: gyroPidCtrl: Target=   0.0, Input=   0.2, Error=  -0.2, PIDTerms=-0.004/ 0.000/ 0.000/ 0.000, Output=-0.004(-0.500/0.500)
Auto.Battery_Info: Voltage=12.19V (10.25V)
Auto.printPidInfo_Info: encoderXPidCtrl: Target=  16.9, Input=  16.9, Error=  -0.0, PIDTerms=-0.001/ 0.000/-0.001/ 0.000, Output=-0.002(-1.000/1.000)
Auto.printPidInfo_Info: encoderYPidCtrl: Target=  23.2, Input=  29.5, Error=  -6.3, PIDTerms=-0.126/ 0.000/ 0.003/ 0.000, Output=-0.123(-1.000/1.000)
Auto.printPidInfo_Info: gyroPidCtrl: Target=   0.0, Input=   0.2, Error=  -0.2, PIDTerms=-0.004/ 0.000/-0.000/ 0.000, Output=-0.005(-0.500/0.500)
Auto.Battery_Info: Voltage=12.21V (10.25V)
Auto.printPidInfo_Info: encoderXPidCtrl: Target=  16.9, Input=  16.9, Error=  -0.0, PIDTerms=-0.001/ 0.000/ 0.000/ 0.000, Output=-0.001(-1.000/1.000)
Auto.printPidInfo_Info: encoderYPidCtrl: Target=  23.2, Input=  28.6, Error=  -5.4, PIDTerms=-0.107/ 0.000/ 0.016/ 0.000, Output=-0.091(-1.000/1.000)
Auto.printPidInfo_Info: gyroPidCtrl: Target=   0.0, Input=   0.3, Error=  -0.3, PIDTerms=-0.006/ 0.000/-0.001/ 0.000, Output=-0.007(-0.500/0.500)
Auto.Battery_Info: Voltage=12.24V (10.25V)
Auto.printPidInfo_Info: encoderXPidCtrl: Target=  16.9, Input=  16.9, Error=  -0.0, PIDTerms=-0.002/ 0.000/-0.001/ 0.000, Output=-0.003(-1.000/1.000)
Auto.printPidInfo_Info: encoderYPidCtrl: Target=  23.2, Input=  28.1, Error=  -4.9, PIDTerms=-0.097/ 0.000/ 0.007/ 0.000, Output=-0.091(-1.000/1.000)
Auto.printPidInfo_Info: gyroPidCtrl: Target=   0.0, Input=   0.2, Error=  -0.2, PIDTerms=-0.004/ 0.000/ 0.001/ 0.000, Output=-0.003(-0.500/0.500)
Auto.Battery_Info: Voltage=12.25V (10.25V)
Auto.printPidInfo_Info: encoderXPidCtrl: Target=  16.9, Input=  16.9, Error=  -0.0, PIDTerms=-0.004/ 0.000/-0.001/ 0.000, Output=-0.005(-1.000/1.000)
Auto.printPidInfo_Info: encoderYPidCtrl: Target=  23.2, Input=  27.8, Error=  -4.5, PIDTerms=-0.091/ 0.000/ 0.005/ 0.000, Output=-0.085(-1.000/1.000)
Auto.printPidInfo_Info: gyroPidCtrl: Target=   0.0, Input=   0.2, Error=  -0.2, PIDTerms=-0.004/ 0.000/ 0.000/ 0.000, Output=-0.004(-0.500/0.500)
Auto.Battery_Info: Voltage=12.25V (10.25V)
Auto.printPidInfo_Info: encoderXPidCtrl: Target=  16.9, Input=  16.9, Error=  -0.0, PIDTerms=-0.005/ 0.000/-0.001/ 0.000, Output=-0.006(-1.000/1.000)
Auto.printPidInfo_Info: encoderYPidCtrl: Target=  23.2, Input=  27.5, Error=  -4.3, PIDTerms=-0.086/ 0.000/ 0.004/ 0.000, Output=-0.083(-1.000/1.000)
Auto.printPidInfo_Info: gyroPidCtrl: Target=   0.0, Input=   0.2, Error=  -0.2, PIDTerms=-0.004/ 0.000/ 0.000/ 0.000, Output=-0.004(-0.500/0.500)
Auto.Battery_Info: Voltage=12.25V (10.25V)
Auto.printPidInfo_Info: encoderXPidCtrl: Target=  16.9, Input=  16.9, Error=   0.0, PIDTerms= 0.000/ 0.000/ 0.004/ 0.000, Output= 0.004(-1.000/1.000)
Auto.printPidInfo_Info: encoderYPidCtrl: Target=  23.2, Input=  27.4, Error=  -4.2, PIDTerms=-0.084/ 0.000/ 0.003/ 0.000, Output=-0.081(-1.000/1.000)
Auto.printPidInfo_Info: gyroPidCtrl: Target=   0.0, Input=   0.2, Error=  -0.2, PIDTerms=-0.004/ 0.000/ 0.000/ 0.000, Output=-0.003(-0.500/0.500)
Auto.Robot_Info: [14.563]              DONE: xPos= 16.90/  0.00,yPos= 27.37/ -6.50,heading=   0.2/   0.0,volt=12.27V(10.25V)
