Auto.FtcAuto_Info: Sun Dec 03 00:45:44 PST 2017: ***** Starting autonomous *****
Auto.Robot_Info: ***** [0.096] *****  DEPLOY_JEWEL_ARM: xPos=  0.00/  0.00,yPos=  0.00/  0.00,heading=   0.1/   0.0,volt=12.88V(12.86V)
Auto.WHACK_JEWEL_Info: VuMark: UNKNOWN
Auto.WHACK_JEWEL_Info: 0: Color=NO, HSV=[120.000000/0.093750/0.376471]
Auto.Robot_Info: ***** [0.688] *****       WHACK_JEWEL: xPos=  0.00/  0.00,yPos=  0.00/  0.00,heading=   0.1/   0.0,volt=12.87V(12.85V)
Auto.WHACK_JEWEL_Info: VuMark: UNKNOWN
Auto.WHACK_JEWEL_Info: 1: Color=BLUE, HSV=[150.000000/0.193548/0.364706]
Auto.Robot_Info: ***** [0.865] *****       WHACK_JEWEL: xPos=  0.00/  0.00,yPos=  0.00/  0.00,heading=   0.1/   0.0,volt=12.88V(12.84V)
Auto.Robot_Info: ***** [1.455] ***** MOVE_JEWEL_ARM_UP: xPos=  0.00/  0.00,yPos=  0.00/  0.00,heading=   0.1/   0.0,volt=12.90V(12.79V)
Auto.Robot_Info: ***** [1.862] *****   RESET_JEWEL_ARM: xPos=  0.00/  0.00,yPos=  0.00/  0.00,heading=   0.1/   0.0,volt=12.87V(12.79V)
Auto.DO_DELAY_Info: Delay=0
Auto.Robot_Info: ***** [2.271] *****          DO_DELAY: xPos=  0.00/  0.00,yPos=  0.00/  0.00,heading=   0.1/   0.0,volt=12.87V(12.79V)
Auto.Robot_Info: ***** [2.427] *****   GRAB_LIFT_GLYPH: xPos=  0.00/  0.00,yPos=  0.00/  0.00,heading=   0.1/   0.0,volt=12.90V(12.79V)
Auto.Robot_Info: ***** [4.604] ***** DRIVE_OFF_PLATFORM: xPos=  0.00/  0.00,yPos=  0.00/  0.00,heading=   0.1/   0.0,volt=12.17V(12.39V)
Auto.Robot_Info: ***** [5.472] *****     DRIVE_TO_WALL: xPos= -3.41/  0.00,yPos=-13.37/  0.00,heading=  -2.4/   0.0,volt=12.72V(12.23V)
Auto.Robot_Info: ***** [5.628] ***** TURN_TO_CRYPTOBOX: xPos= -4.24/  0.00,yPos=-17.46/  0.00,heading=  -2.1/ -90.0,volt=12.78V(12.23V)
Auto.Battery_Info: Voltage=12.76V (12.23V)
Auto.printPidInfo_Info: encoderXPidCtrl: Target=  -4.2, Input=   0.0, Error=   0.0, PIDTerms= 0.000/ 0.000/ 0.000/ 0.000, Output= 0.000(-1.000/1.000)
Auto.printPidInfo_Info: encoderYPidCtrl: Target= -17.5, Input=   0.0, Error=   0.0, PIDTerms= 0.000/ 0.000/ 0.000/ 0.000, Output= 0.000(-1.000/1.000)
Auto.printPidInfo_Info: gyroPidCtrl: Target= -90.0, Input=   0.0, Error= -87.9, PIDTerms= 0.000/ 0.000/ 0.000/ 0.000, Output= 0.000(-0.500/0.500)
Auto.Battery_Info: Voltage=12.20V (12.19V)
Auto.printPidInfo_Info: encoderXPidCtrl: Target=  -4.2, Input=   0.0, Error=   0.0, PIDTerms= 0.000/ 0.000/ 0.000/ 0.000, Output= 0.000(-1.000/1.000)
Auto.printPidInfo_Info: encoderYPidCtrl: Target= -17.5, Input=   0.0, Error=   0.0, PIDTerms= 0.000/ 0.000/ 0.000/ 0.000, Output= 0.000(-1.000/1.000)
Auto.printPidInfo_Info: gyroPidCtrl: Target= -90.0, Input=  -2.1, Error= -87.9, PIDTerms=-1.583/ 0.000/ 0.000/-0.000, Output=-0.500(-0.500/0.500)
Auto.Battery_Info: Voltage=12.28V (12.19V)
Auto.printPidInfo_Info: encoderXPidCtrl: Target=  -4.2, Input=   0.0, Error=   0.0, PIDTerms= 0.000/ 0.000/ 0.000/ 0.000, Output= 0.000(-1.000/1.000)
Auto.printPidInfo_Info: encoderYPidCtrl: Target= -17.5, Input=   0.0, Error=   0.0, PIDTerms= 0.000/ 0.000/ 0.000/ 0.000, Output= 0.000(-1.000/1.000)
Auto.printPidInfo_Info: gyroPidCtrl: Target= -90.0, Input=  -2.0, Error= -88.0, PIDTerms=-1.584/ 0.000/-0.001/-0.000, Output=-0.500(-0.500/0.500)
Auto.Battery_Info: Voltage=12.30V (12.19V)
Auto.printPidInfo_Info: encoderXPidCtrl: Target=  -4.2, Input=   0.0, Error=   0.0, PIDTerms= 0.000/ 0.000/ 0.000/ 0.000, Output= 0.000(-1.000/1.000)
Auto.printPidInfo_Info: encoderYPidCtrl: Target= -17.5, Input=   0.0, Error=   0.0, PIDTerms= 0.000/ 0.000/ 0.000/ 0.000, Output= 0.000(-1.000/1.000)
Auto.printPidInfo_Info: gyroPidCtrl: Target= -90.0, Input=  -4.0, Error= -86.0, PIDTerms=-1.548/ 0.000/ 0.030/-0.000, Output=-0.500(-0.500/0.500)
Auto.Battery_Info: Voltage=12.26V (12.19V)
Auto.printPidInfo_Info: encoderXPidCtrl: Target=  -4.2, Input=   0.0, Error=   0.0, PIDTerms= 0.000/ 0.000/ 0.000/ 0.000, Output= 0.000(-1.000/1.000)
Auto.printPidInfo_Info: encoderYPidCtrl: Target= -17.5, Input=   0.0, Error=   0.0, PIDTerms= 0.000/ 0.000/ 0.000/ 0.000, Output= 0.000(-1.000/1.000)
Auto.printPidInfo_Info: gyroPidCtrl: Target= -90.0, Input= -12.4, Error= -77.6, PIDTerms=-1.397/ 0.000/ 0.123/-0.000, Output=-0.500(-0.500/0.500)
Auto.Battery_Info: Voltage=12.29V (12.19V)
Auto.printPidInfo_Info: encoderXPidCtrl: Target=  -4.2, Input=   0.0, Error=   0.0, PIDTerms= 0.000/ 0.000/ 0.000/ 0.000, Output= 0.000(-1.000/1.000)
Auto.printPidInfo_Info: encoderYPidCtrl: Target= -17.5, Input=   0.0, Error=   0.0, PIDTerms= 0.000/ 0.000/ 0.000/ 0.000, Output= 0.000(-1.000/1.000)
Auto.printPidInfo_Info: gyroPidCtrl: Target= -90.0, Input= -22.4, Error= -67.6, PIDTerms=-1.217/ 0.000/ 0.138/-0.000, Output=-0.500(-0.500/0.500)
Auto.Battery_Info: Voltage=12.33V (12.19V)
Auto.printPidInfo_Info: encoderXPidCtrl: Target=  -4.2, Input=   0.0, Error=   0.0, PIDTerms= 0.000/ 0.000/ 0.000/ 0.000, Output= 0.000(-1.000/1.000)
Auto.printPidInfo_Info: encoderYPidCtrl: Target= -17.5, Input=   0.0, Error=   0.0, PIDTerms= 0.000/ 0.000/ 0.000/ 0.000, Output= 0.000(-1.000/1.000)
Auto.printPidInfo_Info: gyroPidCtrl: Target= -90.0, Input= -38.6, Error= -51.4, PIDTerms=-0.925/ 0.000/ 0.260/-0.000, Output=-0.500(-0.500/0.500)
Auto.Battery_Info: Voltage=12.34V (12.19V)
Auto.printPidInfo_Info: encoderXPidCtrl: Target=  -4.2, Input=   0.0, Error=   0.0, PIDTerms= 0.000/ 0.000/ 0.000/ 0.000, Output= 0.000(-1.000/1.000)
Auto.printPidInfo_Info: encoderYPidCtrl: Target= -17.5, Input=   0.0, Error=   0.0, PIDTerms= 0.000/ 0.000/ 0.000/ 0.000, Output= 0.000(-1.000/1.000)
Auto.printPidInfo_Info: gyroPidCtrl: Target= -90.0, Input= -50.1, Error= -39.9, PIDTerms=-0.718/ 0.000/ 0.182/-0.000, Output=-0.500(-0.500/0.500)
Auto.Battery_Info: Voltage=12.55V (12.19V)
Auto.printPidInfo_Info: encoderXPidCtrl: Target=  -4.2, Input=   0.0, Error=   0.0, PIDTerms= 0.000/ 0.000/ 0.000/ 0.000, Output= 0.000(-1.000/1.000)
Auto.printPidInfo_Info: encoderYPidCtrl: Target= -17.5, Input=   0.0, Error=   0.0, PIDTerms= 0.000/ 0.000/ 0.000/ 0.000, Output= 0.000(-1.000/1.000)
Auto.printPidInfo_Info: gyroPidCtrl: Target= -90.0, Input= -61.6, Error= -28.4, PIDTerms=-0.512/ 0.000/ 0.209/-0.000, Output=-0.303(-0.500/0.500)
Auto.Battery_Info: Voltage=12.65V (12.19V)
Auto.printPidInfo_Info: encoderXPidCtrl: Target=  -4.2, Input=   0.0, Error=   0.0, PIDTerms= 0.000/ 0.000/ 0.000/ 0.000, Output= 0.000(-1.000/1.000)
Auto.printPidInfo_Info: encoderYPidCtrl: Target= -17.5, Input=   0.0, Error=   0.0, PIDTerms= 0.000/ 0.000/ 0.000/ 0.000, Output= 0.000(-1.000/1.000)
Auto.printPidInfo_Info: gyroPidCtrl: Target= -90.0, Input= -73.5, Error= -16.5, PIDTerms=-0.297/ 0.000/ 0.119/-0.000, Output=-0.177(-0.500/0.500)
Auto.Battery_Info: Voltage=12.51V (12.19V)
Auto.printPidInfo_Info: encoderXPidCtrl: Target=  -4.2, Input=   0.0, Error=   0.0, PIDTerms= 0.000/ 0.000/ 0.000/ 0.000, Output= 0.000(-1.000/1.000)
Auto.printPidInfo_Info: encoderYPidCtrl: Target= -17.5, Input=   0.0, Error=   0.0, PIDTerms= 0.000/ 0.000/ 0.000/ 0.000, Output= 0.000(-1.000/1.000)
Auto.printPidInfo_Info: gyroPidCtrl: Target= -90.0, Input= -91.5, Error=   1.5, PIDTerms= 0.027/ 0.000/ 0.258/-0.000, Output= 0.285(-0.500/0.500)
Auto.Battery_Info: Voltage=12.42V (12.19V)
Auto.printPidInfo_Info: encoderXPidCtrl: Target=  -4.2, Input=   0.0, Error=   0.0, PIDTerms= 0.000/ 0.000/ 0.000/ 0.000, Output= 0.000(-1.000/1.000)
Auto.printPidInfo_Info: encoderYPidCtrl: Target= -17.5, Input=   0.0, Error=   0.0, PIDTerms= 0.000/ 0.000/ 0.000/ 0.000, Output= 0.000(-1.000/1.000)
Auto.printPidInfo_Info: gyroPidCtrl: Target= -90.0, Input=-101.0, Error=  11.0, PIDTerms= 0.198/ 0.000/ 0.152/-0.000, Output= 0.350(-0.500/0.500)
Auto.Battery_Info: Voltage=12.50V (12.19V)
Auto.printPidInfo_Info: encoderXPidCtrl: Target=  -4.2, Input=   0.0, Error=   0.0, PIDTerms= 0.000/ 0.000/ 0.000/ 0.000, Output= 0.000(-1.000/1.000)
Auto.printPidInfo_Info: encoderYPidCtrl: Target= -17.5, Input=   0.0, Error=   0.0, PIDTerms= 0.000/ 0.000/ 0.000/ 0.000, Output= 0.000(-1.000/1.000)
Auto.printPidInfo_Info: gyroPidCtrl: Target= -90.0, Input=-103.7, Error=  13.7, PIDTerms= 0.246/ 0.000/ 0.040/-0.000, Output= 0.286(-0.500/0.500)
Auto.Battery_Info: Voltage=12.70V (12.19V)
Auto.printPidInfo_Info: encoderXPidCtrl: Target=  -4.2, Input=   0.0, Error=   0.0, PIDTerms= 0.000/ 0.000/ 0.000/ 0.000, Output= 0.000(-1.000/1.000)
Auto.printPidInfo_Info: encoderYPidCtrl: Target= -17.5, Input=   0.0, Error=   0.0, PIDTerms= 0.000/ 0.000/ 0.000/ 0.000, Output= 0.000(-1.000/1.000)
Auto.printPidInfo_Info: gyroPidCtrl: Target= -90.0, Input=-100.0, Error=  10.0, PIDTerms= 0.179/ 0.000/-0.038/-0.000, Output= 0.141(-0.500/0.500)
Auto.Battery_Info: Voltage=12.74V (12.19V)
Auto.printPidInfo_Info: encoderXPidCtrl: Target=  -4.2, Input=   0.0, Error=   0.0, PIDTerms= 0.000/ 0.000/ 0.000/ 0.000, Output= 0.000(-1.000/1.000)
Auto.printPidInfo_Info: encoderYPidCtrl: Target= -17.5, Input=   0.0, Error=   0.0, PIDTerms= 0.000/ 0.000/ 0.000/ 0.000, Output= 0.000(-1.000/1.000)
Auto.printPidInfo_Info: gyroPidCtrl: Target= -90.0, Input= -91.1, Error=   1.1, PIDTerms= 0.020/ 0.000/-0.128/-0.000, Output=-0.108(-0.500/0.500)
Auto.Battery_Info: Voltage=12.69V (12.19V)
Auto.printPidInfo_Info: encoderXPidCtrl: Target=  -4.2, Input=   0.0, Error=   0.0, PIDTerms= 0.000/ 0.000/ 0.000/ 0.000, Output= 0.000(-1.000/1.000)
Auto.printPidInfo_Info: encoderYPidCtrl: Target= -17.5, Input=   0.0, Error=   0.0, PIDTerms= 0.000/ 0.000/ 0.000/ 0.000, Output= 0.000(-1.000/1.000)
Auto.printPidInfo_Info: gyroPidCtrl: Target= -90.0, Input= -85.9, Error=  -4.1, PIDTerms=-0.075/ 0.000/-0.084/-0.000, Output=-0.158(-0.500/0.500)
Auto.Battery_Info: Voltage=12.71V (12.19V)
Auto.printPidInfo_Info: encoderXPidCtrl: Target=  -4.2, Input=   0.0, Error=   0.0, PIDTerms= 0.000/ 0.000/ 0.000/ 0.000, Output= 0.000(-1.000/1.000)
Auto.printPidInfo_Info: encoderYPidCtrl: Target= -17.5, Input=   0.0, Error=   0.0, PIDTerms= 0.000/ 0.000/ 0.000/ 0.000, Output= 0.000(-1.000/1.000)
Auto.printPidInfo_Info: gyroPidCtrl: Target= -90.0, Input= -84.9, Error=  -5.1, PIDTerms=-0.092/ 0.000/-0.013/-0.000, Output=-0.105(-0.500/0.500)
Auto.Battery_Info: Voltage=12.74V (12.19V)
Auto.printPidInfo_Info: encoderXPidCtrl: Target=  -4.2, Input=   0.0, Error=   0.0, PIDTerms= 0.000/ 0.000/ 0.000/ 0.000, Output= 0.000(-1.000/1.000)
Auto.printPidInfo_Info: encoderYPidCtrl: Target= -17.5, Input=   0.0, Error=   0.0, PIDTerms= 0.000/ 0.000/ 0.000/ 0.000, Output= 0.000(-1.000/1.000)
Auto.printPidInfo_Info: gyroPidCtrl: Target= -90.0, Input= -85.5, Error=  -4.5, PIDTerms=-0.081/ 0.000/ 0.007/-0.000, Output=-0.074(-0.500/0.500)
Auto.Battery_Info: Voltage=12.77V (12.19V)
Auto.printPidInfo_Info: encoderXPidCtrl: Target=  -4.2, Input=   0.0, Error=   0.0, PIDTerms= 0.000/ 0.000/ 0.000/ 0.000, Output= 0.000(-1.000/1.000)
Auto.printPidInfo_Info: encoderYPidCtrl: Target= -17.5, Input=   0.0, Error=   0.0, PIDTerms= 0.000/ 0.000/ 0.000/ 0.000, Output= 0.000(-1.000/1.000)
Auto.printPidInfo_Info: gyroPidCtrl: Target= -90.0, Input= -86.9, Error=  -3.1, PIDTerms=-0.056/ 0.000/ 0.026/-0.000, Output=-0.030(-0.500/0.500)
Auto.Battery_Info: Voltage=12.76V (12.19V)
Auto.printPidInfo_Info: encoderXPidCtrl: Target=  -4.2, Input=   0.0, Error=   0.0, PIDTerms= 0.000/ 0.000/ 0.000/ 0.000, Output= 0.000(-1.000/1.000)
Auto.printPidInfo_Info: encoderYPidCtrl: Target= -17.5, Input=   0.0, Error=   0.0, PIDTerms= 0.000/ 0.000/ 0.000/ 0.000, Output= 0.000(-1.000/1.000)
Auto.printPidInfo_Info: gyroPidCtrl: Target= -90.0, Input= -86.9, Error=  -3.1, PIDTerms=-0.055/ 0.000/ 0.000/-0.000, Output=-0.055(-0.500/0.500)
Auto.Robot_Info: ***** [8.547] *****   ALIGN_CRYPTOBOX: xPos= -5.05/-11.50,yPos=-18.39/  0.00,heading= -86.9/ -90.0,volt=12.80V(12.19V)
Auto.Battery_Info: Voltage=12.80V (12.19V)
Auto.printPidInfo_Info: encoderXPidCtrl: Target= -16.6, Input=   0.0, Error= -11.5, PIDTerms= 0.000/ 0.000/ 0.000/ 0.000, Output= 0.000(-1.000/1.000)
Auto.printPidInfo_Info: encoderYPidCtrl: Target= -18.4, Input=   0.0, Error=   0.0, PIDTerms= 0.000/ 0.000/ 0.000/ 0.000, Output= 0.000(-1.000/1.000)
Auto.printPidInfo_Info: gyroPidCtrl: Target= -90.0, Input= -86.9, Error=  -3.1, PIDTerms=-0.055/ 0.000/-0.000/-0.000, Output= 0.000(-0.500/0.500)
Auto.Battery_Info: Voltage=11.06V (11.06V)
Auto.printPidInfo_Info: encoderXPidCtrl: Target= -16.6, Input=  -5.1, Error= -11.5, PIDTerms=-1.725/ 0.000/ 0.000/-0.000, Output=-1.000(-1.000/1.000)
Auto.printPidInfo_Info: encoderYPidCtrl: Target= -18.4, Input= -18.4, Error=   0.0, PIDTerms= 0.000/ 0.000/ 0.000/-0.000, Output= 0.000(-1.000/1.000)
Auto.printPidInfo_Info: gyroPidCtrl: Target= -90.0, Input= -86.9, Error=  -3.1, PIDTerms=-0.056/ 0.000/ 0.000/-0.000, Output=-0.056(-0.500/0.500)
Auto.Battery_Info: Voltage=11.30V (11.06V)
Auto.printPidInfo_Info: encoderXPidCtrl: Target= -16.6, Input=  -5.2, Error= -11.3, PIDTerms=-1.697/ 0.000/ 0.017/-0.000, Output=-1.000(-1.000/1.000)
Auto.printPidInfo_Info: encoderYPidCtrl: Target= -18.4, Input= -18.4, Error=   0.0, PIDTerms= 0.000/ 0.000/ 0.000/-0.000, Output= 0.001(-1.000/1.000)
Auto.printPidInfo_Info: gyroPidCtrl: Target= -90.0, Input= -86.9, Error=  -3.1, PIDTerms=-0.056/ 0.000/-0.000/-0.000, Output=-0.057(-0.500/0.500)
Auto.Battery_Info: Voltage=11.89V (11.06V)
Auto.printPidInfo_Info: encoderXPidCtrl: Target= -16.6, Input=  -9.0, Error=  -7.5, PIDTerms=-1.126/ 0.000/ 0.390/-0.000, Output=-0.736(-1.000/1.000)
Auto.printPidInfo_Info: encoderYPidCtrl: Target= -18.4, Input= -18.5, Error=   0.1, PIDTerms= 0.002/ 0.000/ 0.001/-0.000, Output= 0.003(-1.000/1.000)
Auto.printPidInfo_Info: gyroPidCtrl: Target= -90.0, Input= -88.6, Error=  -1.4, PIDTerms=-0.026/ 0.000/ 0.023/-0.000, Output=-0.002(-0.500/0.500)
Auto.Battery_Info: Voltage=12.44V (11.06V)
Auto.printPidInfo_Info: encoderXPidCtrl: Target= -16.6, Input= -12.0, Error=  -4.5, PIDTerms=-0.679/ 0.000/ 0.343/-0.000, Output=-0.336(-1.000/1.000)
Auto.printPidInfo_Info: encoderYPidCtrl: Target= -18.4, Input= -18.6, Error=   0.2, PIDTerms= 0.004/ 0.000/ 0.001/-0.000, Output= 0.005(-1.000/1.000)
Auto.printPidInfo_Info: gyroPidCtrl: Target= -90.0, Input= -90.6, Error=   0.6, PIDTerms= 0.011/ 0.000/ 0.031/-0.000, Output= 0.042(-0.500/0.500)
Auto.Battery_Info: Voltage=12.72V (11.06V)
Auto.printPidInfo_Info: encoderXPidCtrl: Target= -16.6, Input= -15.1, Error=  -1.5, PIDTerms=-0.218/ 0.000/ 0.265/-0.000, Output= 0.047(-1.000/1.000)
Auto.printPidInfo_Info: encoderYPidCtrl: Target= -18.4, Input= -18.6, Error=   0.2, PIDTerms= 0.004/ 0.000/-0.000/-0.000, Output= 0.004(-1.000/1.000)
Auto.printPidInfo_Info: gyroPidCtrl: Target= -90.0, Input= -90.7, Error=   0.7, PIDTerms= 0.013/ 0.000/ 0.001/-0.000, Output= 0.015(-0.500/0.500)
Auto.Robot_Info: ***** [9.453] *****    SET_DOWN_GLYPH: xPos=-16.99/-11.50,yPos=-18.60/  0.00,heading= -87.6/ -90.0,volt=12.76V(11.06V)
Auto.Robot_Info: ***** [11.545] *****     RELEASE_GLYPH: xPos=-16.99/-11.50,yPos=-18.60/  0.00,heading= -86.6/ -90.0,volt=12.80V(11.06V)
Auto.Robot_Info: ***** [12.069] *****      PUSH_FORWARD: xPos=-16.99/  0.00,yPos=-18.60/ 15.00,heading= -86.5/ -90.0,volt=12.82V(11.06V)
Auto.Battery_Info: Voltage=12.82V (11.06V)
Auto.printPidInfo_Info: encoderXPidCtrl: Target= -17.0, Input= -17.0, Error=   0.0, PIDTerms= 0.070/ 0.000/ 0.207/-0.000, Output= 0.000(-1.000/1.000)
Auto.printPidInfo_Info: encoderYPidCtrl: Target=  -3.6, Input= -18.7, Error=  15.0, PIDTerms= 0.005/ 0.000/ 0.002/-0.000, Output= 0.000(-1.000/1.000)
Auto.printPidInfo_Info: gyroPidCtrl: Target= -90.0, Input= -89.5, Error=  -3.5, PIDTerms=-0.009/ 0.000/-0.018/-0.000, Output= 0.000(-0.500/0.500)
Auto.Battery_Info: Voltage=12.47V (11.06V)
Auto.printPidInfo_Info: encoderXPidCtrl: Target= -17.0, Input= -17.0, Error=   0.0, PIDTerms= 0.000/ 0.000/ 0.000/-0.000, Output= 0.000(-1.000/1.000)
Auto.printPidInfo_Info: encoderYPidCtrl: Target=  -3.6, Input= -18.6, Error=  15.0, PIDTerms= 0.300/ 0.000/ 0.000/-0.000, Output= 0.300(-1.000/1.000)
Auto.printPidInfo_Info: gyroPidCtrl: Target= -90.0, Input= -86.5, Error=  -3.5, PIDTerms=-0.062/ 0.000/ 0.000/-0.000, Output=-0.062(-0.500/0.500)
Auto.Battery_Info: Voltage=12.58V (11.06V)
Auto.printPidInfo_Info: encoderXPidCtrl: Target= -17.0, Input= -17.0, Error=  -0.0, PIDTerms=-0.004/ 0.000/-0.003/-0.000, Output=-0.007(-1.000/1.000)
Auto.printPidInfo_Info: encoderYPidCtrl: Target=  -3.6, Input= -18.3, Error=  14.8, PIDTerms= 0.295/ 0.000/-0.004/-0.000, Output= 0.291(-1.000/1.000)
Auto.printPidInfo_Info: gyroPidCtrl: Target= -90.0, Input= -86.6, Error=  -3.4, PIDTerms=-0.062/ 0.000/ 0.000/-0.000, Output=-0.062(-0.500/0.500)
Auto.Battery_Info: Voltage=12.64V (11.06V)
Auto.printPidInfo_Info: encoderXPidCtrl: Target= -17.0, Input= -17.0, Error=   0.0, PIDTerms= 0.000/ 0.000/ 0.003/-0.000, Output= 0.003(-1.000/1.000)
Auto.printPidInfo_Info: encoderYPidCtrl: Target=  -3.6, Input= -17.2, Error=  13.6, PIDTerms= 0.273/ 0.000/-0.016/-0.000, Output= 0.257(-1.000/1.000)
Auto.printPidInfo_Info: gyroPidCtrl: Target= -90.0, Input= -86.8, Error=  -3.2, PIDTerms=-0.057/ 0.000/ 0.003/-0.000, Output=-0.054(-0.500/0.500)
Auto.Battery_Info: Voltage=12.70V (11.06V)
Auto.printPidInfo_Info: encoderXPidCtrl: Target= -17.0, Input= -17.0, Error=  -0.0, PIDTerms=-0.001/ 0.000/-0.000/-0.000, Output=-0.001(-1.000/1.000)
Auto.printPidInfo_Info: encoderYPidCtrl: Target=  -3.6, Input= -15.5, Error=  11.9, PIDTerms= 0.239/ 0.000/-0.027/-0.000, Output= 0.212(-1.000/1.000)
Auto.printPidInfo_Info: gyroPidCtrl: Target= -90.0, Input= -87.2, Error=  -2.8, PIDTerms=-0.050/ 0.000/ 0.006/-0.000, Output=-0.043(-0.500/0.500)
Auto.Battery_Info: Voltage=12.72V (11.06V)
Auto.printPidInfo_Info: encoderXPidCtrl: Target= -17.0, Input= -17.0, Error=  -0.0, PIDTerms=-0.001/ 0.000/-0.000/-0.000, Output=-0.001(-1.000/1.000)
Auto.printPidInfo_Info: encoderYPidCtrl: Target=  -3.6, Input= -14.1, Error=  10.5, PIDTerms= 0.210/ 0.000/-0.025/-0.000, Output= 0.185(-1.000/1.000)
Auto.printPidInfo_Info: gyroPidCtrl: Target= -90.0, Input= -87.6, Error=  -2.4, PIDTerms=-0.043/ 0.000/ 0.006/-0.000, Output=-0.037(-0.500/0.500)
Auto.Battery_Info: Voltage=12.72V (11.06V)
Auto.printPidInfo_Info: encoderXPidCtrl: Target= -17.0, Input= -17.0, Error=   0.0, PIDTerms= 0.001/ 0.000/ 0.001/-0.000, Output= 0.002(-1.000/1.000)
Auto.printPidInfo_Info: encoderYPidCtrl: Target=  -3.6, Input= -11.9, Error=   8.3, PIDTerms= 0.166/ 0.000/-0.032/-0.000, Output= 0.135(-1.000/1.000)
Auto.printPidInfo_Info: gyroPidCtrl: Target= -90.0, Input= -87.8, Error=  -2.2, PIDTerms=-0.039/ 0.000/ 0.003/-0.000, Output=-0.036(-0.500/0.500)
Auto.Battery_Info: Voltage=12.75V (11.06V)
Auto.printPidInfo_Info: encoderXPidCtrl: Target= -17.0, Input= -17.0, Error=  -0.0, PIDTerms=-0.004/ 0.000/-0.003/-0.000, Output=-0.007(-1.000/1.000)
Auto.printPidInfo_Info: encoderYPidCtrl: Target=  -3.6, Input= -10.4, Error=   6.8, PIDTerms= 0.137/ 0.000/-0.026/-0.000, Output= 0.111(-1.000/1.000)
Auto.printPidInfo_Info: gyroPidCtrl: Target= -90.0, Input= -88.0, Error=  -2.0, PIDTerms=-0.035/ 0.000/ 0.003/-0.000, Output=-0.032(-0.500/0.500)
Auto.Battery_Info: Voltage=12.70V (11.06V)
Auto.printPidInfo_Info: encoderXPidCtrl: Target= -17.0, Input= -16.9, Error=  -0.1, PIDTerms=-0.011/ 0.000/-0.006/-0.000, Output=-0.016(-1.000/1.000)
Auto.printPidInfo_Info: encoderYPidCtrl: Target=  -3.6, Input= -10.3, Error=   6.7, PIDTerms= 0.135/ 0.000/-0.001/-0.000, Output= 0.134(-1.000/1.000)
Auto.printPidInfo_Info: gyroPidCtrl: Target= -90.0, Input= -87.8, Error=  -2.2, PIDTerms=-0.040/ 0.000/-0.004/-0.000, Output=-0.043(-0.500/0.500)
Auto.Battery_Info: Voltage=12.71V (11.06V)
Auto.printPidInfo_Info: encoderXPidCtrl: Target= -17.0, Input= -16.9, Error=  -0.1, PIDTerms=-0.012/ 0.000/-0.001/-0.000, Output=-0.013(-1.000/1.000)
Auto.printPidInfo_Info: encoderYPidCtrl: Target=  -3.6, Input= -10.4, Error=   6.8, PIDTerms= 0.135/ 0.000/ 0.000/-0.000, Output= 0.136(-1.000/1.000)
Auto.printPidInfo_Info: gyroPidCtrl: Target= -90.0, Input= -88.0, Error=  -2.0, PIDTerms=-0.036/ 0.000/ 0.003/-0.000, Output=-0.033(-0.500/0.500)
Auto.Battery_Info: Voltage=12.73V (11.06V)
Auto.printPidInfo_Info: encoderXPidCtrl: Target= -17.0, Input= -16.9, Error=  -0.1, PIDTerms=-0.012/ 0.000/ 0.000/-0.000, Output=-0.012(-1.000/1.000)
Auto.printPidInfo_Info: encoderYPidCtrl: Target=  -3.6, Input= -10.4, Error=   6.8, PIDTerms= 0.135/ 0.000/ 0.000/-0.000, Output= 0.135(-1.000/1.000)
Auto.printPidInfo_Info: gyroPidCtrl: Target= -90.0, Input= -87.9, Error=  -2.1, PIDTerms=-0.037/ 0.000/-0.001/-0.000, Output=-0.038(-0.500/0.500)
Auto.Robot_Info: ***** [13.672] *****          BACK_OFF: xPos=-16.90/  0.00,yPos=-10.38/ -6.50,heading= -87.9/ -90.0,volt=12.84V(11.06V)
Auto.Battery_Info: Voltage=12.85V (11.06V)
Auto.printPidInfo_Info: encoderXPidCtrl: Target= -16.9, Input= -16.9, Error=   0.0, PIDTerms=-0.012/ 0.000/ 0.000/-0.000, Output= 0.000(-1.000/1.000)
Auto.printPidInfo_Info: encoderYPidCtrl: Target= -16.9, Input= -10.4, Error=  -6.5, PIDTerms= 0.135/ 0.000/ 0.000/-0.000, Output= 0.000(-1.000/1.000)
Auto.printPidInfo_Info: gyroPidCtrl: Target= -90.0, Input= -87.9, Error=  -2.1, PIDTerms=-0.037/ 0.000/ 0.000/-0.000, Output= 0.000(-0.500/0.500)
Auto.Battery_Info: Voltage=12.77V (11.06V)
Auto.printPidInfo_Info: encoderXPidCtrl: Target= -16.9, Input= -16.9, Error=   0.0, PIDTerms= 0.000/ 0.000/ 0.000/-0.000, Output= 0.000(-1.000/1.000)
Auto.printPidInfo_Info: encoderYPidCtrl: Target= -16.9, Input= -10.4, Error=  -6.5, PIDTerms=-0.130/ 0.000/-0.000/-0.000, Output=-0.130(-1.000/1.000)
Auto.printPidInfo_Info: gyroPidCtrl: Target= -90.0, Input= -87.9, Error=  -2.1, PIDTerms=-0.037/ 0.000/ 0.000/-0.000, Output=-0.037(-0.500/0.500)
Auto.Battery_Info: Voltage=12.75V (11.06V)
Auto.printPidInfo_Info: encoderXPidCtrl: Target= -16.9, Input= -16.9, Error=   0.0, PIDTerms= 0.003/ 0.000/ 0.002/-0.000, Output= 0.006(-1.000/1.000)
Auto.printPidInfo_Info: encoderYPidCtrl: Target= -16.9, Input= -10.5, Error=  -6.4, PIDTerms=-0.127/ 0.000/ 0.002/-0.000, Output=-0.125(-1.000/1.000)
Auto.printPidInfo_Info: gyroPidCtrl: Target= -90.0, Input= -87.9, Error=  -2.1, PIDTerms=-0.039/ 0.000/-0.001/-0.000, Output=-0.040(-0.500/0.500)
Auto.Battery_Info: Voltage=12.77V (11.06V)
Auto.printPidInfo_Info: encoderXPidCtrl: Target= -16.9, Input= -16.9, Error=  -0.0, PIDTerms=-0.007/ 0.000/-0.006/-0.000, Output=-0.013(-1.000/1.000)
Auto.printPidInfo_Info: encoderYPidCtrl: Target= -16.9, Input= -11.5, Error=  -5.4, PIDTerms=-0.108/ 0.000/ 0.013/-0.000, Output=-0.095(-1.000/1.000)
Auto.printPidInfo_Info: gyroPidCtrl: Target= -90.0, Input= -87.9, Error=  -2.1, PIDTerms=-0.038/ 0.000/ 0.000/-0.000, Output=-0.038(-0.500/0.500)
Auto.Battery_Info: Voltage=12.78V (11.06V)
Auto.printPidInfo_Info: encoderXPidCtrl: Target= -16.9, Input= -16.9, Error=  -0.0, PIDTerms=-0.002/ 0.000/ 0.003/-0.000, Output= 0.001(-1.000/1.000)
Auto.printPidInfo_Info: encoderYPidCtrl: Target= -16.9, Input= -11.9, Error=  -4.9, PIDTerms=-0.099/ 0.000/ 0.007/-0.000, Output=-0.092(-1.000/1.000)
Auto.printPidInfo_Info: gyroPidCtrl: Target= -90.0, Input= -88.3, Error=  -1.7, PIDTerms=-0.031/ 0.000/ 0.005/-0.000, Output=-0.026(-0.500/0.500)
Auto.Battery_Info: Voltage=12.81V (11.06V)
Auto.printPidInfo_Info: encoderXPidCtrl: Target= -16.9, Input= -16.9, Error=   0.0, PIDTerms= 0.006/ 0.000/ 0.006/-0.000, Output= 0.012(-1.000/1.000)
Auto.printPidInfo_Info: encoderYPidCtrl: Target= -16.9, Input= -12.4, Error=  -4.5, PIDTerms=-0.091/ 0.000/ 0.006/-0.000, Output=-0.084(-1.000/1.000)
Auto.printPidInfo_Info: gyroPidCtrl: Target= -90.0, Input= -88.3, Error=  -1.7, PIDTerms=-0.030/ 0.000/ 0.000/-0.000, Output=-0.030(-0.500/0.500)
Auto.Battery_Info: Voltage=12.82V (11.06V)
Auto.printPidInfo_Info: encoderXPidCtrl: Target= -16.9, Input= -16.9, Error=   0.0, PIDTerms= 0.003/ 0.000/-0.002/-0.000, Output= 0.001(-1.000/1.000)
Auto.printPidInfo_Info: encoderYPidCtrl: Target= -16.9, Input= -12.8, Error=  -4.1, PIDTerms=-0.082/ 0.000/ 0.006/-0.000, Output=-0.076(-1.000/1.000)
Auto.printPidInfo_Info: gyroPidCtrl: Target= -90.0, Input= -88.4, Error=  -1.6, PIDTerms=-0.030/ 0.000/ 0.001/-0.000, Output=-0.029(-0.500/0.500)
Auto.Battery_Info: Voltage=12.82V (11.06V)
Auto.printPidInfo_Info: encoderXPidCtrl: Target= -16.9, Input= -16.9, Error=  -0.1, PIDTerms=-0.008/ 0.000/-0.008/-0.000, Output=-0.016(-1.000/1.000)
Auto.printPidInfo_Info: encoderYPidCtrl: Target= -16.9, Input= -13.0, Error=  -3.9, PIDTerms=-0.077/ 0.000/ 0.004/-0.000, Output=-0.073(-1.000/1.000)
Auto.printPidInfo_Info: gyroPidCtrl: Target= -90.0, Input= -88.4, Error=  -1.6, PIDTerms=-0.029/ 0.000/ 0.001/-0.000, Output=-0.028(-0.500/0.500)
Auto.Robot_Info: ***** [14.892] *****              DONE: xPos=-16.90/  0.00,yPos=-13.23/ -6.50,heading= -88.5/ -90.0,volt=12.83V(11.06V)
