Auto.FtcAuto_Info: Sat Dec 02 23:50:35 PST 2017: ***** Starting autonomous *****
Auto.Robot_Info: [0.077]  DEPLOY_JEWEL_ARM: xPos=  0.00/  0.00,yPos=  0.00/  0.00,heading=  -0.0/   0.0,volt=12.32V(12.30V)
Auto.WHACK_JEWEL_Info: VuMark: UNKNOWN
Auto.WHACK_JEWEL_Info: 0: Color=RED, HSV=[5.333333/0.612245/0.576471]
Auto.Robot_Info: [0.661]       WHACK_JEWEL: xPos=  0.00/  0.00,yPos=  0.00/  0.00,heading=  -0.0/   0.0,volt=12.28V(12.28V)
Auto.Robot_Info: [1.249] MOVE_JEWEL_ARM_UP: xPos=  0.00/  0.00,yPos=  0.00/  0.00,heading=  -0.0/   0.0,volt=12.33V(12.28V)
Auto.Robot_Info: [1.699]   RESET_JEWEL_ARM: xPos=  0.00/  0.00,yPos=  0.00/  0.00,heading=  -0.1/   0.0,volt=12.28V(12.27V)
Auto.DO_DELAY_Info: Delay=0
Auto.Robot_Info: [2.050]          DO_DELAY: xPos=  0.00/  0.00,yPos=  0.00/  0.00,heading=  -0.1/   0.0,volt=12.32V(12.27V)
Auto.Robot_Info: [2.157]   GRAB_LIFT_GLYPH: xPos=  0.00/  0.00,yPos=  0.00/  0.00,heading=  -0.1/   0.0,volt=12.32V(12.27V)
Auto.Robot_Info: [4.336] DRIVE_OFF_PLATFORM: xPos=  0.00/  0.00,yPos=  0.00/-22.00,heading=  -0.0/   0.0,volt=12.17V(11.69V)
Auto.Battery_Info: Voltage=12.19V (11.69V)
Auto.printPidInfo_Info: encoderXPidCtrl: Target=   0.0, Input=   0.0, Error=   0.0, PIDTerms= 0.000/ 0.000/ 0.000/ 0.000, Output= 0.000(-1.000/1.000)
Auto.printPidInfo_Info: encoderYPidCtrl: Target= -22.0, Input=   0.0, Error= -22.0, PIDTerms= 0.000/ 0.000/ 0.000/ 0.000, Output= 0.000(-0.500/0.500)
Auto.printPidInfo_Info: gyroPidCtrl: Target=   0.0, Input=   0.0, Error=   0.0, PIDTerms= 0.000/ 0.000/ 0.000/ 0.000, Output= 0.000(-0.500/0.500)
Auto.Battery_Info: Voltage=11.64V (11.64V)
Auto.printPidInfo_Info: encoderXPidCtrl: Target=   0.0, Input=   0.0, Error=   0.0, PIDTerms= 0.000/ 0.000/ 0.000/ 0.000, Output= 0.000(-1.000/1.000)
Auto.printPidInfo_Info: encoderYPidCtrl: Target= -22.0, Input=   0.0, Error= -22.0, PIDTerms=-0.440/ 0.000/ 0.000/-0.000, Output=-0.440(-0.500/0.500)
Auto.printPidInfo_Info: gyroPidCtrl: Target=   0.0, Input=  -0.0, Error=   0.0, PIDTerms= 0.001/ 0.000/ 0.000/ 0.000, Output= 0.001(-0.500/0.500)
Auto.Battery_Info: Voltage=11.72V (11.64V)
Auto.printPidInfo_Info: encoderXPidCtrl: Target=   0.0, Input=  -0.2, Error=   0.2, PIDTerms= 0.031/ 0.000/ 0.014/ 0.000, Output= 0.044(-1.000/1.000)
Auto.printPidInfo_Info: encoderYPidCtrl: Target= -22.0, Input=  -0.5, Error= -21.5, PIDTerms=-0.430/ 0.000/ 0.005/-0.000, Output=-0.425(-0.500/0.500)
Auto.printPidInfo_Info: gyroPidCtrl: Target=   0.0, Input=  -0.0, Error=   0.0, PIDTerms= 0.001/ 0.000/ 0.000/ 0.000, Output= 0.001(-0.500/0.500)
Auto.Battery_Info: Voltage=11.93V (11.64V)
Auto.printPidInfo_Info: encoderXPidCtrl: Target=   0.0, Input=  -0.4, Error=   0.4, PIDTerms= 0.057/ 0.000/ 0.016/ 0.000, Output= 0.073(-1.000/1.000)
Auto.printPidInfo_Info: encoderYPidCtrl: Target= -22.0, Input=  -3.0, Error= -19.0, PIDTerms=-0.381/ 0.000/ 0.032/-0.000, Output=-0.349(-0.500/0.500)
Auto.printPidInfo_Info: gyroPidCtrl: Target=   0.0, Input=  -0.4, Error=   0.4, PIDTerms= 0.007/ 0.000/ 0.004/ 0.000, Output= 0.012(-0.500/0.500)
Auto.Battery_Info: Voltage=12.05V (11.64V)
Auto.printPidInfo_Info: encoderXPidCtrl: Target=   0.0, Input=  -0.3, Error=   0.3, PIDTerms= 0.052/ 0.000/-0.004/ 0.000, Output= 0.049(-1.000/1.000)
Auto.printPidInfo_Info: encoderYPidCtrl: Target= -22.0, Input=  -5.5, Error= -16.5, PIDTerms=-0.330/ 0.000/ 0.036/-0.000, Output=-0.294(-0.500/0.500)
Auto.printPidInfo_Info: gyroPidCtrl: Target=   0.0, Input=  -0.9, Error=   0.9, PIDTerms= 0.016/ 0.000/ 0.006/ 0.000, Output= 0.022(-0.500/0.500)
Auto.Battery_Info: Voltage=12.17V (11.64V)
Auto.printPidInfo_Info: encoderXPidCtrl: Target=   0.0, Input=  -0.0, Error=   0.0, PIDTerms= 0.002/ 0.000/-0.011/ 0.000, Output=-0.010(-1.000/1.000)
Auto.printPidInfo_Info: encoderYPidCtrl: Target= -22.0, Input= -17.3, Error=  -4.7, PIDTerms=-0.094/ 0.000/ 0.058/-0.000, Output=-0.037(-0.500/0.500)
Auto.printPidInfo_Info: gyroPidCtrl: Target=   0.0, Input=  -1.2, Error=   1.2, PIDTerms= 0.022/ 0.000/ 0.001/ 0.000, Output= 0.023(-0.500/0.500)
Auto.Battery_Info: Voltage=12.03V (11.64V)
Auto.printPidInfo_Info: encoderXPidCtrl: Target=   0.0, Input=  -0.0, Error=   0.0, PIDTerms= 0.007/ 0.000/ 0.004/ 0.000, Output= 0.011(-1.000/1.000)
Auto.printPidInfo_Info: encoderYPidCtrl: Target= -22.0, Input= -23.1, Error=   1.1, PIDTerms= 0.022/ 0.000/ 0.086/-0.000, Output= 0.109(-0.500/0.500)
Auto.printPidInfo_Info: gyroPidCtrl: Target=   0.0, Input=   0.8, Error=  -0.8, PIDTerms=-0.014/ 0.000/-0.026/ 0.000, Output=-0.040(-0.500/0.500)
Auto.Battery_Info: Voltage=12.11V (11.64V)
Auto.printPidInfo_Info: encoderXPidCtrl: Target=   0.0, Input=  -0.2, Error=   0.2, PIDTerms= 0.027/ 0.000/ 0.016/ 0.000, Output= 0.043(-1.000/1.000)
Auto.printPidInfo_Info: encoderYPidCtrl: Target= -22.0, Input= -25.6, Error=   3.6, PIDTerms= 0.072/ 0.000/ 0.042/-0.000, Output= 0.114(-0.500/0.500)
Auto.printPidInfo_Info: gyroPidCtrl: Target=   0.0, Input=   0.9, Error=  -0.9, PIDTerms=-0.016/ 0.000/-0.002/ 0.000, Output=-0.018(-0.500/0.500)
Auto.Battery_Info: Voltage=12.15V (11.64V)
Auto.printPidInfo_Info: encoderXPidCtrl: Target=   0.0, Input=  -0.2, Error=   0.2, PIDTerms= 0.025/ 0.000/-0.002/ 0.000, Output= 0.024(-1.000/1.000)
Auto.printPidInfo_Info: encoderYPidCtrl: Target= -22.0, Input= -25.9, Error=   3.9, PIDTerms= 0.079/ 0.000/ 0.006/-0.000, Output= 0.085(-0.500/0.500)
Auto.printPidInfo_Info: gyroPidCtrl: Target=   0.0, Input=   1.1, Error=  -1.1, PIDTerms=-0.019/ 0.000/-0.003/ 0.000, Output=-0.021(-0.500/0.500)
Auto.Battery_Info: Voltage=12.16V (11.64V)
Auto.printPidInfo_Info: encoderXPidCtrl: Target=   0.0, Input=   0.0, Error=  -0.0, PIDTerms=-0.004/ 0.000/-0.014/ 0.000, Output=-0.018(-1.000/1.000)
Auto.printPidInfo_Info: encoderYPidCtrl: Target= -22.0, Input= -25.7, Error=   3.7, PIDTerms= 0.075/ 0.000/-0.002/-0.000, Output= 0.073(-0.500/0.500)
Auto.printPidInfo_Info: gyroPidCtrl: Target=   0.0, Input=   1.4, Error=  -1.4, PIDTerms=-0.024/ 0.000/-0.003/ 0.000, Output=-0.027(-0.500/0.500)
Auto.Battery_Info: Voltage=12.17V (11.64V)
Auto.printPidInfo_Info: encoderXPidCtrl: Target=   0.0, Input=   0.1, Error=  -0.1, PIDTerms=-0.008/ 0.000/-0.003/ 0.000, Output=-0.011(-1.000/1.000)
Auto.printPidInfo_Info: encoderYPidCtrl: Target= -22.0, Input= -25.3, Error=   3.3, PIDTerms= 0.067/ 0.000/-0.006/-0.000, Output= 0.061(-0.500/0.500)
Auto.printPidInfo_Info: gyroPidCtrl: Target=   0.0, Input=   1.3, Error=  -1.3, PIDTerms=-0.024/ 0.000/ 0.000/ 0.000, Output=-0.024(-0.500/0.500)
Auto.Battery_Info: Voltage=12.17V (11.64V)
Auto.printPidInfo_Info: encoderXPidCtrl: Target=   0.0, Input=  -0.1, Error=   0.1, PIDTerms= 0.011/ 0.000/ 0.014/ 0.000, Output= 0.025(-1.000/1.000)
Auto.printPidInfo_Info: encoderYPidCtrl: Target= -22.0, Input= -25.2, Error=   3.2, PIDTerms= 0.064/ 0.000/-0.002/-0.000, Output= 0.061(-0.500/0.500)
Auto.printPidInfo_Info: gyroPidCtrl: Target=   0.0, Input=   1.2, Error=  -1.2, PIDTerms=-0.022/ 0.000/ 0.002/ 0.000, Output=-0.021(-0.500/0.500)
Auto.Robot_Info: [6.541]     DRIVE_TO_WALL: xPos= -0.07/  0.00,yPos=-25.15/-22.00,heading=   1.2/   0.0,volt=12.17V(11.64V)
Auto.Robot_Info: [6.633] TURN_TO_CRYPTOBOX: xPos= -0.08/  0.00,yPos=-25.15/  0.00,heading=   1.2/ 180.0,volt=12.20V(11.64V)
Auto.Battery_Info: Voltage=12.20V (11.64V)
Auto.printPidInfo_Info: encoderXPidCtrl: Target=  -0.1, Input=  -0.1, Error=   0.0, PIDTerms= 0.014/ 0.000/ 0.002/ 0.000, Output= 0.000(-1.000/1.000)
Auto.printPidInfo_Info: encoderYPidCtrl: Target= -25.2, Input= -25.2, Error=   0.0, PIDTerms= 0.063/ 0.000/-0.000/-0.000, Output= 0.000(-1.000/1.000)
Auto.printPidInfo_Info: gyroPidCtrl: Target= 180.0, Input=   1.2, Error= 178.8, PIDTerms=-0.021/ 0.000/ 0.001/ 0.000, Output= 0.000(-0.500/0.500)
Auto.Battery_Info: Voltage=11.43V (11.47V)
Auto.printPidInfo_Info: encoderXPidCtrl: Target=  -0.1, Input=  -0.1, Error=   0.0, PIDTerms= 0.014/ 0.000/ 0.002/ 0.000, Output= 0.000(-1.000/1.000)
Auto.printPidInfo_Info: encoderYPidCtrl: Target= -25.2, Input= -25.2, Error=   0.0, PIDTerms= 0.063/ 0.000/-0.000/-0.000, Output= 0.000(-1.000/1.000)
Auto.printPidInfo_Info: gyroPidCtrl: Target= 180.0, Input=   1.2, Error= 178.8, PIDTerms= 3.219/ 0.000/ 0.000/ 0.000, Output= 0.500(-0.500/0.500)
Auto.Battery_Info: Voltage=11.59V (11.47V)
Auto.printPidInfo_Info: encoderXPidCtrl: Target=  -0.1, Input=  -0.1, Error=   0.0, PIDTerms= 0.014/ 0.000/ 0.002/ 0.000, Output= 0.000(-1.000/1.000)
Auto.printPidInfo_Info: encoderYPidCtrl: Target= -25.2, Input= -25.2, Error=   0.0, PIDTerms= 0.063/ 0.000/-0.000/-0.000, Output= 0.000(-1.000/1.000)
Auto.printPidInfo_Info: gyroPidCtrl: Target= 180.0, Input=   1.2, Error= 178.8, PIDTerms= 3.219/ 0.000/ 0.000/ 0.000, Output= 0.500(-0.500/0.500)
Auto.Battery_Info: Voltage=11.65V (11.47V)
Auto.printPidInfo_Info: encoderXPidCtrl: Target=  -0.1, Input=  -0.1, Error=   0.0, PIDTerms= 0.014/ 0.000/ 0.002/ 0.000, Output= 0.000(-1.000/1.000)
Auto.printPidInfo_Info: encoderYPidCtrl: Target= -25.2, Input= -25.2, Error=   0.0, PIDTerms= 0.063/ 0.000/-0.000/-0.000, Output= 0.000(-1.000/1.000)
Auto.printPidInfo_Info: gyroPidCtrl: Target= 180.0, Input=   1.5, Error= 178.5, PIDTerms= 3.213/ 0.000/-0.006/ 0.000, Output= 0.500(-0.500/0.500)
Auto.Battery_Info: Voltage=11.66V (11.47V)
Auto.printPidInfo_Info: encoderXPidCtrl: Target=  -0.1, Input=  -0.1, Error=   0.0, PIDTerms= 0.014/ 0.000/ 0.002/ 0.000, Output= 0.000(-1.000/1.000)
Auto.printPidInfo_Info: encoderYPidCtrl: Target= -25.2, Input= -25.2, Error=   0.0, PIDTerms= 0.063/ 0.000/-0.000/-0.000, Output= 0.000(-1.000/1.000)
Auto.printPidInfo_Info: gyroPidCtrl: Target= 180.0, Input=   5.6, Error= 174.4, PIDTerms= 3.140/ 0.000/-0.063/ 0.000, Output= 0.500(-0.500/0.500)
Auto.Battery_Info: Voltage=11.63V (11.47V)
Auto.printPidInfo_Info: encoderXPidCtrl: Target=  -0.1, Input=  -0.1, Error=   0.0, PIDTerms= 0.014/ 0.000/ 0.002/ 0.000, Output= 0.000(-1.000/1.000)
Auto.printPidInfo_Info: encoderYPidCtrl: Target= -25.2, Input= -25.2, Error=   0.0, PIDTerms= 0.063/ 0.000/-0.000/-0.000, Output= 0.000(-1.000/1.000)
Auto.printPidInfo_Info: gyroPidCtrl: Target= 180.0, Input=  15.1, Error= 164.9, PIDTerms= 2.969/ 0.000/-0.131/ 0.000, Output= 0.500(-0.500/0.500)
Auto.Battery_Info: Voltage=11.63V (11.47V)
Auto.printPidInfo_Info: encoderXPidCtrl: Target=  -0.1, Input=  -0.1, Error=   0.0, PIDTerms= 0.014/ 0.000/ 0.002/ 0.000, Output= 0.000(-1.000/1.000)
Auto.printPidInfo_Info: encoderYPidCtrl: Target= -25.2, Input= -25.2, Error=   0.0, PIDTerms= 0.063/ 0.000/-0.000/-0.000, Output= 0.000(-1.000/1.000)
Auto.printPidInfo_Info: gyroPidCtrl: Target= 180.0, Input=  26.4, Error= 153.6, PIDTerms= 2.765/ 0.000/-0.176/ 0.000, Output= 0.500(-0.500/0.500)
Auto.Battery_Info: Voltage=11.65V (11.47V)
Auto.printPidInfo_Info: encoderXPidCtrl: Target=  -0.1, Input=  -0.1, Error=   0.0, PIDTerms= 0.014/ 0.000/ 0.002/ 0.000, Output= 0.000(-1.000/1.000)
Auto.printPidInfo_Info: encoderYPidCtrl: Target= -25.2, Input= -25.2, Error=   0.0, PIDTerms= 0.063/ 0.000/-0.000/-0.000, Output= 0.000(-1.000/1.000)
Auto.printPidInfo_Info: gyroPidCtrl: Target= 180.0, Input=  37.9, Error= 142.1, PIDTerms= 2.558/ 0.000/-0.132/ 0.000, Output= 0.500(-0.500/0.500)
Auto.Battery_Info: Voltage=11.63V (11.47V)
Auto.printPidInfo_Info: encoderXPidCtrl: Target=  -0.1, Input=  -0.1, Error=   0.0, PIDTerms= 0.014/ 0.000/ 0.002/ 0.000, Output= 0.000(-1.000/1.000)
Auto.printPidInfo_Info: encoderYPidCtrl: Target= -25.2, Input= -25.2, Error=   0.0, PIDTerms= 0.063/ 0.000/-0.000/-0.000, Output= 0.000(-1.000/1.000)
Auto.printPidInfo_Info: gyroPidCtrl: Target= 180.0, Input=  50.3, Error= 129.7, PIDTerms= 2.335/ 0.000/-0.176/ 0.000, Output= 0.500(-0.500/0.500)
Auto.Battery_Info: Voltage=11.62V (11.47V)
Auto.printPidInfo_Info: encoderXPidCtrl: Target=  -0.1, Input=  -0.1, Error=   0.0, PIDTerms= 0.014/ 0.000/ 0.002/ 0.000, Output= 0.000(-1.000/1.000)
Auto.printPidInfo_Info: encoderYPidCtrl: Target= -25.2, Input= -25.2, Error=   0.0, PIDTerms= 0.063/ 0.000/-0.000/-0.000, Output= 0.000(-1.000/1.000)
Auto.printPidInfo_Info: gyroPidCtrl: Target= 180.0, Input=  62.9, Error= 117.1, PIDTerms= 2.107/ 0.000/-0.181/ 0.000, Output= 0.500(-0.500/0.500)
Auto.Battery_Info: Voltage=11.64V (11.47V)
Auto.printPidInfo_Info: encoderXPidCtrl: Target=  -0.1, Input=  -0.1, Error=   0.0, PIDTerms= 0.014/ 0.000/ 0.002/ 0.000, Output= 0.000(-1.000/1.000)
Auto.printPidInfo_Info: encoderYPidCtrl: Target= -25.2, Input= -25.2, Error=   0.0, PIDTerms= 0.063/ 0.000/-0.000/-0.000, Output= 0.000(-1.000/1.000)
Auto.printPidInfo_Info: gyroPidCtrl: Target= 180.0, Input=  75.7, Error= 104.3, PIDTerms= 1.878/ 0.000/-0.178/ 0.000, Output= 0.500(-0.500/0.500)
Auto.Battery_Info: Voltage=11.66V (11.47V)
Auto.printPidInfo_Info: encoderXPidCtrl: Target=  -0.1, Input=  -0.1, Error=   0.0, PIDTerms= 0.014/ 0.000/ 0.002/ 0.000, Output= 0.000(-1.000/1.000)
Auto.printPidInfo_Info: encoderYPidCtrl: Target= -25.2, Input= -25.2, Error=   0.0, PIDTerms= 0.063/ 0.000/-0.000/-0.000, Output= 0.000(-1.000/1.000)
Auto.printPidInfo_Info: gyroPidCtrl: Target= 180.0, Input=  85.9, Error=  94.1, PIDTerms= 1.694/ 0.000/-0.194/ 0.000, Output= 0.500(-0.500/0.500)
Auto.Battery_Info: Voltage=11.67V (11.47V)
Auto.printPidInfo_Info: encoderXPidCtrl: Target=  -0.1, Input=  -0.1, Error=   0.0, PIDTerms= 0.014/ 0.000/ 0.002/ 0.000, Output= 0.000(-1.000/1.000)
Auto.printPidInfo_Info: encoderYPidCtrl: Target= -25.2, Input= -25.2, Error=   0.0, PIDTerms= 0.063/ 0.000/-0.000/-0.000, Output= 0.000(-1.000/1.000)
Auto.printPidInfo_Info: gyroPidCtrl: Target= 180.0, Input=  96.3, Error=  83.7, PIDTerms= 1.506/ 0.000/-0.179/ 0.000, Output= 0.500(-0.500/0.500)
Auto.Battery_Info: Voltage=11.62V (11.47V)
Auto.printPidInfo_Info: encoderXPidCtrl: Target=  -0.1, Input=  -0.1, Error=   0.0, PIDTerms= 0.014/ 0.000/ 0.002/ 0.000, Output= 0.000(-1.000/1.000)
Auto.printPidInfo_Info: encoderYPidCtrl: Target= -25.2, Input= -25.2, Error=   0.0, PIDTerms= 0.063/ 0.000/-0.000/-0.000, Output= 0.000(-1.000/1.000)
Auto.printPidInfo_Info: gyroPidCtrl: Target= 180.0, Input= 106.8, Error=  73.2, PIDTerms= 1.317/ 0.000/-0.174/ 0.000, Output= 0.500(-0.500/0.500)
Auto.Battery_Info: Voltage=11.60V (11.47V)
Auto.printPidInfo_Info: encoderXPidCtrl: Target=  -0.1, Input=  -0.1, Error=   0.0, PIDTerms= 0.014/ 0.000/ 0.002/ 0.000, Output= 0.000(-1.000/1.000)
Auto.printPidInfo_Info: encoderYPidCtrl: Target= -25.2, Input= -25.2, Error=   0.0, PIDTerms= 0.063/ 0.000/-0.000/-0.000, Output= 0.000(-1.000/1.000)
Auto.printPidInfo_Info: gyroPidCtrl: Target= 180.0, Input= 116.4, Error=  63.6, PIDTerms= 1.144/ 0.000/-0.170/ 0.000, Output= 0.500(-0.500/0.500)
Auto.Battery_Info: Voltage=11.62V (11.47V)
Auto.printPidInfo_Info: encoderXPidCtrl: Target=  -0.1, Input=  -0.1, Error=   0.0, PIDTerms= 0.014/ 0.000/ 0.002/ 0.000, Output= 0.000(-1.000/1.000)
Auto.printPidInfo_Info: encoderYPidCtrl: Target= -25.2, Input= -25.2, Error=   0.0, PIDTerms= 0.063/ 0.000/-0.000/-0.000, Output= 0.000(-1.000/1.000)
Auto.printPidInfo_Info: gyroPidCtrl: Target= 180.0, Input= 127.5, Error=  52.5, PIDTerms= 0.944/ 0.000/-0.139/ 0.000, Output= 0.500(-0.500/0.500)
Auto.Battery_Info: Voltage=11.64V (11.47V)
Auto.printPidInfo_Info: encoderXPidCtrl: Target=  -0.1, Input=  -0.1, Error=   0.0, PIDTerms= 0.014/ 0.000/ 0.002/ 0.000, Output= 0.000(-1.000/1.000)
Auto.printPidInfo_Info: encoderYPidCtrl: Target= -25.2, Input= -25.2, Error=   0.0, PIDTerms= 0.063/ 0.000/-0.000/-0.000, Output= 0.000(-1.000/1.000)
Auto.printPidInfo_Info: gyroPidCtrl: Target= 180.0, Input= 138.3, Error=  41.7, PIDTerms= 0.750/ 0.000/-0.154/ 0.000, Output= 0.500(-0.500/0.500)
Auto.Battery_Info: Voltage=11.89V (11.47V)
Auto.printPidInfo_Info: encoderXPidCtrl: Target=  -0.1, Input=  -0.1, Error=   0.0, PIDTerms= 0.014/ 0.000/ 0.002/ 0.000, Output= 0.000(-1.000/1.000)
Auto.printPidInfo_Info: encoderYPidCtrl: Target= -25.2, Input= -25.2, Error=   0.0, PIDTerms= 0.063/ 0.000/-0.000/-0.000, Output= 0.000(-1.000/1.000)
Auto.printPidInfo_Info: gyroPidCtrl: Target= 180.0, Input= 151.0, Error=  29.0, PIDTerms= 0.521/ 0.000/-0.236/ 0.000, Output= 0.285(-0.500/0.500)
Auto.Battery_Info: Voltage=12.02V (11.47V)
Auto.printPidInfo_Info: encoderXPidCtrl: Target=  -0.1, Input=  -0.1, Error=   0.0, PIDTerms= 0.014/ 0.000/ 0.002/ 0.000, Output= 0.000(-1.000/1.000)
Auto.printPidInfo_Info: encoderYPidCtrl: Target= -25.2, Input= -25.2, Error=   0.0, PIDTerms= 0.063/ 0.000/-0.000/-0.000, Output= 0.000(-1.000/1.000)
Auto.printPidInfo_Info: gyroPidCtrl: Target= 180.0, Input= 161.5, Error=  18.5, PIDTerms= 0.333/ 0.000/-0.146/ 0.000, Output= 0.187(-0.500/0.500)
Auto.Battery_Info: Voltage=12.16V (11.47V)
Auto.printPidInfo_Info: encoderXPidCtrl: Target=  -0.1, Input=  -0.1, Error=   0.0, PIDTerms= 0.014/ 0.000/ 0.002/ 0.000, Output= 0.000(-1.000/1.000)
Auto.printPidInfo_Info: encoderYPidCtrl: Target= -25.2, Input= -25.2, Error=   0.0, PIDTerms= 0.063/ 0.000/-0.000/-0.000, Output= 0.000(-1.000/1.000)
Auto.printPidInfo_Info: gyroPidCtrl: Target= 180.0, Input= 173.3, Error=   6.7, PIDTerms= 0.120/ 0.000/-0.178/ 0.000, Output=-0.058(-0.500/0.500)
Auto.Battery_Info: Voltage=12.13V (11.47V)
Auto.printPidInfo_Info: encoderXPidCtrl: Target=  -0.1, Input=  -0.1, Error=   0.0, PIDTerms= 0.014/ 0.000/ 0.002/ 0.000, Output= 0.000(-1.000/1.000)
Auto.printPidInfo_Info: encoderYPidCtrl: Target= -25.2, Input= -25.2, Error=   0.0, PIDTerms= 0.063/ 0.000/-0.000/-0.000, Output= 0.000(-1.000/1.000)
Auto.printPidInfo_Info: gyroPidCtrl: Target= 180.0, Input= 180.7, Error=  -0.7, PIDTerms=-0.013/ 0.000/-0.085/ 0.000, Output=-0.098(-0.500/0.500)
Auto.Battery_Info: Voltage=12.09V (11.47V)
Auto.printPidInfo_Info: encoderXPidCtrl: Target=  -0.1, Input=  -0.1, Error=   0.0, PIDTerms= 0.014/ 0.000/ 0.002/ 0.000, Output= 0.000(-1.000/1.000)
Auto.printPidInfo_Info: encoderYPidCtrl: Target= -25.2, Input= -25.2, Error=   0.0, PIDTerms= 0.063/ 0.000/-0.000/-0.000, Output= 0.000(-1.000/1.000)
Auto.printPidInfo_Info: gyroPidCtrl: Target= 180.0, Input= 183.4, Error=  -3.4, PIDTerms=-0.061/ 0.000/-0.037/ 0.000, Output=-0.098(-0.500/0.500)
Auto.Battery_Info: Voltage=12.13V (11.47V)
Auto.printPidInfo_Info: encoderXPidCtrl: Target=  -0.1, Input=  -0.1, Error=   0.0, PIDTerms= 0.014/ 0.000/ 0.002/ 0.000, Output= 0.000(-1.000/1.000)
Auto.printPidInfo_Info: encoderYPidCtrl: Target= -25.2, Input= -25.2, Error=   0.0, PIDTerms= 0.063/ 0.000/-0.000/-0.000, Output= 0.000(-1.000/1.000)
Auto.printPidInfo_Info: gyroPidCtrl: Target= 180.0, Input= 183.3, Error=  -3.3, PIDTerms=-0.060/ 0.000/ 0.000/ 0.000, Output=-0.060(-0.500/0.500)
Auto.Robot_Info: [9.907]   ALIGN_CRYPTOBOX: xPos=  2.96/ -4.00,yPos=-25.23/  0.00,heading= 183.1/ 180.0,volt=12.19V(11.47V)
Auto.Battery_Info: Voltage=12.22V (11.47V)
Auto.printPidInfo_Info: encoderXPidCtrl: Target=  -1.0, Input=  -0.1, Error=  -4.0, PIDTerms= 0.014/ 0.000/ 0.002/ 0.000, Output= 0.000(-1.000/1.000)
Auto.printPidInfo_Info: encoderYPidCtrl: Target= -25.2, Input= -25.2, Error=   0.0, PIDTerms= 0.063/ 0.000/-0.000/-0.000, Output= 0.000(-1.000/1.000)
Auto.printPidInfo_Info: gyroPidCtrl: Target= 180.0, Input= 183.1, Error=  -3.1, PIDTerms=-0.056/ 0.000/ 0.002/ 0.000, Output= 0.000(-0.500/0.500)
Auto.Battery_Info: Voltage=10.99V (11.03V)
Auto.printPidInfo_Info: encoderXPidCtrl: Target=  -1.0, Input=   3.0, Error=  -4.0, PIDTerms=-0.600/ 0.000/ 0.000/-0.000, Output=-0.600(-1.000/1.000)
Auto.printPidInfo_Info: encoderYPidCtrl: Target= -25.2, Input= -25.2, Error=   0.0, PIDTerms= 0.000/ 0.000/ 0.000/-0.000, Output= 0.000(-1.000/1.000)
Auto.printPidInfo_Info: gyroPidCtrl: Target= 180.0, Input= 183.1, Error=  -3.1, PIDTerms=-0.055/ 0.000/ 0.000/ 0.000, Output=-0.055(-0.500/0.500)
Auto.Battery_Info: Voltage=11.38V (11.03V)
Auto.printPidInfo_Info: encoderXPidCtrl: Target=  -1.0, Input=   2.6, Error=  -3.6, PIDTerms=-0.547/ 0.000/ 0.031/-0.000, Output=-0.517(-1.000/1.000)
Auto.printPidInfo_Info: encoderYPidCtrl: Target= -25.2, Input= -25.3, Error=   0.1, PIDTerms= 0.001/ 0.000/ 0.001/-0.000, Output= 0.002(-1.000/1.000)
Auto.printPidInfo_Info: gyroPidCtrl: Target= 180.0, Input= 183.1, Error=  -3.1, PIDTerms=-0.056/ 0.000/-0.000/ 0.000, Output=-0.056(-0.500/0.500)
Auto.Battery_Info: Voltage=12.01V (11.03V)
Auto.printPidInfo_Info: encoderXPidCtrl: Target=  -1.0, Input=   1.0, Error=  -2.0, PIDTerms=-0.304/ 0.000/ 0.128/-0.000, Output=-0.176(-1.000/1.000)
Auto.printPidInfo_Info: encoderYPidCtrl: Target= -25.2, Input= -25.3, Error=   0.1, PIDTerms= 0.001/ 0.000/ 0.000/-0.000, Output= 0.001(-1.000/1.000)
Auto.printPidInfo_Info: gyroPidCtrl: Target= 180.0, Input= 181.4, Error=  -1.4, PIDTerms=-0.025/ 0.000/ 0.018/ 0.000, Output=-0.007(-0.500/0.500)
Auto.Battery_Info: Voltage=12.14V (11.03V)
Auto.printPidInfo_Info: encoderXPidCtrl: Target=  -1.0, Input=  -0.6, Error=  -0.4, PIDTerms=-0.063/ 0.000/ 0.147/-0.000, Output= 0.084(-1.000/1.000)
Auto.printPidInfo_Info: encoderYPidCtrl: Target= -25.2, Input= -25.3, Error=   0.0, PIDTerms= 0.001/ 0.000/-0.000/-0.000, Output= 0.001(-1.000/1.000)
Auto.printPidInfo_Info: gyroPidCtrl: Target= 180.0, Input= 180.1, Error=  -0.1, PIDTerms=-0.002/ 0.000/ 0.016/ 0.000, Output= 0.014(-0.500/0.500)
Auto.Robot_Info: [10.757]    SET_DOWN_GLYPH: xPos= -0.62/ -4.00,yPos=-25.26/  0.00,heading= 178.8/ 180.0,volt=12.14V(11.03V)
Auto.Robot_Info: [12.900]     RELEASE_GLYPH: xPos= -0.62/ -4.00,yPos=-25.26/  0.00,heading= 178.9/ 180.0,volt=12.24V(11.03V)
Auto.Robot_Info: [13.483]      PUSH_FORWARD: xPos= -0.62/  0.00,yPos=-25.26/ 15.00,heading= 178.9/ 180.0,volt=12.25V(11.03V)
Auto.Battery_Info: Voltage=12.25V (11.03V)
Auto.printPidInfo_Info: encoderXPidCtrl: Target=  -0.6, Input=  -0.9, Error=   0.0, PIDTerms=-0.016/ 0.000/ 0.029/-0.000, Output= 0.000(-1.000/1.000)
Auto.printPidInfo_Info: encoderYPidCtrl: Target= -10.3, Input= -25.3, Error=  15.0, PIDTerms= 0.001/ 0.000/ 0.000/-0.000, Output= 0.000(-1.000/1.000)
Auto.printPidInfo_Info: gyroPidCtrl: Target= 180.0, Input= 179.1, Error=   1.1, PIDTerms= 0.017/ 0.000/ 0.013/ 0.000, Output= 0.000(-0.500/0.500)
Auto.Battery_Info: Voltage=11.88V (11.03V)
Auto.printPidInfo_Info: encoderXPidCtrl: Target=  -0.6, Input=  -0.6, Error=   0.0, PIDTerms= 0.000/ 0.000/ 0.000/-0.000, Output= 0.000(-1.000/1.000)
Auto.printPidInfo_Info: encoderYPidCtrl: Target= -10.3, Input= -25.3, Error=  15.0, PIDTerms= 0.300/ 0.000/ 0.000/-0.000, Output= 0.300(-1.000/1.000)
Auto.printPidInfo_Info: gyroPidCtrl: Target= 180.0, Input= 178.9, Error=   1.1, PIDTerms= 0.019/ 0.000/ 0.000/ 0.000, Output= 0.019(-0.500/0.500)
Auto.Battery_Info: Voltage=11.94V (11.03V)
Auto.printPidInfo_Info: encoderXPidCtrl: Target=  -0.6, Input=  -0.7, Error=   0.1, PIDTerms= 0.008/ 0.000/ 0.004/-0.000, Output= 0.012(-1.000/1.000)
Auto.printPidInfo_Info: encoderYPidCtrl: Target= -10.3, Input= -25.0, Error=  14.8, PIDTerms= 0.295/ 0.000/-0.003/-0.000, Output= 0.293(-1.000/1.000)
Auto.printPidInfo_Info: gyroPidCtrl: Target= 180.0, Input= 178.9, Error=   1.1, PIDTerms= 0.020/ 0.000/ 0.001/ 0.000, Output= 0.021(-0.500/0.500)
Auto.Battery_Info: Voltage=11.93V (11.03V)
Auto.printPidInfo_Info: encoderXPidCtrl: Target=  -0.6, Input=  -0.6, Error=   0.0, PIDTerms= 0.001/ 0.000/-0.004/-0.000, Output=-0.004(-1.000/1.000)
Auto.printPidInfo_Info: encoderYPidCtrl: Target= -10.3, Input= -24.1, Error=  13.8, PIDTerms= 0.277/ 0.000/-0.012/-0.000, Output= 0.265(-1.000/1.000)
Auto.printPidInfo_Info: gyroPidCtrl: Target= 180.0, Input= 179.3, Error=   0.7, PIDTerms= 0.013/ 0.000/-0.005/ 0.000, Output= 0.009(-0.500/0.500)
Auto.Battery_Info: Voltage=11.90V (11.03V)
Auto.printPidInfo_Info: encoderXPidCtrl: Target=  -0.6, Input=  -0.5, Error=  -0.2, PIDTerms=-0.026/ 0.000/-0.014/-0.000, Output=-0.040(-1.000/1.000)
Auto.printPidInfo_Info: encoderYPidCtrl: Target= -10.3, Input= -22.6, Error=  12.4, PIDTerms= 0.248/ 0.000/-0.017/-0.000, Output= 0.230(-1.000/1.000)
Auto.printPidInfo_Info: gyroPidCtrl: Target= 180.0, Input= 179.4, Error=   0.6, PIDTerms= 0.010/ 0.000/-0.002/ 0.000, Output= 0.008(-0.500/0.500)
Auto.Battery_Info: Voltage=11.91V (11.03V)
Auto.printPidInfo_Info: encoderXPidCtrl: Target=  -0.6, Input=  -0.4, Error=  -0.3, PIDTerms=-0.038/ 0.000/-0.007/-0.000, Output=-0.044(-1.000/1.000)
Auto.printPidInfo_Info: encoderYPidCtrl: Target= -10.3, Input= -22.1, Error=  11.8, PIDTerms= 0.236/ 0.000/-0.007/-0.000, Output= 0.229(-1.000/1.000)
Auto.printPidInfo_Info: gyroPidCtrl: Target= 180.0, Input= 181.6, Error=  -1.6, PIDTerms=-0.028/ 0.000/-0.025/ 0.000, Output=-0.053(-0.500/0.500)
Auto.Battery_Info: Voltage=11.86V (11.03V)
Auto.printPidInfo_Info: encoderXPidCtrl: Target=  -0.6, Input=  -0.4, Error=  -0.2, PIDTerms=-0.037/ 0.000/ 0.000/-0.000, Output=-0.037(-1.000/1.000)
Auto.printPidInfo_Info: encoderYPidCtrl: Target= -10.3, Input= -22.1, Error=  11.8, PIDTerms= 0.236/ 0.000/-0.000/-0.000, Output= 0.236(-1.000/1.000)
Auto.printPidInfo_Info: gyroPidCtrl: Target= 180.0, Input= 181.7, Error=  -1.7, PIDTerms=-0.031/ 0.000/-0.002/ 0.000, Output=-0.032(-0.500/0.500)
Auto.Battery_Info: Voltage=11.83V (11.03V)
Auto.printPidInfo_Info: encoderXPidCtrl: Target=  -0.6, Input=  -0.4, Error=  -0.3, PIDTerms=-0.038/ 0.000/-0.000/-0.000, Output=-0.038(-1.000/1.000)
Auto.printPidInfo_Info: encoderYPidCtrl: Target= -10.3, Input= -22.0, Error=  11.8, PIDTerms= 0.236/ 0.000/-0.000/-0.000, Output= 0.236(-1.000/1.000)
Auto.printPidInfo_Info: gyroPidCtrl: Target= 180.0, Input= 181.7, Error=  -1.7, PIDTerms=-0.031/ 0.000/-0.000/ 0.000, Output=-0.031(-0.500/0.500)
Auto.Battery_Info: Voltage=11.86V (11.03V)
Auto.printPidInfo_Info: encoderXPidCtrl: Target=  -0.6, Input=  -0.4, Error=  -0.3, PIDTerms=-0.038/ 0.000/ 0.000/-0.000, Output=-0.038(-1.000/1.000)
Auto.printPidInfo_Info: encoderYPidCtrl: Target= -10.3, Input= -22.0, Error=  11.8, PIDTerms= 0.236/ 0.000/ 0.000/-0.000, Output= 0.236(-1.000/1.000)
Auto.printPidInfo_Info: gyroPidCtrl: Target= 180.0, Input= 181.7, Error=  -1.7, PIDTerms=-0.031/ 0.000/-0.000/ 0.000, Output=-0.031(-0.500/0.500)
Auto.Robot_Info: [14.898]          BACK_OFF: xPos= -0.37/  0.00,yPos=-22.06/ -6.50,heading= 181.7/ 180.0,volt=12.24V(11.03V)
Auto.Battery_Info: Voltage=12.26V (11.03V)
Auto.printPidInfo_Info: encoderXPidCtrl: Target=  -0.4, Input=  -0.4, Error=   0.0, PIDTerms=-0.038/ 0.000/ 0.000/-0.000, Output= 0.000(-1.000/1.000)
Auto.printPidInfo_Info: encoderYPidCtrl: Target= -28.6, Input= -22.0, Error=  -6.5, PIDTerms= 0.236/ 0.000/ 0.000/-0.000, Output= 0.000(-1.000/1.000)
Auto.printPidInfo_Info: gyroPidCtrl: Target= 180.0, Input= 181.7, Error=  -1.7, PIDTerms=-0.031/ 0.000/-0.000/ 0.000, Output= 0.000(-0.500/0.500)
Auto.Battery_Info: Voltage=12.19V (11.03V)
Auto.printPidInfo_Info: encoderXPidCtrl: Target=  -0.4, Input=  -0.4, Error=   0.0, PIDTerms= 0.000/ 0.000/ 0.000/-0.000, Output= 0.000(-1.000/1.000)
Auto.printPidInfo_Info: encoderYPidCtrl: Target= -28.6, Input= -22.1, Error=  -6.5, PIDTerms=-0.130/ 0.000/ 0.000/-0.000, Output=-0.130(-1.000/1.000)
Auto.printPidInfo_Info: gyroPidCtrl: Target= 180.0, Input= 181.7, Error=  -1.7, PIDTerms=-0.031/ 0.000/ 0.000/ 0.000, Output=-0.031(-0.500/0.500)
Auto.Battery_Info: Voltage=12.19V (11.03V)
Auto.printPidInfo_Info: encoderXPidCtrl: Target=  -0.4, Input=  -0.4, Error=   0.0, PIDTerms= 0.002/ 0.000/ 0.001/-0.000, Output= 0.004(-1.000/1.000)
Auto.printPidInfo_Info: encoderYPidCtrl: Target= -28.6, Input= -22.2, Error=  -6.4, PIDTerms=-0.128/ 0.000/ 0.002/-0.000, Output=-0.126(-1.000/1.000)
Auto.printPidInfo_Info: gyroPidCtrl: Target= 180.0, Input= 181.8, Error=  -1.8, PIDTerms=-0.033/ 0.000/-0.001/ 0.000, Output=-0.034(-0.500/0.500)
Auto.Battery_Info: Voltage=12.22V (11.03V)
Auto.printPidInfo_Info: encoderXPidCtrl: Target=  -0.4, Input=  -0.3, Error=  -0.0, PIDTerms=-0.005/ 0.000/-0.005/-0.000, Output=-0.011(-1.000/1.000)
Auto.printPidInfo_Info: encoderYPidCtrl: Target= -28.6, Input= -23.1, Error=  -5.4, PIDTerms=-0.109/ 0.000/ 0.015/-0.000, Output=-0.094(-1.000/1.000)
Auto.printPidInfo_Info: gyroPidCtrl: Target= 180.0, Input= 181.8, Error=  -1.8, PIDTerms=-0.033/ 0.000/-0.000/ 0.000, Output=-0.033(-0.500/0.500)
Auto.Battery_Info: Voltage=12.20V (11.03V)
Auto.printPidInfo_Info: encoderXPidCtrl: Target=  -0.4, Input=  -0.4, Error=   0.0, PIDTerms= 0.002/ 0.000/ 0.005/-0.000, Output= 0.007(-1.000/1.000)
Auto.printPidInfo_Info: encoderYPidCtrl: Target= -28.6, Input= -23.7, Error=  -4.9, PIDTerms=-0.098/ 0.000/ 0.009/-0.000, Output=-0.089(-1.000/1.000)
Auto.printPidInfo_Info: gyroPidCtrl: Target= 180.0, Input= 181.5, Error=  -1.5, PIDTerms=-0.028/ 0.000/ 0.004/ 0.000, Output=-0.024(-0.500/0.500)
Auto.Battery_Info: Voltage=12.20V (11.03V)
Auto.printPidInfo_Info: encoderXPidCtrl: Target=  -0.4, Input=  -0.4, Error=   0.0, PIDTerms= 0.006/ 0.000/ 0.003/-0.000, Output= 0.009(-1.000/1.000)
Auto.printPidInfo_Info: encoderYPidCtrl: Target= -28.6, Input= -24.0, Error=  -4.6, PIDTerms=-0.092/ 0.000/ 0.004/-0.000, Output=-0.088(-1.000/1.000)
Auto.printPidInfo_Info: gyroPidCtrl: Target= 180.0, Input= 181.5, Error=  -1.5, PIDTerms=-0.028/ 0.000/ 0.000/ 0.000, Output=-0.028(-0.500/0.500)
Auto.Battery_Info: Voltage=12.20V (11.03V)
Auto.printPidInfo_Info: encoderXPidCtrl: Target=  -0.4, Input=  -0.4, Error=  -0.0, PIDTerms=-0.002/ 0.000/-0.006/-0.000, Output=-0.008(-1.000/1.000)
Auto.printPidInfo_Info: encoderYPidCtrl: Target= -28.6, Input= -24.1, Error=  -4.4, PIDTerms=-0.089/ 0.000/ 0.002/-0.000, Output=-0.086(-1.000/1.000)
Auto.printPidInfo_Info: gyroPidCtrl: Target= 180.0, Input= 181.5, Error=  -1.5, PIDTerms=-0.028/ 0.000/-0.000/ 0.000, Output=-0.028(-0.500/0.500)
Auto.Battery_Info: Voltage=12.22V (11.03V)
Auto.printPidInfo_Info: encoderXPidCtrl: Target=  -0.4, Input=  -0.4, Error=  -0.0, PIDTerms=-0.003/ 0.000/-0.001/-0.000, Output=-0.004(-1.000/1.000)
Auto.printPidInfo_Info: encoderYPidCtrl: Target= -28.6, Input= -24.1, Error=  -4.4, PIDTerms=-0.088/ 0.000/ 0.000/-0.000, Output=-0.088(-1.000/1.000)
Auto.printPidInfo_Info: gyroPidCtrl: Target= 180.0, Input= 181.5, Error=  -1.5, PIDTerms=-0.028/ 0.000/ 0.000/ 0.000, Output=-0.028(-0.500/0.500)
Auto.Robot_Info: [16.157]              DONE: xPos= -0.35/  0.00,yPos=-24.13/ -6.50,heading= 181.5/ 180.0,volt=12.28V(11.03V)
