Auto.FtcAuto_Info: Sun Dec 03 00:17:58 PST 2017: ***** Starting autonomous *****
Auto.Robot_Info: ***** [0.092] *****  DEPLOY_JEWEL_ARM: xPos=  0.00/  0.00,yPos=  0.00/  0.00,heading=  -0.1/   0.0,volt=13.39V(13.36V)
Auto.WHACK_JEWEL_Info: VuMark: UNKNOWN
Auto.WHACK_JEWEL_Info: 0: Color=RED, HSV=[10.169492/0.504274/0.458824]
Auto.Robot_Info: ***** [0.730] *****       WHACK_JEWEL: xPos=  0.00/  0.00,yPos=  0.00/  0.00,heading=  -0.0/   0.0,volt=13.36V(13.32V)
Auto.Robot_Info: ***** [1.293] ***** MOVE_JEWEL_ARM_UP: xPos=  0.00/  0.00,yPos=  0.00/  0.00,heading=  -0.1/   0.0,volt=13.37V(13.32V)
Auto.Robot_Info: ***** [1.726] *****   RESET_JEWEL_ARM: xPos=  0.00/  0.00,yPos=  0.00/  0.00,heading=  -0.1/   0.0,volt=13.36V(13.32V)
Auto.DO_DELAY_Info: Delay=0
Auto.Robot_Info: ***** [2.021] *****          DO_DELAY: xPos=  0.00/  0.00,yPos=  0.00/  0.00,heading=  -0.1/   0.0,volt=13.35V(13.32V)
Auto.Robot_Info: ***** [2.109] *****   GRAB_LIFT_GLYPH: xPos=  0.00/  0.00,yPos=  0.00/  0.00,heading=  -0.0/   0.0,volt=13.39V(13.32V)
Auto.Robot_Info: ***** [4.291] ***** DRIVE_OFF_PLATFORM: xPos=  0.00/  0.00,yPos=  0.00/  0.00,heading=  -0.0/   0.0,volt=12.56V(12.86V)
Auto.Robot_Info: ***** [4.869] *****     DRIVE_TO_WALL: xPos= -0.34/  0.00,yPos= -8.62/  0.00,heading=  -1.8/   0.0,volt=13.19V(12.65V)
Auto.Robot_Info: ***** [5.065] ***** TURN_TO_CRYPTOBOX: xPos= -2.82/  0.00,yPos=-11.15/  0.00,heading=  -1.6/ 180.0,volt=13.27V(12.65V)
Auto.Battery_Info: Voltage=13.27V (12.65V)
Auto.printPidInfo_Info: encoderXPidCtrl: Target=  -2.8, Input=   0.0, Error=   0.0, PIDTerms= 0.000/ 0.000/ 0.000/ 0.000, Output= 0.000(-1.000/1.000)
Auto.printPidInfo_Info: encoderYPidCtrl: Target= -11.1, Input=   0.0, Error=   0.0, PIDTerms= 0.000/ 0.000/ 0.000/ 0.000, Output= 0.000(-1.000/1.000)
Auto.printPidInfo_Info: gyroPidCtrl: Target= 180.0, Input=   0.0, Error= 181.6, PIDTerms= 0.000/ 0.000/ 0.000/ 0.000, Output= 0.000(-0.500/0.500)
Auto.Battery_Info: Voltage=12.79V (12.65V)
Auto.printPidInfo_Info: encoderXPidCtrl: Target=  -2.8, Input=   0.0, Error=   0.0, PIDTerms= 0.000/ 0.000/ 0.000/ 0.000, Output= 0.000(-1.000/1.000)
Auto.printPidInfo_Info: encoderYPidCtrl: Target= -11.1, Input=   0.0, Error=   0.0, PIDTerms= 0.000/ 0.000/ 0.000/ 0.000, Output= 0.000(-1.000/1.000)
Auto.printPidInfo_Info: gyroPidCtrl: Target= 180.0, Input=  -1.6, Error= 181.6, PIDTerms= 3.269/ 0.000/ 0.000/ 0.000, Output= 0.500(-0.500/0.500)
Auto.Battery_Info: Voltage=12.78V (12.65V)
Auto.printPidInfo_Info: encoderXPidCtrl: Target=  -2.8, Input=   0.0, Error=   0.0, PIDTerms= 0.000/ 0.000/ 0.000/ 0.000, Output= 0.000(-1.000/1.000)
Auto.printPidInfo_Info: encoderYPidCtrl: Target= -11.1, Input=   0.0, Error=   0.0, PIDTerms= 0.000/ 0.000/ 0.000/ 0.000, Output= 0.000(-1.000/1.000)
Auto.printPidInfo_Info: gyroPidCtrl: Target= 180.0, Input=  -0.0, Error= 180.0, PIDTerms= 3.241/ 0.000/-0.018/ 0.000, Output= 0.500(-0.500/0.500)
Auto.Battery_Info: Voltage=12.86V (12.65V)
Auto.printPidInfo_Info: encoderXPidCtrl: Target=  -2.8, Input=   0.0, Error=   0.0, PIDTerms= 0.000/ 0.000/ 0.000/ 0.000, Output= 0.000(-1.000/1.000)
Auto.printPidInfo_Info: encoderYPidCtrl: Target= -11.1, Input=   0.0, Error=   0.0, PIDTerms= 0.000/ 0.000/ 0.000/ 0.000, Output= 0.000(-1.000/1.000)
Auto.printPidInfo_Info: gyroPidCtrl: Target= 180.0, Input=   2.5, Error= 177.5, PIDTerms= 3.196/ 0.000/-0.038/ 0.000, Output= 0.500(-0.500/0.500)
Auto.Battery_Info: Voltage=12.84V (12.65V)
Auto.printPidInfo_Info: encoderXPidCtrl: Target=  -2.8, Input=   0.0, Error=   0.0, PIDTerms= 0.000/ 0.000/ 0.000/ 0.000, Output= 0.000(-1.000/1.000)
Auto.printPidInfo_Info: encoderYPidCtrl: Target= -11.1, Input=   0.0, Error=   0.0, PIDTerms= 0.000/ 0.000/ 0.000/ 0.000, Output= 0.000(-1.000/1.000)
Auto.printPidInfo_Info: gyroPidCtrl: Target= 180.0, Input=  12.8, Error= 167.2, PIDTerms= 3.010/ 0.000/-0.153/ 0.000, Output= 0.500(-0.500/0.500)
Auto.Battery_Info: Voltage=12.89V (12.65V)
Auto.printPidInfo_Info: encoderXPidCtrl: Target=  -2.8, Input=   0.0, Error=   0.0, PIDTerms= 0.000/ 0.000/ 0.000/ 0.000, Output= 0.000(-1.000/1.000)
Auto.printPidInfo_Info: encoderYPidCtrl: Target= -11.1, Input=   0.0, Error=   0.0, PIDTerms= 0.000/ 0.000/ 0.000/ 0.000, Output= 0.000(-1.000/1.000)
Auto.printPidInfo_Info: gyroPidCtrl: Target= 180.0, Input=  24.1, Error= 155.9, PIDTerms= 2.805/ 0.000/-0.179/ 0.000, Output= 0.500(-0.500/0.500)
Auto.Battery_Info: Voltage=12.87V (12.65V)
Auto.printPidInfo_Info: encoderXPidCtrl: Target=  -2.8, Input=   0.0, Error=   0.0, PIDTerms= 0.000/ 0.000/ 0.000/ 0.000, Output= 0.000(-1.000/1.000)
Auto.printPidInfo_Info: encoderYPidCtrl: Target= -11.1, Input=   0.0, Error=   0.0, PIDTerms= 0.000/ 0.000/ 0.000/ 0.000, Output= 0.000(-1.000/1.000)
Auto.printPidInfo_Info: gyroPidCtrl: Target= 180.0, Input=  31.4, Error= 148.6, PIDTerms= 2.675/ 0.000/-0.113/ 0.000, Output= 0.500(-0.500/0.500)
Auto.Battery_Info: Voltage=12.78V (12.65V)
Auto.printPidInfo_Info: encoderXPidCtrl: Target=  -2.8, Input=   0.0, Error=   0.0, PIDTerms= 0.000/ 0.000/ 0.000/ 0.000, Output= 0.000(-1.000/1.000)
Auto.printPidInfo_Info: encoderYPidCtrl: Target= -11.1, Input=   0.0, Error=   0.0, PIDTerms= 0.000/ 0.000/ 0.000/ 0.000, Output= 0.000(-1.000/1.000)
Auto.printPidInfo_Info: gyroPidCtrl: Target= 180.0, Input=  43.5, Error= 136.5, PIDTerms= 2.456/ 0.000/-0.122/ 0.000, Output= 0.500(-0.500/0.500)
Auto.Battery_Info: Voltage=12.81V (12.65V)
Auto.printPidInfo_Info: encoderXPidCtrl: Target=  -2.8, Input=   0.0, Error=   0.0, PIDTerms= 0.000/ 0.000/ 0.000/ 0.000, Output= 0.000(-1.000/1.000)
Auto.printPidInfo_Info: encoderYPidCtrl: Target= -11.1, Input=   0.0, Error=   0.0, PIDTerms= 0.000/ 0.000/ 0.000/ 0.000, Output= 0.000(-1.000/1.000)
Auto.printPidInfo_Info: gyroPidCtrl: Target= 180.0, Input=  60.1, Error= 119.9, PIDTerms= 2.158/ 0.000/-0.221/ 0.000, Output= 0.500(-0.500/0.500)
Auto.Battery_Info: Voltage=12.80V (12.65V)
Auto.printPidInfo_Info: encoderXPidCtrl: Target=  -2.8, Input=   0.0, Error=   0.0, PIDTerms= 0.000/ 0.000/ 0.000/ 0.000, Output= 0.000(-1.000/1.000)
Auto.printPidInfo_Info: encoderYPidCtrl: Target= -11.1, Input=   0.0, Error=   0.0, PIDTerms= 0.000/ 0.000/ 0.000/ 0.000, Output= 0.000(-1.000/1.000)
Auto.printPidInfo_Info: gyroPidCtrl: Target= 180.0, Input=  76.6, Error= 103.4, PIDTerms= 1.862/ 0.000/-0.294/ 0.000, Output= 0.500(-0.500/0.500)
Auto.Battery_Info: Voltage=12.79V (12.65V)
Auto.printPidInfo_Info: encoderXPidCtrl: Target=  -2.8, Input=   0.0, Error=   0.0, PIDTerms= 0.000/ 0.000/ 0.000/ 0.000, Output= 0.000(-1.000/1.000)
Auto.printPidInfo_Info: encoderYPidCtrl: Target= -11.1, Input=   0.0, Error=   0.0, PIDTerms= 0.000/ 0.000/ 0.000/ 0.000, Output= 0.000(-1.000/1.000)
Auto.printPidInfo_Info: gyroPidCtrl: Target= 180.0, Input=  87.1, Error=  92.9, PIDTerms= 1.672/ 0.000/-0.159/ 0.000, Output= 0.500(-0.500/0.500)
Auto.Battery_Info: Voltage=12.80V (12.65V)
Auto.printPidInfo_Info: encoderXPidCtrl: Target=  -2.8, Input=   0.0, Error=   0.0, PIDTerms= 0.000/ 0.000/ 0.000/ 0.000, Output= 0.000(-1.000/1.000)
Auto.printPidInfo_Info: encoderYPidCtrl: Target= -11.1, Input=   0.0, Error=   0.0, PIDTerms= 0.000/ 0.000/ 0.000/ 0.000, Output= 0.000(-1.000/1.000)
Auto.printPidInfo_Info: gyroPidCtrl: Target= 180.0, Input= 101.9, Error=  78.1, PIDTerms= 1.405/ 0.000/-0.309/ 0.000, Output= 0.500(-0.500/0.500)
Auto.Battery_Info: Voltage=12.80V (12.65V)
Auto.printPidInfo_Info: encoderXPidCtrl: Target=  -2.8, Input=   0.0, Error=   0.0, PIDTerms= 0.000/ 0.000/ 0.000/ 0.000, Output= 0.000(-1.000/1.000)
Auto.printPidInfo_Info: encoderYPidCtrl: Target= -11.1, Input=   0.0, Error=   0.0, PIDTerms= 0.000/ 0.000/ 0.000/ 0.000, Output= 0.000(-1.000/1.000)
Auto.printPidInfo_Info: gyroPidCtrl: Target= 180.0, Input= 111.5, Error=  68.5, PIDTerms= 1.233/ 0.000/-0.197/ 0.000, Output= 0.500(-0.500/0.500)
Auto.Battery_Info: Voltage=12.81V (12.65V)
Auto.printPidInfo_Info: encoderXPidCtrl: Target=  -2.8, Input=   0.0, Error=   0.0, PIDTerms= 0.000/ 0.000/ 0.000/ 0.000, Output= 0.000(-1.000/1.000)
Auto.printPidInfo_Info: encoderYPidCtrl: Target= -11.1, Input=   0.0, Error=   0.0, PIDTerms= 0.000/ 0.000/ 0.000/ 0.000, Output= 0.000(-1.000/1.000)
Auto.printPidInfo_Info: gyroPidCtrl: Target= 180.0, Input= 123.2, Error=  56.8, PIDTerms= 1.022/ 0.000/-0.156/ 0.000, Output= 0.500(-0.500/0.500)
Auto.Battery_Info: Voltage=12.81V (12.65V)
Auto.printPidInfo_Info: encoderXPidCtrl: Target=  -2.8, Input=   0.0, Error=   0.0, PIDTerms= 0.000/ 0.000/ 0.000/ 0.000, Output= 0.000(-1.000/1.000)
Auto.printPidInfo_Info: encoderYPidCtrl: Target= -11.1, Input=   0.0, Error=   0.0, PIDTerms= 0.000/ 0.000/ 0.000/ 0.000, Output= 0.000(-1.000/1.000)
Auto.printPidInfo_Info: gyroPidCtrl: Target= 180.0, Input= 138.0, Error=  42.0, PIDTerms= 0.756/ 0.000/-0.185/ 0.000, Output= 0.500(-0.500/0.500)
Auto.Battery_Info: Voltage=13.13V (12.65V)
Auto.printPidInfo_Info: encoderXPidCtrl: Target=  -2.8, Input=   0.0, Error=   0.0, PIDTerms= 0.000/ 0.000/ 0.000/ 0.000, Output= 0.000(-1.000/1.000)
Auto.printPidInfo_Info: encoderYPidCtrl: Target= -11.1, Input=   0.0, Error=   0.0, PIDTerms= 0.000/ 0.000/ 0.000/ 0.000, Output= 0.000(-1.000/1.000)
Auto.printPidInfo_Info: gyroPidCtrl: Target= 180.0, Input= 153.7, Error=  26.3, PIDTerms= 0.474/ 0.000/-0.276/ 0.000, Output= 0.198(-0.500/0.500)
Auto.Battery_Info: Voltage=13.21V (12.65V)
Auto.printPidInfo_Info: encoderXPidCtrl: Target=  -2.8, Input=   0.0, Error=   0.0, PIDTerms= 0.000/ 0.000/ 0.000/ 0.000, Output= 0.000(-1.000/1.000)
Auto.printPidInfo_Info: encoderYPidCtrl: Target= -11.1, Input=   0.0, Error=   0.0, PIDTerms= 0.000/ 0.000/ 0.000/ 0.000, Output= 0.000(-1.000/1.000)
Auto.printPidInfo_Info: gyroPidCtrl: Target= 180.0, Input= 166.1, Error=  13.9, PIDTerms= 0.250/ 0.000/-0.157/ 0.000, Output= 0.093(-0.500/0.500)
Auto.Battery_Info: Voltage=13.07V (12.65V)
Auto.printPidInfo_Info: encoderXPidCtrl: Target=  -2.8, Input=   0.0, Error=   0.0, PIDTerms= 0.000/ 0.000/ 0.000/ 0.000, Output= 0.000(-1.000/1.000)
Auto.printPidInfo_Info: encoderYPidCtrl: Target= -11.1, Input=   0.0, Error=   0.0, PIDTerms= 0.000/ 0.000/ 0.000/ 0.000, Output= 0.000(-1.000/1.000)
Auto.printPidInfo_Info: gyroPidCtrl: Target= 180.0, Input= 182.1, Error=  -2.1, PIDTerms=-0.038/ 0.000/-0.200/ 0.000, Output=-0.239(-0.500/0.500)
Auto.Battery_Info: Voltage=12.93V (12.65V)
Auto.printPidInfo_Info: encoderXPidCtrl: Target=  -2.8, Input=   0.0, Error=   0.0, PIDTerms= 0.000/ 0.000/ 0.000/ 0.000, Output= 0.000(-1.000/1.000)
Auto.printPidInfo_Info: encoderYPidCtrl: Target= -11.1, Input=   0.0, Error=   0.0, PIDTerms= 0.000/ 0.000/ 0.000/ 0.000, Output= 0.000(-1.000/1.000)
Auto.printPidInfo_Info: gyroPidCtrl: Target= 180.0, Input= 190.0, Error= -10.0, PIDTerms=-0.180/ 0.000/-0.129/ 0.000, Output=-0.309(-0.500/0.500)
Auto.Battery_Info: Voltage=13.08V (12.65V)
Auto.printPidInfo_Info: encoderXPidCtrl: Target=  -2.8, Input=   0.0, Error=   0.0, PIDTerms= 0.000/ 0.000/ 0.000/ 0.000, Output= 0.000(-1.000/1.000)
Auto.printPidInfo_Info: encoderYPidCtrl: Target= -11.1, Input=   0.0, Error=   0.0, PIDTerms= 0.000/ 0.000/ 0.000/ 0.000, Output= 0.000(-1.000/1.000)
Auto.printPidInfo_Info: gyroPidCtrl: Target= 180.0, Input= 190.7, Error= -10.7, PIDTerms=-0.193/ 0.000/-0.012/ 0.000, Output=-0.204(-0.500/0.500)
Auto.Battery_Info: Voltage=13.19V (12.65V)
Auto.printPidInfo_Info: encoderXPidCtrl: Target=  -2.8, Input=   0.0, Error=   0.0, PIDTerms= 0.000/ 0.000/ 0.000/ 0.000, Output= 0.000(-1.000/1.000)
Auto.printPidInfo_Info: encoderYPidCtrl: Target= -11.1, Input=   0.0, Error=   0.0, PIDTerms= 0.000/ 0.000/ 0.000/ 0.000, Output= 0.000(-1.000/1.000)
Auto.printPidInfo_Info: gyroPidCtrl: Target= 180.0, Input= 188.6, Error=  -8.6, PIDTerms=-0.155/ 0.000/ 0.029/ 0.000, Output=-0.126(-0.500/0.500)
Auto.Battery_Info: Voltage=13.26V (12.65V)
Auto.printPidInfo_Info: encoderXPidCtrl: Target=  -2.8, Input=   0.0, Error=   0.0, PIDTerms= 0.000/ 0.000/ 0.000/ 0.000, Output= 0.000(-1.000/1.000)
Auto.printPidInfo_Info: encoderYPidCtrl: Target= -11.1, Input=   0.0, Error=   0.0, PIDTerms= 0.000/ 0.000/ 0.000/ 0.000, Output= 0.000(-1.000/1.000)
Auto.printPidInfo_Info: gyroPidCtrl: Target= 180.0, Input= 182.9, Error=  -2.9, PIDTerms=-0.053/ 0.000/ 0.080/ 0.000, Output= 0.027(-0.500/0.500)
Auto.Battery_Info: Voltage=13.27V (12.65V)
Auto.printPidInfo_Info: encoderXPidCtrl: Target=  -2.8, Input=   0.0, Error=   0.0, PIDTerms= 0.000/ 0.000/ 0.000/ 0.000, Output= 0.000(-1.000/1.000)
Auto.printPidInfo_Info: encoderYPidCtrl: Target= -11.1, Input=   0.0, Error=   0.0, PIDTerms= 0.000/ 0.000/ 0.000/ 0.000, Output= 0.000(-1.000/1.000)
Auto.printPidInfo_Info: gyroPidCtrl: Target= 180.0, Input= 180.0, Error=  -0.0, PIDTerms=-0.000/ 0.000/ 0.050/ 0.000, Output= 0.050(-0.500/0.500)
Auto.Robot_Info: ***** [8.271] *****   ALIGN_CRYPTOBOX: xPos=  5.94/ -8.00,yPos=-16.97/  0.00,heading= 179.9/ 180.0,volt=13.27V(12.65V)
Auto.Battery_Info: Voltage=13.28V (12.65V)
Auto.printPidInfo_Info: encoderXPidCtrl: Target=  -2.1, Input=   0.0, Error=  -8.0, PIDTerms= 0.000/ 0.000/ 0.000/ 0.000, Output= 0.000(-1.000/1.000)
Auto.printPidInfo_Info: encoderYPidCtrl: Target= -17.0, Input=   0.0, Error=   0.0, PIDTerms= 0.000/ 0.000/ 0.000/ 0.000, Output= 0.000(-1.000/1.000)
Auto.printPidInfo_Info: gyroPidCtrl: Target= 180.0, Input= 179.9, Error=   0.1, PIDTerms= 0.002/ 0.000/ 0.002/ 0.000, Output= 0.000(-0.500/0.500)
Auto.Battery_Info: Voltage=11.51V (11.51V)
Auto.printPidInfo_Info: encoderXPidCtrl: Target=  -2.1, Input=   5.9, Error=  -8.0, PIDTerms=-1.200/ 0.000/ 0.000/-0.000, Output=-1.000(-1.000/1.000)
Auto.printPidInfo_Info: encoderYPidCtrl: Target= -17.0, Input= -17.0, Error=   0.0, PIDTerms= 0.000/ 0.000/ 0.000/-0.000, Output= 0.000(-1.000/1.000)
Auto.printPidInfo_Info: gyroPidCtrl: Target= 180.0, Input= 179.9, Error=   0.1, PIDTerms= 0.002/ 0.000/ 0.000/ 0.000, Output= 0.002(-0.500/0.500)
Auto.Battery_Info: Voltage=11.58V (11.51V)
Auto.printPidInfo_Info: encoderXPidCtrl: Target=  -2.1, Input=   5.4, Error=  -7.5, PIDTerms=-1.122/ 0.000/ 0.055/-0.000, Output=-1.000(-1.000/1.000)
Auto.printPidInfo_Info: encoderYPidCtrl: Target= -17.0, Input= -16.9, Error=  -0.0, PIDTerms=-0.001/ 0.000/-0.001/-0.000, Output=-0.001(-1.000/1.000)
Auto.printPidInfo_Info: gyroPidCtrl: Target= 180.0, Input= 179.9, Error=   0.1, PIDTerms= 0.002/ 0.000/-0.000/ 0.000, Output= 0.001(-0.500/0.500)
Auto.Battery_Info: Voltage=12.89V (11.51V)
Auto.printPidInfo_Info: encoderXPidCtrl: Target=  -2.1, Input=   2.5, Error=  -4.5, PIDTerms=-0.676/ 0.000/ 0.326/-0.000, Output=-0.351(-1.000/1.000)
Auto.printPidInfo_Info: encoderYPidCtrl: Target= -17.0, Input= -17.2, Error=   0.2, PIDTerms= 0.004/ 0.000/ 0.004/-0.000, Output= 0.008(-1.000/1.000)
Auto.printPidInfo_Info: gyroPidCtrl: Target= 180.0, Input= 178.6, Error=   1.4, PIDTerms= 0.026/ 0.000/ 0.020/ 0.000, Output= 0.046(-0.500/0.500)
Auto.Battery_Info: Voltage=12.68V (11.51V)
Auto.printPidInfo_Info: encoderXPidCtrl: Target=  -2.1, Input=  -1.8, Error=  -0.2, PIDTerms=-0.031/ 0.000/ 0.401/-0.000, Output= 0.370(-1.000/1.000)
Auto.printPidInfo_Info: encoderYPidCtrl: Target= -17.0, Input= -17.3, Error=   0.4, PIDTerms= 0.007/ 0.000/ 0.002/-0.000, Output= 0.009(-1.000/1.000)
Auto.printPidInfo_Info: gyroPidCtrl: Target= 180.0, Input= 178.4, Error=   1.6, PIDTerms= 0.029/ 0.000/ 0.002/ 0.000, Output= 0.031(-0.500/0.500)
Auto.Battery_Info: Voltage=12.72V (11.51V)
Auto.printPidInfo_Info: encoderXPidCtrl: Target=  -2.1, Input=  -3.6, Error=   1.6, PIDTerms= 0.233/ 0.000/ 0.161/-0.000, Output= 0.394(-1.000/1.000)
Auto.printPidInfo_Info: encoderYPidCtrl: Target= -17.0, Input= -17.2, Error=   0.2, PIDTerms= 0.004/ 0.000/-0.002/-0.000, Output= 0.002(-1.000/1.000)
Auto.printPidInfo_Info: gyroPidCtrl: Target= 180.0, Input= 181.1, Error=  -1.1, PIDTerms=-0.021/ 0.000/-0.033/ 0.000, Output=-0.054(-0.500/0.500)
Auto.Battery_Info: Voltage=13.13V (11.51V)
Auto.printPidInfo_Info: encoderXPidCtrl: Target=  -2.1, Input=  -2.9, Error=   0.9, PIDTerms= 0.130/ 0.000/-0.073/-0.000, Output= 0.057(-1.000/1.000)
Auto.printPidInfo_Info: encoderYPidCtrl: Target= -17.0, Input= -17.1, Error=   0.1, PIDTerms= 0.002/ 0.000/-0.002/-0.000, Output=-0.000(-1.000/1.000)
Auto.printPidInfo_Info: gyroPidCtrl: Target= 180.0, Input= 185.4, Error=  -5.4, PIDTerms=-0.097/ 0.000/-0.060/ 0.000, Output=-0.157(-0.500/0.500)
Auto.Battery_Info: Voltage=13.11V (11.51V)
Auto.printPidInfo_Info: encoderXPidCtrl: Target=  -2.1, Input=  -2.2, Error=   0.1, PIDTerms= 0.022/ 0.000/-0.065/-0.000, Output=-0.043(-1.000/1.000)
Auto.printPidInfo_Info: encoderYPidCtrl: Target= -17.0, Input= -17.1, Error=   0.1, PIDTerms= 0.003/ 0.000/ 0.001/-0.000, Output= 0.003(-1.000/1.000)
Auto.printPidInfo_Info: gyroPidCtrl: Target= 180.0, Input= 186.3, Error=  -6.3, PIDTerms=-0.113/ 0.000/-0.011/ 0.000, Output=-0.125(-0.500/0.500)
Auto.Battery_Info: Voltage=13.20V (11.51V)
Auto.printPidInfo_Info: encoderXPidCtrl: Target=  -2.1, Input=  -2.2, Error=   0.1, PIDTerms= 0.022/ 0.000/ 0.000/-0.000, Output= 0.022(-1.000/1.000)
Auto.printPidInfo_Info: encoderYPidCtrl: Target= -17.0, Input= -17.2, Error=   0.2, PIDTerms= 0.004/ 0.000/ 0.001/-0.000, Output= 0.005(-1.000/1.000)
Auto.printPidInfo_Info: gyroPidCtrl: Target= 180.0, Input= 183.3, Error=  -3.3, PIDTerms=-0.060/ 0.000/ 0.047/ 0.000, Output=-0.013(-0.500/0.500)
Auto.Battery_Info: Voltage=13.22V (11.51V)
Auto.printPidInfo_Info: encoderXPidCtrl: Target=  -2.1, Input=  -2.3, Error=   0.2, PIDTerms= 0.034/ 0.000/ 0.007/-0.000, Output= 0.040(-1.000/1.000)
Auto.printPidInfo_Info: encoderYPidCtrl: Target= -17.0, Input= -17.1, Error=   0.2, PIDTerms= 0.003/ 0.000/-0.000/-0.000, Output= 0.003(-1.000/1.000)
Auto.printPidInfo_Info: gyroPidCtrl: Target= 180.0, Input= 181.2, Error=  -1.2, PIDTerms=-0.022/ 0.000/ 0.025/ 0.000, Output= 0.004(-0.500/0.500)
Auto.Battery_Info: Voltage=13.22V (11.51V)
Auto.printPidInfo_Info: encoderXPidCtrl: Target=  -2.1, Input=  -2.3, Error=   0.2, PIDTerms= 0.033/ 0.000/-0.000/-0.000, Output= 0.033(-1.000/1.000)
Auto.printPidInfo_Info: encoderYPidCtrl: Target= -17.0, Input= -17.1, Error=   0.2, PIDTerms= 0.003/ 0.000/-0.000/-0.000, Output= 0.003(-1.000/1.000)
Auto.printPidInfo_Info: gyroPidCtrl: Target= 180.0, Input= 181.0, Error=  -1.0, PIDTerms=-0.017/ 0.000/ 0.004/ 0.000, Output=-0.013(-0.500/0.500)
Auto.Robot_Info: ***** [9.863] *****    SET_DOWN_GLYPH: xPos= -2.26/ -8.00,yPos=-17.12/  0.00,heading= 180.9/ 180.0,volt=13.26V(11.51V)
Auto.Robot_Info: ***** [11.989] *****     RELEASE_GLYPH: xPos= -2.26/ -8.00,yPos=-17.12/  0.00,heading= 181.0/ 180.0,volt=13.28V(11.51V)
Auto.Robot_Info: ***** [12.548] *****      PUSH_FORWARD: xPos= -2.26/  0.00,yPos=-17.12/ 15.00,heading= 181.0/ 180.0,volt=13.30V(11.51V)
Auto.Battery_Info: Voltage=13.30V (11.51V)
Auto.printPidInfo_Info: encoderXPidCtrl: Target=  -2.3, Input=  -2.3, Error=   0.0, PIDTerms= 0.031/ 0.000/-0.002/-0.000, Output= 0.000(-1.000/1.000)
Auto.printPidInfo_Info: encoderYPidCtrl: Target=  -2.1, Input= -17.1, Error=  15.0, PIDTerms= 0.003/ 0.000/-0.000/-0.000, Output= 0.000(-1.000/1.000)
Auto.printPidInfo_Info: gyroPidCtrl: Target= 180.0, Input= 181.0, Error=  -1.0, PIDTerms=-0.017/ 0.000/ 0.000/ 0.000, Output= 0.000(-0.500/0.500)
Auto.Battery_Info: Voltage=13.00V (11.51V)
Auto.printPidInfo_Info: encoderXPidCtrl: Target=  -2.3, Input=  -2.3, Error=   0.0, PIDTerms= 0.000/ 0.000/ 0.000/-0.000, Output= 0.000(-1.000/1.000)
Auto.printPidInfo_Info: encoderYPidCtrl: Target=  -2.1, Input= -17.1, Error=  15.0, PIDTerms= 0.300/ 0.000/ 0.000/-0.000, Output= 0.300(-1.000/1.000)
Auto.printPidInfo_Info: gyroPidCtrl: Target= 180.0, Input= 181.0, Error=  -1.0, PIDTerms=-0.018/ 0.000/ 0.000/ 0.000, Output=-0.018(-0.500/0.500)
Auto.Battery_Info: Voltage=13.05V (11.51V)
Auto.printPidInfo_Info: encoderXPidCtrl: Target=  -2.3, Input=  -2.2, Error=  -0.0, PIDTerms=-0.006/ 0.000/-0.004/-0.000, Output=-0.009(-1.000/1.000)
Auto.printPidInfo_Info: encoderYPidCtrl: Target=  -2.1, Input= -17.0, Error=  14.8, PIDTerms= 0.297/ 0.000/-0.002/-0.000, Output= 0.295(-1.000/1.000)
Auto.printPidInfo_Info: gyroPidCtrl: Target= 180.0, Input= 181.0, Error=  -1.0, PIDTerms=-0.018/ 0.000/ 0.000/ 0.000, Output=-0.018(-0.500/0.500)
Auto.Battery_Info: Voltage=12.95V (11.51V)
Auto.printPidInfo_Info: encoderXPidCtrl: Target=  -2.3, Input=  -2.3, Error=   0.0, PIDTerms= 0.006/ 0.000/ 0.008/-0.000, Output= 0.014(-1.000/1.000)
Auto.printPidInfo_Info: encoderYPidCtrl: Target=  -2.1, Input= -15.6, Error=  13.4, PIDTerms= 0.269/ 0.000/-0.020/-0.000, Output= 0.249(-1.000/1.000)
Auto.printPidInfo_Info: gyroPidCtrl: Target= 180.0, Input= 180.8, Error=  -0.8, PIDTerms=-0.015/ 0.000/ 0.003/ 0.000, Output=-0.012(-0.500/0.500)
Auto.Battery_Info: Voltage=13.03V (11.51V)
Auto.printPidInfo_Info: encoderXPidCtrl: Target=  -2.3, Input=  -2.3, Error=   0.0, PIDTerms= 0.005/ 0.000/-0.001/-0.000, Output= 0.004(-1.000/1.000)
Auto.printPidInfo_Info: encoderYPidCtrl: Target=  -2.1, Input= -14.1, Error=  12.0, PIDTerms= 0.240/ 0.000/-0.021/-0.000, Output= 0.219(-1.000/1.000)
Auto.printPidInfo_Info: gyroPidCtrl: Target= 180.0, Input= 180.9, Error=  -0.9, PIDTerms=-0.016/ 0.000/-0.001/ 0.000, Output=-0.018(-0.500/0.500)
Auto.Battery_Info: Voltage=12.97V (11.51V)
Auto.printPidInfo_Info: encoderXPidCtrl: Target=  -2.3, Input=  -2.3, Error=   0.0, PIDTerms= 0.005/ 0.000/ 0.000/-0.000, Output= 0.005(-1.000/1.000)
Auto.printPidInfo_Info: encoderYPidCtrl: Target=  -2.1, Input= -13.9, Error=  11.7, PIDTerms= 0.235/ 0.000/-0.004/-0.000, Output= 0.231(-1.000/1.000)
Auto.printPidInfo_Info: gyroPidCtrl: Target= 180.0, Input= 181.0, Error=  -1.0, PIDTerms=-0.017/ 0.000/-0.001/ 0.000, Output=-0.018(-0.500/0.500)
Auto.Battery_Info: Voltage=12.96V (11.51V)
Auto.printPidInfo_Info: encoderXPidCtrl: Target=  -2.3, Input=  -2.3, Error=   0.0, PIDTerms= 0.005/ 0.000/ 0.000/-0.000, Output= 0.005(-1.000/1.000)
Auto.printPidInfo_Info: encoderYPidCtrl: Target=  -2.1, Input= -13.9, Error=  11.7, PIDTerms= 0.235/ 0.000/ 0.000/-0.000, Output= 0.235(-1.000/1.000)
Auto.printPidInfo_Info: gyroPidCtrl: Target= 180.0, Input= 180.9, Error=  -0.9, PIDTerms=-0.016/ 0.000/ 0.001/ 0.000, Output=-0.015(-0.500/0.500)
Auto.Robot_Info: ***** [13.621] *****          BACK_OFF: xPos= -2.29/  0.00,yPos=-13.89/ -6.50,heading= 180.9/ 180.0,volt=13.28V(11.51V)
Auto.Battery_Info: Voltage=13.28V (11.51V)
Auto.printPidInfo_Info: encoderXPidCtrl: Target=  -2.3, Input=  -2.3, Error=   0.0, PIDTerms= 0.005/ 0.000/ 0.000/-0.000, Output= 0.000(-1.000/1.000)
Auto.printPidInfo_Info: encoderYPidCtrl: Target= -20.4, Input= -13.9, Error=  -6.5, PIDTerms= 0.235/ 0.000/ 0.000/-0.000, Output= 0.000(-1.000/1.000)
Auto.printPidInfo_Info: gyroPidCtrl: Target= 180.0, Input= 180.9, Error=  -0.9, PIDTerms=-0.016/ 0.000/-0.000/ 0.000, Output= 0.000(-0.500/0.500)
Auto.Battery_Info: Voltage=13.22V (11.51V)
Auto.printPidInfo_Info: encoderXPidCtrl: Target=  -2.3, Input=  -2.3, Error=   0.0, PIDTerms= 0.000/ 0.000/ 0.000/-0.000, Output= 0.000(-1.000/1.000)
Auto.printPidInfo_Info: encoderYPidCtrl: Target= -20.4, Input= -13.9, Error=  -6.5, PIDTerms=-0.130/ 0.000/ 0.000/-0.000, Output=-0.130(-1.000/1.000)
Auto.printPidInfo_Info: gyroPidCtrl: Target= 180.0, Input= 180.9, Error=  -0.9, PIDTerms=-0.016/ 0.000/ 0.000/ 0.000, Output=-0.016(-0.500/0.500)
Auto.Battery_Info: Voltage=13.25V (11.51V)
Auto.printPidInfo_Info: encoderXPidCtrl: Target=  -2.3, Input=  -2.3, Error=   0.0, PIDTerms= 0.004/ 0.000/ 0.003/-0.000, Output= 0.007(-1.000/1.000)
Auto.printPidInfo_Info: encoderYPidCtrl: Target= -20.4, Input= -14.3, Error=  -6.1, PIDTerms=-0.121/ 0.000/ 0.006/-0.000, Output=-0.116(-1.000/1.000)
Auto.printPidInfo_Info: gyroPidCtrl: Target= 180.0, Input= 181.0, Error=  -1.0, PIDTerms=-0.017/ 0.000/-0.001/ 0.000, Output=-0.018(-0.500/0.500)
Auto.Battery_Info: Voltage=13.28V (11.51V)
Auto.printPidInfo_Info: encoderXPidCtrl: Target=  -2.3, Input=  -2.3, Error=   0.0, PIDTerms= 0.003/ 0.000/-0.001/-0.000, Output= 0.002(-1.000/1.000)
Auto.printPidInfo_Info: encoderYPidCtrl: Target= -20.4, Input= -15.3, Error=  -5.0, PIDTerms=-0.101/ 0.000/ 0.012/-0.000, Output=-0.088(-1.000/1.000)
Auto.printPidInfo_Info: gyroPidCtrl: Target= 180.0, Input= 180.9, Error=  -0.9, PIDTerms=-0.017/ 0.000/ 0.000/ 0.000, Output=-0.017(-0.500/0.500)
Auto.Battery_Info: Voltage=13.25V (11.51V)
Auto.printPidInfo_Info: encoderXPidCtrl: Target=  -2.3, Input=  -2.3, Error=   0.0, PIDTerms= 0.000/ 0.000/-0.002/-0.000, Output=-0.002(-1.000/1.000)
Auto.printPidInfo_Info: encoderYPidCtrl: Target= -20.4, Input= -15.9, Error=  -4.5, PIDTerms=-0.090/ 0.000/ 0.008/-0.000, Output=-0.083(-1.000/1.000)
Auto.printPidInfo_Info: gyroPidCtrl: Target= 180.0, Input= 180.8, Error=  -0.8, PIDTerms=-0.014/ 0.000/ 0.002/ 0.000, Output=-0.012(-0.500/0.500)
Auto.Battery_Info: Voltage=13.26V (11.51V)
Auto.printPidInfo_Info: encoderXPidCtrl: Target=  -2.3, Input=  -2.3, Error=  -0.0, PIDTerms=-0.001/ 0.000/-0.000/-0.000, Output=-0.001(-1.000/1.000)
Auto.printPidInfo_Info: encoderYPidCtrl: Target= -20.4, Input= -16.3, Error=  -4.1, PIDTerms=-0.081/ 0.000/ 0.007/-0.000, Output=-0.075(-1.000/1.000)
Auto.printPidInfo_Info: gyroPidCtrl: Target= 180.0, Input= 180.8, Error=  -0.8, PIDTerms=-0.014/ 0.000/ 0.000/ 0.000, Output=-0.013(-0.500/0.500)
Auto.Battery_Info: Voltage=13.26V (11.51V)
Auto.printPidInfo_Info: encoderXPidCtrl: Target=  -2.3, Input=  -2.3, Error=  -0.0, PIDTerms=-0.002/ 0.000/-0.001/-0.000, Output=-0.002(-1.000/1.000)
Auto.printPidInfo_Info: encoderYPidCtrl: Target= -20.4, Input= -16.5, Error=  -3.9, PIDTerms=-0.077/ 0.000/ 0.003/-0.000, Output=-0.074(-1.000/1.000)
Auto.printPidInfo_Info: gyroPidCtrl: Target= 180.0, Input= 180.8, Error=  -0.8, PIDTerms=-0.014/ 0.000/ 0.000/ 0.000, Output=-0.014(-0.500/0.500)
Auto.Battery_Info: Voltage=13.26V (11.51V)
Auto.printPidInfo_Info: encoderXPidCtrl: Target=  -2.3, Input=  -2.3, Error=  -0.0, PIDTerms=-0.005/ 0.000/-0.002/-0.000, Output=-0.007(-1.000/1.000)
Auto.printPidInfo_Info: encoderYPidCtrl: Target= -20.4, Input= -16.6, Error=  -3.7, PIDTerms=-0.075/ 0.000/ 0.002/-0.000, Output=-0.073(-1.000/1.000)
Auto.printPidInfo_Info: gyroPidCtrl: Target= 180.0, Input= 180.8, Error=  -0.8, PIDTerms=-0.014/ 0.000/-0.000/ 0.000, Output=-0.014(-0.500/0.500)
Auto.Robot_Info: ***** [14.982] *****              DONE: xPos= -2.26/  0.00,yPos=-16.65/ -6.50,heading= 180.8/ 180.0,volt=13.32V(11.51V)
