Auto.FtcAuto_Info: Sun Dec 17 11:28:31 PST 2017: ***** Starting autonomous *****
Auto.Robot_Info: [0.063] >>>>> DEPLOY_JEWEL_ARM: xPos=  0.00/  0.00,yPos=  0.00/  0.00,heading=   0.0/   0.0,volt=13.24V(13.24V)
Auto.WHACK_JEWEL_Info: VuMark: LEFT
Auto.WHACK_JEWEL_Info: 0: Color=BLUE, HSV=[166.451614/0.310000/0.392157]
Auto.Robot_Info: [0.644] >>>>> WHACK_JEWEL: xPos=  0.00/  0.00,yPos=  0.00/  0.00,heading=   0.0/   0.0,volt=13.23V(13.23V)
Auto.Robot_Info: [1.196] >>>>> MOVE_JEWEL_ARM_UP: xPos=  0.00/  0.00,yPos=  0.00/  0.00,heading=   0.0/   0.0,volt=13.23V(13.21V)
Auto.Robot_Info: [1.594] >>>>> RESET_JEWEL_ARM: xPos=  0.00/  0.00,yPos=  0.00/  0.00,heading=   0.0/   0.0,volt=13.28V(13.21V)
Auto.DO_DELAY_Info: Delay=0
Auto.Robot_Info: [1.912] >>>>> DO_DELAY: xPos=  0.00/  0.00,yPos=  0.00/  0.00,heading=   0.0/   0.0,volt=13.27V(13.18V)
Auto.Robot_Info: [1.990] >>>>> GRAB_LIFT_GLYPH: xPos=  0.00/  0.00,yPos=  0.00/  0.00,heading=   0.0/   0.0,volt=13.21V(13.18V)
Auto.Robot_Info: [4.127] >>>>> DRIVE_OFF_PLATFORM: xPos=  0.00/  0.00,yPos=  0.00/  0.00,heading=   0.1/   0.0,volt=12.41V(12.69V)
Auto.Robot_Info: [4.905] >>>>> DRIVE_TO_WALL: xPos= -3.86/  0.00,yPos=-11.99/  0.00,heading=  -2.8/   0.0,volt=12.99V(12.46V)
Auto.Robot_Info: [5.055] >>>>> TURN_TO_CRYPTOBOX: xPos= -8.65/  0.00,yPos=-10.92/  0.00,heading=  -2.8/ 180.0,volt=13.01V(12.46V)
Auto.Battery_Info: Voltage=13.01V (12.46V)
Auto.Raw Encoder_Info: lf=-1196, rf=-134, lr=0, rr=-1402
Auto.printPidInfo_Info: [5.055] encoderXPidCtrl: Target=  -8.7, Input=   0.0, Error=   0.0, PIDTerms= 0.000/ 0.000/ 0.000/ 0.000, Output= 0.000(-1.000/1.000)
Auto.printPidInfo_Info: [5.055] encoderYPidCtrl: Target= -10.9, Input=   0.0, Error=   0.0, PIDTerms= 0.000/ 0.000/ 0.000/ 0.000, Output= 0.000(-1.000/1.000)
Auto.printPidInfo_Info: [5.055] gyroPidCtrl: Target= 180.0, Input=   0.0, Error= 182.8, PIDTerms= 0.000/ 0.000/ 0.000/ 0.000, Output= 0.000(-0.500/0.500)
Auto.Battery_Info: Voltage=12.48V (12.46V)
Auto.Raw Encoder_Info: lf=-1085, rf=-263, lr=0, rr=-1524
Auto.printPidInfo_Info: [5.242] encoderXPidCtrl: Target=  -8.7, Input=   0.0, Error=   0.0, PIDTerms= 0.000/ 0.000/ 0.000/ 0.000, Output= 0.000(-1.000/1.000)
Auto.printPidInfo_Info: [5.242] encoderYPidCtrl: Target= -10.9, Input=   0.0, Error=   0.0, PIDTerms= 0.000/ 0.000/ 0.000/ 0.000, Output= 0.000(-1.000/1.000)
Auto.printPidInfo_Info: [5.242] gyroPidCtrl: Target= 180.0, Input=  -2.8, Error= 182.8, PIDTerms= 3.291/ 0.000/ 0.000/ 0.000, Output= 0.500(-0.500/0.500)
Auto.Battery_Info: Voltage=12.58V (12.46V)
Auto.Raw Encoder_Info: lf=-928, rf=-394, lr=0, rr=-1663
Auto.printPidInfo_Info: [5.368] encoderXPidCtrl: Target=  -8.7, Input=   0.0, Error=   0.0, PIDTerms= 0.000/ 0.000/ 0.000/ 0.000, Output= 0.000(-1.000/1.000)
Auto.printPidInfo_Info: [5.368] encoderYPidCtrl: Target= -10.9, Input=   0.0, Error=   0.0, PIDTerms= 0.000/ 0.000/ 0.000/ 0.000, Output= 0.000(-1.000/1.000)
Auto.printPidInfo_Info: [5.368] gyroPidCtrl: Target= 180.0, Input=  -3.2, Error= 183.2, PIDTerms= 3.298/ 0.000/ 0.005/ 0.000, Output= 0.500(-0.500/0.500)
Auto.Battery_Info: Voltage=12.59V (12.46V)
Auto.Raw Encoder_Info: lf=-772, rf=-530, lr=0, rr=-1815
Auto.printPidInfo_Info: [5.490] encoderXPidCtrl: Target=  -8.7, Input=   0.0, Error=   0.0, PIDTerms= 0.000/ 0.000/ 0.000/ 0.000, Output= 0.000(-1.000/1.000)
Auto.printPidInfo_Info: [5.490] encoderYPidCtrl: Target= -10.9, Input=   0.0, Error=   0.0, PIDTerms= 0.000/ 0.000/ 0.000/ 0.000, Output= 0.000(-1.000/1.000)
Auto.printPidInfo_Info: [5.490] gyroPidCtrl: Target= 180.0, Input=  -4.3, Error= 184.3, PIDTerms= 3.317/ 0.000/ 0.017/ 0.000, Output= 0.500(-0.500/0.500)
Auto.Battery_Info: Voltage=12.50V (12.46V)
Auto.Raw Encoder_Info: lf=-625, rf=-716, lr=0, rr=-1994
Auto.printPidInfo_Info: [5.627] encoderXPidCtrl: Target=  -8.7, Input=   0.0, Error=   0.0, PIDTerms= 0.000/ 0.000/ 0.000/ 0.000, Output= 0.000(-1.000/1.000)
Auto.printPidInfo_Info: [5.627] encoderYPidCtrl: Target= -10.9, Input=   0.0, Error=   0.0, PIDTerms= 0.000/ 0.000/ 0.000/ 0.000, Output= 0.000(-1.000/1.000)
Auto.printPidInfo_Info: [5.627] gyroPidCtrl: Target= 180.0, Input=   4.6, Error= 175.4, PIDTerms= 3.157/ 0.000/-0.130/ 0.000, Output= 0.500(-0.500/0.500)
Auto.Battery_Info: Voltage=12.56V (12.46V)
Auto.Raw Encoder_Info: lf=-516, rf=-869, lr=0, rr=-2150
Auto.printPidInfo_Info: [5.777] encoderXPidCtrl: Target=  -8.7, Input=   0.0, Error=   0.0, PIDTerms= 0.000/ 0.000/ 0.000/ 0.000, Output= 0.000(-1.000/1.000)
Auto.printPidInfo_Info: [5.777] encoderYPidCtrl: Target= -10.9, Input=   0.0, Error=   0.0, PIDTerms= 0.000/ 0.000/ 0.000/ 0.000, Output= 0.000(-1.000/1.000)
Auto.printPidInfo_Info: [5.777] gyroPidCtrl: Target= 180.0, Input=  15.4, Error= 164.6, PIDTerms= 2.964/ 0.000/-0.144/ 0.000, Output= 0.500(-0.500/0.500)
Auto.Battery_Info: Voltage=12.58V (12.46V)
Auto.Raw Encoder_Info: lf=-373, rf=-1047, lr=0, rr=-2316
Auto.printPidInfo_Info: [5.891] encoderXPidCtrl: Target=  -8.7, Input=   0.0, Error=   0.0, PIDTerms= 0.000/ 0.000/ 0.000/ 0.000, Output= 0.000(-1.000/1.000)
Auto.printPidInfo_Info: [5.891] encoderYPidCtrl: Target= -10.9, Input=   0.0, Error=   0.0, PIDTerms= 0.000/ 0.000/ 0.000/ 0.000, Output= 0.000(-1.000/1.000)
Auto.printPidInfo_Info: [5.891] gyroPidCtrl: Target= 180.0, Input=  28.1, Error= 151.9, PIDTerms= 2.735/ 0.000/-0.221/ 0.000, Output= 0.500(-0.500/0.500)
Auto.Battery_Info: Voltage=12.57V (12.46V)
Auto.Raw Encoder_Info: lf=-230, rf=-1228, lr=0, rr=-2472
Auto.printPidInfo_Info: [6.025] encoderXPidCtrl: Target=  -8.7, Input=   0.0, Error=   0.0, PIDTerms= 0.000/ 0.000/ 0.000/ 0.000, Output= 0.000(-1.000/1.000)
Auto.printPidInfo_Info: [6.025] encoderYPidCtrl: Target= -10.9, Input=   0.0, Error=   0.0, PIDTerms= 0.000/ 0.000/ 0.000/ 0.000, Output= 0.000(-1.000/1.000)
Auto.printPidInfo_Info: [6.025] gyroPidCtrl: Target= 180.0, Input=  36.8, Error= 143.2, PIDTerms= 2.577/ 0.000/-0.135/ 0.000, Output= 0.500(-0.500/0.500)
Auto.Battery_Info: Voltage=12.58V (12.46V)
Auto.Raw Encoder_Info: lf=-62, rf=-1394, lr=0, rr=-2622
Auto.printPidInfo_Info: [6.135] encoderXPidCtrl: Target=  -8.7, Input=   0.0, Error=   0.0, PIDTerms= 0.000/ 0.000/ 0.000/ 0.000, Output= 0.000(-1.000/1.000)
Auto.printPidInfo_Info: [6.135] encoderYPidCtrl: Target= -10.9, Input=   0.0, Error=   0.0, PIDTerms= 0.000/ 0.000/ 0.000/ 0.000, Output= 0.000(-1.000/1.000)
Auto.printPidInfo_Info: [6.135] gyroPidCtrl: Target= 180.0, Input=  47.6, Error= 132.4, PIDTerms= 2.383/ 0.000/-0.189/ 0.000, Output= 0.500(-0.500/0.500)
Auto.Battery_Info: Voltage=12.58V (12.46V)
Auto.Raw Encoder_Info: lf=123, rf=-1589, lr=0, rr=-2807
Auto.printPidInfo_Info: [6.262] encoderXPidCtrl: Target=  -8.7, Input=   0.0, Error=   0.0, PIDTerms= 0.000/ 0.000/ 0.000/ 0.000, Output= 0.000(-1.000/1.000)
Auto.printPidInfo_Info: [6.262] encoderYPidCtrl: Target= -10.9, Input=   0.0, Error=   0.0, PIDTerms= 0.000/ 0.000/ 0.000/ 0.000, Output= 0.000(-1.000/1.000)
Auto.printPidInfo_Info: [6.262] gyroPidCtrl: Target= 180.0, Input=  57.4, Error= 122.6, PIDTerms= 2.208/ 0.000/-0.157/ 0.000, Output= 0.500(-0.500/0.500)
Auto.Battery_Info: Voltage=12.58V (12.46V)
Auto.Raw Encoder_Info: lf=282, rf=-1739, lr=0, rr=-2951
Auto.printPidInfo_Info: [6.395] encoderXPidCtrl: Target=  -8.7, Input=   0.0, Error=   0.0, PIDTerms= 0.000/ 0.000/ 0.000/ 0.000, Output= 0.000(-1.000/1.000)
Auto.printPidInfo_Info: [6.395] encoderYPidCtrl: Target= -10.9, Input=   0.0, Error=   0.0, PIDTerms= 0.000/ 0.000/ 0.000/ 0.000, Output= 0.000(-1.000/1.000)
Auto.printPidInfo_Info: [6.395] gyroPidCtrl: Target= 180.0, Input=  67.4, Error= 112.6, PIDTerms= 2.026/ 0.000/-0.152/ 0.000, Output= 0.500(-0.500/0.500)
Auto.Battery_Info: Voltage=12.57V (12.46V)
Auto.Raw Encoder_Info: lf=458, rf=-1911, lr=0, rr=-3107
Auto.printPidInfo_Info: [6.499] encoderXPidCtrl: Target=  -8.7, Input=   0.0, Error=   0.0, PIDTerms= 0.000/ 0.000/ 0.000/ 0.000, Output= 0.000(-1.000/1.000)
Auto.printPidInfo_Info: [6.499] encoderYPidCtrl: Target= -10.9, Input=   0.0, Error=   0.0, PIDTerms= 0.000/ 0.000/ 0.000/ 0.000, Output= 0.000(-1.000/1.000)
Auto.printPidInfo_Info: [6.499] gyroPidCtrl: Target= 180.0, Input=  80.5, Error=  99.5, PIDTerms= 1.792/ 0.000/-0.244/ 0.000, Output= 0.500(-0.500/0.500)
Auto.Battery_Info: Voltage=12.58V (12.46V)
Auto.Raw Encoder_Info: lf=619, rf=-2077, lr=0, rr=-3268
Auto.printPidInfo_Info: [6.632] encoderXPidCtrl: Target=  -8.7, Input=   0.0, Error=   0.0, PIDTerms= 0.000/ 0.000/ 0.000/ 0.000, Output= 0.000(-1.000/1.000)
Auto.printPidInfo_Info: [6.632] encoderYPidCtrl: Target= -10.9, Input=   0.0, Error=   0.0, PIDTerms= 0.000/ 0.000/ 0.000/ 0.000, Output= 0.000(-1.000/1.000)
Auto.printPidInfo_Info: [6.632] gyroPidCtrl: Target= 180.0, Input=  90.7, Error=  89.3, PIDTerms= 1.607/ 0.000/-0.155/ 0.000, Output= 0.500(-0.500/0.500)
Auto.Battery_Info: Voltage=12.58V (12.46V)
Auto.Raw Encoder_Info: lf=797, rf=-2247, lr=0, rr=-3425
Auto.printPidInfo_Info: [6.762] encoderXPidCtrl: Target=  -8.7, Input=   0.0, Error=   0.0, PIDTerms= 0.000/ 0.000/ 0.000/ 0.000, Output= 0.000(-1.000/1.000)
Auto.printPidInfo_Info: [6.762] encoderYPidCtrl: Target= -10.9, Input=   0.0, Error=   0.0, PIDTerms= 0.000/ 0.000/ 0.000/ 0.000, Output= 0.000(-1.000/1.000)
Auto.printPidInfo_Info: [6.762] gyroPidCtrl: Target= 180.0, Input= 104.2, Error=  75.8, PIDTerms= 1.364/ 0.000/-0.221/ 0.000, Output= 0.500(-0.500/0.500)
Auto.Battery_Info: Voltage=12.58V (12.46V)
Auto.Raw Encoder_Info: lf=1005, rf=-2450, lr=0, rr=-3608
Auto.printPidInfo_Info: [6.871] encoderXPidCtrl: Target=  -8.7, Input=   0.0, Error=   0.0, PIDTerms= 0.000/ 0.000/ 0.000/ 0.000, Output= 0.000(-1.000/1.000)
Auto.printPidInfo_Info: [6.871] encoderYPidCtrl: Target= -10.9, Input=   0.0, Error=   0.0, PIDTerms= 0.000/ 0.000/ 0.000/ 0.000, Output= 0.000(-1.000/1.000)
Auto.printPidInfo_Info: [6.871] gyroPidCtrl: Target= 180.0, Input= 113.8, Error=  66.2, PIDTerms= 1.191/ 0.000/-0.164/ 0.000, Output= 0.500(-0.500/0.500)
Auto.Battery_Info: Voltage=12.56V (12.46V)
Auto.Raw Encoder_Info: lf=1246, rf=-2671, lr=0, rr=-3804
Auto.printPidInfo_Info: [7.021] encoderXPidCtrl: Target=  -8.7, Input=   0.0, Error=   0.0, PIDTerms= 0.000/ 0.000/ 0.000/ 0.000, Output= 0.000(-1.000/1.000)
Auto.printPidInfo_Info: [7.021] encoderYPidCtrl: Target= -10.9, Input=   0.0, Error=   0.0, PIDTerms= 0.000/ 0.000/ 0.000/ 0.000, Output= 0.000(-1.000/1.000)
Auto.printPidInfo_Info: [7.021] gyroPidCtrl: Target= 180.0, Input= 126.4, Error=  53.6, PIDTerms= 0.965/ 0.000/-0.168/ 0.000, Output= 0.500(-0.500/0.500)
Auto.Battery_Info: Voltage=12.56V (12.46V)
Auto.Raw Encoder_Info: lf=1385, rf=-2800, lr=0, rr=-3911
Auto.printPidInfo_Info: [7.176] encoderXPidCtrl: Target=  -8.7, Input=   0.0, Error=   0.0, PIDTerms= 0.000/ 0.000/ 0.000/ 0.000, Output= 0.000(-1.000/1.000)
Auto.printPidInfo_Info: [7.176] encoderYPidCtrl: Target= -10.9, Input=   0.0, Error=   0.0, PIDTerms= 0.000/ 0.000/ 0.000/ 0.000, Output= 0.000(-1.000/1.000)
Auto.printPidInfo_Info: [7.176] gyroPidCtrl: Target= 180.0, Input= 140.1, Error=  39.9, PIDTerms= 0.718/ 0.000/-0.176/ 0.000, Output= 0.500(-0.500/0.500)
Auto.Battery_Info: Voltage=13.00V (12.46V)
Auto.Raw Encoder_Info: lf=1613, rf=-213, lr=0, rr=-4076
Auto.printPidInfo_Info: [7.343] encoderXPidCtrl: Target=  -8.7, Input=   0.0, Error=   0.0, PIDTerms= 0.000/ 0.000/ 0.000/ 0.000, Output= 0.000(-1.000/1.000)
Auto.printPidInfo_Info: [7.343] encoderYPidCtrl: Target= -10.9, Input=   0.0, Error=   0.0, PIDTerms= 0.000/ 0.000/ 0.000/ 0.000, Output= 0.000(-1.000/1.000)
Auto.printPidInfo_Info: [7.343] gyroPidCtrl: Target= 180.0, Input= 155.8, Error=  24.2, PIDTerms= 0.436/ 0.000/-0.283/ 0.000, Output= 0.152(-0.500/0.500)
Auto.Battery_Info: Voltage=13.02V (12.46V)
Auto.Raw Encoder_Info: lf=1661, rf=-249, lr=0, rr=-4096
Auto.printPidInfo_Info: [7.505] encoderXPidCtrl: Target=  -8.7, Input=   0.0, Error=   0.0, PIDTerms= 0.000/ 0.000/ 0.000/ 0.000, Output= 0.000(-1.000/1.000)
Auto.printPidInfo_Info: [7.505] encoderYPidCtrl: Target= -10.9, Input=   0.0, Error=   0.0, PIDTerms= 0.000/ 0.000/ 0.000/ 0.000, Output= 0.000(-1.000/1.000)
Auto.printPidInfo_Info: [7.505] gyroPidCtrl: Target= 180.0, Input= 166.4, Error=  13.6, PIDTerms= 0.245/ 0.000/-0.110/ 0.000, Output= 0.134(-0.500/0.500)
Auto.Battery_Info: Voltage=12.83V (12.46V)
Auto.Raw Encoder_Info: lf=1574, rf=-183, lr=0, rr=-4036
Auto.printPidInfo_Info: [7.652] encoderXPidCtrl: Target=  -8.7, Input=   0.0, Error=   0.0, PIDTerms= 0.000/ 0.000/ 0.000/ 0.000, Output= 0.000(-1.000/1.000)
Auto.printPidInfo_Info: [7.652] encoderYPidCtrl: Target= -10.9, Input=   0.0, Error=   0.0, PIDTerms= 0.000/ 0.000/ 0.000/ 0.000, Output= 0.000(-1.000/1.000)
Auto.printPidInfo_Info: [7.652] gyroPidCtrl: Target= 180.0, Input= 183.3, Error=  -3.3, PIDTerms=-0.059/ 0.000/-0.230/ 0.000, Output=-0.289(-0.500/0.500)
Auto.Battery_Info: Voltage=12.95V (12.46V)
Auto.Raw Encoder_Info: lf=1428, rf=-129, lr=0, rr=-3970
Auto.printPidInfo_Info: [7.795] encoderXPidCtrl: Target=  -8.7, Input=   0.0, Error=   0.0, PIDTerms= 0.000/ 0.000/ 0.000/ 0.000, Output= 0.000(-1.000/1.000)
Auto.printPidInfo_Info: [7.795] encoderYPidCtrl: Target= -10.9, Input=   0.0, Error=   0.0, PIDTerms= 0.000/ 0.000/ 0.000/ 0.000, Output= 0.000(-1.000/1.000)
Auto.printPidInfo_Info: [7.795] gyroPidCtrl: Target= 180.0, Input= 188.0, Error=  -8.0, PIDTerms=-0.144/ 0.000/-0.062/ 0.000, Output=-0.206(-0.500/0.500)
Auto.Battery_Info: Voltage=12.99V (12.46V)
Auto.Raw Encoder_Info: lf=1306, rf=-106, lr=0, rr=-3936
Auto.printPidInfo_Info: [7.960] encoderXPidCtrl: Target=  -8.7, Input=   0.0, Error=   0.0, PIDTerms= 0.000/ 0.000/ 0.000/ 0.000, Output= 0.000(-1.000/1.000)
Auto.printPidInfo_Info: [7.960] encoderYPidCtrl: Target= -10.9, Input=   0.0, Error=   0.0, PIDTerms= 0.000/ 0.000/ 0.000/ 0.000, Output= 0.000(-1.000/1.000)
Auto.printPidInfo_Info: [7.960] gyroPidCtrl: Target= 180.0, Input= 188.5, Error=  -8.5, PIDTerms=-0.153/ 0.000/-0.007/ 0.000, Output=-0.160(-0.500/0.500)
Auto.Battery_Info: Voltage=13.09V (12.46V)
Auto.Raw Encoder_Info: lf=1305, rf=-103, lr=0, rr=-3934
Auto.printPidInfo_Info: [8.086] encoderXPidCtrl: Target=  -8.7, Input=   0.0, Error=   0.0, PIDTerms= 0.000/ 0.000/ 0.000/ 0.000, Output= 0.000(-1.000/1.000)
Auto.printPidInfo_Info: [8.086] encoderYPidCtrl: Target= -10.9, Input=   0.0, Error=   0.0, PIDTerms= 0.000/ 0.000/ 0.000/ 0.000, Output= 0.000(-1.000/1.000)
Auto.printPidInfo_Info: [8.086] gyroPidCtrl: Target= 180.0, Input= 184.5, Error=  -4.5, PIDTerms=-0.082/ 0.000/ 0.056/ 0.000, Output=-0.025(-0.500/0.500)
Auto.Robot_Info: [8.251] >>>>> BACK_UP_A_LITTLE: xPos= -9.04/  0.00,yPos=-11.33/  0.00,heading= 181.6/ 180.0,volt=12.76V(12.46V)
Auto.CmdAutoFull_Info: Aligning with MR Range sensors.
Auto.CmdAutoFull_Info: Dist. to wall: 12.20, Target inches: 32.50, Adj. inches: -20.30
Auto.Robot_Info: [8.605] >>>>> ALIGN_CRYPTOBOX: xPos= -9.41/ 32.50,yPos=-12.91/  0.00,heading= 181.1/ 180.0,volt=13.10V(12.46V)
Auto.Battery_Info: Voltage=13.10V (12.46V)
Auto.Raw Encoder_Info: lf=1134, rf=-303, lr=0, rr=-4153
Auto.printPidInfo_Info: [8.605] encoderXPidCtrl: Target= -29.7, Input=   0.0, Error= -20.3, PIDTerms= 0.000/ 0.000/ 0.000/ 0.000, Output= 0.000(-1.000/1.000)
Auto.printPidInfo_Info: [8.605] encoderYPidCtrl: Target= -12.9, Input=   0.0, Error=   0.0, PIDTerms= 0.000/ 0.000/ 0.000/ 0.000, Output= 0.000(-1.000/1.000)
Auto.printPidInfo_Info: [8.605] gyroPidCtrl: Target= 180.0, Input= 182.5, Error=  -1.1, PIDTerms=-0.044/ 0.000/ 0.029/ 0.000, Output= 0.000(-0.500/0.500)
Auto.Battery_Info: Voltage=11.56V (11.56V)
Auto.Raw Encoder_Info: lf=883, rf=-99, lr=0, rr=-4329
Auto.printPidInfo_Info: [8.826] encoderXPidCtrl: Target= -29.7, Input=  -9.4, Error= -20.3, PIDTerms=-3.044/ 0.000/-0.000/-0.000, Output=-1.000(-1.000/1.000)
Auto.printPidInfo_Info: [8.826] encoderYPidCtrl: Target= -12.9, Input= -12.9, Error=   0.0, PIDTerms= 0.000/ 0.000/ 0.000/-0.000, Output= 0.000(-1.000/1.000)
Auto.printPidInfo_Info: [8.826] gyroPidCtrl: Target= 180.0, Input= 181.1, Error=  -1.1, PIDTerms=-0.020/ 0.000/ 0.000/ 0.000, Output=-0.020(-0.500/0.500)
Auto.Battery_Info: Voltage=11.72V (11.56V)
Auto.Raw Encoder_Info: lf=645, rf=102, lr=0, rr=-4525
Auto.printPidInfo_Info: [8.984] encoderXPidCtrl: Target= -29.7, Input= -10.4, Error= -19.4, PIDTerms=-2.903/ 0.000/ 0.080/-0.000, Output=-1.000(-1.000/1.000)
Auto.printPidInfo_Info: [8.984] encoderYPidCtrl: Target= -12.9, Input= -14.0, Error=   1.1, PIDTerms= 0.023/ 0.000/ 0.014/-0.000, Output= 0.037(-1.000/1.000)
Auto.printPidInfo_Info: [8.984] gyroPidCtrl: Target= 180.0, Input= 181.0, Error=  -1.0, PIDTerms=-0.018/ 0.000/ 0.001/ 0.000, Output=-0.016(-0.500/0.500)
Auto.Battery_Info: Voltage=11.82V (11.56V)
Auto.Raw Encoder_Info: lf=304, rf=451, lr=0, rr=-4723
Auto.printPidInfo_Info: [9.119] encoderXPidCtrl: Target= -29.7, Input= -12.9, Error= -16.8, PIDTerms=-2.519/ 0.000/ 0.301/-0.000, Output=-1.000(-1.000/1.000)
Auto.printPidInfo_Info: [9.119] encoderYPidCtrl: Target= -12.9, Input= -15.1, Error=   2.2, PIDTerms= 0.043/ 0.000/ 0.018/-0.000, Output= 0.061(-1.000/1.000)
Auto.printPidInfo_Info: [9.119] gyroPidCtrl: Target= 180.0, Input= 181.3, Error=  -1.3, PIDTerms=-0.023/ 0.000/-0.004/ 0.000, Output=-0.027(-0.500/0.500)
Auto.Battery_Info: Voltage=11.76V (11.56V)
Auto.Raw Encoder_Info: lf=-54, rf=851, lr=0, rr=-4984
Auto.printPidInfo_Info: [9.348] encoderXPidCtrl: Target= -29.7, Input= -15.4, Error= -14.3, PIDTerms=-2.152/ 0.000/ 0.213/-0.000, Output=-1.000(-1.000/1.000)
Auto.printPidInfo_Info: [9.348] encoderYPidCtrl: Target= -12.9, Input= -16.0, Error=   3.0, PIDTerms= 0.061/ 0.000/ 0.011/-0.000, Output= 0.072(-1.000/1.000)
Auto.printPidInfo_Info: [9.348] gyroPidCtrl: Target= 180.0, Input= 179.6, Error=   0.4, PIDTerms= 0.007/ 0.000/ 0.019/ 0.000, Output= 0.026(-0.500/0.500)
Auto.Battery_Info: Voltage=12.08V (11.56V)
Auto.Raw Encoder_Info: lf=-231, rf=1036, lr=0, rr=-5189
Auto.printPidInfo_Info: [9.494] encoderXPidCtrl: Target= -29.7, Input= -19.4, Error= -10.3, PIDTerms=-1.551/ 0.000/ 0.283/-0.000, Output=-1.000(-1.000/1.000)
Auto.printPidInfo_Info: [9.494] encoderYPidCtrl: Target= -12.9, Input= -16.8, Error=   3.9, PIDTerms= 0.078/ 0.000/ 0.009/-0.000, Output= 0.087(-1.000/1.000)
Auto.printPidInfo_Info: [9.494] gyroPidCtrl: Target= 180.0, Input= 173.7, Error=   6.3, PIDTerms= 0.113/ 0.000/ 0.055/ 0.000, Output= 0.168(-0.500/0.500)
Auto.Battery_Info: Voltage=12.35V (11.56V)
Auto.Raw Encoder_Info: lf=-333, rf=1166, lr=0, rr=-5412
Auto.printPidInfo_Info: [9.620] encoderXPidCtrl: Target= -29.7, Input= -21.8, Error=  -7.9, PIDTerms=-1.188/ 0.000/ 0.290/-0.000, Output=-0.898(-1.000/1.000)
Auto.printPidInfo_Info: [9.620] encoderYPidCtrl: Target= -12.9, Input= -17.6, Error=   4.7, PIDTerms= 0.093/ 0.000/ 0.013/-0.000, Output= 0.107(-1.000/1.000)
Auto.printPidInfo_Info: [9.620] gyroPidCtrl: Target= 180.0, Input= 163.3, Error=  16.7, PIDTerms= 0.300/ 0.000/ 0.166/ 0.000, Output= 0.467(-0.500/0.500)
Auto.Battery_Info: Voltage=12.35V (11.56V)
Auto.Raw Encoder_Info: lf=-363, rf=1256, lr=0, rr=-5644
Auto.printPidInfo_Info: [9.748] encoderXPidCtrl: Target= -29.7, Input= -23.8, Error=  -5.9, PIDTerms=-0.887/ 0.000/ 0.252/-0.000, Output=-0.635(-1.000/1.000)
Auto.printPidInfo_Info: [9.748] encoderYPidCtrl: Target= -12.9, Input= -18.4, Error=   5.5, PIDTerms= 0.111/ 0.000/ 0.016/-0.000, Output= 0.127(-1.000/1.000)
Auto.printPidInfo_Info: [9.748] gyroPidCtrl: Target= 180.0, Input= 162.6, Error=  17.4, PIDTerms= 0.313/ 0.000/ 0.012/ 0.000, Output= 0.325(-0.500/0.500)
Auto.Battery_Info: Voltage=12.50V (11.56V)
Auto.Raw Encoder_Info: lf=-364, rf=1332, lr=0, rr=-5914
Auto.printPidInfo_Info: [9.900] encoderXPidCtrl: Target= -29.7, Input= -25.3, Error=  -4.4, PIDTerms=-0.660/ 0.000/ 0.165/-0.000, Output=-0.495(-1.000/1.000)
Auto.printPidInfo_Info: [9.900] encoderYPidCtrl: Target= -12.9, Input= -19.3, Error=   6.4, PIDTerms= 0.127/ 0.000/ 0.013/-0.000, Output= 0.141(-1.000/1.000)
Auto.printPidInfo_Info: [9.900] gyroPidCtrl: Target= 180.0, Input= 165.4, Error=  14.6, PIDTerms= 0.262/ 0.000/-0.041/ 0.000, Output= 0.221(-0.500/0.500)
Auto.Battery_Info: Voltage=12.68V (11.56V)
Auto.Raw Encoder_Info: lf=-364, rf=1385, lr=0, rr=-6046
Auto.printPidInfo_Info: [10.048] encoderXPidCtrl: Target= -29.7, Input= -26.6, Error=  -3.1, PIDTerms=-0.466/ 0.000/ 0.113/-0.000, Output=-0.353(-1.000/1.000)
Auto.printPidInfo_Info: [10.048] encoderYPidCtrl: Target= -12.9, Input= -20.1, Error=   7.2, PIDTerms= 0.144/ 0.000/ 0.011/-0.000, Output= 0.155(-1.000/1.000)
Auto.printPidInfo_Info: [10.048] gyroPidCtrl: Target= 180.0, Input= 171.4, Error=   8.6, PIDTerms= 0.154/ 0.000/-0.069/ 0.000, Output= 0.085(-0.500/0.500)
Auto.Battery_Info: Voltage=12.70V (11.56V)
Auto.Raw Encoder_Info: lf=-381, rf=1463, lr=0, rr=-6040
Auto.printPidInfo_Info: [10.181] encoderXPidCtrl: Target= -29.7, Input= -27.5, Error=  -2.2, PIDTerms=-0.327/ 0.000/ 0.113/-0.000, Output=-0.214(-1.000/1.000)
Auto.printPidInfo_Info: [10.181] encoderYPidCtrl: Target= -12.9, Input= -20.7, Error=   7.8, PIDTerms= 0.156/ 0.000/ 0.010/-0.000, Output= 0.166(-1.000/1.000)
Auto.printPidInfo_Info: [10.181] gyroPidCtrl: Target= 180.0, Input= 182.2, Error=  -2.2, PIDTerms=-0.039/ 0.000/-0.175/ 0.000, Output=-0.214(-0.500/0.500)
Auto.Battery_Info: Voltage=12.74V (11.56V)
Auto.Raw Encoder_Info: lf=-434, rf=1616, lr=0, rr=-5940
Auto.printPidInfo_Info: [10.308] encoderXPidCtrl: Target= -29.7, Input= -28.1, Error=  -1.7, PIDTerms=-0.248/ 0.000/ 0.067/-0.000, Output=-0.181(-1.000/1.000)
Auto.printPidInfo_Info: [10.308] encoderYPidCtrl: Target= -12.9, Input= -20.8, Error=   7.9, PIDTerms= 0.158/ 0.000/ 0.002/-0.000, Output= 0.160(-1.000/1.000)
Auto.printPidInfo_Info: [10.308] gyroPidCtrl: Target= 180.0, Input= 188.6, Error=  -8.6, PIDTerms=-0.155/ 0.000/-0.110/ 0.000, Output=-0.265(-0.500/0.500)
Auto.Battery_Info: Voltage=12.79V (11.56V)
Auto.Raw Encoder_Info: lf=-523, rf=1883, lr=0, rr=-5780
Auto.printPidInfo_Info: [10.459] encoderXPidCtrl: Target= -29.7, Input= -28.4, Error=  -1.3, PIDTerms=-0.197/ 0.000/ 0.036/-0.000, Output=-0.161(-1.000/1.000)
Auto.printPidInfo_Info: [10.459] encoderYPidCtrl: Target= -12.9, Input= -20.2, Error=   7.3, PIDTerms= 0.146/ 0.000/-0.009/-0.000, Output= 0.136(-1.000/1.000)
Auto.printPidInfo_Info: [10.459] gyroPidCtrl: Target= 180.0, Input= 191.8, Error= -11.8, PIDTerms=-0.212/ 0.000/-0.044/ 0.000, Output=-0.256(-0.500/0.500)
Auto.Battery_Info: Voltage=12.94V (11.56V)
Auto.Raw Encoder_Info: lf=-554, rf=2028, lr=0, rr=-5690
Auto.printPidInfo_Info: [10.633] encoderXPidCtrl: Target= -29.7, Input= -28.9, Error=  -0.8, PIDTerms=-0.126/ 0.000/ 0.036/-0.000, Output=-0.090(-1.000/1.000)
Auto.printPidInfo_Info: [10.633] encoderYPidCtrl: Target= -12.9, Input= -19.1, Error=   6.2, PIDTerms= 0.125/ 0.000/-0.012/-0.000, Output= 0.113(-1.000/1.000)
Auto.printPidInfo_Info: [10.633] gyroPidCtrl: Target= 180.0, Input= 188.7, Error=  -8.7, PIDTerms=-0.157/ 0.000/ 0.031/ 0.000, Output=-0.126(-0.500/0.500)
Auto.Battery_Info: Voltage=12.98V (11.56V)
Auto.Raw Encoder_Info: lf=-473, rf=2057, lr=0, rr=-5664
Auto.printPidInfo_Info: [10.758] encoderXPidCtrl: Target= -29.7, Input= -29.4, Error=  -0.3, PIDTerms=-0.040/ 0.000/ 0.065/-0.000, Output= 0.025(-1.000/1.000)
Auto.printPidInfo_Info: [10.758] encoderYPidCtrl: Target= -12.9, Input= -18.0, Error=   5.1, PIDTerms= 0.101/ 0.000/-0.020/-0.000, Output= 0.082(-1.000/1.000)
Auto.printPidInfo_Info: [10.758] gyroPidCtrl: Target= 180.0, Input= 179.8, Error=   0.2, PIDTerms= 0.003/ 0.000/ 0.135/ 0.000, Output= 0.138(-0.500/0.500)
Auto.Robot_Info: [10.917] >>>>> SET_DOWN_GLYPH: xPos=-29.20/ 32.50,yPos=-16.78/  0.00,heading= 171.6/ 180.0,volt=13.05V(11.56V)
Auto.Robot_Info: [13.047] >>>>> RELEASE_GLYPH: xPos=-29.18/ 32.50,yPos=-16.76/  0.00,heading= 173.9/ 180.0,volt=13.08V(11.56V)
Auto.Robot_Info: [13.615] >>>>> PUSH_FORWARD: xPos=-29.18/  0.00,yPos=-16.76/ 15.00,heading= 173.8/ 180.0,volt=13.16V(11.56V)
Auto.Battery_Info: Voltage=13.16V (11.56V)
Auto.Raw Encoder_Info: lf=-442, rf=2058, lr=0, rr=-5658
Auto.printPidInfo_Info: [13.615] encoderXPidCtrl: Target= -29.2, Input= -29.6, Error=   0.0, PIDTerms=-0.016/ 0.000/ 0.018/-0.000, Output= 0.000(-1.000/1.000)
Auto.printPidInfo_Info: [13.615] encoderYPidCtrl: Target=  -1.8, Input= -17.3, Error=  15.0, PIDTerms= 0.087/ 0.000/-0.011/-0.000, Output= 0.000(-1.000/1.000)
Auto.printPidInfo_Info: [13.615] gyroPidCtrl: Target= 180.0, Input= 174.5, Error=   6.2, PIDTerms= 0.100/ 0.000/ 0.079/ 0.000, Output= 0.000(-0.500/0.500)
Auto.Battery_Info: Voltage=12.88V (11.56V)
Auto.Raw Encoder_Info: lf=-394, rf=2097, lr=0, rr=-5626
Auto.printPidInfo_Info: [13.781] encoderXPidCtrl: Target= -29.2, Input= -29.2, Error=   0.0, PIDTerms= 0.000/ 0.000/ 0.000/-0.000, Output= 0.000(-1.000/1.000)
Auto.printPidInfo_Info: [13.781] encoderYPidCtrl: Target=  -1.8, Input= -16.8, Error=  15.0, PIDTerms= 0.300/ 0.000/ 0.000/-0.000, Output= 0.300(-1.000/1.000)
Auto.printPidInfo_Info: [13.781] gyroPidCtrl: Target= 180.0, Input= 173.8, Error=   6.2, PIDTerms= 0.112/ 0.000/ 0.000/ 0.000, Output= 0.112(-0.500/0.500)
Auto.Battery_Info: Voltage=12.90V (11.56V)
Auto.Raw Encoder_Info: lf=-309, rf=2148, lr=0, rr=-5568
Auto.printPidInfo_Info: [13.894] encoderXPidCtrl: Target= -29.2, Input= -29.2, Error=  -0.0, PIDTerms=-0.004/ 0.000/-0.003/-0.000, Output=-0.007(-1.000/1.000)
Auto.printPidInfo_Info: [13.894] encoderYPidCtrl: Target=  -1.8, Input= -16.6, Error=  14.9, PIDTerms= 0.298/ 0.000/-0.002/-0.000, Output= 0.296(-1.000/1.000)
Auto.printPidInfo_Info: [13.894] gyroPidCtrl: Target= 180.0, Input= 173.8, Error=   6.2, PIDTerms= 0.112/ 0.000/ 0.000/ 0.000, Output= 0.112(-0.500/0.500)
Auto.Battery_Info: Voltage=12.94V (11.56V)
Auto.Raw Encoder_Info: lf=-167, rf=2251, lr=0, rr=-5475
Auto.printPidInfo_Info: [14.042] encoderXPidCtrl: Target= -29.2, Input= -28.9, Error=  -0.2, PIDTerms=-0.037/ 0.000/-0.023/-0.000, Output=-0.060(-1.000/1.000)
Auto.printPidInfo_Info: [14.042] encoderYPidCtrl: Target=  -1.8, Input= -16.0, Error=  14.3, PIDTerms= 0.286/ 0.000/-0.009/-0.000, Output= 0.277(-1.000/1.000)
Auto.printPidInfo_Info: [14.042] gyroPidCtrl: Target= 180.0, Input= 174.3, Error=   5.7, PIDTerms= 0.103/ 0.000/-0.006/ 0.000, Output= 0.097(-0.500/0.500)
Auto.Battery_Info: Voltage=12.81V (11.56V)
Auto.Raw Encoder_Info: lf=-114, rf=2312, lr=0, rr=-5415
Auto.printPidInfo_Info: [14.195] encoderXPidCtrl: Target= -29.2, Input= -28.5, Error=  -0.7, PIDTerms=-0.102/ 0.000/-0.044/-0.000, Output=-0.146(-1.000/1.000)
Auto.printPidInfo_Info: [14.195] encoderYPidCtrl: Target=  -1.8, Input= -14.9, Error=  13.2, PIDTerms= 0.263/ 0.000/-0.017/-0.000, Output= 0.247(-1.000/1.000)
Auto.printPidInfo_Info: [14.195] gyroPidCtrl: Target= 180.0, Input= 175.7, Error=   4.3, PIDTerms= 0.078/ 0.000/-0.019/ 0.000, Output= 0.059(-0.500/0.500)
Auto.Battery_Info: Voltage=12.68V (11.56V)
Auto.Raw Encoder_Info: lf=-112, rf=2313, lr=0, rr=-5415
Auto.printPidInfo_Info: [14.346] encoderXPidCtrl: Target= -29.2, Input= -28.1, Error=  -1.1, PIDTerms=-0.159/ 0.000/-0.041/-0.000, Output=-0.200(-1.000/1.000)
Auto.printPidInfo_Info: [14.346] encoderYPidCtrl: Target=  -1.8, Input= -13.6, Error=  11.9, PIDTerms= 0.238/ 0.000/-0.020/-0.000, Output= 0.218(-1.000/1.000)
Auto.printPidInfo_Info: [14.346] gyroPidCtrl: Target= 180.0, Input= 177.0, Error=   3.0, PIDTerms= 0.053/ 0.000/-0.020/ 0.000, Output= 0.034(-0.500/0.500)
Auto.Battery_Info: Voltage=12.73V (11.56V)
Auto.Raw Encoder_Info: lf=-112, rf=2313, lr=0, rr=-5415
Auto.printPidInfo_Info: [14.491] encoderXPidCtrl: Target= -29.2, Input= -28.0, Error=  -1.1, PIDTerms=-0.171/ 0.000/-0.007/-0.000, Output=-0.178(-1.000/1.000)
Auto.printPidInfo_Info: [14.491] encoderYPidCtrl: Target=  -1.8, Input= -13.3, Error=  11.6, PIDTerms= 0.231/ 0.000/-0.005/-0.000, Output= 0.227(-1.000/1.000)
Auto.printPidInfo_Info: [14.491] gyroPidCtrl: Target= 180.0, Input= 177.2, Error=   2.8, PIDTerms= 0.050/ 0.000/-0.002/ 0.000, Output= 0.047(-0.500/0.500)
Auto.Battery_Info: Voltage=12.70V (11.56V)
Auto.Raw Encoder_Info: lf=-112, rf=2315, lr=0, rr=-5415
Auto.printPidInfo_Info: [14.643] encoderXPidCtrl: Target= -29.2, Input= -28.0, Error=  -1.1, PIDTerms=-0.171/ 0.000/ 0.000/-0.000, Output=-0.171(-1.000/1.000)
Auto.printPidInfo_Info: [14.643] encoderYPidCtrl: Target=  -1.8, Input= -13.3, Error=  11.6, PIDTerms= 0.231/ 0.000/ 0.000/-0.000, Output= 0.231(-1.000/1.000)
Auto.printPidInfo_Info: [14.643] gyroPidCtrl: Target= 180.0, Input= 177.2, Error=   2.8, PIDTerms= 0.050/ 0.000/ 0.000/ 0.000, Output= 0.051(-0.500/0.500)
Auto.Battery_Info: Voltage=12.70V (11.56V)
Auto.Raw Encoder_Info: lf=-112, rf=2315, lr=0, rr=-5415
Auto.printPidInfo_Info: [14.774] encoderXPidCtrl: Target= -29.2, Input= -28.1, Error=  -1.1, PIDTerms=-0.170/ 0.000/ 0.001/-0.000, Output=-0.169(-1.000/1.000)
Auto.printPidInfo_Info: [14.774] encoderYPidCtrl: Target=  -1.8, Input= -13.3, Error=  11.6, PIDTerms= 0.231/ 0.000/-0.000/-0.000, Output= 0.231(-1.000/1.000)
Auto.printPidInfo_Info: [14.774] gyroPidCtrl: Target= 180.0, Input= 177.2, Error=   2.8, PIDTerms= 0.050/ 0.000/ 0.000/ 0.000, Output= 0.050(-0.500/0.500)
Auto.Battery_Info: Voltage=12.70V (11.56V)
Auto.Raw Encoder_Info: lf=-112, rf=2315, lr=0, rr=-5415
Auto.printPidInfo_Info: [14.945] encoderXPidCtrl: Target= -29.2, Input= -28.1, Error=  -1.1, PIDTerms=-0.170/ 0.000/ 0.000/-0.000, Output=-0.170(-1.000/1.000)
Auto.printPidInfo_Info: [14.945] encoderYPidCtrl: Target=  -1.8, Input= -13.3, Error=  11.6, PIDTerms= 0.231/ 0.000/ 0.000/-0.000, Output= 0.231(-1.000/1.000)
Auto.printPidInfo_Info: [14.945] gyroPidCtrl: Target= 180.0, Input= 177.2, Error=   2.8, PIDTerms= 0.050/ 0.000/-0.000/ 0.000, Output= 0.050(-0.500/0.500)
Auto.Robot_Info: [15.113] >>>>> BACK_OFF: xPos=-28.04/  0.00,yPos=-13.32/ -7.50,heading= 177.2/ 180.0,volt=13.12V(11.56V)
Auto.Battery_Info: Voltage=13.12V (11.56V)
Auto.Raw Encoder_Info: lf=-118, rf=2308, lr=0, rr=-5417
Auto.printPidInfo_Info: [15.113] encoderXPidCtrl: Target= -28.0, Input= -28.1, Error=   0.0, PIDTerms=-0.170/ 0.000/ 0.000/-0.000, Output= 0.000(-1.000/1.000)
Auto.printPidInfo_Info: [15.113] encoderYPidCtrl: Target= -20.8, Input= -13.3, Error=  -7.5, PIDTerms= 0.231/ 0.000/ 0.000/-0.000, Output= 0.000(-1.000/1.000)
Auto.printPidInfo_Info: [15.113] gyroPidCtrl: Target= 180.0, Input= 177.2, Error=   2.8, PIDTerms= 0.050/ 0.000/ 0.000/ 0.000, Output= 0.000(-0.500/0.500)
Auto.Battery_Info: Voltage=13.06V (11.56V)
Auto.Raw Encoder_Info: lf=-156, rf=2239, lr=0, rr=-5490
Auto.printPidInfo_Info: [15.247] encoderXPidCtrl: Target= -28.0, Input= -28.0, Error=   0.0, PIDTerms= 0.000/ 0.000/ 0.000/-0.000, Output= 0.000(-1.000/1.000)
Auto.printPidInfo_Info: [15.247] encoderYPidCtrl: Target= -20.8, Input= -13.3, Error=  -7.5, PIDTerms=-0.150/ 0.000/ 0.000/-0.000, Output=-0.150(-1.000/1.000)
Auto.printPidInfo_Info: [15.247] gyroPidCtrl: Target= 180.0, Input= 177.2, Error=   2.8, PIDTerms= 0.050/ 0.000/ 0.000/ 0.000, Output= 0.050(-0.500/0.500)
Auto.Battery_Info: Voltage=13.05V (11.56V)
Auto.Raw Encoder_Info: lf=-215, rf=2185, lr=0, rr=-5538
Auto.printPidInfo_Info: [15.385] encoderXPidCtrl: Target= -28.0, Input= -28.1, Error=   0.0, PIDTerms= 0.004/ 0.000/ 0.003/-0.000, Output= 0.007(-1.000/1.000)
Auto.printPidInfo_Info: [15.385] encoderYPidCtrl: Target= -20.8, Input= -13.5, Error=  -7.3, PIDTerms=-0.147/ 0.000/ 0.003/-0.000, Output=-0.144(-1.000/1.000)
Auto.printPidInfo_Info: [15.385] gyroPidCtrl: Target= 180.0, Input= 177.2, Error=   2.8, PIDTerms= 0.050/ 0.000/-0.000/ 0.000, Output= 0.049(-0.500/0.500)
Auto.Battery_Info: Voltage=13.07V (11.56V)
Auto.Raw Encoder_Info: lf=-251, rf=2125, lr=0, rr=-5587
Auto.printPidInfo_Info: [15.538] encoderXPidCtrl: Target= -28.0, Input= -28.3, Error=   0.2, PIDTerms= 0.036/ 0.000/ 0.023/-0.000, Output= 0.059(-1.000/1.000)
Auto.printPidInfo_Info: [15.538] encoderYPidCtrl: Target= -20.8, Input= -14.4, Error=  -6.5, PIDTerms=-0.129/ 0.000/ 0.014/-0.000, Output=-0.115(-1.000/1.000)
Auto.printPidInfo_Info: [15.538] gyroPidCtrl: Target= 180.0, Input= 177.1, Error=   2.9, PIDTerms= 0.051/ 0.000/ 0.001/ 0.000, Output= 0.053(-0.500/0.500)
Auto.Battery_Info: Voltage=13.08V (11.56V)
Auto.Raw Encoder_Info: lf=-274, rf=2078, lr=0, rr=-5626
Auto.printPidInfo_Info: [15.690] encoderXPidCtrl: Target= -28.0, Input= -28.5, Error=   0.4, PIDTerms= 0.062/ 0.000/ 0.016/-0.000, Output= 0.078(-1.000/1.000)
Auto.printPidInfo_Info: [15.690] encoderYPidCtrl: Target= -20.8, Input= -15.1, Error=  -5.7, PIDTerms=-0.114/ 0.000/ 0.010/-0.000, Output=-0.104(-1.000/1.000)
Auto.printPidInfo_Info: [15.690] gyroPidCtrl: Target= 180.0, Input= 177.4, Error=   2.6, PIDTerms= 0.046/ 0.000/-0.004/ 0.000, Output= 0.042(-0.500/0.500)
Auto.Battery_Info: Voltage=13.08V (11.56V)
Auto.Raw Encoder_Info: lf=-292, rf=2050, lr=0, rr=-5650
Auto.printPidInfo_Info: [15.801] encoderXPidCtrl: Target= -28.0, Input= -28.5, Error=   0.5, PIDTerms= 0.070/ 0.000/ 0.006/-0.000, Output= 0.077(-1.000/1.000)
Auto.printPidInfo_Info: [15.801] encoderYPidCtrl: Target= -20.8, Input= -15.6, Error=  -5.2, PIDTerms=-0.104/ 0.000/ 0.009/-0.000, Output=-0.095(-1.000/1.000)
Auto.printPidInfo_Info: [15.801] gyroPidCtrl: Target= 180.0, Input= 177.5, Error=   2.5, PIDTerms= 0.044/ 0.000/-0.002/ 0.000, Output= 0.043(-0.500/0.500)
Auto.Battery_Info: Voltage=13.09V (11.56V)
Auto.Raw Encoder_Info: lf=-305, rf=2031, lr=0, rr=-5656
Auto.printPidInfo_Info: [15.926] encoderXPidCtrl: Target= -28.0, Input= -28.6, Error=   0.5, PIDTerms= 0.076/ 0.000/ 0.005/-0.000, Output= 0.081(-1.000/1.000)
Auto.printPidInfo_Info: [15.926] encoderYPidCtrl: Target= -20.8, Input= -16.0, Error=  -4.9, PIDTerms=-0.097/ 0.000/ 0.006/-0.000, Output=-0.091(-1.000/1.000)
Auto.printPidInfo_Info: [15.926] gyroPidCtrl: Target= 180.0, Input= 177.9, Error=   2.1, PIDTerms= 0.038/ 0.000/-0.005/ 0.000, Output= 0.033(-0.500/0.500)
Auto.Battery_Info: Voltage=13.07V (11.56V)
Auto.Raw Encoder_Info: lf=-309, rf=2018, lr=0, rr=-5656
Auto.printPidInfo_Info: [16.070] encoderXPidCtrl: Target= -28.0, Input= -28.6, Error=   0.6, PIDTerms= 0.083/ 0.000/ 0.005/-0.000, Output= 0.088(-1.000/1.000)
Auto.printPidInfo_Info: [16.070] encoderYPidCtrl: Target= -20.8, Input= -16.2, Error=  -4.6, PIDTerms=-0.092/ 0.000/ 0.005/-0.000, Output=-0.087(-1.000/1.000)
Auto.printPidInfo_Info: [16.070] gyroPidCtrl: Target= 180.0, Input= 178.2, Error=   1.8, PIDTerms= 0.032/ 0.000/-0.006/ 0.000, Output= 0.025(-0.500/0.500)
Auto.Robot_Info: [16.234] >>>>> DONE: xPos=-28.55/  0.00,yPos=-16.37/ -7.50,heading= 178.6/ 180.0,volt=13.15V(11.56V)
Auto.FtcOpMode_Info:             Auto: Periodic=0.000002, Continuous=0.007932, SDK=0.000402
Auto.TaskPerformance_Info:     TrcDriveBase: PrePeriodic=NaN, PostPeriodic=NaN, PreContinuous=0.048918, PostContinous=NaN
Auto.TaskPerformance_Info:    elevatorMotor: PrePeriodic=NaN, PostPeriodic=NaN, PreContinuous=0.005143, PostContinous=NaN
Auto.TaskPerformance_Info:    relicArmElbow: PrePeriodic=NaN, PostPeriodic=NaN, PreContinuous=0.005239, PostContinous=NaN
