Test.FtcAuto_Info: Sun Dec 03 13:10:52 PST 2017: ***** Starting autonomous *****
Test.Robot_Info: ========== [0.106] DEPLOY_JEWEL_ARM: xPos=  0.00/  0.00,yPos=  0.00/  0.00,heading=   0.1/   0.0,volt=13.35V(13.35V)
Test.WHACK_JEWEL_Info: VuMark: CENTER
Test.WHACK_JEWEL_Info: 0: Color=RED, HSV=[5.454545/0.443548/0.486275]
Test.Robot_Info: ========== [0.683] WHACK_JEWEL: xPos=  0.00/  0.00,yPos=  0.00/  0.00,heading=   0.1/   0.0,volt=13.30V(13.26V)
Test.Robot_Info: ========== [1.262] MOVE_JEWEL_ARM_UP: xPos=  0.00/  0.00,yPos=  0.00/  0.00,heading=   0.1/   0.0,volt=13.30V(13.26V)
Test.Robot_Info: ========== [1.685] RESET_JEWEL_ARM: xPos=  0.00/  0.00,yPos=  0.00/  0.00,heading=   0.1/   0.0,volt=13.33V(13.26V)
Test.DO_DELAY_Info: Delay=0
Test.Robot_Info: ========== [2.077] DO_DELAY: xPos=  0.00/  0.00,yPos=  0.00/  0.00,heading=   0.1/   0.0,volt=13.34V(13.26V)
Test.Robot_Info: ========== [2.158] GRAB_LIFT_GLYPH: xPos=  0.00/  0.00,yPos=  0.00/  0.00,heading=   0.2/   0.0,volt=13.34V(13.26V)
Test.Robot_Info: ========== [4.358] DRIVE_OFF_PLATFORM: xPos=  0.00/  0.00,yPos=  0.00/  0.00,heading=   0.1/   0.0,volt=12.20V(12.76V)
Test.Robot_Info: ========== [5.158] DRIVE_TO_WALL: xPos= -0.36/  0.00,yPos=-15.95/  0.00,heading=  -1.9/   0.0,volt=13.19V(12.30V)
Test.Robot_Info: ========== [5.294] TURN_TO_CRYPTOBOX: xPos= -0.36/  0.00,yPos=-20.45/  0.00,heading=  -1.6/ 180.0,volt=13.22V(12.30V)
Test.Battery_Info: Voltage=13.21V (12.30V)
Test.printPidInfo_Info: encoderXPidCtrl: Target=  -0.4, Input=   0.0, Error=   0.0, PIDTerms= 0.000/ 0.000/ 0.000/ 0.000, Output= 0.000(-1.000/1.000)
Test.printPidInfo_Info: encoderYPidCtrl: Target= -20.4, Input=   0.0, Error=   0.0, PIDTerms= 0.000/ 0.000/ 0.000/ 0.000, Output= 0.000(-1.000/1.000)
Test.printPidInfo_Info: gyroPidCtrl: Target= 180.0, Input=   0.0, Error= 181.6, PIDTerms= 0.000/ 0.000/ 0.000/ 0.000, Output= 0.000(-0.500/0.500)
Test.Battery_Info: Voltage=12.52V (12.30V)
Test.printPidInfo_Info: encoderXPidCtrl: Target=  -0.4, Input=   0.0, Error=   0.0, PIDTerms= 0.000/ 0.000/ 0.000/ 0.000, Output= 0.000(-1.000/1.000)
Test.printPidInfo_Info: encoderYPidCtrl: Target= -20.4, Input=   0.0, Error=   0.0, PIDTerms= 0.000/ 0.000/ 0.000/ 0.000, Output= 0.000(-1.000/1.000)
Test.printPidInfo_Info: gyroPidCtrl: Target= 180.0, Input=  -1.6, Error= 181.6, PIDTerms= 3.269/ 0.000/ 0.000/ 0.000, Output= 0.500(-0.500/0.500)
Test.Battery_Info: Voltage=12.61V (12.30V)
Test.printPidInfo_Info: encoderXPidCtrl: Target=  -0.4, Input=   0.0, Error=   0.0, PIDTerms= 0.000/ 0.000/ 0.000/ 0.000, Output= 0.000(-1.000/1.000)
Test.printPidInfo_Info: encoderYPidCtrl: Target= -20.4, Input=   0.0, Error=   0.0, PIDTerms= 0.000/ 0.000/ 0.000/ 0.000, Output= 0.000(-1.000/1.000)
Test.printPidInfo_Info: gyroPidCtrl: Target= 180.0, Input=  -1.5, Error= 181.5, PIDTerms= 3.267/ 0.000/-0.001/ 0.000, Output= 0.500(-0.500/0.500)
Test.Battery_Info: Voltage=12.66V (12.30V)
Test.printPidInfo_Info: encoderXPidCtrl: Target=  -0.4, Input=   0.0, Error=   0.0, PIDTerms= 0.000/ 0.000/ 0.000/ 0.000, Output= 0.000(-1.000/1.000)
Test.printPidInfo_Info: encoderYPidCtrl: Target= -20.4, Input=   0.0, Error=   0.0, PIDTerms= 0.000/ 0.000/ 0.000/ 0.000, Output= 0.000(-1.000/1.000)
Test.printPidInfo_Info: gyroPidCtrl: Target= 180.0, Input=  -1.8, Error= 181.8, PIDTerms= 3.273/ 0.000/ 0.006/ 0.000, Output= 0.500(-0.500/0.500)
Test.Battery_Info: Voltage=12.64V (12.30V)
Test.printPidInfo_Info: encoderXPidCtrl: Target=  -0.4, Input=   0.0, Error=   0.0, PIDTerms= 0.000/ 0.000/ 0.000/ 0.000, Output= 0.000(-1.000/1.000)
Test.printPidInfo_Info: encoderYPidCtrl: Target= -20.4, Input=   0.0, Error=   0.0, PIDTerms= 0.000/ 0.000/ 0.000/ 0.000, Output= 0.000(-1.000/1.000)
Test.printPidInfo_Info: gyroPidCtrl: Target= 180.0, Input=   1.6, Error= 178.4, PIDTerms= 3.211/ 0.000/-0.057/ 0.000, Output= 0.500(-0.500/0.500)
Test.Battery_Info: Voltage=12.23V (12.23V)
Test.printPidInfo_Info: encoderXPidCtrl: Target=  -0.4, Input=   0.0, Error=   0.0, PIDTerms= 0.000/ 0.000/ 0.000/ 0.000, Output= 0.000(-1.000/1.000)
Test.printPidInfo_Info: encoderYPidCtrl: Target= -20.4, Input=   0.0, Error=   0.0, PIDTerms= 0.000/ 0.000/ 0.000/ 0.000, Output= 0.000(-1.000/1.000)
Test.printPidInfo_Info: gyroPidCtrl: Target= 180.0, Input=  11.3, Error= 168.7, PIDTerms= 3.037/ 0.000/-0.192/ 0.000, Output= 0.500(-0.500/0.500)
Test.Battery_Info: Voltage=12.28V (12.23V)
Test.printPidInfo_Info: encoderXPidCtrl: Target=  -0.4, Input=   0.0, Error=   0.0, PIDTerms= 0.000/ 0.000/ 0.000/ 0.000, Output= 0.000(-1.000/1.000)
Test.printPidInfo_Info: encoderYPidCtrl: Target= -20.4, Input=   0.0, Error=   0.0, PIDTerms= 0.000/ 0.000/ 0.000/ 0.000, Output= 0.000(-1.000/1.000)
Test.printPidInfo_Info: gyroPidCtrl: Target= 180.0, Input=  19.5, Error= 160.5, PIDTerms= 2.889/ 0.000/-0.128/ 0.000, Output= 0.500(-0.500/0.500)
Test.Battery_Info: Voltage=12.39V (12.23V)
Test.printPidInfo_Info: encoderXPidCtrl: Target=  -0.4, Input=   0.0, Error=   0.0, PIDTerms= 0.000/ 0.000/ 0.000/ 0.000, Output= 0.000(-1.000/1.000)
Test.printPidInfo_Info: encoderYPidCtrl: Target= -20.4, Input=   0.0, Error=   0.0, PIDTerms= 0.000/ 0.000/ 0.000/ 0.000, Output= 0.000(-1.000/1.000)
Test.printPidInfo_Info: gyroPidCtrl: Target= 180.0, Input=  30.1, Error= 149.9, PIDTerms= 2.699/ 0.000/-0.182/ 0.000, Output= 0.500(-0.500/0.500)
Test.Battery_Info: Voltage=12.40V (12.23V)
Test.printPidInfo_Info: encoderXPidCtrl: Target=  -0.4, Input=   0.0, Error=   0.0, PIDTerms= 0.000/ 0.000/ 0.000/ 0.000, Output= 0.000(-1.000/1.000)
Test.printPidInfo_Info: encoderYPidCtrl: Target= -20.4, Input=   0.0, Error=   0.0, PIDTerms= 0.000/ 0.000/ 0.000/ 0.000, Output= 0.000(-1.000/1.000)
Test.printPidInfo_Info: gyroPidCtrl: Target= 180.0, Input=  36.1, Error= 143.9, PIDTerms= 2.591/ 0.000/-0.108/ 0.000, Output= 0.500(-0.500/0.500)
Test.Battery_Info: Voltage=12.40V (12.23V)
Test.printPidInfo_Info: encoderXPidCtrl: Target=  -0.4, Input=   0.0, Error=   0.0, PIDTerms= 0.000/ 0.000/ 0.000/ 0.000, Output= 0.000(-1.000/1.000)
Test.printPidInfo_Info: encoderYPidCtrl: Target= -20.4, Input=   0.0, Error=   0.0, PIDTerms= 0.000/ 0.000/ 0.000/ 0.000, Output= 0.000(-1.000/1.000)
Test.printPidInfo_Info: gyroPidCtrl: Target= 180.0, Input=  44.3, Error= 135.7, PIDTerms= 2.443/ 0.000/-0.150/ 0.000, Output= 0.500(-0.500/0.500)
Test.Battery_Info: Voltage=12.42V (12.23V)
Test.printPidInfo_Info: encoderXPidCtrl: Target=  -0.4, Input=   0.0, Error=   0.0, PIDTerms= 0.000/ 0.000/ 0.000/ 0.000, Output= 0.000(-1.000/1.000)
Test.printPidInfo_Info: encoderYPidCtrl: Target= -20.4, Input=   0.0, Error=   0.0, PIDTerms= 0.000/ 0.000/ 0.000/ 0.000, Output= 0.000(-1.000/1.000)
Test.printPidInfo_Info: gyroPidCtrl: Target= 180.0, Input=  55.9, Error= 124.1, PIDTerms= 2.233/ 0.000/-0.260/ 0.000, Output= 0.500(-0.500/0.500)
Test.Battery_Info: Voltage=12.40V (12.23V)
Test.printPidInfo_Info: encoderXPidCtrl: Target=  -0.4, Input=   0.0, Error=   0.0, PIDTerms= 0.000/ 0.000/ 0.000/ 0.000, Output= 0.000(-1.000/1.000)
Test.printPidInfo_Info: encoderYPidCtrl: Target= -20.4, Input=   0.0, Error=   0.0, PIDTerms= 0.000/ 0.000/ 0.000/ 0.000, Output= 0.000(-1.000/1.000)
Test.printPidInfo_Info: gyroPidCtrl: Target= 180.0, Input=  64.5, Error= 115.5, PIDTerms= 2.079/ 0.000/-0.128/ 0.000, Output= 0.500(-0.500/0.500)
Test.Battery_Info: Voltage=12.41V (12.23V)
Test.printPidInfo_Info: encoderXPidCtrl: Target=  -0.4, Input=   0.0, Error=   0.0, PIDTerms= 0.000/ 0.000/ 0.000/ 0.000, Output= 0.000(-1.000/1.000)
Test.printPidInfo_Info: encoderYPidCtrl: Target= -20.4, Input=   0.0, Error=   0.0, PIDTerms= 0.000/ 0.000/ 0.000/ 0.000, Output= 0.000(-1.000/1.000)
Test.printPidInfo_Info: gyroPidCtrl: Target= 180.0, Input=  76.0, Error= 104.0, PIDTerms= 1.872/ 0.000/-0.214/ 0.000, Output= 0.500(-0.500/0.500)
Test.Battery_Info: Voltage=12.41V (12.23V)
Test.printPidInfo_Info: encoderXPidCtrl: Target=  -0.4, Input=   0.0, Error=   0.0, PIDTerms= 0.000/ 0.000/ 0.000/ 0.000, Output= 0.000(-1.000/1.000)
Test.printPidInfo_Info: encoderYPidCtrl: Target= -20.4, Input=   0.0, Error=   0.0, PIDTerms= 0.000/ 0.000/ 0.000/ 0.000, Output= 0.000(-1.000/1.000)
Test.printPidInfo_Info: gyroPidCtrl: Target= 180.0, Input=  87.6, Error=  92.4, PIDTerms= 1.663/ 0.000/-0.241/ 0.000, Output= 0.500(-0.500/0.500)
Test.Battery_Info: Voltage=12.39V (12.23V)
Test.printPidInfo_Info: encoderXPidCtrl: Target=  -0.4, Input=   0.0, Error=   0.0, PIDTerms= 0.000/ 0.000/ 0.000/ 0.000, Output= 0.000(-1.000/1.000)
Test.printPidInfo_Info: encoderYPidCtrl: Target= -20.4, Input=   0.0, Error=   0.0, PIDTerms= 0.000/ 0.000/ 0.000/ 0.000, Output= 0.000(-1.000/1.000)
Test.printPidInfo_Info: gyroPidCtrl: Target= 180.0, Input=  96.4, Error=  83.6, PIDTerms= 1.505/ 0.000/-0.135/ 0.000, Output= 0.500(-0.500/0.500)
Test.Battery_Info: Voltage=12.40V (12.23V)
Test.printPidInfo_Info: encoderXPidCtrl: Target=  -0.4, Input=   0.0, Error=   0.0, PIDTerms= 0.000/ 0.000/ 0.000/ 0.000, Output= 0.000(-1.000/1.000)
Test.printPidInfo_Info: encoderYPidCtrl: Target= -20.4, Input=   0.0, Error=   0.0, PIDTerms= 0.000/ 0.000/ 0.000/ 0.000, Output= 0.000(-1.000/1.000)
Test.printPidInfo_Info: gyroPidCtrl: Target= 180.0, Input= 108.1, Error=  71.9, PIDTerms= 1.294/ 0.000/-0.239/ 0.000, Output= 0.500(-0.500/0.500)
Test.Battery_Info: Voltage=12.39V (12.23V)
Test.printPidInfo_Info: encoderXPidCtrl: Target=  -0.4, Input=   0.0, Error=   0.0, PIDTerms= 0.000/ 0.000/ 0.000/ 0.000, Output= 0.000(-1.000/1.000)
Test.printPidInfo_Info: encoderYPidCtrl: Target= -20.4, Input=   0.0, Error=   0.0, PIDTerms= 0.000/ 0.000/ 0.000/ 0.000, Output= 0.000(-1.000/1.000)
Test.printPidInfo_Info: gyroPidCtrl: Target= 180.0, Input= 119.9, Error=  60.1, PIDTerms= 1.083/ 0.000/-0.214/ 0.000, Output= 0.500(-0.500/0.500)
Test.Battery_Info: Voltage=12.40V (12.23V)
Test.printPidInfo_Info: encoderXPidCtrl: Target=  -0.4, Input=   0.0, Error=   0.0, PIDTerms= 0.000/ 0.000/ 0.000/ 0.000, Output= 0.000(-1.000/1.000)
Test.printPidInfo_Info: encoderYPidCtrl: Target= -20.4, Input=   0.0, Error=   0.0, PIDTerms= 0.000/ 0.000/ 0.000/ 0.000, Output= 0.000(-1.000/1.000)
Test.printPidInfo_Info: gyroPidCtrl: Target= 180.0, Input= 129.6, Error=  50.4, PIDTerms= 0.907/ 0.000/-0.164/ 0.000, Output= 0.500(-0.500/0.500)
Test.Battery_Info: Voltage=12.41V (12.23V)
Test.printPidInfo_Info: encoderXPidCtrl: Target=  -0.4, Input=   0.0, Error=   0.0, PIDTerms= 0.000/ 0.000/ 0.000/ 0.000, Output= 0.000(-1.000/1.000)
Test.printPidInfo_Info: encoderYPidCtrl: Target= -20.4, Input=   0.0, Error=   0.0, PIDTerms= 0.000/ 0.000/ 0.000/ 0.000, Output= 0.000(-1.000/1.000)
Test.printPidInfo_Info: gyroPidCtrl: Target= 180.0, Input= 140.3, Error=  39.7, PIDTerms= 0.715/ 0.000/-0.199/ 0.000, Output= 0.500(-0.500/0.500)
Test.Battery_Info: Voltage=12.58V (12.23V)
Test.printPidInfo_Info: encoderXPidCtrl: Target=  -0.4, Input=   0.0, Error=   0.0, PIDTerms= 0.000/ 0.000/ 0.000/ 0.000, Output= 0.000(-1.000/1.000)
Test.printPidInfo_Info: encoderYPidCtrl: Target= -20.4, Input=   0.0, Error=   0.0, PIDTerms= 0.000/ 0.000/ 0.000/ 0.000, Output= 0.000(-1.000/1.000)
Test.printPidInfo_Info: gyroPidCtrl: Target= 180.0, Input= 151.0, Error=  29.0, PIDTerms= 0.521/ 0.000/-0.187/ 0.000, Output= 0.334(-0.500/0.500)
Test.Battery_Info: Voltage=12.70V (12.23V)
Test.printPidInfo_Info: encoderXPidCtrl: Target=  -0.4, Input=   0.0, Error=   0.0, PIDTerms= 0.000/ 0.000/ 0.000/ 0.000, Output= 0.000(-1.000/1.000)
Test.printPidInfo_Info: encoderYPidCtrl: Target= -20.4, Input=   0.0, Error=   0.0, PIDTerms= 0.000/ 0.000/ 0.000/ 0.000, Output= 0.000(-1.000/1.000)
Test.printPidInfo_Info: gyroPidCtrl: Target= 180.0, Input= 161.0, Error=  19.0, PIDTerms= 0.342/ 0.000/-0.101/ 0.000, Output= 0.241(-0.500/0.500)
Test.Battery_Info: Voltage=12.71V (12.23V)
Test.printPidInfo_Info: encoderXPidCtrl: Target=  -0.4, Input=   0.0, Error=   0.0, PIDTerms= 0.000/ 0.000/ 0.000/ 0.000, Output= 0.000(-1.000/1.000)
Test.printPidInfo_Info: encoderYPidCtrl: Target= -20.4, Input=   0.0, Error=   0.0, PIDTerms= 0.000/ 0.000/ 0.000/ 0.000, Output= 0.000(-1.000/1.000)
Test.printPidInfo_Info: gyroPidCtrl: Target= 180.0, Input= 178.6, Error=   1.4, PIDTerms= 0.024/ 0.000/-0.244/ 0.000, Output=-0.219(-0.500/0.500)
Test.Battery_Info: Voltage=12.49V (12.23V)
Test.printPidInfo_Info: encoderXPidCtrl: Target=  -0.4, Input=   0.0, Error=   0.0, PIDTerms= 0.000/ 0.000/ 0.000/ 0.000, Output= 0.000(-1.000/1.000)
Test.printPidInfo_Info: encoderYPidCtrl: Target= -20.4, Input=   0.0, Error=   0.0, PIDTerms= 0.000/ 0.000/ 0.000/ 0.000, Output= 0.000(-1.000/1.000)
Test.printPidInfo_Info: gyroPidCtrl: Target= 180.0, Input= 189.3, Error=  -9.3, PIDTerms=-0.167/ 0.000/-0.203/ 0.000, Output=-0.369(-0.500/0.500)
Test.Battery_Info: Voltage=12.60V (12.23V)
Test.printPidInfo_Info: encoderXPidCtrl: Target=  -0.4, Input=   0.0, Error=   0.0, PIDTerms= 0.000/ 0.000/ 0.000/ 0.000, Output= 0.000(-1.000/1.000)
Test.printPidInfo_Info: encoderYPidCtrl: Target= -20.4, Input=   0.0, Error=   0.0, PIDTerms= 0.000/ 0.000/ 0.000/ 0.000, Output= 0.000(-1.000/1.000)
Test.printPidInfo_Info: gyroPidCtrl: Target= 180.0, Input= 193.8, Error= -13.8, PIDTerms=-0.248/ 0.000/-0.060/ 0.000, Output=-0.308(-0.500/0.500)
Test.Battery_Info: Voltage=12.77V (12.23V)
Test.printPidInfo_Info: encoderXPidCtrl: Target=  -0.4, Input=   0.0, Error=   0.0, PIDTerms= 0.000/ 0.000/ 0.000/ 0.000, Output= 0.000(-1.000/1.000)
Test.printPidInfo_Info: encoderYPidCtrl: Target= -20.4, Input=   0.0, Error=   0.0, PIDTerms= 0.000/ 0.000/ 0.000/ 0.000, Output= 0.000(-1.000/1.000)
Test.printPidInfo_Info: gyroPidCtrl: Target= 180.0, Input= 191.5, Error= -11.5, PIDTerms=-0.207/ 0.000/ 0.024/ 0.000, Output=-0.183(-0.500/0.500)
Test.Battery_Info: Voltage=13.03V (12.23V)
Test.printPidInfo_Info: encoderXPidCtrl: Target=  -0.4, Input=   0.0, Error=   0.0, PIDTerms= 0.000/ 0.000/ 0.000/ 0.000, Output= 0.000(-1.000/1.000)
Test.printPidInfo_Info: encoderYPidCtrl: Target= -20.4, Input=   0.0, Error=   0.0, PIDTerms= 0.000/ 0.000/ 0.000/ 0.000, Output= 0.000(-1.000/1.000)
Test.printPidInfo_Info: gyroPidCtrl: Target= 180.0, Input= 180.8, Error=  -0.8, PIDTerms=-0.015/ 0.000/ 0.197/ 0.000, Output= 0.182(-0.500/0.500)
Test.Robot_Info: ========== [8.499] ALIGN_CRYPTOBOX: xPos=-18.20/-19.00,yPos= -0.24/  0.00,heading= 173.0/ 180.0,volt=13.17V(12.23V)
Test.Battery_Info: Voltage=13.18V (12.23V)
Test.printPidInfo_Info: encoderXPidCtrl: Target= -37.2, Input=   0.0, Error= -19.0, PIDTerms= 0.000/ 0.000/ 0.000/ 0.000, Output= 0.000(-1.000/1.000)
Test.printPidInfo_Info: encoderYPidCtrl: Target=  -0.2, Input=   0.0, Error=   0.0, PIDTerms= 0.000/ 0.000/ 0.000/ 0.000, Output= 0.000(-1.000/1.000)
Test.printPidInfo_Info: gyroPidCtrl: Target= 180.0, Input= 175.6, Error=   7.0, PIDTerms= 0.079/ 0.000/ 0.069/ 0.000, Output= 0.000(-0.500/0.500)
Test.Battery_Info: Voltage=11.35V (11.34V)
Test.printPidInfo_Info: encoderXPidCtrl: Target= -37.2, Input= -18.2, Error= -19.0, PIDTerms=-2.850/ 0.000/ 0.000/-0.000, Output=-1.000(-1.000/1.000)
Test.printPidInfo_Info: encoderYPidCtrl: Target=  -0.2, Input=  -0.2, Error=   0.0, PIDTerms= 0.000/ 0.000/ 0.000/-0.000, Output= 0.000(-1.000/1.000)
Test.printPidInfo_Info: gyroPidCtrl: Target= 180.0, Input= 173.0, Error=   7.0, PIDTerms= 0.125/ 0.000/ 0.000/ 0.000, Output= 0.125(-0.500/0.500)
Test.Battery_Info: Voltage=11.36V (11.34V)
Test.printPidInfo_Info: encoderXPidCtrl: Target= -37.2, Input= -18.8, Error= -18.4, PIDTerms=-2.762/ 0.000/ 0.049/-0.000, Output=-1.000(-1.000/1.000)
Test.printPidInfo_Info: encoderYPidCtrl: Target=  -0.2, Input=  -0.3, Error=   0.1, PIDTerms= 0.001/ 0.000/ 0.001/-0.000, Output= 0.002(-1.000/1.000)
Test.printPidInfo_Info: gyroPidCtrl: Target= 180.0, Input= 175.3, Error=   4.7, PIDTerms= 0.085/ 0.000/-0.025/ 0.000, Output= 0.060(-0.500/0.500)
Test.Battery_Info: Voltage=11.62V (11.34V)
Test.printPidInfo_Info: encoderXPidCtrl: Target= -37.2, Input= -21.1, Error= -16.1, PIDTerms=-2.418/ 0.000/ 0.294/-0.000, Output=-1.000(-1.000/1.000)
Test.printPidInfo_Info: encoderYPidCtrl: Target=  -0.2, Input=  -0.4, Error=   0.1, PIDTerms= 0.003/ 0.000/ 0.001/-0.000, Output= 0.004(-1.000/1.000)
Test.printPidInfo_Info: gyroPidCtrl: Target= 180.0, Input= 175.2, Error=   4.8, PIDTerms= 0.086/ 0.000/ 0.001/ 0.000, Output= 0.088(-0.500/0.500)
Test.Battery_Info: Voltage=11.69V (11.34V)
Test.printPidInfo_Info: encoderXPidCtrl: Target= -37.2, Input= -23.6, Error= -13.6, PIDTerms=-2.036/ 0.000/ 0.367/-0.000, Output=-1.000(-1.000/1.000)
Test.printPidInfo_Info: encoderYPidCtrl: Target=  -0.2, Input=  -0.5, Error=   0.2, PIDTerms= 0.005/ 0.000/ 0.002/-0.000, Output= 0.007(-1.000/1.000)
Test.printPidInfo_Info: gyroPidCtrl: Target= 180.0, Input= 177.1, Error=   2.9, PIDTerms= 0.053/ 0.000/-0.036/ 0.000, Output= 0.017(-0.500/0.500)
Test.Battery_Info: Voltage=11.74V (11.34V)
Test.printPidInfo_Info: encoderXPidCtrl: Target= -37.2, Input= -26.7, Error= -10.5, PIDTerms=-1.570/ 0.000/ 0.270/-0.000, Output=-1.000(-1.000/1.000)
Test.printPidInfo_Info: encoderYPidCtrl: Target=  -0.2, Input=  -0.6, Error=   0.4, PIDTerms= 0.007/ 0.000/ 0.002/-0.000, Output= 0.009(-1.000/1.000)
Test.printPidInfo_Info: gyroPidCtrl: Target= 180.0, Input= 178.8, Error=   1.2, PIDTerms= 0.021/ 0.000/-0.020/ 0.000, Output= 0.001(-0.500/0.500)
Test.Battery_Info: Voltage=12.80V (11.34V)
Test.printPidInfo_Info: encoderXPidCtrl: Target= -37.2, Input= -31.7, Error=  -5.5, PIDTerms=-0.829/ 0.000/ 0.464/-0.000, Output=-0.366(-1.000/1.000)
Test.printPidInfo_Info: encoderYPidCtrl: Target=  -0.2, Input=  -0.7, Error=   0.5, PIDTerms= 0.010/ 0.000/ 0.002/-0.000, Output= 0.011(-1.000/1.000)
Test.printPidInfo_Info: gyroPidCtrl: Target= 180.0, Input= 182.0, Error=  -2.0, PIDTerms=-0.036/ 0.000/-0.040/ 0.000, Output=-0.077(-0.500/0.500)
Test.Battery_Info: Voltage=12.89V (11.34V)
Test.printPidInfo_Info: encoderXPidCtrl: Target= -37.2, Input= -35.4, Error=  -1.8, PIDTerms=-0.270/ 0.000/ 0.458/-0.000, Output= 0.187(-1.000/1.000)
Test.printPidInfo_Info: encoderYPidCtrl: Target=  -0.2, Input=  -0.8, Error=   0.6, PIDTerms= 0.011/ 0.000/ 0.002/-0.000, Output= 0.013(-1.000/1.000)
Test.printPidInfo_Info: gyroPidCtrl: Target= 180.0, Input= 184.3, Error=  -4.3, PIDTerms=-0.077/ 0.000/-0.037/ 0.000, Output=-0.114(-0.500/0.500)
Test.Battery_Info: Voltage=12.71V (11.34V)
Test.printPidInfo_Info: encoderXPidCtrl: Target= -37.2, Input= -37.6, Error=   0.4, PIDTerms= 0.053/ 0.000/ 0.241/-0.000, Output= 0.294(-1.000/1.000)
Test.printPidInfo_Info: encoderYPidCtrl: Target=  -0.2, Input=  -0.9, Error=   0.6, PIDTerms= 0.012/ 0.000/ 0.001/-0.000, Output= 0.013(-1.000/1.000)
Test.printPidInfo_Info: gyroPidCtrl: Target= 180.0, Input= 185.6, Error=  -5.6, PIDTerms=-0.101/ 0.000/-0.019/ 0.000, Output=-0.120(-0.500/0.500)
Test.Battery_Info: Voltage=13.07V (11.34V)
Test.printPidInfo_Info: encoderXPidCtrl: Target= -37.2, Input= -37.2, Error=   0.0, PIDTerms= 0.006/ 0.000/-0.037/-0.000, Output=-0.031(-1.000/1.000)
Test.printPidInfo_Info: encoderYPidCtrl: Target=  -0.2, Input=  -0.7, Error=   0.4, PIDTerms= 0.009/ 0.000/-0.003/-0.000, Output= 0.006(-1.000/1.000)
Test.printPidInfo_Info: gyroPidCtrl: Target= 180.0, Input= 185.9, Error=  -5.9, PIDTerms=-0.106/ 0.000/-0.005/ 0.000, Output=-0.111(-0.500/0.500)
Test.Battery_Info: Voltage=13.02V (11.34V)
Test.printPidInfo_Info: encoderXPidCtrl: Target= -37.2, Input= -36.8, Error=  -0.4, PIDTerms=-0.061/ 0.000/-0.044/-0.000, Output=-0.105(-1.000/1.000)
Test.printPidInfo_Info: encoderYPidCtrl: Target=  -0.2, Input=  -0.7, Error=   0.4, PIDTerms= 0.008/ 0.000/-0.000/-0.000, Output= 0.008(-1.000/1.000)
Test.printPidInfo_Info: gyroPidCtrl: Target= 180.0, Input= 185.9, Error=  -5.9, PIDTerms=-0.107/ 0.000/-0.000/ 0.000, Output=-0.107(-0.500/0.500)
Test.Battery_Info: Voltage=13.14V (11.34V)
Test.printPidInfo_Info: encoderXPidCtrl: Target= -37.2, Input= -37.0, Error=  -0.1, PIDTerms=-0.022/ 0.000/ 0.029/-0.000, Output= 0.006(-1.000/1.000)
Test.printPidInfo_Info: encoderYPidCtrl: Target=  -0.2, Input=  -0.6, Error=   0.4, PIDTerms= 0.008/ 0.000/-0.000/-0.000, Output= 0.008(-1.000/1.000)
Test.printPidInfo_Info: gyroPidCtrl: Target= 180.0, Input= 182.6, Error=  -2.6, PIDTerms=-0.046/ 0.000/ 0.051/ 0.000, Output= 0.005(-0.500/0.500)
Test.Battery_Info: Voltage=13.14V (11.34V)
Test.printPidInfo_Info: encoderXPidCtrl: Target= -37.2, Input= -37.1, Error=  -0.1, PIDTerms=-0.018/ 0.000/ 0.004/-0.000, Output=-0.014(-1.000/1.000)
Test.printPidInfo_Info: encoderYPidCtrl: Target=  -0.2, Input=  -0.7, Error=   0.4, PIDTerms= 0.008/ 0.000/ 0.000/-0.000, Output= 0.008(-1.000/1.000)
Test.printPidInfo_Info: gyroPidCtrl: Target= 180.0, Input= 182.0, Error=  -2.0, PIDTerms=-0.035/ 0.000/ 0.009/ 0.000, Output=-0.026(-0.500/0.500)
Test.Battery_Info: Voltage=13.14V (11.34V)
Test.printPidInfo_Info: encoderXPidCtrl: Target= -37.2, Input= -37.1, Error=  -0.1, PIDTerms=-0.020/ 0.000/-0.002/-0.000, Output=-0.022(-1.000/1.000)
Test.printPidInfo_Info: encoderYPidCtrl: Target=  -0.2, Input=  -0.7, Error=   0.4, PIDTerms= 0.008/ 0.000/ 0.000/-0.000, Output= 0.008(-1.000/1.000)
Test.printPidInfo_Info: gyroPidCtrl: Target= 180.0, Input= 181.9, Error=  -1.9, PIDTerms=-0.034/ 0.000/ 0.001/ 0.000, Output=-0.033(-0.500/0.500)
Test.Battery_Info: Voltage=13.15V (11.34V)
Test.printPidInfo_Info: encoderXPidCtrl: Target= -37.2, Input= -37.1, Error=  -0.1, PIDTerms=-0.020/ 0.000/ 0.000/-0.000, Output=-0.020(-1.000/1.000)
Test.printPidInfo_Info: encoderYPidCtrl: Target=  -0.2, Input=  -0.7, Error=   0.4, PIDTerms= 0.008/ 0.000/ 0.000/-0.000, Output= 0.008(-1.000/1.000)
Test.printPidInfo_Info: gyroPidCtrl: Target= 180.0, Input= 181.9, Error=  -1.9, PIDTerms=-0.034/ 0.000/-0.000/ 0.000, Output=-0.035(-0.500/0.500)
Test.Robot_Info: ========== [10.606] SET_DOWN_GLYPH: xPos=-37.07/-19.00,yPos= -0.65/  0.00,heading= 182.0/ 180.0,volt=13.16V(11.34V)
Test.Robot_Info: ========== [12.724] RELEASE_GLYPH: xPos=-37.07/-19.00,yPos= -0.65/  0.00,heading= 182.0/ 180.0,volt=13.18V(11.34V)
Test.Robot_Info: ========== [13.257] PUSH_FORWARD: xPos=-37.07/  0.00,yPos= -0.65/ 15.00,heading= 182.0/ 180.0,volt=13.24V(11.34V)
Test.Battery_Info: Voltage=13.24V (11.34V)
Test.printPidInfo_Info: encoderXPidCtrl: Target= -37.1, Input= -37.1, Error=   0.0, PIDTerms=-0.020/ 0.000/ 0.000/-0.000, Output= 0.000(-1.000/1.000)
Test.printPidInfo_Info: encoderYPidCtrl: Target=  14.4, Input=  -0.7, Error=  15.0, PIDTerms= 0.008/ 0.000/ 0.000/-0.000, Output= 0.000(-1.000/1.000)
Test.printPidInfo_Info: gyroPidCtrl: Target= 180.0, Input= 181.9, Error=  -2.0, PIDTerms=-0.035/ 0.000/-0.000/ 0.000, Output= 0.000(-0.500/0.500)
Test.Battery_Info: Voltage=12.87V (11.34V)
Test.printPidInfo_Info: encoderXPidCtrl: Target= -37.1, Input= -37.1, Error=   0.0, PIDTerms= 0.000/ 0.000/ 0.000/-0.000, Output= 0.000(-1.000/1.000)
Test.printPidInfo_Info: encoderYPidCtrl: Target=  14.4, Input=  -0.6, Error=  15.0, PIDTerms= 0.300/ 0.000/ 0.000/ 0.000, Output= 0.300(-1.000/1.000)
Test.printPidInfo_Info: gyroPidCtrl: Target= 180.0, Input= 182.0, Error=  -2.0, PIDTerms=-0.036/ 0.000/ 0.000/ 0.000, Output=-0.036(-0.500/0.500)
Test.Battery_Info: Voltage=12.94V (11.34V)
Test.printPidInfo_Info: encoderXPidCtrl: Target= -37.1, Input= -37.0, Error=  -0.1, PIDTerms=-0.011/ 0.000/-0.006/-0.000, Output=-0.017(-1.000/1.000)
Test.printPidInfo_Info: encoderYPidCtrl: Target=  14.4, Input=  -0.4, Error=  14.7, PIDTerms= 0.295/ 0.000/-0.003/ 0.000, Output= 0.291(-1.000/1.000)
Test.printPidInfo_Info: gyroPidCtrl: Target= 180.0, Input= 182.0, Error=  -2.0, PIDTerms=-0.036/ 0.000/ 0.000/ 0.000, Output=-0.036(-0.500/0.500)
Test.Battery_Info: Voltage=12.82V (11.34V)
Test.printPidInfo_Info: encoderXPidCtrl: Target= -37.1, Input= -37.1, Error=   0.0, PIDTerms= 0.006/ 0.000/ 0.011/-0.000, Output= 0.018(-1.000/1.000)
Test.printPidInfo_Info: encoderYPidCtrl: Target=  14.4, Input=   0.9, Error=  13.5, PIDTerms= 0.270/ 0.000/-0.018/ 0.000, Output= 0.252(-1.000/1.000)
Test.printPidInfo_Info: gyroPidCtrl: Target= 180.0, Input= 181.9, Error=  -1.9, PIDTerms=-0.034/ 0.000/ 0.002/ 0.000, Output=-0.032(-0.500/0.500)
Test.Battery_Info: Voltage=12.92V (11.34V)
Test.printPidInfo_Info: encoderXPidCtrl: Target= -37.1, Input= -37.1, Error=   0.1, PIDTerms= 0.008/ 0.000/ 0.001/-0.000, Output= 0.008(-1.000/1.000)
Test.printPidInfo_Info: encoderYPidCtrl: Target=  14.4, Input=   2.4, Error=  12.0, PIDTerms= 0.240/ 0.000/-0.025/ 0.000, Output= 0.215(-1.000/1.000)
Test.printPidInfo_Info: gyroPidCtrl: Target= 180.0, Input= 181.8, Error=  -1.8, PIDTerms=-0.033/ 0.000/ 0.001/ 0.000, Output=-0.033(-0.500/0.500)
Test.Battery_Info: Voltage=12.86V (11.34V)
Test.printPidInfo_Info: encoderXPidCtrl: Target= -37.1, Input= -37.2, Error=   0.1, PIDTerms= 0.012/ 0.000/ 0.003/-0.000, Output= 0.015(-1.000/1.000)
Test.printPidInfo_Info: encoderYPidCtrl: Target=  14.4, Input=   2.6, Error=  11.8, PIDTerms= 0.235/ 0.000/-0.004/ 0.000, Output= 0.231(-1.000/1.000)
Test.printPidInfo_Info: gyroPidCtrl: Target= 180.0, Input= 182.1, Error=  -2.1, PIDTerms=-0.038/ 0.000/-0.004/ 0.000, Output=-0.042(-0.500/0.500)
Test.Battery_Info: Voltage=12.85V (11.34V)
Test.printPidInfo_Info: encoderXPidCtrl: Target= -37.1, Input= -37.2, Error=   0.1, PIDTerms= 0.012/ 0.000/ 0.000/-0.000, Output= 0.012(-1.000/1.000)
Test.printPidInfo_Info: encoderYPidCtrl: Target=  14.4, Input=   2.6, Error=  11.8, PIDTerms= 0.235/ 0.000/ 0.000/ 0.000, Output= 0.235(-1.000/1.000)
Test.printPidInfo_Info: gyroPidCtrl: Target= 180.0, Input= 182.2, Error=  -2.2, PIDTerms=-0.040/ 0.000/-0.001/ 0.000, Output=-0.041(-0.500/0.500)
Test.Battery_Info: Voltage=12.83V (11.34V)
Test.printPidInfo_Info: encoderXPidCtrl: Target= -37.1, Input= -37.2, Error=   0.1, PIDTerms= 0.012/ 0.000/ 0.000/-0.000, Output= 0.013(-1.000/1.000)
Test.printPidInfo_Info: encoderYPidCtrl: Target=  14.4, Input=   2.6, Error=  11.8, PIDTerms= 0.235/ 0.000/-0.000/ 0.000, Output= 0.235(-1.000/1.000)
Test.printPidInfo_Info: gyroPidCtrl: Target= 180.0, Input= 182.2, Error=  -2.2, PIDTerms=-0.040/ 0.000/-0.000/ 0.000, Output=-0.040(-0.500/0.500)
Test.Battery_Info: Voltage=12.84V (11.34V)
Test.printPidInfo_Info: encoderXPidCtrl: Target= -37.1, Input= -37.2, Error=   0.1, PIDTerms= 0.012/ 0.000/ 0.000/-0.000, Output= 0.012(-1.000/1.000)
Test.printPidInfo_Info: encoderYPidCtrl: Target=  14.4, Input=   2.6, Error=  11.8, PIDTerms= 0.235/ 0.000/ 0.000/ 0.000, Output= 0.235(-1.000/1.000)
Test.printPidInfo_Info: gyroPidCtrl: Target= 180.0, Input= 182.2, Error=  -2.2, PIDTerms=-0.040/ 0.000/ 0.000/ 0.000, Output=-0.040(-0.500/0.500)
Test.Robot_Info: ========== [14.600] BACK_OFF: xPos=-37.17/  0.00,yPos=  2.57/ -6.50,heading= 182.2/ 180.0,volt=13.21V(11.34V)
Test.Battery_Info: Voltage=13.21V (11.34V)
Test.printPidInfo_Info: encoderXPidCtrl: Target= -37.2, Input= -37.2, Error=   0.0, PIDTerms= 0.012/ 0.000/ 0.000/-0.000, Output= 0.000(-1.000/1.000)
Test.printPidInfo_Info: encoderYPidCtrl: Target=  -3.9, Input=   2.6, Error=  -6.5, PIDTerms= 0.235/ 0.000/ 0.000/ 0.000, Output= 0.000(-1.000/1.000)
Test.printPidInfo_Info: gyroPidCtrl: Target= 180.0, Input= 182.2, Error=  -2.2, PIDTerms=-0.040/ 0.000/ 0.000/ 0.000, Output= 0.000(-0.500/0.500)
Test.Battery_Info: Voltage=13.14V (11.34V)
Test.printPidInfo_Info: encoderXPidCtrl: Target= -37.2, Input= -37.2, Error=   0.0, PIDTerms= 0.000/ 0.000/ 0.000/-0.000, Output= 0.000(-1.000/1.000)
Test.printPidInfo_Info: encoderYPidCtrl: Target=  -3.9, Input=   2.6, Error=  -6.5, PIDTerms=-0.130/ 0.000/ 0.000/-0.000, Output=-0.130(-1.000/1.000)
Test.printPidInfo_Info: gyroPidCtrl: Target= 180.0, Input= 182.2, Error=  -2.2, PIDTerms=-0.040/ 0.000/ 0.000/ 0.000, Output=-0.040(-0.500/0.500)
Test.Battery_Info: Voltage=13.14V (11.34V)
Test.printPidInfo_Info: encoderXPidCtrl: Target= -37.2, Input= -37.2, Error=   0.0, PIDTerms= 0.001/ 0.000/ 0.000/-0.000, Output= 0.001(-1.000/1.000)
Test.printPidInfo_Info: encoderYPidCtrl: Target=  -3.9, Input=   2.4, Error=  -6.4, PIDTerms=-0.127/ 0.000/ 0.002/-0.000, Output=-0.125(-1.000/1.000)
Test.printPidInfo_Info: gyroPidCtrl: Target= 180.0, Input= 182.3, Error=  -2.3, PIDTerms=-0.041/ 0.000/-0.001/ 0.000, Output=-0.041(-0.500/0.500)
Test.Battery_Info: Voltage=13.17V (11.34V)
Test.printPidInfo_Info: encoderXPidCtrl: Target= -37.2, Input= -37.1, Error=  -0.0, PIDTerms=-0.004/ 0.000/-0.004/-0.000, Output=-0.008(-1.000/1.000)
Test.printPidInfo_Info: encoderYPidCtrl: Target=  -3.9, Input=   1.5, Error=  -5.4, PIDTerms=-0.108/ 0.000/ 0.015/-0.000, Output=-0.092(-1.000/1.000)
Test.printPidInfo_Info: gyroPidCtrl: Target= 180.0, Input= 182.3, Error=  -2.3, PIDTerms=-0.042/ 0.000/-0.001/ 0.000, Output=-0.043(-0.500/0.500)
Test.Battery_Info: Voltage=13.18V (11.34V)
Test.printPidInfo_Info: encoderXPidCtrl: Target= -37.2, Input= -37.2, Error=   0.0, PIDTerms= 0.001/ 0.000/ 0.003/-0.000, Output= 0.004(-1.000/1.000)
Test.printPidInfo_Info: encoderYPidCtrl: Target=  -3.9, Input=   0.9, Error=  -4.8, PIDTerms=-0.096/ 0.000/ 0.010/-0.000, Output=-0.086(-1.000/1.000)
Test.printPidInfo_Info: gyroPidCtrl: Target= 180.0, Input= 182.0, Error=  -2.0, PIDTerms=-0.035/ 0.000/ 0.005/ 0.000, Output=-0.030(-0.500/0.500)
Test.Battery_Info: Voltage=13.18V (11.34V)
Test.printPidInfo_Info: encoderXPidCtrl: Target= -37.2, Input= -37.2, Error=   0.0, PIDTerms= 0.005/ 0.000/ 0.003/-0.000, Output= 0.007(-1.000/1.000)
Test.printPidInfo_Info: encoderYPidCtrl: Target=  -3.9, Input=   0.5, Error=  -4.5, PIDTerms=-0.089/ 0.000/ 0.004/-0.000, Output=-0.085(-1.000/1.000)
Test.printPidInfo_Info: gyroPidCtrl: Target= 180.0, Input= 181.8, Error=  -1.8, PIDTerms=-0.033/ 0.000/ 0.002/ 0.000, Output=-0.032(-0.500/0.500)
Test.Battery_Info: Voltage=13.18V (11.34V)
Test.printPidInfo_Info: encoderXPidCtrl: Target= -37.2, Input= -37.2, Error=  -0.0, PIDTerms=-0.001/ 0.000/-0.005/-0.000, Output=-0.006(-1.000/1.000)
Test.printPidInfo_Info: encoderYPidCtrl: Target=  -3.9, Input=   0.4, Error=  -4.3, PIDTerms=-0.086/ 0.000/ 0.003/-0.000, Output=-0.084(-1.000/1.000)
Test.printPidInfo_Info: gyroPidCtrl: Target= 180.0, Input= 181.8, Error=  -1.8, PIDTerms=-0.033/ 0.000/ 0.000/ 0.000, Output=-0.032(-0.500/0.500)
Test.Battery_Info: Voltage=13.18V (11.34V)
Test.printPidInfo_Info: encoderXPidCtrl: Target= -37.2, Input= -37.1, Error=  -0.1, PIDTerms=-0.008/ 0.000/-0.006/-0.000, Output=-0.013(-1.000/1.000)
Test.printPidInfo_Info: encoderYPidCtrl: Target=  -3.9, Input=   0.3, Error=  -4.2, PIDTerms=-0.084/ 0.000/ 0.002/-0.000, Output=-0.083(-1.000/1.000)
Test.printPidInfo_Info: gyroPidCtrl: Target= 180.0, Input= 181.8, Error=  -1.8, PIDTerms=-0.032/ 0.000/ 0.001/ 0.000, Output=-0.032(-0.500/0.500)
Test.Battery_Info: Voltage=13.18V (11.34V)
Test.printPidInfo_Info: encoderXPidCtrl: Target= -37.2, Input= -37.1, Error=  -0.1, PIDTerms=-0.008/ 0.000/ 0.000/-0.000, Output=-0.008(-1.000/1.000)
Test.printPidInfo_Info: encoderYPidCtrl: Target=  -3.9, Input=   0.2, Error=  -4.2, PIDTerms=-0.083/ 0.000/ 0.001/-0.000, Output=-0.082(-1.000/1.000)
Test.printPidInfo_Info: gyroPidCtrl: Target= 180.0, Input= 181.8, Error=  -1.8, PIDTerms=-0.032/ 0.000/ 0.000/ 0.000, Output=-0.032(-0.500/0.500)
Test.Robot_Info: ========== [15.875] DONE: xPos=-37.11/  0.00,yPos=  0.22/ -6.50,heading= 181.7/ 180.0,volt=13.23V(11.34V)
