Test.FtcAuto_Info: Sun Dec 03 15:00:07 PST 2017: ***** Starting autonomous *****
Test.Robot_Info: ========== [0.082] DEPLOY_JEWEL_ARM: xPos=  0.00/  0.00,yPos=  0.00/  0.00,heading=   0.0/   0.0,volt=13.78V(13.76V)
Test.WHACK_JEWEL_Info: VuMark: CENTER
Test.WHACK_JEWEL_Info: 0: Color=BLUE, HSV=[180.000000/0.133333/0.352941]
Test.Robot_Info: ========== [0.619] WHACK_JEWEL: xPos=  0.00/  0.00,yPos=  0.00/  0.00,heading=   0.1/   0.0,volt=13.78V(13.70V)
Test.Robot_Info: ========== [1.203] MOVE_JEWEL_ARM_UP: xPos=  0.00/  0.00,yPos=  0.00/  0.00,heading=   0.1/   0.0,volt=13.78V(13.70V)
Test.Robot_Info: ========== [1.646] RESET_JEWEL_ARM: xPos=  0.00/  0.00,yPos=  0.00/  0.00,heading=   0.1/   0.0,volt=13.76V(13.70V)
Test.DO_DELAY_Info: Delay=0
Test.Robot_Info: ========== [2.000] DO_DELAY: xPos=  0.00/  0.00,yPos=  0.00/  0.00,heading=   0.1/   0.0,volt=13.77V(13.70V)
Test.Robot_Info: ========== [2.087] GRAB_LIFT_GLYPH: xPos=  0.00/  0.00,yPos=  0.00/  0.00,heading=   0.1/   0.0,volt=13.79V(13.70V)
Test.Robot_Info: ========== [4.226] DRIVE_OFF_PLATFORM: xPos=  0.00/  0.00,yPos=  0.00/  0.00,heading=   0.1/   0.0,volt=12.39V(13.16V)
Test.Robot_Info: ========== [5.029] DRIVE_TO_WALL: xPos=  2.64/  0.00,yPos= 15.37/  0.00,heading=  -0.3/   0.0,volt=13.51V(12.57V)
Test.Robot_Info: ========== [5.177] TURN_TO_CRYPTOBOX: xPos=  7.34/  0.00,yPos= 14.59/  0.00,heading=   0.0/ -90.0,volt=13.47V(12.57V)
Test.Battery_Info: Voltage=13.48V (12.57V)
Test.printPidInfo_Info: encoderXPidCtrl: Target=   7.3, Input=   0.0, Error=   0.0, PIDTerms= 0.000/ 0.000/ 0.000/ 0.000, Output= 0.000(-1.000/1.000)
Test.printPidInfo_Info: encoderYPidCtrl: Target=  14.6, Input=   0.0, Error=   0.0, PIDTerms= 0.000/ 0.000/ 0.000/ 0.000, Output= 0.000(-1.000/1.000)
Test.printPidInfo_Info: gyroPidCtrl: Target= -90.0, Input=   0.0, Error= -90.0, PIDTerms= 0.000/ 0.000/ 0.000/ 0.000, Output= 0.000(-0.500/0.500)
Test.Battery_Info: Voltage=12.65V (12.57V)
Test.printPidInfo_Info: encoderXPidCtrl: Target=   7.3, Input=   0.0, Error=   0.0, PIDTerms= 0.000/ 0.000/ 0.000/ 0.000, Output= 0.000(-1.000/1.000)
Test.printPidInfo_Info: encoderYPidCtrl: Target=  14.6, Input=   0.0, Error=   0.0, PIDTerms= 0.000/ 0.000/ 0.000/ 0.000, Output= 0.000(-1.000/1.000)
Test.printPidInfo_Info: gyroPidCtrl: Target= -90.0, Input=   0.0, Error= -90.0, PIDTerms=-1.621/ 0.000/ 0.000/-0.000, Output=-0.500(-0.500/0.500)
Test.Battery_Info: Voltage=12.72V (12.57V)
Test.printPidInfo_Info: encoderXPidCtrl: Target=   7.3, Input=   0.0, Error=   0.0, PIDTerms= 0.000/ 0.000/ 0.000/ 0.000, Output= 0.000(-1.000/1.000)
Test.printPidInfo_Info: encoderYPidCtrl: Target=  14.6, Input=   0.0, Error=   0.0, PIDTerms= 0.000/ 0.000/ 0.000/ 0.000, Output= 0.000(-1.000/1.000)
Test.printPidInfo_Info: gyroPidCtrl: Target= -90.0, Input=   1.0, Error= -91.0, PIDTerms=-1.638/ 0.000/-0.010/-0.000, Output=-0.500(-0.500/0.500)
Test.Battery_Info: Voltage=12.76V (12.57V)
Test.printPidInfo_Info: encoderXPidCtrl: Target=   7.3, Input=   0.0, Error=   0.0, PIDTerms= 0.000/ 0.000/ 0.000/ 0.000, Output= 0.000(-1.000/1.000)
Test.printPidInfo_Info: encoderYPidCtrl: Target=  14.6, Input=   0.0, Error=   0.0, PIDTerms= 0.000/ 0.000/ 0.000/ 0.000, Output= 0.000(-1.000/1.000)
Test.printPidInfo_Info: gyroPidCtrl: Target= -90.0, Input=  -1.8, Error= -88.2, PIDTerms=-1.588/ 0.000/ 0.060/-0.000, Output=-0.500(-0.500/0.500)
Test.Battery_Info: Voltage=12.76V (12.57V)
Test.printPidInfo_Info: encoderXPidCtrl: Target=   7.3, Input=   0.0, Error=   0.0, PIDTerms= 0.000/ 0.000/ 0.000/ 0.000, Output= 0.000(-1.000/1.000)
Test.printPidInfo_Info: encoderYPidCtrl: Target=  14.6, Input=   0.0, Error=   0.0, PIDTerms= 0.000/ 0.000/ 0.000/ 0.000, Output= 0.000(-1.000/1.000)
Test.printPidInfo_Info: gyroPidCtrl: Target= -90.0, Input=  -9.5, Error= -80.5, PIDTerms=-1.449/ 0.000/ 0.121/-0.000, Output=-0.500(-0.500/0.500)
Test.Battery_Info: Voltage=12.77V (12.57V)
Test.printPidInfo_Info: encoderXPidCtrl: Target=   7.3, Input=   0.0, Error=   0.0, PIDTerms= 0.000/ 0.000/ 0.000/ 0.000, Output= 0.000(-1.000/1.000)
Test.printPidInfo_Info: encoderYPidCtrl: Target=  14.6, Input=   0.0, Error=   0.0, PIDTerms= 0.000/ 0.000/ 0.000/ 0.000, Output= 0.000(-1.000/1.000)
Test.printPidInfo_Info: gyroPidCtrl: Target= -90.0, Input= -19.0, Error= -71.0, PIDTerms=-1.278/ 0.000/ 0.170/-0.000, Output=-0.500(-0.500/0.500)
Test.Battery_Info: Voltage=12.77V (12.57V)
Test.printPidInfo_Info: encoderXPidCtrl: Target=   7.3, Input=   0.0, Error=   0.0, PIDTerms= 0.000/ 0.000/ 0.000/ 0.000, Output= 0.000(-1.000/1.000)
Test.printPidInfo_Info: encoderYPidCtrl: Target=  14.6, Input=   0.0, Error=   0.0, PIDTerms= 0.000/ 0.000/ 0.000/ 0.000, Output= 0.000(-1.000/1.000)
Test.printPidInfo_Info: gyroPidCtrl: Target= -90.0, Input= -31.4, Error= -58.6, PIDTerms=-1.055/ 0.000/ 0.213/-0.000, Output=-0.500(-0.500/0.500)
Test.Battery_Info: Voltage=12.76V (12.57V)
Test.printPidInfo_Info: encoderXPidCtrl: Target=   7.3, Input=   0.0, Error=   0.0, PIDTerms= 0.000/ 0.000/ 0.000/ 0.000, Output= 0.000(-1.000/1.000)
Test.printPidInfo_Info: encoderYPidCtrl: Target=  14.6, Input=   0.0, Error=   0.0, PIDTerms= 0.000/ 0.000/ 0.000/ 0.000, Output= 0.000(-1.000/1.000)
Test.printPidInfo_Info: gyroPidCtrl: Target= -90.0, Input= -44.1, Error= -45.9, PIDTerms=-0.825/ 0.000/ 0.194/-0.000, Output=-0.500(-0.500/0.500)
Test.Battery_Info: Voltage=13.00V (12.57V)
Test.printPidInfo_Info: encoderXPidCtrl: Target=   7.3, Input=   0.0, Error=   0.0, PIDTerms= 0.000/ 0.000/ 0.000/ 0.000, Output= 0.000(-1.000/1.000)
Test.printPidInfo_Info: encoderYPidCtrl: Target=  14.6, Input=   0.0, Error=   0.0, PIDTerms= 0.000/ 0.000/ 0.000/ 0.000, Output= 0.000(-1.000/1.000)
Test.printPidInfo_Info: gyroPidCtrl: Target= -90.0, Input= -56.8, Error= -33.2, PIDTerms=-0.597/ 0.000/ 0.263/-0.000, Output=-0.334(-0.500/0.500)
Test.Battery_Info: Voltage=13.18V (12.57V)
Test.printPidInfo_Info: encoderXPidCtrl: Target=   7.3, Input=   0.0, Error=   0.0, PIDTerms= 0.000/ 0.000/ 0.000/ 0.000, Output= 0.000(-1.000/1.000)
Test.printPidInfo_Info: encoderYPidCtrl: Target=  14.6, Input=   0.0, Error=   0.0, PIDTerms= 0.000/ 0.000/ 0.000/ 0.000, Output= 0.000(-1.000/1.000)
Test.printPidInfo_Info: gyroPidCtrl: Target= -90.0, Input= -69.7, Error= -20.3, PIDTerms=-0.365/ 0.000/ 0.189/-0.000, Output=-0.176(-0.500/0.500)
Test.Battery_Info: Voltage=13.31V (12.57V)
Test.printPidInfo_Info: encoderXPidCtrl: Target=   7.3, Input=   0.0, Error=   0.0, PIDTerms= 0.000/ 0.000/ 0.000/ 0.000, Output= 0.000(-1.000/1.000)
Test.printPidInfo_Info: encoderYPidCtrl: Target=  14.6, Input=   0.0, Error=   0.0, PIDTerms= 0.000/ 0.000/ 0.000/ 0.000, Output= 0.000(-1.000/1.000)
Test.printPidInfo_Info: gyroPidCtrl: Target= -90.0, Input= -83.6, Error=  -6.4, PIDTerms=-0.116/ 0.000/ 0.173/-0.000, Output= 0.057(-0.500/0.500)
Test.Battery_Info: Voltage=13.03V (12.57V)
Test.printPidInfo_Info: encoderXPidCtrl: Target=   7.3, Input=   0.0, Error=   0.0, PIDTerms= 0.000/ 0.000/ 0.000/ 0.000, Output= 0.000(-1.000/1.000)
Test.printPidInfo_Info: encoderYPidCtrl: Target=  14.6, Input=   0.0, Error=   0.0, PIDTerms= 0.000/ 0.000/ 0.000/ 0.000, Output= 0.000(-1.000/1.000)
Test.printPidInfo_Info: gyroPidCtrl: Target= -90.0, Input= -95.7, Error=   5.7, PIDTerms= 0.103/ 0.000/ 0.176/-0.000, Output= 0.279(-0.500/0.500)
Test.Battery_Info: Voltage=13.10V (12.57V)
Test.printPidInfo_Info: encoderXPidCtrl: Target=   7.3, Input=   0.0, Error=   0.0, PIDTerms= 0.000/ 0.000/ 0.000/ 0.000, Output= 0.000(-1.000/1.000)
Test.printPidInfo_Info: encoderYPidCtrl: Target=  14.6, Input=   0.0, Error=   0.0, PIDTerms= 0.000/ 0.000/ 0.000/ 0.000, Output= 0.000(-1.000/1.000)
Test.printPidInfo_Info: gyroPidCtrl: Target= -90.0, Input= -99.4, Error=   9.4, PIDTerms= 0.168/ 0.000/ 0.054/-0.000, Output= 0.222(-0.500/0.500)
Test.Battery_Info: Voltage=13.20V (12.57V)
Test.printPidInfo_Info: encoderXPidCtrl: Target=   7.3, Input=   0.0, Error=   0.0, PIDTerms= 0.000/ 0.000/ 0.000/ 0.000, Output= 0.000(-1.000/1.000)
Test.printPidInfo_Info: encoderYPidCtrl: Target=  14.6, Input=   0.0, Error=   0.0, PIDTerms= 0.000/ 0.000/ 0.000/ 0.000, Output= 0.000(-1.000/1.000)
Test.printPidInfo_Info: gyroPidCtrl: Target= -90.0, Input= -99.0, Error=   9.0, PIDTerms= 0.162/ 0.000/-0.005/-0.000, Output= 0.157(-0.500/0.500)
Test.Battery_Info: Voltage=13.32V (12.57V)
Test.printPidInfo_Info: encoderXPidCtrl: Target=   7.3, Input=   0.0, Error=   0.0, PIDTerms= 0.000/ 0.000/ 0.000/ 0.000, Output= 0.000(-1.000/1.000)
Test.printPidInfo_Info: encoderYPidCtrl: Target=  14.6, Input=   0.0, Error=   0.0, PIDTerms= 0.000/ 0.000/ 0.000/ 0.000, Output= 0.000(-1.000/1.000)
Test.printPidInfo_Info: gyroPidCtrl: Target= -90.0, Input= -95.1, Error=   5.1, PIDTerms= 0.092/ 0.000/-0.059/-0.000, Output= 0.034(-0.500/0.500)
Test.Battery_Info: Voltage=13.33V (12.57V)
Test.printPidInfo_Info: encoderXPidCtrl: Target=   7.3, Input=   0.0, Error=   0.0, PIDTerms= 0.000/ 0.000/ 0.000/ 0.000, Output= 0.000(-1.000/1.000)
Test.printPidInfo_Info: encoderYPidCtrl: Target=  14.6, Input=   0.0, Error=   0.0, PIDTerms= 0.000/ 0.000/ 0.000/ 0.000, Output= 0.000(-1.000/1.000)
Test.printPidInfo_Info: gyroPidCtrl: Target= -90.0, Input= -91.6, Error=   1.6, PIDTerms= 0.029/ 0.000/-0.055/-0.000, Output=-0.027(-0.500/0.500)
Test.Battery_Info: Voltage=13.33V (12.57V)
Test.printPidInfo_Info: encoderXPidCtrl: Target=   7.3, Input=   0.0, Error=   0.0, PIDTerms= 0.000/ 0.000/ 0.000/ 0.000, Output= 0.000(-1.000/1.000)
Test.printPidInfo_Info: encoderYPidCtrl: Target=  14.6, Input=   0.0, Error=   0.0, PIDTerms= 0.000/ 0.000/ 0.000/ 0.000, Output= 0.000(-1.000/1.000)
Test.printPidInfo_Info: gyroPidCtrl: Target= -90.0, Input= -90.7, Error=   0.7, PIDTerms= 0.013/ 0.000/-0.013/-0.000, Output= 0.001(-0.500/0.500)
Test.Robot_Info: ========== [7.412] ALIGN_CRYPTOBOX: xPos=  9.74/ 13.50,yPos= 13.49/  0.00,heading= -90.7/ -90.0,volt=13.46V(12.57V)
Test.Battery_Info: Voltage=13.46V (12.57V)
Test.printPidInfo_Info: encoderXPidCtrl: Target=  23.2, Input=   0.0, Error=  13.5, PIDTerms= 0.000/ 0.000/ 0.000/ 0.000, Output= 0.000(-1.000/1.000)
Test.printPidInfo_Info: encoderYPidCtrl: Target=  13.5, Input=   0.0, Error=   0.0, PIDTerms= 0.000/ 0.000/ 0.000/ 0.000, Output= 0.000(-1.000/1.000)
Test.printPidInfo_Info: gyroPidCtrl: Target= -90.0, Input= -90.7, Error=   0.7, PIDTerms= 0.013/ 0.000/-0.000/-0.000, Output= 0.000(-0.500/0.500)
Test.Battery_Info: Voltage=11.34V (11.39V)
Test.printPidInfo_Info: encoderXPidCtrl: Target=  23.2, Input=   9.7, Error=  13.5, PIDTerms= 2.025/ 0.000/ 0.000/ 0.000, Output= 1.000(-1.000/1.000)
Test.printPidInfo_Info: encoderYPidCtrl: Target=  13.5, Input=  13.5, Error=   0.0, PIDTerms= 0.000/ 0.000/ 0.000/ 0.000, Output= 0.000(-1.000/1.000)
Test.printPidInfo_Info: gyroPidCtrl: Target= -90.0, Input= -90.7, Error=   0.7, PIDTerms= 0.013/ 0.000/ 0.000/-0.000, Output= 0.013(-0.500/0.500)
Test.Battery_Info: Voltage=11.62V (11.39V)
Test.printPidInfo_Info: encoderXPidCtrl: Target=  23.2, Input=  10.0, Error=  13.2, PIDTerms= 1.979/ 0.000/-0.029/ 0.000, Output= 1.000(-1.000/1.000)
Test.printPidInfo_Info: encoderYPidCtrl: Target=  13.5, Input=  13.5, Error=  -0.0, PIDTerms=-0.000/ 0.000/-0.000/ 0.000, Output=-0.001(-1.000/1.000)
Test.printPidInfo_Info: gyroPidCtrl: Target= -90.0, Input= -90.7, Error=   0.7, PIDTerms= 0.013/ 0.000/-0.000/-0.000, Output= 0.012(-0.500/0.500)
Test.Battery_Info: Voltage=12.02V (11.39V)
Test.printPidInfo_Info: encoderXPidCtrl: Target=  23.2, Input=  13.5, Error=   9.8, PIDTerms= 1.465/ 0.000/-0.420/ 0.000, Output= 1.000(-1.000/1.000)
Test.printPidInfo_Info: encoderYPidCtrl: Target=  13.5, Input=  13.9, Error=  -0.4, PIDTerms=-0.009/ 0.000/-0.007/ 0.000, Output=-0.016(-1.000/1.000)
Test.printPidInfo_Info: gyroPidCtrl: Target= -90.0, Input= -89.0, Error=  -1.0, PIDTerms=-0.018/ 0.000/-0.027/-0.000, Output=-0.045(-0.500/0.500)
Test.Battery_Info: Voltage=13.05V (11.39V)
Test.printPidInfo_Info: encoderXPidCtrl: Target=  23.2, Input=  17.4, Error=   5.8, PIDTerms= 0.874/ 0.000/-0.418/ 0.000, Output= 0.456(-1.000/1.000)
Test.printPidInfo_Info: encoderYPidCtrl: Target=  13.5, Input=  13.9, Error=  -0.5, PIDTerms=-0.009/ 0.000/-0.000/ 0.000, Output=-0.009(-1.000/1.000)
Test.printPidInfo_Info: gyroPidCtrl: Target= -90.0, Input= -87.0, Error=  -3.0, PIDTerms=-0.054/ 0.000/-0.028/-0.000, Output=-0.082(-0.500/0.500)
Test.Battery_Info: Voltage=13.52V (11.39V)
Test.printPidInfo_Info: encoderXPidCtrl: Target=  23.2, Input=  21.2, Error=   2.0, PIDTerms= 0.306/ 0.000/-0.378/ 0.000, Output=-0.071(-1.000/1.000)
Test.printPidInfo_Info: encoderYPidCtrl: Target=  13.5, Input=  13.8, Error=  -0.4, PIDTerms=-0.007/ 0.000/ 0.001/ 0.000, Output=-0.006(-1.000/1.000)
Test.printPidInfo_Info: gyroPidCtrl: Target= -90.0, Input= -87.1, Error=  -2.9, PIDTerms=-0.052/ 0.000/ 0.001/-0.000, Output=-0.051(-0.500/0.500)
Test.Battery_Info: Voltage=13.04V (11.39V)
Test.printPidInfo_Info: encoderXPidCtrl: Target=  23.2, Input=  23.7, Error=  -0.4, PIDTerms=-0.066/ 0.000/-0.255/ 0.000, Output=-0.321(-1.000/1.000)
Test.printPidInfo_Info: encoderYPidCtrl: Target=  13.5, Input=  13.5, Error=  -0.0, PIDTerms=-0.001/ 0.000/ 0.005/ 0.000, Output= 0.004(-1.000/1.000)
Test.printPidInfo_Info: gyroPidCtrl: Target= -90.0, Input= -89.3, Error=  -0.7, PIDTerms=-0.012/ 0.000/ 0.030/-0.000, Output= 0.018(-0.500/0.500)
Test.Battery_Info: Voltage=13.48V (11.39V)
Test.printPidInfo_Info: encoderXPidCtrl: Target=  23.2, Input=  23.6, Error=  -0.4, PIDTerms=-0.058/ 0.000/ 0.005/ 0.000, Output=-0.053(-1.000/1.000)
Test.printPidInfo_Info: encoderYPidCtrl: Target=  13.5, Input=  13.4, Error=   0.1, PIDTerms= 0.002/ 0.000/ 0.003/ 0.000, Output= 0.005(-1.000/1.000)
Test.printPidInfo_Info: gyroPidCtrl: Target= -90.0, Input= -93.5, Error=   3.5, PIDTerms= 0.063/ 0.000/ 0.056/-0.000, Output= 0.119(-0.500/0.500)
Test.Battery_Info: Voltage=13.49V (11.39V)
Test.printPidInfo_Info: encoderXPidCtrl: Target=  23.2, Input=  23.2, Error=   0.1, PIDTerms= 0.013/ 0.000/ 0.040/ 0.000, Output= 0.053(-1.000/1.000)
Test.printPidInfo_Info: encoderYPidCtrl: Target=  13.5, Input=  13.2, Error=   0.3, PIDTerms= 0.005/ 0.000/ 0.002/ 0.000, Output= 0.007(-1.000/1.000)
Test.printPidInfo_Info: gyroPidCtrl: Target= -90.0, Input= -95.1, Error=   5.1, PIDTerms= 0.091/ 0.000/ 0.018/-0.000, Output= 0.109(-0.500/0.500)
Test.Battery_Info: Voltage=13.57V (11.39V)
Test.printPidInfo_Info: encoderXPidCtrl: Target=  23.2, Input=  23.3, Error=  -0.0, PIDTerms=-0.007/ 0.000/-0.013/ 0.000, Output=-0.020(-1.000/1.000)
Test.printPidInfo_Info: encoderYPidCtrl: Target=  13.5, Input=  13.3, Error=   0.2, PIDTerms= 0.003/ 0.000/-0.001/ 0.000, Output= 0.002(-1.000/1.000)
Test.printPidInfo_Info: gyroPidCtrl: Target= -90.0, Input= -93.4, Error=   3.4, PIDTerms= 0.061/ 0.000/-0.022/-0.000, Output= 0.039(-0.500/0.500)
Test.Battery_Info: Voltage=13.57V (11.39V)
Test.printPidInfo_Info: encoderXPidCtrl: Target=  23.2, Input=  23.4, Error=  -0.1, PIDTerms=-0.021/ 0.000/-0.009/ 0.000, Output=-0.030(-1.000/1.000)
Test.printPidInfo_Info: encoderYPidCtrl: Target=  13.5, Input=  13.3, Error=   0.2, PIDTerms= 0.004/ 0.000/ 0.000/ 0.000, Output= 0.005(-1.000/1.000)
Test.printPidInfo_Info: gyroPidCtrl: Target= -90.0, Input= -92.9, Error=   2.9, PIDTerms= 0.052/ 0.000/-0.007/-0.000, Output= 0.045(-0.500/0.500)
Test.Battery_Info: Voltage=13.58V (11.39V)
Test.printPidInfo_Info: encoderXPidCtrl: Target=  23.2, Input=  23.4, Error=  -0.1, PIDTerms=-0.021/ 0.000/ 0.000/ 0.000, Output=-0.021(-1.000/1.000)
Test.printPidInfo_Info: encoderYPidCtrl: Target=  13.5, Input=  13.3, Error=   0.2, PIDTerms= 0.004/ 0.000/ 0.000/ 0.000, Output= 0.004(-1.000/1.000)
Test.printPidInfo_Info: gyroPidCtrl: Target= -90.0, Input= -92.7, Error=   2.7, PIDTerms= 0.049/ 0.000/-0.003/-0.000, Output= 0.046(-0.500/0.500)
Test.Robot_Info: ========== [9.233] SET_DOWN_GLYPH: xPos= 23.38/ 13.50,yPos= 13.28/  0.00,heading= -92.7/ -90.0,volt=13.60V(11.39V)
Test.Robot_Info: ========== [11.421] RELEASE_GLYPH: xPos= 23.38/ 13.50,yPos= 13.28/  0.00,heading= -92.7/ -90.0,volt=13.63V(11.39V)
Test.Robot_Info: ========== [12.101] PUSH_FORWARD: xPos= 23.37/  0.00,yPos= 13.27/ 16.00,heading= -92.6/ -90.0,volt=13.67V(11.39V)
Test.Battery_Info: Voltage=13.67V (11.39V)
Test.printPidInfo_Info: encoderXPidCtrl: Target=  23.4, Input=  23.4, Error=   0.0, PIDTerms=-0.021/ 0.000/ 0.000/ 0.000, Output= 0.000(-1.000/1.000)
Test.printPidInfo_Info: encoderYPidCtrl: Target=  29.3, Input=  13.3, Error=  16.0, PIDTerms= 0.004/ 0.000/ 0.000/ 0.000, Output= 0.000(-1.000/1.000)
Test.printPidInfo_Info: gyroPidCtrl: Target= -90.0, Input= -92.7, Error=   2.6, PIDTerms= 0.048/ 0.000/-0.000/-0.000, Output= 0.000(-0.500/0.500)
Test.Battery_Info: Voltage=13.24V (11.39V)
Test.printPidInfo_Info: encoderXPidCtrl: Target=  23.4, Input=  23.4, Error=   0.0, PIDTerms= 0.000/ 0.000/ 0.000/ 0.000, Output= 0.000(-1.000/1.000)
Test.printPidInfo_Info: encoderYPidCtrl: Target=  29.3, Input=  13.3, Error=  16.0, PIDTerms= 0.320/ 0.000/-0.000/ 0.000, Output= 0.320(-1.000/1.000)
Test.printPidInfo_Info: gyroPidCtrl: Target= -90.0, Input= -92.6, Error=   2.6, PIDTerms= 0.047/ 0.000/ 0.000/-0.000, Output= 0.047(-0.500/0.500)
Test.Battery_Info: Voltage=13.30V (11.39V)
Test.printPidInfo_Info: encoderXPidCtrl: Target=  23.4, Input=  23.3, Error=   0.1, PIDTerms= 0.008/ 0.000/ 0.005/ 0.000, Output= 0.013(-1.000/1.000)
Test.printPidInfo_Info: encoderYPidCtrl: Target=  29.3, Input=  13.6, Error=  15.7, PIDTerms= 0.314/ 0.000/-0.004/ 0.000, Output= 0.310(-1.000/1.000)
Test.printPidInfo_Info: gyroPidCtrl: Target= -90.0, Input= -92.6, Error=   2.6, PIDTerms= 0.046/ 0.000/-0.000/-0.000, Output= 0.046(-0.500/0.500)
Test.Battery_Info: Voltage=13.39V (11.39V)
Test.printPidInfo_Info: encoderXPidCtrl: Target=  23.4, Input=  23.5, Error=  -0.1, PIDTerms=-0.014/ 0.000/-0.017/ 0.000, Output=-0.031(-1.000/1.000)
Test.printPidInfo_Info: encoderYPidCtrl: Target=  29.3, Input=  14.6, Error=  14.7, PIDTerms= 0.294/ 0.000/-0.017/ 0.000, Output= 0.277(-1.000/1.000)
Test.printPidInfo_Info: gyroPidCtrl: Target= -90.0, Input= -92.0, Error=   2.0, PIDTerms= 0.035/ 0.000/-0.010/-0.000, Output= 0.025(-0.500/0.500)
Test.Battery_Info: Voltage=13.46V (11.39V)
Test.printPidInfo_Info: encoderXPidCtrl: Target=  23.4, Input=  23.5, Error=  -0.1, PIDTerms=-0.017/ 0.000/-0.002/ 0.000, Output=-0.020(-1.000/1.000)
Test.printPidInfo_Info: encoderYPidCtrl: Target=  29.3, Input=  16.2, Error=  13.1, PIDTerms= 0.261/ 0.000/-0.027/ 0.000, Output= 0.234(-1.000/1.000)
Test.printPidInfo_Info: gyroPidCtrl: Target= -90.0, Input= -91.9, Error=   1.9, PIDTerms= 0.034/ 0.000/-0.001/-0.000, Output= 0.033(-0.500/0.500)
Test.Battery_Info: Voltage=13.51V (11.39V)
Test.printPidInfo_Info: encoderXPidCtrl: Target=  23.4, Input=  23.5, Error=  -0.1, PIDTerms=-0.018/ 0.000/-0.000/ 0.000, Output=-0.018(-1.000/1.000)
Test.printPidInfo_Info: encoderYPidCtrl: Target=  29.3, Input=  18.1, Error=  11.2, PIDTerms= 0.224/ 0.000/-0.030/ 0.000, Output= 0.194(-1.000/1.000)
Test.printPidInfo_Info: gyroPidCtrl: Target= -90.0, Input= -91.7, Error=   1.7, PIDTerms= 0.031/ 0.000/-0.002/-0.000, Output= 0.030(-0.500/0.500)
Test.Battery_Info: Voltage=13.54V (11.39V)
Test.printPidInfo_Info: encoderXPidCtrl: Target=  23.4, Input=  23.5, Error=  -0.1, PIDTerms=-0.017/ 0.000/ 0.000/ 0.000, Output=-0.017(-1.000/1.000)
Test.printPidInfo_Info: encoderYPidCtrl: Target=  29.3, Input=  20.3, Error=   8.9, PIDTerms= 0.179/ 0.000/-0.032/ 0.000, Output= 0.146(-1.000/1.000)
Test.printPidInfo_Info: gyroPidCtrl: Target= -90.0, Input= -91.6, Error=   1.6, PIDTerms= 0.029/ 0.000/-0.002/-0.000, Output= 0.028(-0.500/0.500)
Test.Battery_Info: Voltage=13.58V (11.39V)
Test.printPidInfo_Info: encoderXPidCtrl: Target=  23.4, Input=  23.4, Error=  -0.1, PIDTerms=-0.011/ 0.000/ 0.005/ 0.000, Output=-0.006(-1.000/1.000)
Test.printPidInfo_Info: encoderYPidCtrl: Target=  29.3, Input=  22.2, Error=   7.1, PIDTerms= 0.142/ 0.000/-0.035/ 0.000, Output= 0.107(-1.000/1.000)
Test.printPidInfo_Info: gyroPidCtrl: Target= -90.0, Input= -91.5, Error=   1.5, PIDTerms= 0.028/ 0.000/-0.002/-0.000, Output= 0.026(-0.500/0.500)
Test.Battery_Info: Voltage=13.56V (11.39V)
Test.printPidInfo_Info: encoderXPidCtrl: Target=  23.4, Input=  23.4, Error=  -0.0, PIDTerms=-0.001/ 0.000/ 0.007/ 0.000, Output= 0.007(-1.000/1.000)
Test.printPidInfo_Info: encoderYPidCtrl: Target=  29.3, Input=  22.7, Error=   6.5, PIDTerms= 0.131/ 0.000/-0.009/ 0.000, Output= 0.122(-1.000/1.000)
Test.printPidInfo_Info: gyroPidCtrl: Target= -90.0, Input= -91.5, Error=   1.5, PIDTerms= 0.027/ 0.000/-0.000/-0.000, Output= 0.027(-0.500/0.500)
Test.Battery_Info: Voltage=13.53V (11.39V)
Test.printPidInfo_Info: encoderXPidCtrl: Target=  23.4, Input=  23.4, Error=   0.0, PIDTerms= 0.000/ 0.000/ 0.000/ 0.000, Output= 0.000(-1.000/1.000)
Test.printPidInfo_Info: encoderYPidCtrl: Target=  29.3, Input=  22.8, Error=   6.5, PIDTerms= 0.130/ 0.000/-0.000/ 0.000, Output= 0.130(-1.000/1.000)
Test.printPidInfo_Info: gyroPidCtrl: Target= -90.0, Input= -92.3, Error=   2.3, PIDTerms= 0.042/ 0.000/ 0.008/-0.000, Output= 0.050(-0.500/0.500)
Test.Robot_Info: ========== [13.556] BACK_OFF: xPos= 17.58/  0.00,yPos= 29.47/ -6.50,heading= -92.3/ -90.0,volt=13.66V(11.39V)
Test.Battery_Info: Voltage=13.66V (11.39V)
Test.printPidInfo_Info: encoderXPidCtrl: Target=  23.4, Input=  23.4, Error=   0.0, PIDTerms= 0.000/ 0.000/ 0.000/ 0.000, Output= 0.000(-1.000/1.000)
Test.printPidInfo_Info: encoderYPidCtrl: Target=  23.0, Input=  22.8, Error=  -6.5, PIDTerms= 0.130/ 0.000/ 0.000/ 0.000, Output= 0.000(-1.000/1.000)
Test.printPidInfo_Info: gyroPidCtrl: Target= -90.0, Input= -92.3, Error=   2.3, PIDTerms= 0.042/ 0.000/-0.000/-0.000, Output= 0.000(-0.500/0.500)
Test.Battery_Info: Voltage=11.79V (11.39V)
Test.printPidInfo_Info: encoderXPidCtrl: Target=  23.4, Input=  29.2, Error=  -5.8, PIDTerms=-0.869/ 0.000/-3.798/ 0.000, Output=-1.000(-1.000/1.000)
Test.printPidInfo_Info: encoderYPidCtrl: Target=  23.0, Input=  29.5, Error=  -6.5, PIDTerms=-0.130/ 0.000/ 0.000/ 0.000, Output=-0.130(-1.000/1.000)
Test.printPidInfo_Info: gyroPidCtrl: Target= -90.0, Input= -92.3, Error=   2.3, PIDTerms= 0.042/ 0.000/ 0.000/-0.000, Output= 0.042(-0.500/0.500)
Test.Battery_Info: Voltage=11.95V (11.39V)
Test.printPidInfo_Info: encoderXPidCtrl: Target=  23.4, Input=  40.7, Error= -17.4, PIDTerms=-2.606/ 0.000/-1.553/ 0.000, Output=-1.000(-1.000/1.000)
Test.printPidInfo_Info: encoderYPidCtrl: Target=  23.0, Input=  29.3, Error=  -6.4, PIDTerms=-0.127/ 0.000/ 0.003/ 0.000, Output=-0.125(-1.000/1.000)
Test.printPidInfo_Info: gyroPidCtrl: Target= -90.0, Input= -92.4, Error=   2.4, PIDTerms= 0.043/ 0.000/ 0.001/-0.000, Output= 0.044(-0.500/0.500)
Test.Battery_Info: Voltage=11.92V (11.39V)
Test.printPidInfo_Info: encoderXPidCtrl: Target=  23.4, Input=  64.1, Error= -40.8, PIDTerms=-6.116/ 0.000/-2.096/ 0.000, Output=-1.000(-1.000/1.000)
Test.printPidInfo_Info: encoderYPidCtrl: Target=  23.0, Input=  28.3, Error=  -5.4, PIDTerms=-0.107/ 0.000/ 0.013/ 0.000, Output=-0.094(-1.000/1.000)
Test.printPidInfo_Info: gyroPidCtrl: Target= -90.0, Input= -92.6, Error=   2.6, PIDTerms= 0.047/ 0.000/ 0.003/-0.000, Output= 0.050(-0.500/0.500)
Test.Battery_Info: Voltage=11.81V (11.39V)
Test.printPidInfo_Info: encoderXPidCtrl: Target=  23.4, Input= 113.3, Error= -90.0, PIDTerms=-13.493/ 0.000/-6.582/ 0.000, Output=-1.000(-1.000/1.000)
Test.printPidInfo_Info: encoderYPidCtrl: Target=  23.0, Input=  27.2, Error=  -4.3, PIDTerms=-0.085/ 0.000/ 0.021/ 0.000, Output=-0.064(-1.000/1.000)
Test.printPidInfo_Info: gyroPidCtrl: Target= -90.0, Input= -90.7, Error=   0.7, PIDTerms= 0.013/ 0.000/-0.034/-0.000, Output=-0.021(-0.500/0.500)
Test.Battery_Info: Voltage=12.10V (11.39V)
Test.printPidInfo_Info: encoderXPidCtrl: Target=  23.4, Input= 215.2, Error=-191.8, PIDTerms=-28.774/ 0.000/-12.664/ 0.000, Output=-1.000(-1.000/1.000)
Test.printPidInfo_Info: encoderYPidCtrl: Target=  23.0, Input=  26.5, Error=  -3.5, PIDTerms=-0.071/ 0.000/ 0.013/ 0.000, Output=-0.058(-1.000/1.000)
Test.printPidInfo_Info: gyroPidCtrl: Target= -90.0, Input= -85.8, Error=  -4.2, PIDTerms=-0.076/ 0.000/-0.081/-0.000, Output=-0.157(-0.500/0.500)
Test.Battery_Info: Voltage=12.36V (11.39V)
Test.printPidInfo_Info: encoderXPidCtrl: Target=  23.4, Input= 421.4, Error=-398.0, PIDTerms=-59.698/ 0.000/-25.684/ 0.000, Output=-1.000(-1.000/1.000)
Test.printPidInfo_Info: encoderYPidCtrl: Target=  23.0, Input=  25.9, Error=  -3.0, PIDTerms=-0.059/ 0.000/ 0.011/ 0.000, Output=-0.048(-1.000/1.000)
Test.printPidInfo_Info: gyroPidCtrl: Target= -90.0, Input= -79.8, Error= -10.2, PIDTerms=-0.183/ 0.000/-0.099/-0.000, Output=-0.282(-0.500/0.500)
Test.Battery_Info: Voltage=12.34V (11.39V)
Test.printPidInfo_Info: encoderXPidCtrl: Target=  23.4, Input= 836.1, Error=-812.7, PIDTerms=-121.907/ 0.000/-37.962/ 0.000, Output=-1.000(-1.000/1.000)
Test.printPidInfo_Info: encoderYPidCtrl: Target=  23.0, Input=  25.1, Error=  -2.2, PIDTerms=-0.044/ 0.000/ 0.010/ 0.000, Output=-0.033(-1.000/1.000)
Test.printPidInfo_Info: gyroPidCtrl: Target= -90.0, Input= -75.8, Error= -14.2, PIDTerms=-0.256/ 0.000/-0.050/-0.000, Output=-0.305(-0.500/0.500)
Test.Battery_Info: Voltage=12.24V (11.39V)
Test.printPidInfo_Info: encoderXPidCtrl: Target=  23.4, Input=1668.4, Error=-1645.0, PIDTerms=-246.754/ 0.000/-112.923/ 0.000, Output=-1.000(-1.000/1.000)
Test.printPidInfo_Info: encoderYPidCtrl: Target=  23.0, Input=  24.4, Error=  -1.4, PIDTerms=-0.029/ 0.000/ 0.015/ 0.000, Output=-0.014(-1.000/1.000)
Test.printPidInfo_Info: gyroPidCtrl: Target= -90.0, Input= -74.8, Error= -15.2, PIDTerms=-0.274/ 0.000/-0.019/-0.000, Output=-0.293(-0.500/0.500)
Test.Robot_Info: ========== [14.745] DONE: xPos= -4.70/  0.00,yPos= 23.81/ -6.50,heading= -82.1/ -90.0,volt=13.54V(11.39V)
