Test.FtcAuto_Info: Sun Dec 03 13:42:40 PST 2017: ***** Starting autonomous *****
Test.Robot_Info: ========== [0.175] DEPLOY_JEWEL_ARM: xPos=  0.00/  0.00,yPos=  0.00/  0.00,heading=  -0.1/   0.0,volt=13.61V(13.61V)
Test.WHACK_JEWEL_Info: VuMark: LEFT
Test.WHACK_JEWEL_Info: 0: Color=BLUE, HSV=[200.000000/0.303030/0.388235]
Test.Robot_Info: ========== [0.732] WHACK_JEWEL: xPos=  0.00/  0.00,yPos=  0.00/  0.00,heading=  -0.0/   0.0,volt=13.57V(13.53V)
Test.Robot_Info: ========== [1.437] MOVE_JEWEL_ARM_UP: xPos=  0.00/  0.00,yPos=  0.00/  0.00,heading=   0.0/   0.0,volt=13.61V(13.53V)
Test.Robot_Info: ========== [1.803] RESET_JEWEL_ARM: xPos=  0.00/  0.00,yPos=  0.00/  0.00,heading=   0.0/   0.0,volt=13.60V(13.53V)
Test.DO_DELAY_Info: Delay=0
Test.Robot_Info: ========== [2.129] DO_DELAY: xPos=  0.00/  0.00,yPos=  0.00/  0.00,heading=   0.1/   0.0,volt=13.61V(13.53V)
Test.Robot_Info: ========== [2.247] GRAB_LIFT_GLYPH: xPos=  0.00/  0.00,yPos=  0.00/  0.00,heading=   0.0/   0.0,volt=13.61V(13.53V)
Test.Robot_Info: ========== [4.456] DRIVE_OFF_PLATFORM: xPos=  0.00/  0.00,yPos=  0.00/  0.00,heading=   0.1/   0.0,volt=12.68V(13.22V)
Test.Robot_Info: ========== [5.189] DRIVE_TO_WALL: xPos=  0.16/  0.00,yPos= 13.47/  0.00,heading=  -1.6/   0.0,volt=13.50V(12.83V)
Test.Robot_Info: ========== [5.337] TURN_TO_CRYPTOBOX: xPos=  0.30/  0.00,yPos= 18.02/  0.00,heading=  -1.9/   0.0,volt=13.52V(12.83V)
Test.Battery_Info: Voltage=13.52V (12.83V)
Test.printPidInfo_Info: encoderXPidCtrl: Target=   0.3, Input=   0.0, Error=   0.0, PIDTerms= 0.000/ 0.000/ 0.000/ 0.000, Output= 0.000(-1.000/1.000)
Test.printPidInfo_Info: encoderYPidCtrl: Target=  18.0, Input=   0.0, Error=   0.0, PIDTerms= 0.000/ 0.000/ 0.000/ 0.000, Output= 0.000(-1.000/1.000)
Test.printPidInfo_Info: gyroPidCtrl: Target=   0.0, Input=   0.0, Error=   1.9, PIDTerms= 0.000/ 0.000/ 0.000/ 0.000, Output= 0.000(-0.500/0.500)
Test.Battery_Info: Voltage=13.41V (12.83V)
Test.printPidInfo_Info: encoderXPidCtrl: Target=   0.3, Input=   0.3, Error=   0.0, PIDTerms= 0.000/ 0.000/ 0.000/ 0.000, Output= 0.000(-1.000/1.000)
Test.printPidInfo_Info: encoderYPidCtrl: Target=  18.0, Input=  18.0, Error=   0.0, PIDTerms= 0.000/ 0.000/ 0.000/ 0.000, Output= 0.000(-1.000/1.000)
Test.printPidInfo_Info: gyroPidCtrl: Target=   0.0, Input=  -1.9, Error=   1.9, PIDTerms= 0.033/ 0.000/ 0.000/ 0.000, Output= 0.033(-0.500/0.500)
Test.Battery_Info: Voltage=13.38V (12.83V)
Test.printPidInfo_Info: encoderXPidCtrl: Target=   0.3, Input=   0.2, Error=   0.1, PIDTerms= 0.018/ 0.000/ 0.010/ 0.000, Output= 0.029(-1.000/1.000)
Test.printPidInfo_Info: encoderYPidCtrl: Target=  18.0, Input=  19.1, Error=  -1.0, PIDTerms=-0.021/ 0.000/-0.013/ 0.000, Output=-0.034(-1.000/1.000)
Test.printPidInfo_Info: gyroPidCtrl: Target=   0.0, Input=  -2.1, Error=   2.1, PIDTerms= 0.038/ 0.000/ 0.003/ 0.000, Output= 0.041(-0.500/0.500)
Test.Battery_Info: Voltage=12.25V (12.25V)
Test.printPidInfo_Info: encoderXPidCtrl: Target=   0.3, Input=   9.8, Error=  -9.5, PIDTerms=-1.422/ 0.000/-0.918/ 0.000, Output=-1.000(-1.000/1.000)
Test.printPidInfo_Info: encoderYPidCtrl: Target=  18.0, Input=   8.5, Error=   9.5, PIDTerms= 0.190/ 0.000/ 0.148/ 0.000, Output= 0.338(-1.000/1.000)
Test.printPidInfo_Info: gyroPidCtrl: Target=   0.0, Input=  -3.8, Error=   3.8, PIDTerms= 0.069/ 0.000/ 0.022/ 0.000, Output= 0.091(-0.500/0.500)
Test.Battery_Info: Voltage=12.01V (12.01V)
Test.printPidInfo_Info: encoderXPidCtrl: Target=   0.3, Input=   9.3, Error=  -9.0, PIDTerms=-1.356/ 0.000/ 0.051/ 0.000, Output=-1.000(-1.000/1.000)
Test.printPidInfo_Info: encoderYPidCtrl: Target=  18.0, Input=   8.7, Error=   9.3, PIDTerms= 0.186/ 0.000/-0.003/ 0.000, Output= 0.183(-1.000/1.000)
Test.printPidInfo_Info: gyroPidCtrl: Target=   0.0, Input=  -3.3, Error=   3.3, PIDTerms= 0.059/ 0.000/-0.008/ 0.000, Output= 0.050(-0.500/0.500)
Test.Battery_Info: Voltage=12.31V (12.01V)
Test.printPidInfo_Info: encoderXPidCtrl: Target=   0.3, Input=   7.6, Error=  -7.3, PIDTerms=-1.097/ 0.000/ 0.208/ 0.000, Output=-0.889(-1.000/1.000)
Test.printPidInfo_Info: encoderYPidCtrl: Target=  18.0, Input=   9.8, Error=   8.2, PIDTerms= 0.165/ 0.000/-0.019/ 0.000, Output= 0.145(-1.000/1.000)
Test.printPidInfo_Info: gyroPidCtrl: Target=   0.0, Input=  -3.7, Error=   3.7, PIDTerms= 0.067/ 0.000/ 0.007/ 0.000, Output= 0.073(-0.500/0.500)
Test.Battery_Info: Voltage=13.01V (12.01V)
Test.printPidInfo_Info: encoderXPidCtrl: Target=   0.3, Input=   4.8, Error=  -4.5, PIDTerms=-0.669/ 0.000/ 0.248/ 0.000, Output=-0.420(-1.000/1.000)
Test.printPidInfo_Info: encoderYPidCtrl: Target=  18.0, Input=  10.6, Error=   7.5, PIDTerms= 0.149/ 0.000/-0.010/ 0.000, Output= 0.139(-1.000/1.000)
Test.printPidInfo_Info: gyroPidCtrl: Target=   0.0, Input=  -4.5, Error=   4.5, PIDTerms= 0.082/ 0.000/ 0.010/ 0.000, Output= 0.092(-0.500/0.500)
Test.Battery_Info: Voltage=13.18V (12.01V)
Test.printPidInfo_Info: encoderXPidCtrl: Target=   0.3, Input=   1.3, Error=  -1.0, PIDTerms=-0.149/ 0.000/ 0.353/ 0.000, Output= 0.204(-1.000/1.000)
Test.printPidInfo_Info: encoderYPidCtrl: Target=  18.0, Input=  11.4, Error=   6.6, PIDTerms= 0.132/ 0.000/-0.013/ 0.000, Output= 0.120(-1.000/1.000)
Test.printPidInfo_Info: gyroPidCtrl: Target=   0.0, Input=  -2.6, Error=   2.6, PIDTerms= 0.047/ 0.000/-0.026/ 0.000, Output= 0.021(-0.500/0.500)
Test.Battery_Info: Voltage=13.04V (12.01V)
Test.printPidInfo_Info: encoderXPidCtrl: Target=   0.3, Input=  -0.4, Error=   0.7, PIDTerms= 0.106/ 0.000/ 0.198/ 0.000, Output= 0.304(-1.000/1.000)
Test.printPidInfo_Info: encoderYPidCtrl: Target=  18.0, Input=  12.1, Error=   5.9, PIDTerms= 0.118/ 0.000/-0.012/ 0.000, Output= 0.106(-1.000/1.000)
Test.printPidInfo_Info: gyroPidCtrl: Target=   0.0, Input=   0.3, Error=  -0.3, PIDTerms=-0.005/ 0.000/-0.045/ 0.000, Output=-0.051(-0.500/0.500)
Test.Battery_Info: Voltage=13.27V (12.01V)
Test.printPidInfo_Info: encoderXPidCtrl: Target=   0.3, Input=  -0.0, Error=   0.3, PIDTerms= 0.046/ 0.000/-0.050/ 0.000, Output=-0.004(-1.000/1.000)
Test.printPidInfo_Info: encoderYPidCtrl: Target=  18.0, Input=  12.7, Error=   5.3, PIDTerms= 0.106/ 0.000/-0.012/ 0.000, Output= 0.094(-1.000/1.000)
Test.printPidInfo_Info: gyroPidCtrl: Target=   0.0, Input=   3.9, Error=  -3.9, PIDTerms=-0.070/ 0.000/-0.060/ 0.000, Output=-0.130(-0.500/0.500)
Test.Battery_Info: Voltage=13.29V (12.01V)
Test.printPidInfo_Info: encoderXPidCtrl: Target=   0.3, Input=   0.4, Error=  -0.1, PIDTerms=-0.020/ 0.000/-0.048/ 0.000, Output=-0.068(-1.000/1.000)
Test.printPidInfo_Info: encoderYPidCtrl: Target=  18.0, Input=  13.2, Error=   4.8, PIDTerms= 0.097/ 0.000/-0.007/ 0.000, Output= 0.089(-1.000/1.000)
Test.printPidInfo_Info: gyroPidCtrl: Target=   0.0, Input=   4.7, Error=  -4.7, PIDTerms=-0.085/ 0.000/-0.012/ 0.000, Output=-0.096(-0.500/0.500)
Test.Battery_Info: Voltage=13.33V (12.01V)
Test.printPidInfo_Info: encoderXPidCtrl: Target=   0.3, Input=   0.3, Error=   0.0, PIDTerms= 0.005/ 0.000/ 0.016/ 0.000, Output= 0.021(-1.000/1.000)
Test.printPidInfo_Info: encoderYPidCtrl: Target=  18.0, Input=  13.9, Error=   4.1, PIDTerms= 0.083/ 0.000/-0.010/ 0.000, Output= 0.072(-1.000/1.000)
Test.printPidInfo_Info: gyroPidCtrl: Target=   0.0, Input=   3.5, Error=  -3.5, PIDTerms=-0.062/ 0.000/ 0.016/ 0.000, Output=-0.046(-0.500/0.500)
Test.Battery_Info: Voltage=13.34V (12.01V)
Test.printPidInfo_Info: encoderXPidCtrl: Target=   0.3, Input=   0.2, Error=   0.1, PIDTerms= 0.021/ 0.000/ 0.014/ 0.000, Output= 0.035(-1.000/1.000)
Test.printPidInfo_Info: encoderYPidCtrl: Target=  18.0, Input=  14.3, Error=   3.7, PIDTerms= 0.074/ 0.000/-0.008/ 0.000, Output= 0.067(-1.000/1.000)
Test.printPidInfo_Info: gyroPidCtrl: Target=   0.0, Input=   1.6, Error=  -1.6, PIDTerms=-0.029/ 0.000/ 0.031/ 0.000, Output= 0.003(-0.500/0.500)
Test.Battery_Info: Voltage=13.35V (12.01V)
Test.printPidInfo_Info: encoderXPidCtrl: Target=   0.3, Input=   0.2, Error=   0.1, PIDTerms= 0.011/ 0.000/-0.009/ 0.000, Output= 0.002(-1.000/1.000)
Test.printPidInfo_Info: encoderYPidCtrl: Target=  18.0, Input=  14.6, Error=   3.4, PIDTerms= 0.068/ 0.000/-0.005/ 0.000, Output= 0.063(-1.000/1.000)
Test.printPidInfo_Info: gyroPidCtrl: Target=   0.0, Input=   1.0, Error=  -1.0, PIDTerms=-0.018/ 0.000/ 0.010/ 0.000, Output=-0.009(-0.500/0.500)
Test.Battery_Info: Voltage=13.35V (12.01V)
Test.printPidInfo_Info: encoderXPidCtrl: Target=   0.3, Input=   0.3, Error=  -0.0, PIDTerms=-0.006/ 0.000/-0.014/ 0.000, Output=-0.020(-1.000/1.000)
Test.printPidInfo_Info: encoderYPidCtrl: Target=  18.0, Input=  14.8, Error=   3.2, PIDTerms= 0.064/ 0.000/-0.004/ 0.000, Output= 0.060(-1.000/1.000)
Test.printPidInfo_Info: gyroPidCtrl: Target=   0.0, Input=   0.9, Error=  -0.9, PIDTerms=-0.016/ 0.000/ 0.002/ 0.000, Output=-0.015(-0.500/0.500)
Test.Battery_Info: Voltage=13.35V (12.01V)
Test.printPidInfo_Info: encoderXPidCtrl: Target=   0.3, Input=   0.2, Error=   0.1, PIDTerms= 0.008/ 0.000/ 0.008/ 0.000, Output= 0.016(-1.000/1.000)
Test.printPidInfo_Info: encoderYPidCtrl: Target=  18.0, Input=  15.0, Error=   3.1, PIDTerms= 0.061/ 0.000/-0.002/ 0.000, Output= 0.060(-1.000/1.000)
Test.printPidInfo_Info: gyroPidCtrl: Target=   0.0, Input=   1.0, Error=  -1.0, PIDTerms=-0.018/ 0.000/-0.001/ 0.000, Output=-0.018(-0.500/0.500)
Test.Battery_Info: Voltage=13.35V (12.01V)
Test.printPidInfo_Info: encoderXPidCtrl: Target=   0.3, Input=   0.2, Error=   0.1, PIDTerms= 0.016/ 0.000/ 0.007/ 0.000, Output= 0.023(-1.000/1.000)
Test.printPidInfo_Info: encoderYPidCtrl: Target=  18.0, Input=  15.0, Error=   3.0, PIDTerms= 0.060/ 0.000/-0.001/ 0.000, Output= 0.059(-1.000/1.000)
Test.printPidInfo_Info: gyroPidCtrl: Target=   0.0, Input=   1.0, Error=  -1.0, PIDTerms=-0.018/ 0.000/-0.000/ 0.000, Output=-0.018(-0.500/0.500)
Test.Battery_Info: Voltage=13.36V (12.01V)
Test.printPidInfo_Info: encoderXPidCtrl: Target=   0.3, Input=   0.2, Error=   0.1, PIDTerms= 0.016/ 0.000/ 0.001/ 0.000, Output= 0.017(-1.000/1.000)
Test.printPidInfo_Info: encoderYPidCtrl: Target=  18.0, Input=  15.0, Error=   3.0, PIDTerms= 0.060/ 0.000/-0.000/ 0.000, Output= 0.060(-1.000/1.000)
Test.printPidInfo_Info: gyroPidCtrl: Target=   0.0, Input=   1.0, Error=  -1.0, PIDTerms=-0.018/ 0.000/-0.000/ 0.000, Output=-0.018(-0.500/0.500)
Test.Battery_Info: Voltage=13.36V (12.01V)
Test.printPidInfo_Info: encoderXPidCtrl: Target=   0.3, Input=   0.2, Error=   0.1, PIDTerms= 0.016/ 0.000/ 0.000/ 0.000, Output= 0.016(-1.000/1.000)
Test.printPidInfo_Info: encoderYPidCtrl: Target=  18.0, Input=  15.0, Error=   3.0, PIDTerms= 0.060/ 0.000/ 0.000/ 0.000, Output= 0.060(-1.000/1.000)
Test.printPidInfo_Info: gyroPidCtrl: Target=   0.0, Input=   1.0, Error=  -1.0, PIDTerms=-0.018/ 0.000/ 0.000/ 0.000, Output=-0.018(-0.500/0.500)
Test.Robot_Info: ========== [8.009] ALIGN_CRYPTOBOX: xPos=  0.19/  8.50,yPos= 15.02/  0.00,heading=   1.0/   0.0,volt=13.46V(12.01V)
Test.Battery_Info: Voltage=13.46V (12.01V)
Test.printPidInfo_Info: encoderXPidCtrl: Target=   8.7, Input=   0.2, Error=   8.5, PIDTerms= 0.016/ 0.000/ 0.000/ 0.000, Output= 0.000(-1.000/1.000)
Test.printPidInfo_Info: encoderYPidCtrl: Target=  15.0, Input=  15.0, Error=   0.0, PIDTerms= 0.060/ 0.000/ 0.000/ 0.000, Output= 0.000(-1.000/1.000)
Test.printPidInfo_Info: gyroPidCtrl: Target=   0.0, Input=   1.0, Error=  -1.0, PIDTerms=-0.018/ 0.000/ 0.000/ 0.000, Output= 0.000(-0.500/0.500)
Test.Battery_Info: Voltage=11.65V (11.78V)
Test.printPidInfo_Info: encoderXPidCtrl: Target=   8.7, Input=   0.2, Error=   8.5, PIDTerms= 1.275/ 0.000/ 0.000/ 0.000, Output= 1.000(-1.000/1.000)
Test.printPidInfo_Info: encoderYPidCtrl: Target=  15.0, Input=  15.0, Error=   0.0, PIDTerms= 0.000/ 0.000/ 0.000/ 0.000, Output= 0.000(-1.000/1.000)
Test.printPidInfo_Info: gyroPidCtrl: Target=   0.0, Input=   1.0, Error=  -1.0, PIDTerms=-0.018/ 0.000/ 0.000/ 0.000, Output=-0.018(-0.500/0.500)
Test.Battery_Info: Voltage=11.84V (11.78V)
Test.printPidInfo_Info: encoderXPidCtrl: Target=   8.7, Input=   0.6, Error=   8.0, PIDTerms= 1.206/ 0.000/-0.056/ 0.000, Output= 1.000(-1.000/1.000)
Test.printPidInfo_Info: encoderYPidCtrl: Target=  15.0, Input=  15.0, Error=   0.0, PIDTerms= 0.001/ 0.000/ 0.001/ 0.000, Output= 0.002(-1.000/1.000)
Test.printPidInfo_Info: gyroPidCtrl: Target=   0.0, Input=   1.0, Error=  -1.0, PIDTerms=-0.018/ 0.000/ 0.000/ 0.000, Output=-0.018(-0.500/0.500)
Test.Battery_Info: Voltage=13.04V (11.78V)
Test.printPidInfo_Info: encoderXPidCtrl: Target=   8.7, Input=   3.3, Error=   5.4, PIDTerms= 0.810/ 0.000/-0.365/ 0.000, Output= 0.446(-1.000/1.000)
Test.printPidInfo_Info: encoderYPidCtrl: Target=  15.0, Input=  15.1, Error=  -0.1, PIDTerms=-0.001/ 0.000/-0.002/ 0.000, Output=-0.003(-1.000/1.000)
Test.printPidInfo_Info: gyroPidCtrl: Target=   0.0, Input=   1.1, Error=  -1.1, PIDTerms=-0.020/ 0.000/-0.002/ 0.000, Output=-0.023(-0.500/0.500)
Test.Battery_Info: Voltage=13.39V (11.78V)
Test.printPidInfo_Info: encoderXPidCtrl: Target=   8.7, Input=   6.3, Error=   2.4, PIDTerms= 0.355/ 0.000/-0.275/ 0.000, Output= 0.080(-1.000/1.000)
Test.printPidInfo_Info: encoderYPidCtrl: Target=  15.0, Input=  15.3, Error=  -0.3, PIDTerms=-0.006/ 0.000/-0.003/ 0.000, Output=-0.009(-1.000/1.000)
Test.printPidInfo_Info: gyroPidCtrl: Target=   0.0, Input=   0.7, Error=  -0.7, PIDTerms=-0.013/ 0.000/ 0.005/ 0.000, Output=-0.008(-0.500/0.500)
Test.Battery_Info: Voltage=13.03V (11.78V)
Test.printPidInfo_Info: encoderXPidCtrl: Target=   8.7, Input=   9.0, Error=  -0.3, PIDTerms=-0.041/ 0.000/-0.289/ 0.000, Output=-0.330(-1.000/1.000)
Test.printPidInfo_Info: encoderYPidCtrl: Target=  15.0, Input=  15.1, Error=  -0.1, PIDTerms=-0.003/ 0.000/ 0.003/ 0.000, Output= 0.000(-1.000/1.000)
Test.printPidInfo_Info: gyroPidCtrl: Target=   0.0, Input=  -0.5, Error=   0.5, PIDTerms= 0.008/ 0.000/ 0.018/ 0.000, Output= 0.026(-0.500/0.500)
Test.Battery_Info: Voltage=13.26V (11.78V)
Test.printPidInfo_Info: encoderXPidCtrl: Target=   8.7, Input=   9.6, Error=  -0.9, PIDTerms=-0.133/ 0.000/-0.066/ 0.000, Output=-0.199(-1.000/1.000)
Test.printPidInfo_Info: encoderYPidCtrl: Target=  15.0, Input=  15.1, Error=  -0.1, PIDTerms=-0.002/ 0.000/ 0.001/ 0.000, Output=-0.001(-1.000/1.000)
Test.printPidInfo_Info: gyroPidCtrl: Target=   0.0, Input=  -2.4, Error=   2.4, PIDTerms= 0.042/ 0.000/ 0.027/ 0.000, Output= 0.069(-0.500/0.500)
Test.Battery_Info: Voltage=13.36V (11.78V)
Test.printPidInfo_Info: encoderXPidCtrl: Target=   8.7, Input=   8.6, Error=   0.1, PIDTerms= 0.009/ 0.000/ 0.102/ 0.000, Output= 0.112(-1.000/1.000)
Test.printPidInfo_Info: encoderYPidCtrl: Target=  15.0, Input=  15.0, Error=   0.0, PIDTerms= 0.000/ 0.000/ 0.001/ 0.000, Output= 0.002(-1.000/1.000)
Test.printPidInfo_Info: gyroPidCtrl: Target=   0.0, Input=  -3.8, Error=   3.8, PIDTerms= 0.068/ 0.000/ 0.021/ 0.000, Output= 0.089(-0.500/0.500)
Test.Battery_Info: Voltage=13.42V (11.78V)
Test.printPidInfo_Info: encoderXPidCtrl: Target=   8.7, Input=   8.5, Error=   0.2, PIDTerms= 0.032/ 0.000/ 0.015/ 0.000, Output= 0.047(-1.000/1.000)
Test.printPidInfo_Info: encoderYPidCtrl: Target=  15.0, Input=  15.0, Error=  -0.0, PIDTerms=-0.000/ 0.000/-0.000/ 0.000, Output=-0.000(-1.000/1.000)
Test.printPidInfo_Info: gyroPidCtrl: Target=   0.0, Input=  -3.1, Error=   3.1, PIDTerms= 0.055/ 0.000/-0.009/ 0.000, Output= 0.046(-0.500/0.500)
Test.Battery_Info: Voltage=13.43V (11.78V)
Test.printPidInfo_Info: encoderXPidCtrl: Target=   8.7, Input=   8.8, Error=  -0.1, PIDTerms=-0.015/ 0.000/-0.034/ 0.000, Output=-0.050(-1.000/1.000)
Test.printPidInfo_Info: encoderYPidCtrl: Target=  15.0, Input=  15.0, Error=  -0.0, PIDTerms=-0.000/ 0.000/-0.000/ 0.000, Output=-0.000(-1.000/1.000)
Test.printPidInfo_Info: gyroPidCtrl: Target=   0.0, Input=  -1.6, Error=   1.6, PIDTerms= 0.030/ 0.000/-0.020/ 0.000, Output= 0.009(-0.500/0.500)
Test.Battery_Info: Voltage=13.44V (11.78V)
Test.printPidInfo_Info: encoderXPidCtrl: Target=   8.7, Input=   8.8, Error=  -0.1, PIDTerms=-0.014/ 0.000/ 0.001/ 0.000, Output=-0.014(-1.000/1.000)
Test.printPidInfo_Info: encoderYPidCtrl: Target=  15.0, Input=  15.0, Error=  -0.0, PIDTerms=-0.000/ 0.000/-0.000/ 0.000, Output=-0.001(-1.000/1.000)
Test.printPidInfo_Info: gyroPidCtrl: Target=   0.0, Input=  -1.1, Error=   1.1, PIDTerms= 0.020/ 0.000/-0.008/ 0.000, Output= 0.011(-0.500/0.500)
Test.Battery_Info: Voltage=13.44V (11.78V)
Test.printPidInfo_Info: encoderXPidCtrl: Target=   8.7, Input=   8.8, Error=  -0.1, PIDTerms=-0.014/ 0.000/ 0.000/ 0.000, Output=-0.014(-1.000/1.000)
Test.printPidInfo_Info: encoderYPidCtrl: Target=  15.0, Input=  15.0, Error=  -0.0, PIDTerms=-0.000/ 0.000/ 0.000/ 0.000, Output=-0.000(-1.000/1.000)
Test.printPidInfo_Info: gyroPidCtrl: Target=   0.0, Input=  -1.1, Error=   1.1, PIDTerms= 0.020/ 0.000/ 0.000/ 0.000, Output= 0.020(-0.500/0.500)
Test.Robot_Info: ========== [9.668] SET_DOWN_GLYPH: xPos=  8.78/  8.50,yPos= 15.04/  0.00,heading=  -1.1/   0.0,volt=13.45V(11.78V)
Test.Robot_Info: ========== [11.820] RELEASE_GLYPH: xPos=  8.78/  8.50,yPos= 15.04/  0.00,heading=  -1.1/   0.0,volt=13.48V(11.78V)
Test.Robot_Info: ========== [12.390] PUSH_FORWARD: xPos=  8.78/  0.00,yPos= 15.04/ 16.00,heading=  -1.1/   0.0,volt=13.50V(11.78V)
Test.Battery_Info: Voltage=13.50V (11.78V)
Test.printPidInfo_Info: encoderXPidCtrl: Target=   8.8, Input=   8.8, Error=   0.0, PIDTerms=-0.014/ 0.000/ 0.000/ 0.000, Output= 0.000(-1.000/1.000)
Test.printPidInfo_Info: encoderYPidCtrl: Target=  31.0, Input=  15.0, Error=  16.0, PIDTerms=-0.000/ 0.000/ 0.000/ 0.000, Output= 0.000(-1.000/1.000)
Test.printPidInfo_Info: gyroPidCtrl: Target=   0.0, Input=  -1.1, Error=   1.1, PIDTerms= 0.020/ 0.000/-0.000/ 0.000, Output= 0.000(-0.500/0.500)
Test.Battery_Info: Voltage=13.20V (11.78V)
Test.printPidInfo_Info: encoderXPidCtrl: Target=   8.8, Input=   8.8, Error=   0.0, PIDTerms= 0.000/ 0.000/ 0.000/ 0.000, Output= 0.000(-1.000/1.000)
Test.printPidInfo_Info: encoderYPidCtrl: Target=  31.0, Input=  15.0, Error=  16.0, PIDTerms= 0.320/ 0.000/ 0.000/ 0.000, Output= 0.320(-1.000/1.000)
Test.printPidInfo_Info: gyroPidCtrl: Target=   0.0, Input=  -1.1, Error=   1.1, PIDTerms= 0.019/ 0.000/ 0.000/ 0.000, Output= 0.019(-0.500/0.500)
Test.Battery_Info: Voltage=13.25V (11.78V)
Test.printPidInfo_Info: encoderXPidCtrl: Target=   8.8, Input=   8.7, Error=   0.1, PIDTerms= 0.012/ 0.000/ 0.008/ 0.000, Output= 0.020(-1.000/1.000)
Test.printPidInfo_Info: encoderYPidCtrl: Target=  31.0, Input=  15.4, Error=  15.6, PIDTerms= 0.312/ 0.000/-0.006/ 0.000, Output= 0.307(-1.000/1.000)
Test.printPidInfo_Info: gyroPidCtrl: Target=   0.0, Input=  -1.1, Error=   1.1, PIDTerms= 0.020/ 0.000/ 0.000/ 0.000, Output= 0.020(-0.500/0.500)
Test.Battery_Info: Voltage=13.30V (11.78V)
Test.printPidInfo_Info: encoderXPidCtrl: Target=   8.8, Input=   8.9, Error=  -0.1, PIDTerms=-0.011/ 0.000/-0.016/ 0.000, Output=-0.027(-1.000/1.000)
Test.printPidInfo_Info: encoderYPidCtrl: Target=  31.0, Input=  16.4, Error=  14.6, PIDTerms= 0.292/ 0.000/-0.015/ 0.000, Output= 0.277(-1.000/1.000)
Test.printPidInfo_Info: gyroPidCtrl: Target=   0.0, Input=  -0.6, Error=   0.6, PIDTerms= 0.011/ 0.000/-0.006/ 0.000, Output= 0.005(-0.500/0.500)
Test.Battery_Info: Voltage=13.35V (11.78V)
Test.printPidInfo_Info: encoderXPidCtrl: Target=   8.8, Input=   8.8, Error=  -0.1, PIDTerms=-0.009/ 0.000/ 0.002/ 0.000, Output=-0.007(-1.000/1.000)
Test.printPidInfo_Info: encoderYPidCtrl: Target=  31.0, Input=  18.3, Error=  12.8, PIDTerms= 0.255/ 0.000/-0.029/ 0.000, Output= 0.226(-1.000/1.000)
Test.printPidInfo_Info: gyroPidCtrl: Target=   0.0, Input=  -0.6, Error=   0.6, PIDTerms= 0.011/ 0.000/-0.000/ 0.000, Output= 0.011(-0.500/0.500)
Test.Battery_Info: Voltage=13.40V (11.78V)
Test.printPidInfo_Info: encoderXPidCtrl: Target=   8.8, Input=   8.8, Error=  -0.1, PIDTerms=-0.009/ 0.000/-0.000/ 0.000, Output=-0.010(-1.000/1.000)
Test.printPidInfo_Info: encoderYPidCtrl: Target=  31.0, Input=  20.2, Error=  10.8, PIDTerms= 0.216/ 0.000/-0.034/ 0.000, Output= 0.182(-1.000/1.000)
Test.printPidInfo_Info: gyroPidCtrl: Target=   0.0, Input=  -0.5, Error=   0.5, PIDTerms= 0.010/ 0.000/-0.001/ 0.000, Output= 0.008(-0.500/0.500)
Test.Battery_Info: Voltage=13.39V (11.78V)
Test.printPidInfo_Info: encoderXPidCtrl: Target=   8.8, Input=   8.8, Error=  -0.1, PIDTerms=-0.009/ 0.000/ 0.000/ 0.000, Output=-0.008(-1.000/1.000)
Test.printPidInfo_Info: encoderYPidCtrl: Target=  31.0, Input=  22.3, Error=   8.7, PIDTerms= 0.175/ 0.000/-0.029/ 0.000, Output= 0.145(-1.000/1.000)
Test.printPidInfo_Info: gyroPidCtrl: Target=   0.0, Input=  -0.5, Error=   0.5, PIDTerms= 0.009/ 0.000/-0.000/ 0.000, Output= 0.009(-0.500/0.500)
Test.Battery_Info: Voltage=13.44V (11.78V)
Test.printPidInfo_Info: encoderXPidCtrl: Target=   8.8, Input=   8.8, Error=  -0.1, PIDTerms=-0.010/ 0.000/-0.001/ 0.000, Output=-0.010(-1.000/1.000)
Test.printPidInfo_Info: encoderYPidCtrl: Target=  31.0, Input=  24.2, Error=   6.9, PIDTerms= 0.137/ 0.000/-0.030/ 0.000, Output= 0.107(-1.000/1.000)
Test.printPidInfo_Info: gyroPidCtrl: Target=   0.0, Input=  -0.4, Error=   0.4, PIDTerms= 0.008/ 0.000/-0.001/ 0.000, Output= 0.007(-0.500/0.500)
Test.Battery_Info: Voltage=13.41V (11.78V)
Test.printPidInfo_Info: encoderXPidCtrl: Target=   8.8, Input=   8.9, Error=  -0.1, PIDTerms=-0.016/ 0.000/-0.004/ 0.000, Output=-0.020(-1.000/1.000)
Test.printPidInfo_Info: encoderYPidCtrl: Target=  31.0, Input=  24.4, Error=   6.6, PIDTerms= 0.132/ 0.000/-0.004/ 0.000, Output= 0.128(-1.000/1.000)
Test.printPidInfo_Info: gyroPidCtrl: Target=   0.0, Input=  -0.4, Error=   0.4, PIDTerms= 0.007/ 0.000/-0.001/ 0.000, Output= 0.007(-0.500/0.500)
Test.Battery_Info: Voltage=13.41V (11.78V)
Test.printPidInfo_Info: encoderXPidCtrl: Target=   8.8, Input=   8.9, Error=  -0.1, PIDTerms=-0.014/ 0.000/ 0.001/ 0.000, Output=-0.012(-1.000/1.000)
Test.printPidInfo_Info: encoderYPidCtrl: Target=  31.0, Input=  24.4, Error=   6.6, PIDTerms= 0.132/ 0.000/ 0.000/ 0.000, Output= 0.133(-1.000/1.000)
Test.printPidInfo_Info: gyroPidCtrl: Target=   0.0, Input=  -0.5, Error=   0.5, PIDTerms= 0.008/ 0.000/ 0.001/ 0.000, Output= 0.009(-0.500/0.500)
Test.Battery_Info: Voltage=13.41V (11.78V)
Test.printPidInfo_Info: encoderXPidCtrl: Target=   8.8, Input=   8.9, Error=  -0.1, PIDTerms=-0.014/ 0.000/ 0.000/ 0.000, Output=-0.014(-1.000/1.000)
Test.printPidInfo_Info: encoderYPidCtrl: Target=  31.0, Input=  24.4, Error=   6.6, PIDTerms= 0.132/ 0.000/ 0.000/ 0.000, Output= 0.132(-1.000/1.000)
Test.printPidInfo_Info: gyroPidCtrl: Target=   0.0, Input=  -0.4, Error=   0.4, PIDTerms= 0.007/ 0.000/-0.001/ 0.000, Output= 0.005(-0.500/0.500)
Test.Robot_Info: ========== [14.020] BACK_OFF: xPos=  8.89/  0.00,yPos= 24.39/ -6.50,heading=  -0.4/   0.0,volt=13.49V(11.78V)
Test.Battery_Info: Voltage=13.49V (11.78V)
Test.printPidInfo_Info: encoderXPidCtrl: Target=   8.9, Input=   8.9, Error=   0.0, PIDTerms=-0.014/ 0.000/ 0.000/ 0.000, Output= 0.000(-1.000/1.000)
Test.printPidInfo_Info: encoderYPidCtrl: Target=  17.9, Input=  24.4, Error=  -6.5, PIDTerms= 0.132/ 0.000/ 0.000/ 0.000, Output= 0.000(-1.000/1.000)
Test.printPidInfo_Info: gyroPidCtrl: Target=   0.0, Input=  -0.4, Error=   0.4, PIDTerms= 0.006/ 0.000/-0.000/ 0.000, Output= 0.000(-0.500/0.500)
Test.Battery_Info: Voltage=13.43V (11.78V)
Test.printPidInfo_Info: encoderXPidCtrl: Target=   8.9, Input=   8.9, Error=   0.0, PIDTerms= 0.000/ 0.000/ 0.000/ 0.000, Output= 0.000(-1.000/1.000)
Test.printPidInfo_Info: encoderYPidCtrl: Target=  17.9, Input=  24.4, Error=  -6.5, PIDTerms=-0.130/ 0.000/ 0.000/ 0.000, Output=-0.130(-1.000/1.000)
Test.printPidInfo_Info: gyroPidCtrl: Target=   0.0, Input=  -0.4, Error=   0.4, PIDTerms= 0.006/ 0.000/ 0.000/ 0.000, Output= 0.006(-0.500/0.500)
Test.Battery_Info: Voltage=13.44V (11.78V)
Test.printPidInfo_Info: encoderXPidCtrl: Target=   8.9, Input=   8.9, Error=   0.0, PIDTerms= 0.003/ 0.000/ 0.002/ 0.000, Output= 0.005(-1.000/1.000)
Test.printPidInfo_Info: encoderYPidCtrl: Target=  17.9, Input=  24.1, Error=  -6.2, PIDTerms=-0.125/ 0.000/ 0.004/ 0.000, Output=-0.121(-1.000/1.000)
Test.printPidInfo_Info: gyroPidCtrl: Target=   0.0, Input=  -0.3, Error=   0.3, PIDTerms= 0.006/ 0.000/-0.000/ 0.000, Output= 0.005(-0.500/0.500)
Test.Battery_Info: Voltage=13.46V (11.78V)
Test.printPidInfo_Info: encoderXPidCtrl: Target=   8.9, Input=   8.9, Error=   0.0, PIDTerms= 0.001/ 0.000/-0.002/ 0.000, Output=-0.001(-1.000/1.000)
Test.printPidInfo_Info: encoderYPidCtrl: Target=  17.9, Input=  23.1, Error=  -5.2, PIDTerms=-0.104/ 0.000/ 0.016/ 0.000, Output=-0.088(-1.000/1.000)
Test.printPidInfo_Info: gyroPidCtrl: Target=   0.0, Input=  -0.4, Error=   0.4, PIDTerms= 0.007/ 0.000/ 0.001/ 0.000, Output= 0.009(-0.500/0.500)
Test.Battery_Info: Voltage=13.46V (11.78V)
Test.printPidInfo_Info: encoderXPidCtrl: Target=   8.9, Input=   8.9, Error=   0.0, PIDTerms= 0.003/ 0.000/ 0.002/ 0.000, Output= 0.005(-1.000/1.000)
Test.printPidInfo_Info: encoderYPidCtrl: Target=  17.9, Input=  22.6, Error=  -4.7, PIDTerms=-0.094/ 0.000/ 0.008/ 0.000, Output=-0.086(-1.000/1.000)
Test.printPidInfo_Info: gyroPidCtrl: Target=   0.0, Input=  -0.4, Error=   0.4, PIDTerms= 0.008/ 0.000/ 0.001/ 0.000, Output= 0.008(-0.500/0.500)
Test.Battery_Info: Voltage=13.46V (11.78V)
Test.printPidInfo_Info: encoderXPidCtrl: Target=   8.9, Input=   8.9, Error=   0.0, PIDTerms= 0.005/ 0.000/ 0.001/ 0.000, Output= 0.006(-1.000/1.000)
Test.printPidInfo_Info: encoderYPidCtrl: Target=  17.9, Input=  22.3, Error=  -4.4, PIDTerms=-0.088/ 0.000/ 0.005/ 0.000, Output=-0.083(-1.000/1.000)
Test.printPidInfo_Info: gyroPidCtrl: Target=   0.0, Input=  -0.5, Error=   0.5, PIDTerms= 0.009/ 0.000/ 0.001/ 0.000, Output= 0.009(-0.500/0.500)
Test.Battery_Info: Voltage=13.47V (11.78V)
Test.printPidInfo_Info: encoderXPidCtrl: Target=   8.9, Input=   8.9, Error=   0.0, PIDTerms= 0.004/ 0.000/-0.000/ 0.000, Output= 0.004(-1.000/1.000)
Test.printPidInfo_Info: encoderYPidCtrl: Target=  17.9, Input=  22.0, Error=  -4.1, PIDTerms=-0.082/ 0.000/ 0.005/ 0.000, Output=-0.077(-1.000/1.000)
Test.printPidInfo_Info: gyroPidCtrl: Target=   0.0, Input=  -0.5, Error=   0.5, PIDTerms= 0.009/ 0.000/ 0.000/ 0.000, Output= 0.009(-0.500/0.500)
Test.Battery_Info: Voltage=13.47V (11.78V)
Test.printPidInfo_Info: encoderXPidCtrl: Target=   8.9, Input=   8.9, Error=   0.0, PIDTerms= 0.003/ 0.000/-0.001/ 0.000, Output= 0.002(-1.000/1.000)
Test.printPidInfo_Info: encoderYPidCtrl: Target=  17.9, Input=  21.8, Error=  -3.9, PIDTerms=-0.078/ 0.000/ 0.003/ 0.000, Output=-0.075(-1.000/1.000)
Test.printPidInfo_Info: gyroPidCtrl: Target=   0.0, Input=  -0.5, Error=   0.5, PIDTerms= 0.009/ 0.000/ 0.000/ 0.000, Output= 0.009(-0.500/0.500)
Test.Battery_Info: Voltage=13.46V (11.78V)
Test.printPidInfo_Info: encoderXPidCtrl: Target=   8.9, Input=   8.9, Error=   0.0, PIDTerms= 0.001/ 0.000/-0.002/ 0.000, Output=-0.001(-1.000/1.000)
Test.printPidInfo_Info: encoderYPidCtrl: Target=  17.9, Input=  21.8, Error=  -3.9, PIDTerms=-0.077/ 0.000/ 0.001/ 0.000, Output=-0.077(-1.000/1.000)
Test.printPidInfo_Info: gyroPidCtrl: Target=   0.0, Input=  -0.5, Error=   0.5, PIDTerms= 0.009/ 0.000/ 0.000/ 0.000, Output= 0.009(-0.500/0.500)
Test.Robot_Info: ========== [15.257] DONE: xPos=  8.89/  0.00,yPos= 21.75/ -6.50,heading=  -0.5/   0.0,volt=13.50V(11.78V)
