Test.FtcAuto_Info: Sun Dec 03 14:36:26 PST 2017: ***** Starting autonomous *****
Test.Robot_Info: ========== [0.163] DEPLOY_JEWEL_ARM: xPos=  0.00/  0.00,yPos=  0.00/  0.00,heading=  -0.4/   0.0,volt=13.54V(13.53V)
Test.WHACK_JEWEL_Info: VuMark: LEFT
Test.WHACK_JEWEL_Info: 0: Color=RED, HSV=[4.761905/0.484615/0.509804]
Test.Robot_Info: ========== [0.721] WHACK_JEWEL: xPos=  0.00/  0.00,yPos=  0.00/  0.00,heading=  -0.4/   0.0,volt=13.52V(13.50V)
Test.Robot_Info: ========== [1.299] MOVE_JEWEL_ARM_UP: xPos=  0.00/  0.00,yPos=  0.00/  0.00,heading=  -0.4/   0.0,volt=13.53V(13.50V)
Test.Robot_Info: ========== [1.749] RESET_JEWEL_ARM: xPos=  0.00/  0.00,yPos=  0.00/  0.00,heading=  -0.4/   0.0,volt=13.52V(13.50V)
Test.DO_DELAY_Info: Delay=0
Test.Robot_Info: ========== [2.066] DO_DELAY: xPos=  0.00/  0.00,yPos=  0.00/  0.00,heading=  -0.4/   0.0,volt=13.52V(13.50V)
Test.Robot_Info: ========== [2.164] GRAB_LIFT_GLYPH: xPos=  0.00/  0.00,yPos=  0.00/  0.00,heading=  -0.4/   0.0,volt=13.54V(13.50V)
Test.Robot_Info: ========== [4.369] DRIVE_OFF_PLATFORM: xPos=  0.00/  0.00,yPos=  0.00/  0.00,heading=  -0.4/   0.0,volt=12.52V(12.97V)
Test.Robot_Info: ========== [5.156] DRIVE_TO_WALL: xPos= -0.39/  0.00,yPos=-16.48/  0.00,heading=  -2.2/   0.0,volt=13.40V(12.43V)
Test.Robot_Info: ========== [5.318] TURN_TO_CRYPTOBOX: xPos= -0.46/  0.00,yPos=-22.18/  0.00,heading=  -1.7/ 180.0,volt=13.42V(12.43V)
Test.Battery_Info: Voltage=13.42V (12.43V)
Test.printPidInfo_Info: encoderXPidCtrl: Target=  -0.5, Input=   0.0, Error=   0.0, PIDTerms= 0.000/ 0.000/ 0.000/ 0.000, Output= 0.000(-1.000/1.000)
Test.printPidInfo_Info: encoderYPidCtrl: Target= -22.2, Input=   0.0, Error=   0.0, PIDTerms= 0.000/ 0.000/ 0.000/ 0.000, Output= 0.000(-1.000/1.000)
Test.printPidInfo_Info: gyroPidCtrl: Target= 180.0, Input=   0.0, Error= 181.7, PIDTerms= 0.000/ 0.000/ 0.000/ 0.000, Output= 0.000(-0.500/0.500)
Test.Battery_Info: Voltage=12.75V (12.43V)
Test.printPidInfo_Info: encoderXPidCtrl: Target=  -0.5, Input=   0.0, Error=   0.0, PIDTerms= 0.000/ 0.000/ 0.000/ 0.000, Output= 0.000(-1.000/1.000)
Test.printPidInfo_Info: encoderYPidCtrl: Target= -22.2, Input=   0.0, Error=   0.0, PIDTerms= 0.000/ 0.000/ 0.000/ 0.000, Output= 0.000(-1.000/1.000)
Test.printPidInfo_Info: gyroPidCtrl: Target= 180.0, Input=  -1.7, Error= 181.7, PIDTerms= 3.271/ 0.000/ 0.000/ 0.000, Output= 0.500(-0.500/0.500)
Test.Battery_Info: Voltage=12.81V (12.43V)
Test.printPidInfo_Info: encoderXPidCtrl: Target=  -0.5, Input=   0.0, Error=   0.0, PIDTerms= 0.000/ 0.000/ 0.000/ 0.000, Output= 0.000(-1.000/1.000)
Test.printPidInfo_Info: encoderYPidCtrl: Target= -22.2, Input=   0.0, Error=   0.0, PIDTerms= 0.000/ 0.000/ 0.000/ 0.000, Output= 0.000(-1.000/1.000)
Test.printPidInfo_Info: gyroPidCtrl: Target= 180.0, Input=  -1.7, Error= 181.7, PIDTerms= 3.270/ 0.000/-0.001/ 0.000, Output= 0.500(-0.500/0.500)
Test.Battery_Info: Voltage=12.86V (12.43V)
Test.printPidInfo_Info: encoderXPidCtrl: Target=  -0.5, Input=   0.0, Error=   0.0, PIDTerms= 0.000/ 0.000/ 0.000/ 0.000, Output= 0.000(-1.000/1.000)
Test.printPidInfo_Info: encoderYPidCtrl: Target= -22.2, Input=   0.0, Error=   0.0, PIDTerms= 0.000/ 0.000/ 0.000/ 0.000, Output= 0.000(-1.000/1.000)
Test.printPidInfo_Info: gyroPidCtrl: Target= 180.0, Input=  -0.7, Error= 180.7, PIDTerms= 3.252/ 0.000/-0.019/ 0.000, Output= 0.500(-0.500/0.500)
Test.Battery_Info: Voltage=12.86V (12.43V)
Test.printPidInfo_Info: encoderXPidCtrl: Target=  -0.5, Input=   0.0, Error=   0.0, PIDTerms= 0.000/ 0.000/ 0.000/ 0.000, Output= 0.000(-1.000/1.000)
Test.printPidInfo_Info: encoderYPidCtrl: Target= -22.2, Input=   0.0, Error=   0.0, PIDTerms= 0.000/ 0.000/ 0.000/ 0.000, Output= 0.000(-1.000/1.000)
Test.printPidInfo_Info: gyroPidCtrl: Target= 180.0, Input=   5.6, Error= 174.4, PIDTerms= 3.139/ 0.000/-0.117/ 0.000, Output= 0.500(-0.500/0.500)
Test.Battery_Info: Voltage=12.88V (12.43V)
Test.printPidInfo_Info: encoderXPidCtrl: Target=  -0.5, Input=   0.0, Error=   0.0, PIDTerms= 0.000/ 0.000/ 0.000/ 0.000, Output= 0.000(-1.000/1.000)
Test.printPidInfo_Info: encoderYPidCtrl: Target= -22.2, Input=   0.0, Error=   0.0, PIDTerms= 0.000/ 0.000/ 0.000/ 0.000, Output= 0.000(-1.000/1.000)
Test.printPidInfo_Info: gyroPidCtrl: Target= 180.0, Input=  16.2, Error= 163.8, PIDTerms= 2.949/ 0.000/-0.163/ 0.000, Output= 0.500(-0.500/0.500)
Test.Battery_Info: Voltage=12.88V (12.43V)
Test.printPidInfo_Info: encoderXPidCtrl: Target=  -0.5, Input=   0.0, Error=   0.0, PIDTerms= 0.000/ 0.000/ 0.000/ 0.000, Output= 0.000(-1.000/1.000)
Test.printPidInfo_Info: encoderYPidCtrl: Target= -22.2, Input=   0.0, Error=   0.0, PIDTerms= 0.000/ 0.000/ 0.000/ 0.000, Output= 0.000(-1.000/1.000)
Test.printPidInfo_Info: gyroPidCtrl: Target= 180.0, Input=  28.0, Error= 152.0, PIDTerms= 2.736/ 0.000/-0.168/ 0.000, Output= 0.500(-0.500/0.500)
Test.Battery_Info: Voltage=12.86V (12.43V)
Test.printPidInfo_Info: encoderXPidCtrl: Target=  -0.5, Input=   0.0, Error=   0.0, PIDTerms= 0.000/ 0.000/ 0.000/ 0.000, Output= 0.000(-1.000/1.000)
Test.printPidInfo_Info: encoderYPidCtrl: Target= -22.2, Input=   0.0, Error=   0.0, PIDTerms= 0.000/ 0.000/ 0.000/ 0.000, Output= 0.000(-1.000/1.000)
Test.printPidInfo_Info: gyroPidCtrl: Target= 180.0, Input=  41.3, Error= 138.7, PIDTerms= 2.496/ 0.000/-0.198/ 0.000, Output= 0.500(-0.500/0.500)
Test.Battery_Info: Voltage=12.88V (12.43V)
Test.printPidInfo_Info: encoderXPidCtrl: Target=  -0.5, Input=   0.0, Error=   0.0, PIDTerms= 0.000/ 0.000/ 0.000/ 0.000, Output= 0.000(-1.000/1.000)
Test.printPidInfo_Info: encoderYPidCtrl: Target= -22.2, Input=   0.0, Error=   0.0, PIDTerms= 0.000/ 0.000/ 0.000/ 0.000, Output= 0.000(-1.000/1.000)
Test.printPidInfo_Info: gyroPidCtrl: Target= 180.0, Input=  56.0, Error= 124.0, PIDTerms= 2.231/ 0.000/-0.331/ 0.000, Output= 0.500(-0.500/0.500)
Test.Battery_Info: Voltage=12.87V (12.43V)
Test.printPidInfo_Info: encoderXPidCtrl: Target=  -0.5, Input=   0.0, Error=   0.0, PIDTerms= 0.000/ 0.000/ 0.000/ 0.000, Output= 0.000(-1.000/1.000)
Test.printPidInfo_Info: encoderYPidCtrl: Target= -22.2, Input=   0.0, Error=   0.0, PIDTerms= 0.000/ 0.000/ 0.000/ 0.000, Output= 0.000(-1.000/1.000)
Test.printPidInfo_Info: gyroPidCtrl: Target= 180.0, Input=  65.5, Error= 114.5, PIDTerms= 2.061/ 0.000/-0.156/ 0.000, Output= 0.500(-0.500/0.500)
Test.Battery_Info: Voltage=12.85V (12.43V)
Test.printPidInfo_Info: encoderXPidCtrl: Target=  -0.5, Input=   0.0, Error=   0.0, PIDTerms= 0.000/ 0.000/ 0.000/ 0.000, Output= 0.000(-1.000/1.000)
Test.printPidInfo_Info: encoderYPidCtrl: Target= -22.2, Input=   0.0, Error=   0.0, PIDTerms= 0.000/ 0.000/ 0.000/ 0.000, Output= 0.000(-1.000/1.000)
Test.printPidInfo_Info: gyroPidCtrl: Target= 180.0, Input=  79.2, Error= 100.8, PIDTerms= 1.814/ 0.000/-0.213/ 0.000, Output= 0.500(-0.500/0.500)
Test.Battery_Info: Voltage=12.86V (12.43V)
Test.printPidInfo_Info: encoderXPidCtrl: Target=  -0.5, Input=   0.0, Error=   0.0, PIDTerms= 0.000/ 0.000/ 0.000/ 0.000, Output= 0.000(-1.000/1.000)
Test.printPidInfo_Info: encoderYPidCtrl: Target= -22.2, Input=   0.0, Error=   0.0, PIDTerms= 0.000/ 0.000/ 0.000/ 0.000, Output= 0.000(-1.000/1.000)
Test.printPidInfo_Info: gyroPidCtrl: Target= 180.0, Input=  91.8, Error=  88.2, PIDTerms= 1.587/ 0.000/-0.203/ 0.000, Output= 0.500(-0.500/0.500)
Test.Battery_Info: Voltage=12.89V (12.43V)
Test.printPidInfo_Info: encoderXPidCtrl: Target=  -0.5, Input=   0.0, Error=   0.0, PIDTerms= 0.000/ 0.000/ 0.000/ 0.000, Output= 0.000(-1.000/1.000)
Test.printPidInfo_Info: encoderYPidCtrl: Target= -22.2, Input=   0.0, Error=   0.0, PIDTerms= 0.000/ 0.000/ 0.000/ 0.000, Output= 0.000(-1.000/1.000)
Test.printPidInfo_Info: gyroPidCtrl: Target= 180.0, Input= 105.6, Error=  74.4, PIDTerms= 1.339/ 0.000/-0.263/ 0.000, Output= 0.500(-0.500/0.500)
Test.Battery_Info: Voltage=12.88V (12.43V)
Test.printPidInfo_Info: encoderXPidCtrl: Target=  -0.5, Input=   0.0, Error=   0.0, PIDTerms= 0.000/ 0.000/ 0.000/ 0.000, Output= 0.000(-1.000/1.000)
Test.printPidInfo_Info: encoderYPidCtrl: Target= -22.2, Input=   0.0, Error=   0.0, PIDTerms= 0.000/ 0.000/ 0.000/ 0.000, Output= 0.000(-1.000/1.000)
Test.printPidInfo_Info: gyroPidCtrl: Target= 180.0, Input= 115.0, Error=  65.0, PIDTerms= 1.170/ 0.000/-0.226/ 0.000, Output= 0.500(-0.500/0.500)
Test.Battery_Info: Voltage=12.87V (12.43V)
Test.printPidInfo_Info: encoderXPidCtrl: Target=  -0.5, Input=   0.0, Error=   0.0, PIDTerms= 0.000/ 0.000/ 0.000/ 0.000, Output= 0.000(-1.000/1.000)
Test.printPidInfo_Info: encoderYPidCtrl: Target= -22.2, Input=   0.0, Error=   0.0, PIDTerms= 0.000/ 0.000/ 0.000/ 0.000, Output= 0.000(-1.000/1.000)
Test.printPidInfo_Info: gyroPidCtrl: Target= 180.0, Input= 125.7, Error=  54.3, PIDTerms= 0.978/ 0.000/-0.173/ 0.000, Output= 0.500(-0.500/0.500)
Test.Battery_Info: Voltage=12.88V (12.43V)
Test.printPidInfo_Info: encoderXPidCtrl: Target=  -0.5, Input=   0.0, Error=   0.0, PIDTerms= 0.000/ 0.000/ 0.000/ 0.000, Output= 0.000(-1.000/1.000)
Test.printPidInfo_Info: encoderYPidCtrl: Target= -22.2, Input=   0.0, Error=   0.0, PIDTerms= 0.000/ 0.000/ 0.000/ 0.000, Output= 0.000(-1.000/1.000)
Test.printPidInfo_Info: gyroPidCtrl: Target= 180.0, Input= 138.5, Error=  41.5, PIDTerms= 0.747/ 0.000/-0.189/ 0.000, Output= 0.500(-0.500/0.500)
Test.Battery_Info: Voltage=13.18V (12.43V)
Test.printPidInfo_Info: encoderXPidCtrl: Target=  -0.5, Input=   0.0, Error=   0.0, PIDTerms= 0.000/ 0.000/ 0.000/ 0.000, Output= 0.000(-1.000/1.000)
Test.printPidInfo_Info: encoderYPidCtrl: Target= -22.2, Input=   0.0, Error=   0.0, PIDTerms= 0.000/ 0.000/ 0.000/ 0.000, Output= 0.000(-1.000/1.000)
Test.printPidInfo_Info: gyroPidCtrl: Target= 180.0, Input= 152.2, Error=  27.8, PIDTerms= 0.501/ 0.000/-0.240/ 0.000, Output= 0.261(-0.500/0.500)
Test.Battery_Info: Voltage=13.37V (12.43V)
Test.printPidInfo_Info: encoderXPidCtrl: Target=  -0.5, Input=   0.0, Error=   0.0, PIDTerms= 0.000/ 0.000/ 0.000/ 0.000, Output= 0.000(-1.000/1.000)
Test.printPidInfo_Info: encoderYPidCtrl: Target= -22.2, Input=   0.0, Error=   0.0, PIDTerms= 0.000/ 0.000/ 0.000/ 0.000, Output= 0.000(-1.000/1.000)
Test.printPidInfo_Info: gyroPidCtrl: Target= 180.0, Input= 164.8, Error=  15.2, PIDTerms= 0.273/ 0.000/-0.198/ 0.000, Output= 0.074(-0.500/0.500)
Test.Battery_Info: Voltage=13.24V (12.43V)
Test.printPidInfo_Info: encoderXPidCtrl: Target=  -0.5, Input=   0.0, Error=   0.0, PIDTerms= 0.000/ 0.000/ 0.000/ 0.000, Output= 0.000(-1.000/1.000)
Test.printPidInfo_Info: encoderYPidCtrl: Target= -22.2, Input=   0.0, Error=   0.0, PIDTerms= 0.000/ 0.000/ 0.000/ 0.000, Output= 0.000(-1.000/1.000)
Test.printPidInfo_Info: gyroPidCtrl: Target= 180.0, Input= 178.2, Error=   1.8, PIDTerms= 0.033/ 0.000/-0.228/ 0.000, Output=-0.195(-0.500/0.500)
Test.Battery_Info: Voltage=13.16V (12.43V)
Test.printPidInfo_Info: encoderXPidCtrl: Target=  -0.5, Input=   0.0, Error=   0.0, PIDTerms= 0.000/ 0.000/ 0.000/ 0.000, Output= 0.000(-1.000/1.000)
Test.printPidInfo_Info: encoderYPidCtrl: Target= -22.2, Input=   0.0, Error=   0.0, PIDTerms= 0.000/ 0.000/ 0.000/ 0.000, Output= 0.000(-1.000/1.000)
Test.printPidInfo_Info: gyroPidCtrl: Target= 180.0, Input= 186.8, Error=  -6.8, PIDTerms=-0.122/ 0.000/-0.119/ 0.000, Output=-0.241(-0.500/0.500)
Test.Battery_Info: Voltage=13.20V (12.43V)
Test.printPidInfo_Info: encoderXPidCtrl: Target=  -0.5, Input=   0.0, Error=   0.0, PIDTerms= 0.000/ 0.000/ 0.000/ 0.000, Output= 0.000(-1.000/1.000)
Test.printPidInfo_Info: encoderYPidCtrl: Target= -22.2, Input=   0.0, Error=   0.0, PIDTerms= 0.000/ 0.000/ 0.000/ 0.000, Output= 0.000(-1.000/1.000)
Test.printPidInfo_Info: gyroPidCtrl: Target= 180.0, Input= 189.1, Error=  -9.1, PIDTerms=-0.165/ 0.000/-0.048/ 0.000, Output=-0.212(-0.500/0.500)
Test.Battery_Info: Voltage=13.35V (12.43V)
Test.printPidInfo_Info: encoderXPidCtrl: Target=  -0.5, Input=   0.0, Error=   0.0, PIDTerms= 0.000/ 0.000/ 0.000/ 0.000, Output= 0.000(-1.000/1.000)
Test.printPidInfo_Info: encoderYPidCtrl: Target= -22.2, Input=   0.0, Error=   0.0, PIDTerms= 0.000/ 0.000/ 0.000/ 0.000, Output= 0.000(-1.000/1.000)
Test.printPidInfo_Info: gyroPidCtrl: Target= 180.0, Input= 186.9, Error=  -6.9, PIDTerms=-0.124/ 0.000/ 0.035/ 0.000, Output=-0.089(-0.500/0.500)
Test.Battery_Info: Voltage=13.40V (12.43V)
Test.printPidInfo_Info: encoderXPidCtrl: Target=  -0.5, Input=   0.0, Error=   0.0, PIDTerms= 0.000/ 0.000/ 0.000/ 0.000, Output= 0.000(-1.000/1.000)
Test.printPidInfo_Info: encoderYPidCtrl: Target= -22.2, Input=   0.0, Error=   0.0, PIDTerms= 0.000/ 0.000/ 0.000/ 0.000, Output= 0.000(-1.000/1.000)
Test.printPidInfo_Info: gyroPidCtrl: Target= 180.0, Input= 183.6, Error=  -3.6, PIDTerms=-0.065/ 0.000/ 0.039/ 0.000, Output=-0.026(-0.500/0.500)
Test.Battery_Info: Voltage=13.40V (12.43V)
Test.printPidInfo_Info: encoderXPidCtrl: Target=  -0.5, Input=   0.0, Error=   0.0, PIDTerms= 0.000/ 0.000/ 0.000/ 0.000, Output= 0.000(-1.000/1.000)
Test.printPidInfo_Info: encoderYPidCtrl: Target= -22.2, Input=   0.0, Error=   0.0, PIDTerms= 0.000/ 0.000/ 0.000/ 0.000, Output= 0.000(-1.000/1.000)
Test.printPidInfo_Info: gyroPidCtrl: Target= 180.0, Input= 180.6, Error=  -0.6, PIDTerms=-0.011/ 0.000/ 0.043/ 0.000, Output= 0.032(-0.500/0.500)
Test.Robot_Info: ========== [8.263] ALIGN_CRYPTOBOX: xPos=  1.12/-26.50,yPos=-23.13/  0.00,heading= 180.6/ 180.0,volt=13.41V(12.43V)
Test.Battery_Info: Voltage=13.42V (12.43V)
Test.printPidInfo_Info: encoderXPidCtrl: Target= -25.4, Input=   0.0, Error= -26.5, PIDTerms= 0.000/ 0.000/ 0.000/ 0.000, Output= 0.000(-1.000/1.000)
Test.printPidInfo_Info: encoderYPidCtrl: Target= -23.1, Input=   0.0, Error=   0.0, PIDTerms= 0.000/ 0.000/ 0.000/ 0.000, Output= 0.000(-1.000/1.000)
Test.printPidInfo_Info: gyroPidCtrl: Target= 180.0, Input= 180.6, Error=  -0.6, PIDTerms=-0.010/ 0.000/ 0.000/ 0.000, Output= 0.000(-0.500/0.500)
Test.Battery_Info: Voltage=11.30V (11.30V)
Test.printPidInfo_Info: encoderXPidCtrl: Target= -25.4, Input=   1.1, Error= -26.5, PIDTerms=-3.975/ 0.000/ 0.000/-0.000, Output=-1.000(-1.000/1.000)
Test.printPidInfo_Info: encoderYPidCtrl: Target= -23.1, Input= -23.1, Error=   0.0, PIDTerms= 0.000/ 0.000/ 0.000/-0.000, Output= 0.000(-1.000/1.000)
Test.printPidInfo_Info: gyroPidCtrl: Target= 180.0, Input= 180.6, Error=  -0.6, PIDTerms=-0.010/ 0.000/ 0.000/ 0.000, Output=-0.010(-0.500/0.500)
Test.Battery_Info: Voltage=11.72V (11.30V)
Test.printPidInfo_Info: encoderXPidCtrl: Target= -25.4, Input=   0.5, Error= -25.9, PIDTerms=-3.884/ 0.000/ 0.054/-0.000, Output=-1.000(-1.000/1.000)
Test.printPidInfo_Info: encoderYPidCtrl: Target= -23.1, Input= -23.2, Error=   0.1, PIDTerms= 0.002/ 0.000/ 0.001/-0.000, Output= 0.003(-1.000/1.000)
Test.printPidInfo_Info: gyroPidCtrl: Target= 180.0, Input= 180.6, Error=  -0.6, PIDTerms=-0.010/ 0.000/-0.000/ 0.000, Output=-0.010(-0.500/0.500)
Test.Battery_Info: Voltage=12.01V (11.30V)
Test.printPidInfo_Info: encoderXPidCtrl: Target= -25.4, Input=  -3.5, Error= -21.9, PIDTerms=-3.278/ 0.000/ 0.339/-0.000, Output=-1.000(-1.000/1.000)
Test.printPidInfo_Info: encoderYPidCtrl: Target= -23.1, Input= -23.2, Error=   0.1, PIDTerms= 0.002/ 0.000/ 0.000/-0.000, Output= 0.003(-1.000/1.000)
Test.printPidInfo_Info: gyroPidCtrl: Target= 180.0, Input= 178.4, Error=   1.6, PIDTerms= 0.029/ 0.000/ 0.025/ 0.000, Output= 0.054(-0.500/0.500)
Test.Battery_Info: Voltage=11.96V (11.30V)
Test.printPidInfo_Info: encoderXPidCtrl: Target= -25.4, Input=  -7.9, Error= -17.5, PIDTerms=-2.622/ 0.000/ 0.458/-0.000, Output=-1.000(-1.000/1.000)
Test.printPidInfo_Info: encoderYPidCtrl: Target= -23.1, Input= -23.6, Error=   0.5, PIDTerms= 0.009/ 0.000/ 0.005/-0.000, Output= 0.015(-1.000/1.000)
Test.printPidInfo_Info: gyroPidCtrl: Target= 180.0, Input= 178.3, Error=   1.7, PIDTerms= 0.030/ 0.000/ 0.001/ 0.000, Output= 0.031(-0.500/0.500)
Test.Battery_Info: Voltage=12.07V (11.30V)
Test.printPidInfo_Info: encoderXPidCtrl: Target= -25.4, Input= -11.5, Error= -13.9, PIDTerms=-2.079/ 0.000/ 0.489/-0.000, Output=-1.000(-1.000/1.000)
Test.printPidInfo_Info: encoderYPidCtrl: Target= -23.1, Input= -23.7, Error=   0.6, PIDTerms= 0.011/ 0.000/ 0.002/-0.000, Output= 0.013(-1.000/1.000)
Test.printPidInfo_Info: gyroPidCtrl: Target= 180.0, Input= 179.5, Error=   0.5, PIDTerms= 0.009/ 0.000/-0.022/ 0.000, Output=-0.013(-0.500/0.500)
Test.Battery_Info: Voltage=12.12V (11.30V)
Test.printPidInfo_Info: encoderXPidCtrl: Target= -25.4, Input= -15.0, Error= -10.3, PIDTerms=-1.550/ 0.000/ 0.346/-0.000, Output=-1.000(-1.000/1.000)
Test.printPidInfo_Info: encoderYPidCtrl: Target= -23.1, Input= -23.7, Error=   0.5, PIDTerms= 0.011/ 0.000/-0.000/-0.000, Output= 0.010(-1.000/1.000)
Test.printPidInfo_Info: gyroPidCtrl: Target= 180.0, Input= 181.4, Error=  -1.4, PIDTerms=-0.025/ 0.000/-0.025/ 0.000, Output=-0.050(-0.500/0.500)
Test.Battery_Info: Voltage=12.91V (11.30V)
Test.printPidInfo_Info: encoderXPidCtrl: Target= -25.4, Input= -19.1, Error=  -6.2, PIDTerms=-0.935/ 0.000/ 0.482/-0.000, Output=-0.453(-1.000/1.000)
Test.printPidInfo_Info: encoderYPidCtrl: Target= -23.1, Input= -23.9, Error=   0.7, PIDTerms= 0.014/ 0.000/ 0.003/-0.000, Output= 0.018(-1.000/1.000)
Test.printPidInfo_Info: gyroPidCtrl: Target= 180.0, Input= 182.7, Error=  -2.7, PIDTerms=-0.048/ 0.000/-0.020/ 0.000, Output=-0.068(-0.500/0.500)
Test.Battery_Info: Voltage=13.29V (11.30V)
Test.printPidInfo_Info: encoderXPidCtrl: Target= -25.4, Input= -22.7, Error=  -2.7, PIDTerms=-0.398/ 0.000/ 0.455/-0.000, Output= 0.057(-1.000/1.000)
Test.printPidInfo_Info: encoderYPidCtrl: Target= -23.1, Input= -23.8, Error=   0.7, PIDTerms= 0.013/ 0.000/-0.001/-0.000, Output= 0.012(-1.000/1.000)
Test.printPidInfo_Info: gyroPidCtrl: Target= 180.0, Input= 182.8, Error=  -2.8, PIDTerms=-0.050/ 0.000/-0.002/ 0.000, Output=-0.053(-0.500/0.500)
Test.Battery_Info: Voltage=12.91V (11.30V)
Test.printPidInfo_Info: encoderXPidCtrl: Target= -25.4, Input= -25.3, Error=  -0.1, PIDTerms=-0.008/ 0.000/ 0.319/-0.000, Output= 0.311(-1.000/1.000)
Test.printPidInfo_Info: encoderYPidCtrl: Target= -23.1, Input= -23.6, Error=   0.5, PIDTerms= 0.009/ 0.000/-0.004/-0.000, Output= 0.005(-1.000/1.000)
Test.printPidInfo_Info: gyroPidCtrl: Target= 180.0, Input= 182.4, Error=  -2.4, PIDTerms=-0.043/ 0.000/ 0.006/ 0.000, Output=-0.037(-0.500/0.500)
Test.Battery_Info: Voltage=13.32V (11.30V)
Test.printPidInfo_Info: encoderXPidCtrl: Target= -25.4, Input= -25.6, Error=   0.2, PIDTerms= 0.036/ 0.000/ 0.029/-0.000, Output= 0.065(-1.000/1.000)
Test.printPidInfo_Info: encoderYPidCtrl: Target= -23.1, Input= -23.3, Error=   0.2, PIDTerms= 0.004/ 0.000/-0.004/-0.000, Output= 0.000(-1.000/1.000)
Test.printPidInfo_Info: gyroPidCtrl: Target= 180.0, Input= 181.5, Error=  -1.5, PIDTerms=-0.027/ 0.000/ 0.012/ 0.000, Output=-0.015(-0.500/0.500)
Test.Battery_Info: Voltage=13.32V (11.30V)
Test.printPidInfo_Info: encoderXPidCtrl: Target= -25.4, Input= -25.1, Error=  -0.3, PIDTerms=-0.039/ 0.000/-0.049/-0.000, Output=-0.088(-1.000/1.000)
Test.printPidInfo_Info: encoderYPidCtrl: Target= -23.1, Input= -23.3, Error=   0.1, PIDTerms= 0.003/ 0.000/-0.001/-0.000, Output= 0.002(-1.000/1.000)
Test.printPidInfo_Info: gyroPidCtrl: Target= 180.0, Input= 180.0, Error=  -0.0, PIDTerms=-0.001/ 0.000/ 0.019/ 0.000, Output= 0.019(-0.500/0.500)
Test.Battery_Info: Voltage=13.33V (11.30V)
Test.printPidInfo_Info: encoderXPidCtrl: Target= -25.4, Input= -25.1, Error=  -0.3, PIDTerms=-0.044/ 0.000/-0.004/-0.000, Output=-0.048(-1.000/1.000)
Test.printPidInfo_Info: encoderYPidCtrl: Target= -23.1, Input= -23.3, Error=   0.1, PIDTerms= 0.003/ 0.000/-0.000/-0.000, Output= 0.003(-1.000/1.000)
Test.printPidInfo_Info: gyroPidCtrl: Target= 180.0, Input= 178.8, Error=   1.2, PIDTerms= 0.022/ 0.000/ 0.021/ 0.000, Output= 0.043(-0.500/0.500)
Test.Battery_Info: Voltage=13.34V (11.30V)
Test.printPidInfo_Info: encoderXPidCtrl: Target= -25.4, Input= -25.5, Error=   0.1, PIDTerms= 0.020/ 0.000/ 0.046/-0.000, Output= 0.065(-1.000/1.000)
Test.printPidInfo_Info: encoderYPidCtrl: Target= -23.1, Input= -23.3, Error=   0.2, PIDTerms= 0.003/ 0.000/ 0.000/-0.000, Output= 0.003(-1.000/1.000)
Test.printPidInfo_Info: gyroPidCtrl: Target= 180.0, Input= 178.8, Error=   1.2, PIDTerms= 0.022/ 0.000/-0.000/ 0.000, Output= 0.022(-0.500/0.500)
Test.Battery_Info: Voltage=13.36V (11.30V)
Test.printPidInfo_Info: encoderXPidCtrl: Target= -25.4, Input= -25.6, Error=   0.2, PIDTerms= 0.028/ 0.000/ 0.004/-0.000, Output= 0.032(-1.000/1.000)
Test.printPidInfo_Info: encoderYPidCtrl: Target= -23.1, Input= -23.3, Error=   0.1, PIDTerms= 0.003/ 0.000/-0.000/-0.000, Output= 0.002(-1.000/1.000)
Test.printPidInfo_Info: gyroPidCtrl: Target= 180.0, Input= 178.9, Error=   1.1, PIDTerms= 0.020/ 0.000/-0.001/ 0.000, Output= 0.019(-0.500/0.500)
Test.Robot_Info: ========== [10.452] SET_DOWN_GLYPH: xPos=-25.49/-26.50,yPos=-23.18/  0.00,heading= 179.0/ 180.0,volt=13.38V(11.30V)
Test.Robot_Info: ========== [12.629] RELEASE_GLYPH: xPos=-25.49/-26.50,yPos=-23.18/  0.00,heading= 179.0/ 180.0,volt=13.39V(11.30V)
Test.Robot_Info: ========== [13.155] PUSH_FORWARD: xPos=-25.50/  0.00,yPos=-23.18/ 15.00,heading= 179.1/ 180.0,volt=13.45V(11.30V)
Test.Battery_Info: Voltage=13.45V (11.30V)
Test.printPidInfo_Info: encoderXPidCtrl: Target= -25.5, Input= -25.5, Error=   0.0, PIDTerms= 0.016/ 0.000/-0.009/-0.000, Output= 0.000(-1.000/1.000)
Test.printPidInfo_Info: encoderYPidCtrl: Target=  -8.2, Input= -23.2, Error=  15.0, PIDTerms= 0.001/ 0.000/-0.002/-0.000, Output= 0.000(-1.000/1.000)
Test.printPidInfo_Info: gyroPidCtrl: Target= 180.0, Input= 178.9, Error=   0.9, PIDTerms= 0.020/ 0.000/-0.001/ 0.000, Output= 0.000(-0.500/0.500)
Test.Battery_Info: Voltage=13.09V (11.30V)
Test.printPidInfo_Info: encoderXPidCtrl: Target= -25.5, Input= -25.5, Error=   0.0, PIDTerms= 0.000/ 0.000/ 0.000/-0.000, Output= 0.000(-1.000/1.000)
Test.printPidInfo_Info: encoderYPidCtrl: Target=  -8.2, Input= -23.2, Error=  15.0, PIDTerms= 0.300/ 0.000/ 0.000/-0.000, Output= 0.300(-1.000/1.000)
Test.printPidInfo_Info: gyroPidCtrl: Target= 180.0, Input= 179.1, Error=   0.9, PIDTerms= 0.016/ 0.000/ 0.000/ 0.000, Output= 0.016(-0.500/0.500)
Test.Battery_Info: Voltage=13.03V (11.30V)
Test.printPidInfo_Info: encoderXPidCtrl: Target= -25.5, Input= -25.5, Error=   0.0, PIDTerms= 0.006/ 0.000/ 0.005/-0.000, Output= 0.011(-1.000/1.000)
Test.printPidInfo_Info: encoderYPidCtrl: Target=  -8.2, Input= -23.0, Error=  14.8, PIDTerms= 0.296/ 0.000/-0.003/-0.000, Output= 0.293(-1.000/1.000)
Test.printPidInfo_Info: gyroPidCtrl: Target= 180.0, Input= 179.1, Error=   0.9, PIDTerms= 0.016/ 0.000/-0.000/ 0.000, Output= 0.016(-0.500/0.500)
Test.Battery_Info: Voltage=12.98V (11.30V)
Test.printPidInfo_Info: encoderXPidCtrl: Target= -25.5, Input= -25.4, Error=  -0.1, PIDTerms=-0.016/ 0.000/-0.014/-0.000, Output=-0.030(-1.000/1.000)
Test.printPidInfo_Info: encoderYPidCtrl: Target=  -8.2, Input= -22.0, Error=  13.8, PIDTerms= 0.276/ 0.000/-0.014/-0.000, Output= 0.262(-1.000/1.000)
Test.printPidInfo_Info: gyroPidCtrl: Target= 180.0, Input= 179.5, Error=   0.5, PIDTerms= 0.010/ 0.000/-0.004/ 0.000, Output= 0.006(-0.500/0.500)
Test.Battery_Info: Voltage=13.00V (11.30V)
Test.printPidInfo_Info: encoderXPidCtrl: Target= -25.5, Input= -25.3, Error=  -0.2, PIDTerms=-0.023/ 0.000/-0.004/-0.000, Output=-0.027(-1.000/1.000)
Test.printPidInfo_Info: encoderYPidCtrl: Target=  -8.2, Input= -21.4, Error=  13.2, PIDTerms= 0.263/ 0.000/-0.008/-0.000, Output= 0.255(-1.000/1.000)
Test.printPidInfo_Info: gyroPidCtrl: Target= 180.0, Input= 180.0, Error=   0.0, PIDTerms= 0.000/ 0.000/-0.006/ 0.000, Output=-0.006(-0.500/0.500)
Test.Battery_Info: Voltage=12.97V (11.30V)
Test.printPidInfo_Info: encoderXPidCtrl: Target= -25.5, Input= -25.3, Error=  -0.2, PIDTerms=-0.023/ 0.000/ 0.000/-0.000, Output=-0.023(-1.000/1.000)
Test.printPidInfo_Info: encoderYPidCtrl: Target=  -8.2, Input= -21.3, Error=  13.2, PIDTerms= 0.263/ 0.000/-0.000/-0.000, Output= 0.263(-1.000/1.000)
Test.printPidInfo_Info: gyroPidCtrl: Target= 180.0, Input= 180.4, Error=  -0.4, PIDTerms=-0.007/ 0.000/-0.007/ 0.000, Output=-0.015(-0.500/0.500)
Test.Battery_Info: Voltage=12.96V (11.30V)
Test.printPidInfo_Info: encoderXPidCtrl: Target= -25.5, Input= -25.3, Error=  -0.2, PIDTerms=-0.023/ 0.000/ 0.000/-0.000, Output=-0.023(-1.000/1.000)
Test.printPidInfo_Info: encoderYPidCtrl: Target=  -8.2, Input= -21.3, Error=  13.2, PIDTerms= 0.263/ 0.000/ 0.000/-0.000, Output= 0.263(-1.000/1.000)
Test.printPidInfo_Info: gyroPidCtrl: Target= 180.0, Input= 180.4, Error=  -0.4, PIDTerms=-0.008/ 0.000/-0.000/ 0.000, Output=-0.008(-0.500/0.500)
Test.Robot_Info: ========== [14.251] BACK_OFF: xPos=-25.34/  0.00,yPos=-21.36/ -6.50,heading= 180.4/ 180.0,volt=13.42V(11.30V)
Test.Battery_Info: Voltage=13.43V (11.30V)
Test.printPidInfo_Info: encoderXPidCtrl: Target= -25.3, Input= -25.3, Error=   0.0, PIDTerms=-0.023/ 0.000/ 0.000/-0.000, Output= 0.000(-1.000/1.000)
Test.printPidInfo_Info: encoderYPidCtrl: Target= -27.9, Input= -21.3, Error=  -6.5, PIDTerms= 0.263/ 0.000/ 0.000/-0.000, Output= 0.000(-1.000/1.000)
Test.printPidInfo_Info: gyroPidCtrl: Target= 180.0, Input= 180.4, Error=  -0.4, PIDTerms=-0.008/ 0.000/ 0.000/ 0.000, Output= 0.000(-0.500/0.500)
Test.Battery_Info: Voltage=13.35V (11.30V)
Test.printPidInfo_Info: encoderXPidCtrl: Target= -25.3, Input= -25.3, Error=   0.0, PIDTerms= 0.000/ 0.000/ 0.000/-0.000, Output= 0.000(-1.000/1.000)
Test.printPidInfo_Info: encoderYPidCtrl: Target= -27.9, Input= -21.4, Error=  -6.5, PIDTerms=-0.130/ 0.000/ 0.000/-0.000, Output=-0.130(-1.000/1.000)
Test.printPidInfo_Info: gyroPidCtrl: Target= 180.0, Input= 180.4, Error=  -0.4, PIDTerms=-0.008/ 0.000/ 0.000/ 0.000, Output=-0.008(-0.500/0.500)
Test.Battery_Info: Voltage=13.35V (11.30V)
Test.printPidInfo_Info: encoderXPidCtrl: Target= -25.3, Input= -25.3, Error=   0.0, PIDTerms= 0.001/ 0.000/ 0.000/-0.000, Output= 0.001(-1.000/1.000)
Test.printPidInfo_Info: encoderYPidCtrl: Target= -27.9, Input= -21.6, Error=  -6.3, PIDTerms=-0.126/ 0.000/ 0.003/-0.000, Output=-0.123(-1.000/1.000)
Test.printPidInfo_Info: gyroPidCtrl: Target= 180.0, Input= 180.5, Error=  -0.5, PIDTerms=-0.008/ 0.000/-0.001/ 0.000, Output=-0.009(-0.500/0.500)
Test.Battery_Info: Voltage=13.38V (11.30V)
Test.printPidInfo_Info: encoderXPidCtrl: Target= -25.3, Input= -25.3, Error=   0.0, PIDTerms= 0.001/ 0.000/ 0.000/-0.000, Output= 0.001(-1.000/1.000)
Test.printPidInfo_Info: encoderYPidCtrl: Target= -27.9, Input= -22.6, Error=  -5.2, PIDTerms=-0.104/ 0.000/ 0.012/-0.000, Output=-0.092(-1.000/1.000)
Test.printPidInfo_Info: gyroPidCtrl: Target= 180.0, Input= 180.5, Error=  -0.5, PIDTerms=-0.008/ 0.000/ 0.000/ 0.000, Output=-0.008(-0.500/0.500)
Test.Battery_Info: Voltage=13.39V (11.30V)
Test.printPidInfo_Info: encoderXPidCtrl: Target= -25.3, Input= -25.4, Error=   0.0, PIDTerms= 0.003/ 0.000/ 0.002/-0.000, Output= 0.005(-1.000/1.000)
Test.printPidInfo_Info: encoderYPidCtrl: Target= -27.9, Input= -23.3, Error=  -4.6, PIDTerms=-0.091/ 0.000/ 0.011/-0.000, Output=-0.081(-1.000/1.000)
Test.printPidInfo_Info: gyroPidCtrl: Target= 180.0, Input= 180.3, Error=  -0.3, PIDTerms=-0.005/ 0.000/ 0.003/ 0.000, Output=-0.002(-0.500/0.500)
Test.Battery_Info: Voltage=13.39V (11.30V)
Test.printPidInfo_Info: encoderXPidCtrl: Target= -25.3, Input= -25.4, Error=   0.0, PIDTerms= 0.003/ 0.000/-0.000/-0.000, Output= 0.002(-1.000/1.000)
Test.printPidInfo_Info: encoderYPidCtrl: Target= -27.9, Input= -23.7, Error=  -4.2, PIDTerms=-0.084/ 0.000/ 0.006/-0.000, Output=-0.078(-1.000/1.000)
Test.printPidInfo_Info: gyroPidCtrl: Target= 180.0, Input= 180.2, Error=  -0.2, PIDTerms=-0.004/ 0.000/ 0.001/ 0.000, Output=-0.004(-0.500/0.500)
Test.Battery_Info: Voltage=13.40V (11.30V)
Test.printPidInfo_Info: encoderXPidCtrl: Target= -25.3, Input= -25.4, Error=   0.0, PIDTerms= 0.002/ 0.000/-0.001/-0.000, Output= 0.001(-1.000/1.000)
Test.printPidInfo_Info: encoderYPidCtrl: Target= -27.9, Input= -23.9, Error=  -4.0, PIDTerms=-0.079/ 0.000/ 0.004/-0.000, Output=-0.075(-1.000/1.000)
Test.printPidInfo_Info: gyroPidCtrl: Target= 180.0, Input= 180.2, Error=  -0.2, PIDTerms=-0.004/ 0.000/ 0.001/ 0.000, Output=-0.003(-0.500/0.500)
Test.Battery_Info: Voltage=13.40V (11.30V)
Test.printPidInfo_Info: encoderXPidCtrl: Target= -25.3, Input= -25.3, Error=  -0.0, PIDTerms=-0.001/ 0.000/-0.001/-0.000, Output=-0.002(-1.000/1.000)
Test.printPidInfo_Info: encoderYPidCtrl: Target= -27.9, Input= -23.9, Error=  -3.9, PIDTerms=-0.079/ 0.000/ 0.000/-0.000, Output=-0.078(-1.000/1.000)
Test.printPidInfo_Info: gyroPidCtrl: Target= 180.0, Input= 180.2, Error=  -0.2, PIDTerms=-0.003/ 0.000/ 0.000/ 0.000, Output=-0.003(-0.500/0.500)
Test.Robot_Info: ========== [15.435] DONE: xPos=-25.34/  0.00,yPos=-23.92/ -6.50,heading= 180.2/ 180.0,volt=13.44V(11.30V)
