TeleOp.FtcAuto_Info: Sun Dec 03 15:26:03 PST 2017: ***** Starting autonomous *****
TeleOp.Robot_Info: ========== [0.067] DEPLOY_JEWEL_ARM: xPos=  0.00/  0.00,yPos=  0.00/  0.00,heading=  -0.2/   0.0,volt=13.55V(13.55V)
TeleOp.WHACK_JEWEL_Info: VuMark: RIGHT
TeleOp.WHACK_JEWEL_Info: 0: Color=BLUE, HSV=[180.000000/0.133333/0.352941]
TeleOp.Robot_Info: ========== [0.675] WHACK_JEWEL: xPos=  0.00/  0.00,yPos=  0.00/  0.00,heading=  -0.1/   0.0,volt=13.52V(13.48V)
TeleOp.Robot_Info: ========== [1.225] MOVE_JEWEL_ARM_UP: xPos=  0.00/  0.00,yPos=  0.00/  0.00,heading=  -0.1/   0.0,volt=13.53V(13.48V)
TeleOp.Robot_Info: ========== [1.605] RESET_JEWEL_ARM: xPos=  0.00/  0.00,yPos=  0.00/  0.00,heading=  -0.0/   0.0,volt=13.54V(13.48V)
TeleOp.DO_DELAY_Info: Delay=0
TeleOp.Robot_Info: ========== [1.990] DO_DELAY: xPos=  0.00/  0.00,yPos=  0.00/  0.00,heading=  -0.0/   0.0,volt=13.52V(13.48V)
TeleOp.Robot_Info: ========== [2.076] GRAB_LIFT_GLYPH: xPos=  0.00/  0.00,yPos=  0.00/  0.00,heading=  -0.0/   0.0,volt=13.53V(13.48V)
TeleOp.Robot_Info: ========== [4.287] DRIVE_OFF_PLATFORM: xPos=  0.00/  0.00,yPos=  0.00/  0.00,heading=  -0.0/   0.0,volt=12.51V(13.08V)
TeleOp.Robot_Info: ========== [5.091] DRIVE_TO_WALL: xPos= -0.10/  0.00,yPos= 14.66/  0.00,heading=   0.4/   0.0,volt=13.18V(12.63V)
TeleOp.Robot_Info: ========== [5.247] TURN_TO_CRYPTOBOX: xPos=  5.00/  0.00,yPos= 13.98/  0.00,heading=   0.6/   0.0,volt=13.16V(12.63V)
TeleOp.Battery_Info: Voltage=13.16V (12.63V)
TeleOp.printPidInfo_Info: encoderXPidCtrl: Target=   5.0, Input=   0.0, Error=   0.0, PIDTerms= 0.000/ 0.000/ 0.000/ 0.000, Output= 0.000(-1.000/1.000)
TeleOp.printPidInfo_Info: encoderYPidCtrl: Target=  14.0, Input=   0.0, Error=   0.0, PIDTerms= 0.000/ 0.000/ 0.000/ 0.000, Output= 0.000(-1.000/1.000)
TeleOp.printPidInfo_Info: gyroPidCtrl: Target=   0.0, Input=   0.0, Error=  -0.6, PIDTerms= 0.000/ 0.000/ 0.000/ 0.000, Output= 0.000(-0.500/0.500)
TeleOp.Battery_Info: Voltage=13.20V (12.63V)
TeleOp.printPidInfo_Info: encoderXPidCtrl: Target=   5.0, Input=   5.0, Error=   0.0, PIDTerms= 0.000/ 0.000/ 0.000/ 0.000, Output= 0.000(-1.000/1.000)
TeleOp.printPidInfo_Info: encoderYPidCtrl: Target=  14.0, Input=  14.0, Error=   0.0, PIDTerms= 0.000/ 0.000/ 0.000/ 0.000, Output= 0.000(-1.000/1.000)
TeleOp.printPidInfo_Info: gyroPidCtrl: Target=   0.0, Input=   0.6, Error=  -0.6, PIDTerms=-0.011/ 0.000/ 0.000/ 0.000, Output=-0.011(-0.500/0.500)
TeleOp.Battery_Info: Voltage=13.19V (12.63V)
TeleOp.printPidInfo_Info: encoderXPidCtrl: Target=   5.0, Input=   4.9, Error=   0.1, PIDTerms= 0.008/ 0.000/ 0.006/ 0.000, Output= 0.014(-1.000/1.000)
TeleOp.printPidInfo_Info: encoderYPidCtrl: Target=  14.0, Input=  14.8, Error=  -0.8, PIDTerms=-0.017/ 0.000/-0.015/ 0.000, Output=-0.032(-1.000/1.000)
TeleOp.printPidInfo_Info: gyroPidCtrl: Target=   0.0, Input=   0.7, Error=  -0.7, PIDTerms=-0.013/ 0.000/-0.002/ 0.000, Output=-0.015(-0.500/0.500)
TeleOp.Battery_Info: Voltage=13.20V (12.63V)
TeleOp.printPidInfo_Info: encoderXPidCtrl: Target=   5.0, Input=   5.0, Error=   0.0, PIDTerms= 0.006/ 0.000/-0.002/ 0.000, Output= 0.005(-1.000/1.000)
TeleOp.printPidInfo_Info: encoderYPidCtrl: Target=  14.0, Input=  15.2, Error=  -1.3, PIDTerms=-0.025/ 0.000/-0.009/ 0.000, Output=-0.034(-1.000/1.000)
TeleOp.printPidInfo_Info: gyroPidCtrl: Target=   0.0, Input=   0.5, Error=  -0.5, PIDTerms=-0.009/ 0.000/ 0.005/ 0.000, Output=-0.004(-0.500/0.500)
TeleOp.Battery_Info: Voltage=13.20V (12.63V)
TeleOp.printPidInfo_Info: encoderXPidCtrl: Target=   5.0, Input=   5.0, Error=   0.0, PIDTerms= 0.004/ 0.000/-0.002/ 0.000, Output= 0.002(-1.000/1.000)
TeleOp.printPidInfo_Info: encoderYPidCtrl: Target=  14.0, Input=  15.2, Error=  -1.3, PIDTerms=-0.025/ 0.000/-0.000/ 0.000, Output=-0.026(-1.000/1.000)
TeleOp.printPidInfo_Info: gyroPidCtrl: Target=   0.0, Input=   0.2, Error=  -0.2, PIDTerms=-0.003/ 0.000/ 0.005/ 0.000, Output= 0.002(-0.500/0.500)
TeleOp.Battery_Info: Voltage=13.20V (12.63V)
TeleOp.printPidInfo_Info: encoderXPidCtrl: Target=   5.0, Input=   5.0, Error=   0.0, PIDTerms= 0.004/ 0.000/ 0.000/ 0.000, Output= 0.004(-1.000/1.000)
TeleOp.printPidInfo_Info: encoderYPidCtrl: Target=  14.0, Input=  15.2, Error=  -1.3, PIDTerms=-0.025/ 0.000/ 0.000/ 0.000, Output=-0.025(-1.000/1.000)
TeleOp.printPidInfo_Info: gyroPidCtrl: Target=   0.0, Input=   0.2, Error=  -0.2, PIDTerms=-0.004/ 0.000/-0.000/ 0.000, Output=-0.004(-0.500/0.500)
TeleOp.Robot_Info: ========== [6.060] ALIGN_CRYPTOBOX: xPos=  4.97/ 23.50,yPos= 15.25/  0.00,heading=   0.2/   0.0,volt=13.20V(12.63V)
TeleOp.Battery_Info: Voltage=13.21V (12.63V)
TeleOp.printPidInfo_Info: encoderXPidCtrl: Target=  28.5, Input=   5.0, Error=  23.5, PIDTerms= 0.004/ 0.000/ 0.000/ 0.000, Output= 0.000(-1.000/1.000)
TeleOp.printPidInfo_Info: encoderYPidCtrl: Target=  15.2, Input=  15.2, Error=   0.0, PIDTerms=-0.025/ 0.000/ 0.000/ 0.000, Output= 0.000(-1.000/1.000)
TeleOp.printPidInfo_Info: gyroPidCtrl: Target=   0.0, Input=   0.2, Error=  -0.2, PIDTerms=-0.004/ 0.000/-0.000/ 0.000, Output= 0.000(-0.500/0.500)
TeleOp.Battery_Info: Voltage=11.41V (11.41V)
TeleOp.printPidInfo_Info: encoderXPidCtrl: Target=  28.5, Input=   5.0, Error=  23.5, PIDTerms= 3.525/ 0.000/ 0.000/ 0.000, Output= 1.000(-1.000/1.000)
TeleOp.printPidInfo_Info: encoderYPidCtrl: Target=  15.2, Input=  15.2, Error=   0.0, PIDTerms= 0.000/ 0.000/ 0.000/ 0.000, Output= 0.000(-1.000/1.000)
TeleOp.printPidInfo_Info: gyroPidCtrl: Target=   0.0, Input=   0.2, Error=  -0.2, PIDTerms=-0.004/ 0.000/ 0.000/ 0.000, Output=-0.004(-0.500/0.500)
TeleOp.Battery_Info: Voltage=11.71V (11.41V)
TeleOp.printPidInfo_Info: encoderXPidCtrl: Target=  28.5, Input=   5.3, Error=  23.1, PIDTerms= 3.469/ 0.000/-0.045/ 0.000, Output= 1.000(-1.000/1.000)
TeleOp.printPidInfo_Info: encoderYPidCtrl: Target=  15.2, Input=  15.3, Error=  -0.1, PIDTerms=-0.002/ 0.000/-0.002/ 0.000, Output=-0.003(-1.000/1.000)
TeleOp.printPidInfo_Info: gyroPidCtrl: Target=   0.0, Input=   0.2, Error=  -0.2, PIDTerms=-0.004/ 0.000/ 0.000/ 0.000, Output=-0.004(-0.500/0.500)
TeleOp.Battery_Info: Voltage=11.76V (11.41V)
TeleOp.printPidInfo_Info: encoderXPidCtrl: Target=  28.5, Input=   8.4, Error=  20.1, PIDTerms= 3.012/ 0.000/-0.311/ 0.000, Output= 1.000(-1.000/1.000)
TeleOp.printPidInfo_Info: encoderYPidCtrl: Target=  15.2, Input=  16.0, Error=  -0.7, PIDTerms=-0.015/ 0.000/-0.009/ 0.000, Output=-0.024(-1.000/1.000)
TeleOp.printPidInfo_Info: gyroPidCtrl: Target=   0.0, Input=   0.6, Error=  -0.6, PIDTerms=-0.011/ 0.000/-0.005/ 0.000, Output=-0.016(-0.500/0.500)
TeleOp.Battery_Info: Voltage=12.05V (11.41V)
TeleOp.printPidInfo_Info: encoderXPidCtrl: Target=  28.5, Input=  11.8, Error=  16.7, PIDTerms= 2.501/ 0.000/-0.406/ 0.000, Output= 1.000(-1.000/1.000)
TeleOp.printPidInfo_Info: encoderYPidCtrl: Target=  15.2, Input=  16.1, Error=  -0.8, PIDTerms=-0.017/ 0.000/-0.002/ 0.000, Output=-0.019(-1.000/1.000)
TeleOp.printPidInfo_Info: gyroPidCtrl: Target=   0.0, Input=   3.4, Error=  -3.4, PIDTerms=-0.061/ 0.000/-0.044/ 0.000, Output=-0.105(-0.500/0.500)
TeleOp.Battery_Info: Voltage=12.01V (11.41V)
TeleOp.printPidInfo_Info: encoderXPidCtrl: Target=  28.5, Input=  14.8, Error=  13.6, PIDTerms= 2.047/ 0.000/-0.416/ 0.000, Output= 1.000(-1.000/1.000)
TeleOp.printPidInfo_Info: encoderYPidCtrl: Target=  15.2, Input=  16.1, Error=  -0.9, PIDTerms=-0.018/ 0.000/-0.001/ 0.000, Output=-0.018(-1.000/1.000)
TeleOp.printPidInfo_Info: gyroPidCtrl: Target=   0.0, Input=   3.6, Error=  -3.6, PIDTerms=-0.065/ 0.000/-0.004/ 0.000, Output=-0.069(-0.500/0.500)
TeleOp.Battery_Info: Voltage=12.22V (11.41V)
TeleOp.printPidInfo_Info: encoderXPidCtrl: Target=  28.5, Input=  17.6, Error=  10.8, PIDTerms= 1.623/ 0.000/-0.357/ 0.000, Output= 1.000(-1.000/1.000)
TeleOp.printPidInfo_Info: encoderYPidCtrl: Target=  15.2, Input=  16.3, Error=  -1.0, PIDTerms=-0.021/ 0.000/-0.003/ 0.000, Output=-0.024(-1.000/1.000)
TeleOp.printPidInfo_Info: gyroPidCtrl: Target=   0.0, Input=   6.4, Error=  -6.4, PIDTerms=-0.115/ 0.000/-0.047/ 0.000, Output=-0.163(-0.500/0.500)
TeleOp.Battery_Info: Voltage=12.54V (11.41V)
TeleOp.printPidInfo_Info: encoderXPidCtrl: Target=  28.5, Input=  21.2, Error=   7.2, PIDTerms= 1.087/ 0.000/-0.416/ 0.000, Output= 0.672(-1.000/1.000)
TeleOp.printPidInfo_Info: encoderYPidCtrl: Target=  15.2, Input=  16.4, Error=  -1.1, PIDTerms=-0.023/ 0.000/-0.002/ 0.000, Output=-0.025(-1.000/1.000)
TeleOp.printPidInfo_Info: gyroPidCtrl: Target=   0.0, Input=   5.8, Error=  -5.8, PIDTerms=-0.105/ 0.000/ 0.009/ 0.000, Output=-0.096(-0.500/0.500)
TeleOp.Battery_Info: Voltage=13.08V (11.41V)
TeleOp.printPidInfo_Info: encoderXPidCtrl: Target=  28.5, Input=  25.1, Error=   3.4, PIDTerms= 0.503/ 0.000/-0.411/ 0.000, Output= 0.092(-1.000/1.000)
TeleOp.printPidInfo_Info: encoderYPidCtrl: Target=  15.2, Input=  16.2, Error=  -1.0, PIDTerms=-0.020/ 0.000/ 0.003/ 0.000, Output=-0.017(-1.000/1.000)
TeleOp.printPidInfo_Info: gyroPidCtrl: Target=   0.0, Input=   3.4, Error=  -3.4, PIDTerms=-0.061/ 0.000/ 0.034/ 0.000, Output=-0.026(-0.500/0.500)
TeleOp.Battery_Info: Voltage=12.76V (11.41V)
TeleOp.printPidInfo_Info: encoderXPidCtrl: Target=  28.5, Input=  27.9, Error=   0.5, PIDTerms= 0.079/ 0.000/-0.344/ 0.000, Output=-0.264(-1.000/1.000)
TeleOp.printPidInfo_Info: encoderYPidCtrl: Target=  15.2, Input=  16.1, Error=  -0.8, PIDTerms=-0.017/ 0.000/ 0.002/ 0.000, Output=-0.015(-1.000/1.000)
TeleOp.printPidInfo_Info: gyroPidCtrl: Target=   0.0, Input=  -1.0, Error=   1.0, PIDTerms= 0.019/ 0.000/ 0.071/ 0.000, Output= 0.090(-0.500/0.500)
TeleOp.Battery_Info: Voltage=12.83V (11.41V)
TeleOp.printPidInfo_Info: encoderXPidCtrl: Target=  28.5, Input=  29.2, Error=  -0.7, PIDTerms=-0.106/ 0.000/-0.147/ 0.000, Output=-0.253(-1.000/1.000)
TeleOp.printPidInfo_Info: encoderYPidCtrl: Target=  15.2, Input=  15.9, Error=  -0.7, PIDTerms=-0.013/ 0.000/ 0.003/ 0.000, Output=-0.010(-1.000/1.000)
TeleOp.printPidInfo_Info: gyroPidCtrl: Target=   0.0, Input=  -5.2, Error=   5.2, PIDTerms= 0.093/ 0.000/ 0.065/ 0.000, Output= 0.158(-0.500/0.500)
TeleOp.Battery_Info: Voltage=12.97V (11.41V)
TeleOp.printPidInfo_Info: encoderXPidCtrl: Target=  28.5, Input=  28.6, Error=  -0.2, PIDTerms=-0.023/ 0.000/ 0.063/ 0.000, Output= 0.040(-1.000/1.000)
TeleOp.printPidInfo_Info: encoderYPidCtrl: Target=  15.2, Input=  15.8, Error=  -0.6, PIDTerms=-0.012/ 0.000/ 0.001/ 0.000, Output=-0.010(-1.000/1.000)
TeleOp.printPidInfo_Info: gyroPidCtrl: Target=   0.0, Input=  -8.7, Error=   8.7, PIDTerms= 0.157/ 0.000/ 0.054/ 0.000, Output= 0.211(-0.500/0.500)
TeleOp.Battery_Info: Voltage=13.11V (11.41V)
TeleOp.printPidInfo_Info: encoderXPidCtrl: Target=  28.5, Input=  28.3, Error=   0.2, PIDTerms= 0.023/ 0.000/ 0.030/ 0.000, Output= 0.053(-1.000/1.000)
TeleOp.printPidInfo_Info: encoderYPidCtrl: Target=  15.2, Input=  15.8, Error=  -0.6, PIDTerms=-0.011/ 0.000/ 0.000/ 0.000, Output=-0.011(-1.000/1.000)
TeleOp.printPidInfo_Info: gyroPidCtrl: Target=   0.0, Input=  -8.3, Error=   8.3, PIDTerms= 0.150/ 0.000/-0.006/ 0.000, Output= 0.144(-0.500/0.500)
TeleOp.Battery_Info: Voltage=13.19V (11.41V)
TeleOp.printPidInfo_Info: encoderXPidCtrl: Target=  28.5, Input=  28.6, Error=  -0.1, PIDTerms=-0.018/ 0.000/-0.030/ 0.000, Output=-0.047(-1.000/1.000)
TeleOp.printPidInfo_Info: encoderYPidCtrl: Target=  15.2, Input=  15.8, Error=  -0.6, PIDTerms=-0.012/ 0.000/-0.001/ 0.000, Output=-0.013(-1.000/1.000)
TeleOp.printPidInfo_Info: gyroPidCtrl: Target=   0.0, Input=  -5.2, Error=   5.2, PIDTerms= 0.094/ 0.000/-0.045/ 0.000, Output= 0.050(-0.500/0.500)
TeleOp.Battery_Info: Voltage=13.21V (11.41V)
TeleOp.printPidInfo_Info: encoderXPidCtrl: Target=  28.5, Input=  28.7, Error=  -0.3, PIDTerms=-0.038/ 0.000/-0.020/ 0.000, Output=-0.058(-1.000/1.000)
TeleOp.printPidInfo_Info: encoderYPidCtrl: Target=  15.2, Input=  15.9, Error=  -0.6, PIDTerms=-0.013/ 0.000/-0.001/ 0.000, Output=-0.013(-1.000/1.000)
TeleOp.printPidInfo_Info: gyroPidCtrl: Target=   0.0, Input=  -2.3, Error=   2.3, PIDTerms= 0.041/ 0.000/-0.060/ 0.000, Output=-0.019(-0.500/0.500)
TeleOp.Battery_Info: Voltage=13.22V (11.41V)
TeleOp.printPidInfo_Info: encoderXPidCtrl: Target=  28.5, Input=  28.7, Error=  -0.2, PIDTerms=-0.034/ 0.000/ 0.003/ 0.000, Output=-0.031(-1.000/1.000)
TeleOp.printPidInfo_Info: encoderYPidCtrl: Target=  15.2, Input=  15.8, Error=  -0.6, PIDTerms=-0.012/ 0.000/ 0.000/ 0.000, Output=-0.012(-1.000/1.000)
TeleOp.printPidInfo_Info: gyroPidCtrl: Target=   0.0, Input=  -1.7, Error=   1.7, PIDTerms= 0.031/ 0.000/-0.009/ 0.000, Output= 0.022(-0.500/0.500)
TeleOp.Battery_Info: Voltage=13.23V (11.41V)
TeleOp.printPidInfo_Info: encoderXPidCtrl: Target=  28.5, Input=  28.6, Error=  -0.1, PIDTerms=-0.016/ 0.000/ 0.012/ 0.000, Output=-0.004(-1.000/1.000)
TeleOp.printPidInfo_Info: encoderYPidCtrl: Target=  15.2, Input=  15.7, Error=  -0.5, PIDTerms=-0.009/ 0.000/ 0.002/ 0.000, Output=-0.007(-1.000/1.000)
TeleOp.printPidInfo_Info: gyroPidCtrl: Target=   0.0, Input=  -1.7, Error=   1.7, PIDTerms= 0.031/ 0.000/ 0.000/ 0.000, Output= 0.031(-0.500/0.500)
TeleOp.Robot_Info: ========== [8.299] SET_DOWN_GLYPH: xPos= 28.58/ 23.50,yPos= 15.71/  0.00,heading=  -1.8/   0.0,volt=13.23V(11.41V)
TeleOp.Robot_Info: ========== [10.441] RELEASE_GLYPH: xPos= 28.58/ 23.50,yPos= 15.71/  0.00,heading=  -1.7/   0.0,volt=13.38V(11.41V)
TeleOp.Robot_Info: ========== [11.025] PUSH_FORWARD: xPos= 28.58/  0.00,yPos= 15.71/ 16.00,heading=  -1.7/   0.0,volt=13.42V(11.41V)
TeleOp.Battery_Info: Voltage=13.42V (11.41V)
TeleOp.printPidInfo_Info: encoderXPidCtrl: Target=  28.6, Input=  28.6, Error=   0.0, PIDTerms=-0.016/ 0.000/ 0.000/ 0.000, Output= 0.000(-1.000/1.000)
TeleOp.printPidInfo_Info: encoderYPidCtrl: Target=  31.7, Input=  15.7, Error=  16.0, PIDTerms=-0.009/ 0.000/ 0.000/ 0.000, Output= 0.000(-1.000/1.000)
TeleOp.printPidInfo_Info: gyroPidCtrl: Target=   0.0, Input=  -1.8, Error=   1.7, PIDTerms= 0.032/ 0.000/ 0.001/ 0.000, Output= 0.000(-0.500/0.500)
TeleOp.Battery_Info: Voltage=13.10V (11.41V)
TeleOp.printPidInfo_Info: encoderXPidCtrl: Target=  28.6, Input=  28.6, Error=   0.0, PIDTerms= 0.000/ 0.000/ 0.000/ 0.000, Output= 0.000(-1.000/1.000)
TeleOp.printPidInfo_Info: encoderYPidCtrl: Target=  31.7, Input=  15.7, Error=  16.0, PIDTerms= 0.320/ 0.000/-0.000/ 0.000, Output= 0.320(-1.000/1.000)
TeleOp.printPidInfo_Info: gyroPidCtrl: Target=   0.0, Input=  -1.7, Error=   1.7, PIDTerms= 0.031/ 0.000/ 0.000/ 0.000, Output= 0.031(-0.500/0.500)
TeleOp.Battery_Info: Voltage=13.17V (11.41V)
TeleOp.printPidInfo_Info: encoderXPidCtrl: Target=  28.6, Input=  28.6, Error=  -0.0, PIDTerms=-0.005/ 0.000/-0.003/ 0.000, Output=-0.008(-1.000/1.000)
TeleOp.printPidInfo_Info: encoderYPidCtrl: Target=  31.7, Input=  16.0, Error=  15.7, PIDTerms= 0.314/ 0.000/-0.004/ 0.000, Output= 0.310(-1.000/1.000)
TeleOp.printPidInfo_Info: gyroPidCtrl: Target=   0.0, Input=  -1.7, Error=   1.7, PIDTerms= 0.031/ 0.000/-0.000/ 0.000, Output= 0.031(-0.500/0.500)
TeleOp.Battery_Info: Voltage=13.22V (11.41V)
TeleOp.printPidInfo_Info: encoderXPidCtrl: Target=  28.6, Input=  28.8, Error=  -0.2, PIDTerms=-0.032/ 0.000/-0.020/ 0.000, Output=-0.051(-1.000/1.000)
TeleOp.printPidInfo_Info: encoderYPidCtrl: Target=  31.7, Input=  17.2, Error=  14.5, PIDTerms= 0.290/ 0.000/-0.020/ 0.000, Output= 0.270(-1.000/1.000)
TeleOp.printPidInfo_Info: gyroPidCtrl: Target=   0.0, Input=  -1.3, Error=   1.3, PIDTerms= 0.024/ 0.000/-0.006/ 0.000, Output= 0.018(-0.500/0.500)
TeleOp.Battery_Info: Voltage=13.28V (11.41V)
TeleOp.printPidInfo_Info: encoderXPidCtrl: Target=  28.6, Input=  28.8, Error=  -0.2, PIDTerms=-0.031/ 0.000/ 0.000/ 0.000, Output=-0.031(-1.000/1.000)
TeleOp.printPidInfo_Info: encoderYPidCtrl: Target=  31.7, Input=  18.9, Error=  12.8, PIDTerms= 0.255/ 0.000/-0.027/ 0.000, Output= 0.228(-1.000/1.000)
TeleOp.printPidInfo_Info: gyroPidCtrl: Target=   0.0, Input=  -1.1, Error=   1.1, PIDTerms= 0.020/ 0.000/-0.003/ 0.000, Output= 0.017(-0.500/0.500)
TeleOp.Battery_Info: Voltage=13.32V (11.41V)
TeleOp.printPidInfo_Info: encoderXPidCtrl: Target=  28.6, Input=  28.8, Error=  -0.2, PIDTerms=-0.032/ 0.000/-0.000/ 0.000, Output=-0.032(-1.000/1.000)
TeleOp.printPidInfo_Info: encoderYPidCtrl: Target=  31.7, Input=  20.9, Error=  10.8, PIDTerms= 0.217/ 0.000/-0.032/ 0.000, Output= 0.185(-1.000/1.000)
TeleOp.printPidInfo_Info: gyroPidCtrl: Target=   0.0, Input=  -1.0, Error=   1.0, PIDTerms= 0.018/ 0.000/-0.002/ 0.000, Output= 0.016(-0.500/0.500)
TeleOp.Battery_Info: Voltage=13.36V (11.41V)
TeleOp.printPidInfo_Info: encoderXPidCtrl: Target=  28.6, Input=  28.8, Error=  -0.2, PIDTerms=-0.030/ 0.000/ 0.001/ 0.000, Output=-0.029(-1.000/1.000)
TeleOp.printPidInfo_Info: encoderYPidCtrl: Target=  31.7, Input=  23.2, Error=   8.5, PIDTerms= 0.170/ 0.000/-0.036/ 0.000, Output= 0.134(-1.000/1.000)
TeleOp.printPidInfo_Info: gyroPidCtrl: Target=   0.0, Input=  -0.8, Error=   0.8, PIDTerms= 0.014/ 0.000/-0.003/ 0.000, Output= 0.011(-0.500/0.500)
TeleOp.Battery_Info: Voltage=13.37V (11.41V)
TeleOp.printPidInfo_Info: encoderXPidCtrl: Target=  28.6, Input=  28.8, Error=  -0.2, PIDTerms=-0.030/ 0.000/ 0.000/ 0.000, Output=-0.029(-1.000/1.000)
TeleOp.printPidInfo_Info: encoderYPidCtrl: Target=  31.7, Input=  24.9, Error=   6.8, PIDTerms= 0.135/ 0.000/-0.028/ 0.000, Output= 0.107(-1.000/1.000)
TeleOp.printPidInfo_Info: gyroPidCtrl: Target=   0.0, Input=  -0.8, Error=   0.8, PIDTerms= 0.014/ 0.000/-0.000/ 0.000, Output= 0.014(-0.500/0.500)
TeleOp.Battery_Info: Voltage=13.38V (11.41V)
TeleOp.printPidInfo_Info: encoderXPidCtrl: Target=  28.6, Input=  28.7, Error=  -0.1, PIDTerms=-0.019/ 0.000/ 0.004/ 0.000, Output=-0.015(-1.000/1.000)
TeleOp.printPidInfo_Info: encoderYPidCtrl: Target=  31.7, Input=  26.6, Error=   5.1, PIDTerms= 0.102/ 0.000/-0.013/ 0.000, Output= 0.088(-1.000/1.000)
TeleOp.printPidInfo_Info: gyroPidCtrl: Target=   0.0, Input=  -0.7, Error=   0.7, PIDTerms= 0.013/ 0.000/-0.000/ 0.000, Output= 0.013(-0.500/0.500)
TeleOp.Battery_Info: Voltage=13.41V (11.41V)
TeleOp.printPidInfo_Info: encoderXPidCtrl: Target=  28.6, Input=  28.7, Error=  -0.1, PIDTerms=-0.021/ 0.000/-0.002/ 0.000, Output=-0.023(-1.000/1.000)
TeleOp.printPidInfo_Info: encoderYPidCtrl: Target=  31.7, Input=  28.4, Error=   3.3, PIDTerms= 0.066/ 0.000/-0.024/ 0.000, Output= 0.042(-1.000/1.000)
TeleOp.printPidInfo_Info: gyroPidCtrl: Target=   0.0, Input=  -0.8, Error=   0.8, PIDTerms= 0.014/ 0.000/ 0.000/ 0.000, Output= 0.014(-0.500/0.500)
TeleOp.Battery_Info: Voltage=13.40V (11.41V)
TeleOp.printPidInfo_Info: encoderXPidCtrl: Target=  28.6, Input=  28.7, Error=  -0.1, PIDTerms=-0.020/ 0.000/ 0.001/ 0.000, Output=-0.020(-1.000/1.000)
TeleOp.printPidInfo_Info: encoderYPidCtrl: Target=  31.7, Input=  28.4, Error=   3.3, PIDTerms= 0.066/ 0.000/ 0.000/ 0.000, Output= 0.066(-1.000/1.000)
TeleOp.printPidInfo_Info: gyroPidCtrl: Target=   0.0, Input=  -1.5, Error=   1.5, PIDTerms= 0.027/ 0.000/ 0.012/ 0.000, Output= 0.038(-0.500/0.500)
TeleOp.Battery_Info: Voltage=13.40V (11.41V)
TeleOp.printPidInfo_Info: encoderXPidCtrl: Target=  28.6, Input=  28.7, Error=  -0.1, PIDTerms=-0.020/ 0.000/ 0.000/ 0.000, Output=-0.020(-1.000/1.000)
TeleOp.printPidInfo_Info: encoderYPidCtrl: Target=  31.7, Input=  28.4, Error=   3.3, PIDTerms= 0.066/ 0.000/ 0.000/ 0.000, Output= 0.066(-1.000/1.000)
TeleOp.printPidInfo_Info: gyroPidCtrl: Target=   0.0, Input=  -1.5, Error=   1.5, PIDTerms= 0.026/ 0.000/-0.000/ 0.000, Output= 0.026(-0.500/0.500)
TeleOp.Robot_Info: ========== [12.895] BACK_OFF: xPos= 28.72/  0.00,yPos= 28.40/ -6.50,heading=  -1.5/   0.0,volt=13.42V(11.41V)
TeleOp.Battery_Info: Voltage=13.42V (11.41V)
TeleOp.printPidInfo_Info: encoderXPidCtrl: Target=  28.7, Input=  28.7, Error=   0.0, PIDTerms=-0.020/ 0.000/ 0.000/ 0.000, Output= 0.000(-1.000/1.000)
TeleOp.printPidInfo_Info: encoderYPidCtrl: Target=  21.9, Input=  28.4, Error=  -6.5, PIDTerms= 0.066/ 0.000/ 0.000/ 0.000, Output= 0.000(-1.000/1.000)
TeleOp.printPidInfo_Info: gyroPidCtrl: Target=   0.0, Input=  -1.5, Error=   1.5, PIDTerms= 0.026/ 0.000/ 0.000/ 0.000, Output= 0.000(-0.500/0.500)
TeleOp.Battery_Info: Voltage=13.36V (11.41V)
TeleOp.printPidInfo_Info: encoderXPidCtrl: Target=  28.7, Input=  28.7, Error=   0.0, PIDTerms= 0.000/ 0.000/ 0.000/ 0.000, Output= 0.000(-1.000/1.000)
TeleOp.printPidInfo_Info: encoderYPidCtrl: Target=  21.9, Input=  28.4, Error=  -6.5, PIDTerms=-0.130/ 0.000/ 0.000/ 0.000, Output=-0.130(-1.000/1.000)
TeleOp.printPidInfo_Info: gyroPidCtrl: Target=   0.0, Input=  -1.5, Error=   1.5, PIDTerms= 0.026/ 0.000/ 0.000/ 0.000, Output= 0.026(-0.500/0.500)
TeleOp.Battery_Info: Voltage=13.35V (11.41V)
TeleOp.printPidInfo_Info: encoderXPidCtrl: Target=  28.7, Input=  28.7, Error=   0.0, PIDTerms= 0.002/ 0.000/ 0.001/ 0.000, Output= 0.003(-1.000/1.000)
TeleOp.printPidInfo_Info: encoderYPidCtrl: Target=  21.9, Input=  28.3, Error=  -6.4, PIDTerms=-0.128/ 0.000/ 0.001/ 0.000, Output=-0.127(-1.000/1.000)
TeleOp.printPidInfo_Info: gyroPidCtrl: Target=   0.0, Input=  -1.5, Error=   1.5, PIDTerms= 0.027/ 0.000/ 0.000/ 0.000, Output= 0.027(-0.500/0.500)
TeleOp.Battery_Info: Voltage=13.38V (11.41V)
TeleOp.printPidInfo_Info: encoderXPidCtrl: Target=  28.7, Input=  28.6, Error=   0.1, PIDTerms= 0.017/ 0.000/ 0.013/ 0.000, Output= 0.030(-1.000/1.000)
TeleOp.printPidInfo_Info: encoderYPidCtrl: Target=  21.9, Input=  27.5, Error=  -5.6, PIDTerms=-0.111/ 0.000/ 0.015/ 0.000, Output=-0.096(-1.000/1.000)
TeleOp.printPidInfo_Info: gyroPidCtrl: Target=   0.0, Input=  -1.5, Error=   1.5, PIDTerms= 0.026/ 0.000/-0.000/ 0.000, Output= 0.026(-0.500/0.500)
TeleOp.Battery_Info: Voltage=13.38V (11.41V)
TeleOp.printPidInfo_Info: encoderXPidCtrl: Target=  28.7, Input=  28.7, Error=   0.0, PIDTerms= 0.002/ 0.000/-0.013/ 0.000, Output=-0.011(-1.000/1.000)
TeleOp.printPidInfo_Info: encoderYPidCtrl: Target=  21.9, Input=  27.0, Error=  -5.1, PIDTerms=-0.102/ 0.000/ 0.009/ 0.000, Output=-0.093(-1.000/1.000)
TeleOp.printPidInfo_Info: gyroPidCtrl: Target=   0.0, Input=  -1.4, Error=   1.4, PIDTerms= 0.024/ 0.000/-0.002/ 0.000, Output= 0.023(-0.500/0.500)
TeleOp.Battery_Info: Voltage=13.39V (11.41V)
TeleOp.printPidInfo_Info: encoderXPidCtrl: Target=  28.7, Input=  28.7, Error=  -0.0, PIDTerms=-0.001/ 0.000/-0.001/ 0.000, Output=-0.002(-1.000/1.000)
TeleOp.printPidInfo_Info: encoderYPidCtrl: Target=  21.9, Input=  26.5, Error=  -4.6, PIDTerms=-0.093/ 0.000/ 0.006/ 0.000, Output=-0.087(-1.000/1.000)
TeleOp.printPidInfo_Info: gyroPidCtrl: Target=   0.0, Input=  -1.3, Error=   1.3, PIDTerms= 0.023/ 0.000/-0.001/ 0.000, Output= 0.021(-0.500/0.500)
TeleOp.Battery_Info: Voltage=13.39V (11.41V)
TeleOp.printPidInfo_Info: encoderXPidCtrl: Target=  28.7, Input=  28.7, Error=   0.1, PIDTerms= 0.008/ 0.000/ 0.006/ 0.000, Output= 0.013(-1.000/1.000)
TeleOp.printPidInfo_Info: encoderYPidCtrl: Target=  21.9, Input=  26.2, Error=  -4.3, PIDTerms=-0.086/ 0.000/ 0.005/ 0.000, Output=-0.081(-1.000/1.000)
TeleOp.printPidInfo_Info: gyroPidCtrl: Target=   0.0, Input=  -1.2, Error=   1.2, PIDTerms= 0.021/ 0.000/-0.001/ 0.000, Output= 0.020(-0.500/0.500)
TeleOp.Battery_Info: Voltage=13.40V (11.41V)
TeleOp.printPidInfo_Info: encoderXPidCtrl: Target=  28.7, Input=  28.7, Error=   0.1, PIDTerms= 0.008/ 0.000/ 0.001/ 0.000, Output= 0.009(-1.000/1.000)
TeleOp.printPidInfo_Info: encoderYPidCtrl: Target=  21.9, Input=  25.8, Error=  -3.9, PIDTerms=-0.079/ 0.000/ 0.008/ 0.000, Output=-0.071(-1.000/1.000)
TeleOp.printPidInfo_Info: gyroPidCtrl: Target=   0.0, Input=  -1.2, Error=   1.2, PIDTerms= 0.021/ 0.000/-0.000/ 0.000, Output= 0.020(-0.500/0.500)
TeleOp.Battery_Info: Voltage=13.41V (11.41V)
TeleOp.printPidInfo_Info: encoderXPidCtrl: Target=  28.7, Input=  28.7, Error=   0.0, PIDTerms= 0.004/ 0.000/-0.003/ 0.000, Output= 0.001(-1.000/1.000)
TeleOp.printPidInfo_Info: encoderYPidCtrl: Target=  21.9, Input=  25.6, Error=  -3.7, PIDTerms=-0.074/ 0.000/ 0.003/ 0.000, Output=-0.070(-1.000/1.000)
TeleOp.printPidInfo_Info: gyroPidCtrl: Target=   0.0, Input=  -1.1, Error=   1.1, PIDTerms= 0.020/ 0.000/-0.001/ 0.000, Output= 0.019(-0.500/0.500)
TeleOp.Robot_Info: ========== [14.156] DONE: xPos= 28.74/  0.00,yPos= 25.34/ -6.50,heading=  -1.1/   0.0,volt=13.43V(11.41V)
